#
# A fatal error has been detected by the Java Runtime Environment:
#
#  EXCEPTION_ACCESS_VIOLATION (0xc0000005) at pc=0x0000000062854db2, pid=8556, tid=8644
#
# JRE version: Java(TM) SE Runtime Environment (8.0_11-b12) (build 1.8.0_11-b12)
# Java VM: Java HotSpot(TM) 64-Bit Server VM (25.11-b03 mixed mode windows-amd64 compressed oops)
# Problematic frame:
# V  [jvm.dll+0x424db2]
#
# Failed to write core dump. Minidumps are not enabled by default on client versions of Windows
#
# If you would like to submit a bug report, please visit:
#   http://bugreport.sun.com/bugreport/crash.jsp
#

---------------  T H R E A D  ---------------

Current thread (0x00000000561f2800):  JavaThread "C2 CompilerThread0" daemon [_thread_in_native, id=8644, stack(0x0000000057400000,0x0000000057500000)]

siginfo: ExceptionCode=0xc0000005, reading address 0x0000000000000000

Registers:
RAX=0x000000005bf3f6c8, RBX=0x0000000000000640, RCX=0x0000000000000000, RDX=0x000000005c2e9630
RSP=0x00000000574fc400, RBP=0x00000000000000c8, RSI=0x00000000000000c0, RDI=0x0000000000000000
R8 =0x0000000062430000, R9 =0x0000000000000000, R10=0x00000000ffffffff, R11=0x000000005621f5c0
R12=0x000000005bf3fee0, R13=0x000000005f74b960, R14=0x0000000000000008, R15=0x000000005f74b960
RIP=0x0000000062854db2, EFLAGS=0x0000000000010216

Top of Stack: (sp=0x00000000574fc400)
0x00000000574fc400:   0000000000000020 0000000000000010
0x00000000574fc410:   0000000000000000 000000005f020b08
0x00000000574fc420:   0000000000000100 0000000000000640
0x00000000574fc430:   0000000000000190 00000000000000c8
0x00000000574fc440:   000000005e4ef4c0 000000005c2eb130
0x00000000574fc450:   0000000000545d30 00000000562335e0
0x00000000574fc460:   00000000574fc720 000000005c2eb130
0x00000000574fc470:   0000000000000020 0000000000000009
0x00000000574fc480:   000000005bf3feb0 00000000000000fc
0x00000000574fc490:   000000005f74b960 000000006285598d
0x00000000574fc4a0:   000000005bf3feb0 000000000000003c
0x00000000574fc4b0:   00000000000000fc 00000000574fc720
0x00000000574fc4c0:   000000005c2e9630 0000000062854c04
0x00000000574fc4d0:   000000005c2eb130 0000000000000020
0x00000000574fc4e0:   000000005a2c7c90 00000000574fea90
0x00000000574fc4f0:   000000005a2c7b40 000000005bf3feb0 

Instructions: (pc=0x0000000062854db2)
0x0000000062854d92:   c6 48 63 f0 48 03 f1 eb 04 48 83 ce ff 48 8b 84
0x0000000062854da2:   24 a0 00 00 00 48 8b 40 08 48 8b 3c 03 48 8b cf
0x0000000062854db2:   48 8b 07 ff 50 28 4c 8d 05 41 b2 bd ff 48 63 50
0x0000000062854dc2:   10 4c 8b d8 48 8b ca 48 c1 e1 05 42 80 bc 01 c0 


Register to memory mapping:

RAX=0x000000005bf3f6c8 is an unknown value
RBX=0x0000000000000640 is an unknown value
RCX=0x0000000000000000 is an unknown value
RDX=0x000000005c2e9630 is an unknown value
RSP=0x00000000574fc400 is pointing into the stack for thread: 0x00000000561f2800
RBP=0x00000000000000c8 is an unknown value
RSI=0x00000000000000c0 is an unknown value
RDI=0x0000000000000000 is an unknown value
R8 =0x0000000062430000 is an unknown value
R9 =0x0000000000000000 is an unknown value
R10=0x00000000ffffffff is an unknown value
R11=0x000000005621f5c0 is an unknown value
R12=0x000000005bf3fee0 is an unknown value
R13=0x000000005f74b960 is an unknown value
R14=0x0000000000000008 is an unknown value
R15=0x000000005f74b960 is an unknown value


Stack: [0x0000000057400000,0x0000000057500000],  sp=0x00000000574fc400,  free space=1009k
Native frames: (J=compiled Java code, j=interpreted, Vv=VM code, C=native code)
V  [jvm.dll+0x424db2]
V  [jvm.dll+0x42598d]
V  [jvm.dll+0x425ecf]
V  [jvm.dll+0x4c5a84]
V  [jvm.dll+0x4415bc]
V  [jvm.dll+0x443a29]
V  [jvm.dll+0x427722]
V  [jvm.dll+0x96982]
V  [jvm.dll+0x97173]
V  [jvm.dll+0x2234b4]
V  [jvm.dll+0x27bcca]
C  [msvcr100.dll+0x21d9f]
C  [msvcr100.dll+0x21e3b]
C  [kernel32.dll+0x1652d]
C  [ntdll.dll+0x2c521]


Current CompileTask:
C2:  15355 5509       4       groovy.lang.MetaClassImpl::findPropertyMethod (356 bytes)


---------------  P R O C E S S  ---------------

Java Threads: ( => current thread )
  0x000000005e15f800 JavaThread "net.sf.ehcache.CacheManager@41d61025" daemon [_thread_blocked, id=8816, stack(0x0000000061230000,0x0000000061330000)]
  0x000000005e15e000 JavaThread "Abandoned connection cleanup thread" daemon [_thread_blocked, id=8808, stack(0x000000005df70000,0x000000005e070000)]
  0x000000005e15d000 JavaThread "PoolCleaner[571759421:1408383280013]" daemon [_thread_blocked, id=8804, stack(0x000000005d230000,0x000000005d330000)]
  0x000000005bc71800 JavaThread "FileSystemWatcher: files=#110 cl=groovy.lang.GroovyClassLoader@22145b3d" daemon [_thread_blocked, id=8748, stack(0x000000005d3c0000,0x000000005d4c0000)]
  0x000000005a774000 JavaThread "Thread-4" daemon [_thread_in_native, id=8740, stack(0x000000005d130000,0x000000005d230000)]
  0x000000005adbf000 JavaThread "localhost-startStop-1" daemon [_thread_in_vm, id=8736, stack(0x000000005ce30000,0x000000005cf30000)]
  0x000000005af25000 JavaThread "Tomcat-startStop-1" daemon [_thread_blocked, id=8732, stack(0x000000005ca10000,0x000000005cb10000)]
  0x000000005ad24000 JavaThread "Thread-3" [_thread_in_native, id=8728, stack(0x000000005b530000,0x000000005b630000)]
  0x0000000059a13000 JavaThread "Thread-2" [_thread_blocked, id=8716, stack(0x000000005b6f0000,0x000000005b7f0000)]
  0x0000000058487800 JavaThread "NonBlockingInputStreamThread" daemon [_thread_blocked, id=8680, stack(0x0000000058ce0000,0x0000000058de0000)]
  0x0000000056325800 JavaThread "Service Thread" daemon [_thread_blocked, id=8660, stack(0x0000000057ec0000,0x0000000057fc0000)]
  0x00000000561fe800 JavaThread "C1 CompilerThread3" daemon [_thread_blocked, id=8656, stack(0x0000000057d20000,0x0000000057e20000)]
  0x00000000561fd800 JavaThread "C2 CompilerThread2" daemon [_thread_in_native, id=8652, stack(0x0000000057b50000,0x0000000057c50000)]
  0x00000000561f9000 JavaThread "C2 CompilerThread1" daemon [_thread_in_native, id=8648, stack(0x0000000057960000,0x0000000057a60000)]
=>0x00000000561f2800 JavaThread "C2 CompilerThread0" daemon [_thread_in_native, id=8644, stack(0x0000000057400000,0x0000000057500000)]
  0x00000000560f7000 JavaThread "Attach Listener" daemon [_thread_blocked, id=8640, stack(0x00000000571a0000,0x00000000572a0000)]
  0x00000000560f6000 JavaThread "Signal Dispatcher" daemon [_thread_blocked, id=8636, stack(0x0000000057720000,0x0000000057820000)]
  0x000000005503f800 JavaThread "Finalizer" daemon [_thread_blocked, id=8632, stack(0x0000000057540000,0x0000000057640000)]
  0x00000000560a3800 JavaThread "Reference Handler" daemon [_thread_blocked, id=8628, stack(0x00000000572b0000,0x00000000573b0000)]
  0x000000000044f800 JavaThread "main" [_thread_blocked, id=8588, stack(0x0000000002420000,0x0000000002520000)]

Other Threads:
  0x00000000560a2000 VMThread [stack: 0x0000000057080000,0x0000000057180000] [id=8624]
  0x0000000056327800 WatcherThread [stack: 0x0000000057830000,0x0000000057930000] [id=8664]

VM state:not at safepoint (normal execution)

VM Mutex/Monitor currently owned by a thread: None

Heap:
 PSYoungGen      total 222208K, used 179447K [0x00000000f0000000, 0x0000000100000000, 0x0000000100000000)
  eden space 199680K, 78% used [0x00000000f0000000,0x00000000f9941f08,0x00000000fc300000)
  from space 22528K, 99% used [0x00000000fea00000,0x00000000ffffc030,0x0000000100000000)
  to   space 31232K, 0% used [0x00000000fc300000,0x00000000fc300000,0x00000000fe180000)
 ParOldGen       total 91136K, used 80563K [0x00000000d0000000, 0x00000000d5900000, 0x00000000f0000000)
  object space 91136K, 88% used [0x00000000d0000000,0x00000000d4eacd48,0x00000000d5900000)
 Metaspace       used 59751K, capacity 61458K, committed 61696K, reserved 1103872K
  class space    used 6922K, capacity 7413K, committed 7424K, reserved 1048576K

Card table byte_map: [0x00000000027f0000,0x0000000002980000] byte_map_base: 0x0000000002170000

Marking Bits: (ParMarkBitMap*) 0x0000000062be12b0
 Begin Bits: [0x0000000012cd0000, 0x00000000138d0000)
 End Bits:   [0x00000000138d0000, 0x00000000144d0000)

Polling page: 0x0000000000430000

CodeCache: size=245760Kb used=18021Kb max_used=19049Kb free=227738Kb
 bounds [0x00000000029f0000, 0x0000000003ca0000, 0x00000000119f0000]
 total_blobs=5784 nmethods=5015 adapters=679
 compilation: enabled

Compilation events (10 events):
Event: 15.190 Thread 0x00000000561fe800 nmethod 5741 0x0000000002b45bd0 code [0x0000000002b45e00, 0x0000000002b46598]
Event: 15.192 Thread 0x00000000561fe800 5742   !   2       liquibase.servicelocator.DefaultPackageScanClassResolver::addIfMatching (494 bytes)
Event: 15.197 Thread 0x00000000561fe800 nmethod 5742 0x0000000003c75d10 code [0x0000000003c76340, 0x0000000003c780c8]
Event: 15.197 Thread 0x00000000561fe800 5743       2       liquibase.servicelocator.AssignableToPackageScanFilter::matches (63 bytes)
Event: 15.198 Thread 0x00000000561fe800 nmethod 5743 0x0000000003560210 code [0x00000000035603c0, 0x00000000035606a8]
Event: 15.301 Thread 0x00000000561fe800 5744 %     3       java.lang.Integer::formatUnsignedInt @ 15 (48 bytes)
Event: 15.301 Thread 0x00000000561fe800 nmethod 5744% 0x0000000002b45590 code [0x0000000002b45700, 0x0000000002b459f0]
Event: 15.306 Thread 0x00000000561fe800 5745       1       liquibase.change.AbstractChange::getChangeMetaData (5 bytes)
Event: 15.306 Thread 0x00000000561fe800 nmethod 5745 0x0000000002df8c90 code [0x0000000002df8de0, 0x0000000002df8ef0]
Event: 15.339 Thread 0x00000000561fe800 5747       2       java.net.URI$Parser::parseHierarchical (180 bytes)

GC Heap History (10 events):
Event: 11.623 GC heap before
{Heap before GC invocations=56 (full 5):
 PSYoungGen      total 229376K, used 229344K [0x00000000f0000000, 0x00000000ff180000, 0x0000000100000000)
  eden space 218112K, 100% used [0x00000000f0000000,0x00000000fd500000,0x00000000fd500000)
  from space 11264K, 99% used [0x00000000fe200000,0x00000000fecf8160,0x00000000fed00000)
  to   space 13312K, 0% used [0x00000000fd500000,0x00000000fd500000,0x00000000fe200000)
 ParOldGen       total 74752K, used 61025K [0x00000000d0000000, 0x00000000d4900000, 0x00000000f0000000)
  object space 74752K, 81% used [0x00000000d0000000,0x00000000d3b98550,0x00000000d4900000)
 Metaspace       used 53377K, capacity 54692K, committed 54912K, reserved 1097728K
  class space    used 6020K, capacity 6430K, committed 6528K, reserved 1048576K
Event: 11.656 GC heap after
Heap after GC invocations=56 (full 5):
 PSYoungGen      total 231424K, used 13300K [0x00000000f0000000, 0x0000000100000000, 0x0000000100000000)
  eden space 218112K, 0% used [0x00000000f0000000,0x00000000f0000000,0x00000000fd500000)
  from space 13312K, 99% used [0x00000000fd500000,0x00000000fe1fd160,0x00000000fe200000)
  to   space 17408K, 0% used [0x00000000fef00000,0x00000000fef00000,0x0000000100000000)
 ParOldGen       total 74752K, used 66594K [0x00000000d0000000, 0x00000000d4900000, 0x00000000f0000000)
  object space 74752K, 89% used [0x00000000d0000000,0x00000000d4108b10,0x00000000d4900000)
 Metaspace       used 53377K, capacity 54692K, committed 54912K, reserved 1097728K
  class space    used 6020K, capacity 6430K, committed 6528K, reserved 1048576K
}
Event: 12.565 GC heap before
{Heap before GC invocations=57 (full 5):
 PSYoungGen      total 231424K, used 230661K [0x00000000f0000000, 0x0000000100000000, 0x0000000100000000)
  eden space 218112K, 99% used [0x00000000f0000000,0x00000000fd444678,0x00000000fd500000)
  from space 13312K, 99% used [0x00000000fd500000,0x00000000fe1fd160,0x00000000fe200000)
  to   space 17408K, 0% used [0x00000000fef00000,0x00000000fef00000,0x0000000100000000)
 ParOldGen       total 74752K, used 66594K [0x00000000d0000000, 0x00000000d4900000, 0x00000000f0000000)
  object space 74752K, 89% used [0x00000000d0000000,0x00000000d4108b10,0x00000000d4900000)
 Metaspace       used 54882K, capacity 56304K, committed 56576K, reserved 1099776K
  class space    used 6151K, capacity 6561K, committed 6656K, reserved 1048576K
Event: 12.597 GC heap after
Heap after GC invocations=57 (full 5):
 PSYoungGen      total 234496K, used 17376K [0x00000000f0000000, 0x0000000100000000, 0x0000000100000000)
  eden space 217088K, 0% used [0x00000000f0000000,0x00000000f0000000,0x00000000fd400000)
  from space 17408K, 99% used [0x00000000fef00000,0x00000000ffff8318,0x0000000100000000)
  to   space 22528K, 0% used [0x00000000fd400000,0x00000000fd400000,0x00000000fea00000)
 ParOldGen       total 74752K, used 73176K [0x00000000d0000000, 0x00000000d4900000, 0x00000000f0000000)
  object space 74752K, 97% used [0x00000000d0000000,0x00000000d47761e8,0x00000000d4900000)
 Metaspace       used 54882K, capacity 56304K, committed 56576K, reserved 1099776K
  class space    used 6151K, capacity 6561K, committed 6656K, reserved 1048576K
}
Event: 12.597 GC heap before
{Heap before GC invocations=58 (full 6):
 PSYoungGen      total 234496K, used 17376K [0x00000000f0000000, 0x0000000100000000, 0x0000000100000000)
  eden space 217088K, 0% used [0x00000000f0000000,0x00000000f0000000,0x00000000fd400000)
  from space 17408K, 99% used [0x00000000fef00000,0x00000000ffff8318,0x0000000100000000)
  to   space 22528K, 0% used [0x00000000fd400000,0x00000000fd400000,0x00000000fea00000)
 ParOldGen       total 74752K, used 73176K [0x00000000d0000000, 0x00000000d4900000, 0x00000000f0000000)
  object space 74752K, 97% used [0x00000000d0000000,0x00000000d47761e8,0x00000000d4900000)
 Metaspace       used 54882K, capacity 56304K, committed 56576K, reserved 1099776K
  class space    used 6151K, capacity 6561K, committed 6656K, reserved 1048576K
Event: 13.592 GC heap after
Heap after GC invocations=58 (full 6):
 PSYoungGen      total 234496K, used 12719K [0x00000000f0000000, 0x0000000100000000, 0x0000000100000000)
  eden space 217088K, 0% used [0x00000000f0000000,0x00000000f0000000,0x00000000fd400000)
  from space 17408K, 73% used [0x00000000fef00000,0x00000000ffb6bf98,0x0000000100000000)
  to   space 22528K, 0% used [0x00000000fd400000,0x00000000fd400000,0x00000000fea00000)
 ParOldGen       total 91136K, used 74514K [0x00000000d0000000, 0x00000000d5900000, 0x00000000f0000000)
  object space 91136K, 81% used [0x00000000d0000000,0x00000000d48c4aa0,0x00000000d5900000)
 Metaspace       used 54882K, capacity 56304K, committed 56576K, reserved 1099776K
  class space    used 6151K, capacity 6561K, committed 6656K, reserved 1048576K
}
Event: 14.265 GC heap before
{Heap before GC invocations=59 (full 6):
 PSYoungGen      total 234496K, used 227664K [0x00000000f0000000, 0x0000000100000000, 0x0000000100000000)
  eden space 217088K, 99% used [0x00000000f0000000,0x00000000fd1e8278,0x00000000fd400000)
  from space 17408K, 73% used [0x00000000fef00000,0x00000000ffb6bf98,0x0000000100000000)
  to   space 22528K, 0% used [0x00000000fd400000,0x00000000fd400000,0x00000000fea00000)
 ParOldGen       total 91136K, used 74514K [0x00000000d0000000, 0x00000000d5900000, 0x00000000f0000000)
  object space 91136K, 81% used [0x00000000d0000000,0x00000000d48c4aa0,0x00000000d5900000)
 Metaspace       used 56831K, capacity 58258K, committed 58496K, reserved 1101824K
  class space    used 6471K, capacity 6929K, committed 7040K, reserved 1048576K
Event: 14.301 GC heap after
Heap after GC invocations=59 (full 6):
 PSYoungGen      total 239616K, used 22078K [0x00000000f0000000, 0x0000000100000000, 0x0000000100000000)
  eden space 217088K, 0% used [0x00000000f0000000,0x00000000f0000000,0x00000000fd400000)
  from space 22528K, 98% used [0x00000000fd400000,0x00000000fe98f928,0x00000000fea00000)
  to   space 22528K, 0% used [0x00000000fea00000,0x00000000fea00000,0x0000000100000000)
 ParOldGen       total 91136K, used 74778K [0x00000000d0000000, 0x00000000d5900000, 0x00000000f0000000)
  object space 91136K, 82% used [0x00000000d0000000,0x00000000d4906ab0,0x00000000d5900000)
 Metaspace       used 56831K, capacity 58258K, committed 58496K, reserved 1101824K
  class space    used 6471K, capacity 6929K, committed 7040K, reserved 1048576K
}
Event: 15.046 GC heap before
{Heap before GC invocations=60 (full 6):
 PSYoungGen      total 239616K, used 237884K [0x00000000f0000000, 0x0000000100000000, 0x0000000100000000)
  eden space 217088K, 99% used [0x00000000f0000000,0x00000000fd2bf928,0x00000000fd400000)
  from space 22528K, 98% used [0x00000000fd400000,0x00000000fe98f928,0x00000000fea00000)
  to   space 22528K, 0% used [0x00000000fea00000,0x00000000fea00000,0x0000000100000000)
 ParOldGen       total 91136K, used 74778K [0x00000000d0000000, 0x00000000d5900000, 0x00000000f0000000)
  object space 91136K, 82% used [0x00000000d0000000,0x00000000d4906ab0,0x00000000d5900000)
 Metaspace       used 58457K, capacity 60064K, committed 60288K, reserved 1101824K
  class space    used 6706K, capacity 7183K, committed 7296K, reserved 1048576K
Event: 15.085 GC heap after
Heap after GC invocations=60 (full 6):
 PSYoungGen      total 222208K, used 22512K [0x00000000f0000000, 0x0000000100000000, 0x0000000100000000)
  eden space 199680K, 0% used [0x00000000f0000000,0x00000000f0000000,0x00000000fc300000)
  from space 22528K, 99% used [0x00000000fea00000,0x00000000ffffc030,0x0000000100000000)
  to   space 31232K, 0% used [0x00000000fc300000,0x00000000fc300000,0x00000000fe180000)
 ParOldGen       total 91136K, used 80563K [0x00000000d0000000, 0x00000000d5900000, 0x00000000f0000000)
  object space 91136K, 88% used [0x00000000d0000000,0x00000000d4eacd48,0x00000000d5900000)
 Metaspace       used 58457K, capacity 60064K, committed 60288K, reserved 1101824K
  class space    used 6706K, capacity 7183K, committed 7296K, reserved 1048576K
}

Deoptimization events (10 events):
Event: 10.834 Thread 0x000000005adbf000 Uncommon trap: reason=class_check action=maybe_recompile pc=0x0000000003752be8 method=org.springframework.core.ResolvableType.getSource()Ljava/lang/Object; @ 11
Event: 10.834 Thread 0x000000005adbf000 Uncommon trap: reason=class_check action=maybe_recompile pc=0x0000000003752be8 method=org.springframework.core.ResolvableType.getSource()Ljava/lang/Object; @ 11
Event: 10.901 Thread 0x000000005adbf000 Uncommon trap: reason=unreached action=reinterpret pc=0x0000000003718bd8 method=java.lang.reflect.Method.equals(Ljava/lang/Object;)Z @ 1
Event: 11.033 Thread 0x000000005adbf000 Uncommon trap: reason=unreached action=reinterpret pc=0x0000000003a5002c method=org.codehaus.groovy.runtime.metaclass.MetaMethodIndex.isNonRealMethod(Lgroovy/lang/MetaMethod;)Z @ 4
Event: 11.112 Thread 0x000000005adbf000 Uncommon trap: reason=bimorphic action=maybe_recompile pc=0x0000000003a8cb24 method=groovy.lang.MetaClassImpl$1MOPIter.methodNameAction(Ljava/lang/Class;Lorg/codehaus/groovy/runtime/metaclass/MetaMethodIndex$Entry;)V @ 62
Event: 11.112 Thread 0x000000005adbf000 Uncommon trap: reason=bimorphic action=maybe_recompile pc=0x0000000003a8cb24 method=groovy.lang.MetaClassImpl$1MOPIter.methodNameAction(Ljava/lang/Class;Lorg/codehaus/groovy/runtime/metaclass/MetaMethodIndex$Entry;)V @ 62
Event: 11.112 Thread 0x000000005adbf000 Uncommon trap: reason=bimorphic action=maybe_recompile pc=0x0000000003a8cb24 method=groovy.lang.MetaClassImpl$1MOPIter.methodNameAction(Ljava/lang/Class;Lorg/codehaus/groovy/runtime/metaclass/MetaMethodIndex$Entry;)V @ 62
Event: 11.151 Thread 0x000000005adbf000 Uncommon trap: reason=null_assert action=make_not_entrant pc=0x0000000002ce33a0 method=java.util.concurrent.ConcurrentHashMap.transfer([Ljava/util/concurrent/ConcurrentHashMap$Node;[Ljava/util/concurrent/ConcurrentHashMap$Node;)V @ 557
Event: 11.151 Thread 0x000000005adbf000 Uncommon trap: reason=null_assert action=make_not_entrant pc=0x0000000003344d6c method=java.util.concurrent.ConcurrentHashMap.transfer([Ljava/util/concurrent/ConcurrentHashMap$Node;[Ljava/util/concurrent/ConcurrentHashMap$Node;)V @ 557
Event: 12.055 Thread 0x000000005adbf000 Uncommon trap: reason=unreached action=reinterpret pc=0x0000000003797af4 method=org.codehaus.groovy.runtime.metaclass.MetaMethodIndex.getMethods(Ljava/lang/Class;Ljava/lang/String;)Lorg/codehaus/groovy/runtime/metaclass/MetaMethodIndex$Entry; @ 61

Internal exceptions (10 events):
Event: 15.333 Thread 0x000000005adbf000 Exception <a 'java/security/PrivilegedActionException'> (0x00000000f92b18f8) thrown at [C:\re\workspace\8-2-build-windows-amd64-cygwin\jdk8u11\648\hotspot\src\share\vm\prims\jvm.cpp, line 1248]
Event: 15.333 Thread 0x000000005adbf000 Exception <a 'java/lang/ClassNotFoundException': liquibase/precondition/PreconditionFactoryBeanInfo> (0x00000000f92b2810) thrown at [C:\re\workspace\8-2-build-windows-amd64-cygwin\jdk8u11\648\hotspot\src\share\vm\classfile\systemDictionary.cpp, line 202]
Event: 15.333 Thread 0x000000005adbf000 Exception <a 'java/security/PrivilegedActionException'> (0x00000000f92b3918) thrown at [C:\re\workspace\8-2-build-windows-amd64-cygwin\jdk8u11\648\hotspot\src\share\vm\prims\jvm.cpp, line 1248]
Event: 15.333 Thread 0x000000005adbf000 Exception <a 'java/security/PrivilegedActionException'> (0x00000000f92b7618) thrown at [C:\re\workspace\8-2-build-windows-amd64-cygwin\jdk8u11\648\hotspot\src\share\vm\prims\jvm.cpp, line 1248]
Event: 15.334 Thread 0x000000005adbf000 Exception <a 'java/security/PrivilegedActionException'> (0x00000000f92c5c60) thrown at [C:\re\workspace\8-2-build-windows-amd64-cygwin\jdk8u11\648\hotspot\src\share\vm\prims\jvm.cpp, line 1248]
Event: 15.334 Thread 0x000000005adbf000 Exception <a 'java/security/PrivilegedActionException'> (0x00000000f92d7ff0) thrown at [C:\re\workspace\8-2-build-windows-amd64-cygwin\jdk8u11\648\hotspot\src\share\vm\prims\jvm.cpp, line 1248]
Event: 15.334 Thread 0x000000005adbf000 Exception <a 'java/security/PrivilegedActionException'> (0x00000000f92dbcf0) thrown at [C:\re\workspace\8-2-build-windows-amd64-cygwin\jdk8u11\648\hotspot\src\share\vm\prims\jvm.cpp, line 1248]
Event: 15.334 Thread 0x000000005adbf000 Exception <a 'java/security/PrivilegedActionException'> (0x00000000f92ea338) thrown at [C:\re\workspace\8-2-build-windows-amd64-cygwin\jdk8u11\648\hotspot\src\share\vm\prims\jvm.cpp, line 1248]
Event: 15.334 Thread 0x000000005adbf000 Exception <a 'java/security/PrivilegedActionException'> (0x00000000f9309e70) thrown at [C:\re\workspace\8-2-build-windows-amd64-cygwin\jdk8u11\648\hotspot\src\share\vm\prims\jvm.cpp, line 1248]
Event: 15.334 Thread 0x000000005adbf000 Exception <a 'java/lang/ClassNotFoundException': liquibase/precondition/PreconditionFactoryCustomizer> (0x00000000f930ad88) thrown at [C:\re\workspace\8-2-build-windows-amd64-cygwin\jdk8u11\648\hotspot\src\share\vm\classfile\systemDictionary.cpp, line 202]ÝÒ/„˜ª.@

Events (10 events):
Event: 15.333 loading class liquibase/precondition/PreconditionFactoryBeanInfo
Event: 15.333 loading class liquibase/precondition/PreconditionFactoryBeanInfo done
Event: 15.333 loading class liquibase/precondition/PreconditionFactoryBeanInfo
Event: 15.333 loading class liquibase/precondition/PreconditionFactoryBeanInfo done
Event: 15.333 loading class liquibase/precondition/PreconditionFactoryCustomizer
Event: 15.333 loading class liquibase/precondition/PreconditionFactoryCustomizer done
Event: 15.334 loading class liquibase/precondition/PreconditionFactoryCustomizer
Event: 15.334 loading class liquibase/precondition/PreconditionFactoryCustomizer done
Event: 15.334 loading class liquibase/precondition/PreconditionFactoryCustomizer
Event: 15.334 loading class liquibase/precondition/PreconditionFactoryCustomizer done


Dynamic libraries:
0x000000013fc40000 - 0x000000013fc74000 	C:\Program Files\Java\jdk1.8.0_11\bin\java.exe
0x00000000771b0000 - 0x0000000077359000 	C:\Windows\SYSTEM32\ntdll.dll
0x0000000076d80000 - 0x0000000076e9f000 	C:\Windows\system32\kernel32.dll
0x000007fefd930000 - 0x000007fefd99c000 	C:\Windows\system32\KERNELBASE.dll
0x000007fefdad0000 - 0x000007fefdbab000 	C:\Windows\system32\ADVAPI32.dll
0x000007feff3c0000 - 0x000007feff45f000 	C:\Windows\system32\msvcrt.dll
0x000007feff080000 - 0x000007feff09f000 	C:\Windows\SYSTEM32\sechost.dll
0x000007fefdcf0000 - 0x000007fefde1d000 	C:\Windows\system32\RPCRT4.dll
0x0000000076ea0000 - 0x0000000076f9a000 	C:\Windows\system32\USER32.dll
0x000007fefdc80000 - 0x000007fefdce7000 	C:\Windows\system32\GDI32.dll
0x000007fefef70000 - 0x000007fefef7e000 	C:\Windows\system32\LPK.dll
0x000007fefef80000 - 0x000007feff049000 	C:\Windows\system32\USP10.dll
0x000007fefc710000 - 0x000007fefc904000 	C:\Windows\WinSxS\amd64_microsoft.windows.common-controls_6595b64144ccf1df_6.0.7601.17514_none_fa396087175ac9ac\COMCTL32.dll
0x000007fefdc00000 - 0x000007fefdc71000 	C:\Windows\system32\SHLWAPI.dll
0x000007feff050000 - 0x000007feff07e000 	C:\Windows\system32\IMM32.DLL
0x000007fefde20000 - 0x000007fefdf29000 	C:\Windows\system32\MSCTF.dll
0x0000000062c60000 - 0x0000000062d32000 	C:\Program Files\Java\jdk1.8.0_11\jre\bin\msvcr100.dll
0x0000000062430000 - 0x0000000062c5a000 	C:\Program Files\Java\jdk1.8.0_11\jre\bin\server\jvm.dll
0x000007fef8710000 - 0x000007fef8719000 	C:\Windows\system32\WSOCK32.dll
0x000007fefdbb0000 - 0x000007fefdbfd000 	C:\Windows\system32\WS2_32.dll
0x000007fefdac0000 - 0x000007fefdac8000 	C:\Windows\system32\NSI.dll
0x000007fefb510000 - 0x000007fefb54b000 	C:\Windows\system32\WINMM.dll
0x0000000077380000 - 0x0000000077387000 	C:\Windows\system32\PSAPI.DLL
0x0000000062420000 - 0x000000006242f000 	C:\Program Files\Java\jdk1.8.0_11\jre\bin\verify.dll
0x00000000623f0000 - 0x0000000062418000 	C:\Program Files\Java\jdk1.8.0_11\jre\bin\java.dll
0x00000000623c0000 - 0x00000000623e3000 	C:\Program Files\Java\jdk1.8.0_11\jre\bin\instrument.dll
0x00000000623a0000 - 0x00000000623b6000 	C:\Program Files\Java\jdk1.8.0_11\jre\bin\zip.dll
0x000007fefe1e0000 - 0x000007fefef68000 	C:\Windows\system32\SHELL32.dll
0x000007fefdfd0000 - 0x000007fefe1d3000 	C:\Windows\system32\ole32.dll
0x000007fefd610000 - 0x000007fefd61f000 	C:\Windows\system32\profapi.dll
0x000007fefcee0000 - 0x000007fefcef7000 	C:\Windows\system32\CRYPTSP.dll
0x000007fefcbe0000 - 0x000007fefcc27000 	C:\Windows\system32\rsaenh.dll
0x000007fefc5b0000 - 0x000007fefc5ce000 	C:\Windows\system32\USERENV.dll
0x000007fefd540000 - 0x000007fefd54f000 	C:\Windows\system32\CRYPTBASE.dll
0x0000000062380000 - 0x000000006239a000 	C:\Program Files\Java\jdk1.8.0_11\jre\bin\net.dll
0x000007fefce80000 - 0x000007fefced5000 	C:\Windows\system32\mswsock.dll
0x000007fefce70000 - 0x000007fefce77000 	C:\Windows\System32\wship6.dll
0x000007fefb130000 - 0x000007fefb157000 	C:\Windows\system32\IPHLPAPI.DLL
0x000007fefb120000 - 0x000007fefb12b000 	C:\Windows\system32\WINNSI.DLL
0x000007fefabd0000 - 0x000007fefabe1000 	C:\Windows\system32\dhcpcsvc6.DLL
0x000007fefabb0000 - 0x000007fefabc8000 	C:\Windows\system32\dhcpcsvc.DLL
0x0000000062360000 - 0x0000000062371000 	C:\Program Files\Java\jdk1.8.0_11\jre\bin\nio.dll
0x000007fef9160000 - 0x000007fef916a000 	C:\Users\GRomano\AppData\Local\Temp\jansi-64-3197896832808869344.dll
0x0000000062330000 - 0x000000006233d000 	C:\Program Files\Java\jdk1.8.0_11\jre\bin\management.dll
0x000007fefc420000 - 0x000007fefc427000 	C:\Windows\System32\wshtcpip.dll
0x000007fefcd00000 - 0x000007fefcd5b000 	C:\Windows\system32\DNSAPI.dll
0x000007fef8550000 - 0x000007fef857e000 	C:\Program Files\Common Files\Microsoft Shared\Windows Live\WLIDNSP.DLL
0x000007fef8540000 - 0x000007fef8548000 	C:\Windows\system32\rasadhlp.dll
0x000007fefad50000 - 0x000007fefada3000 	C:\Windows\System32\fwpuclnt.dll
0x000007fefb4f0000 - 0x000007fefb505000 	C:\Windows\system32\NLAapi.dll
0x000007fef5f30000 - 0x000007fef5f45000 	C:\Windows\system32\napinsp.dll
0x000007fef5f10000 - 0x000007fef5f29000 	C:\Windows\system32\pnrpnsp.dll
0x000007fef5f00000 - 0x000007fef5f0b000 	C:\Windows\System32\winrnr.dll
0x000007fef5ef0000 - 0x000007fef5f00000 	C:\Windows\system32\wshbth.dll
0x000007fef69a0000 - 0x000007fef6ac5000 	C:\Windows\system32\dbghelp.dll

VM Arguments:
jvm_args: -Dfile.encoding=UTF-8 -Xmx768M -Xms64M -Dgrails.fork.parent.process.port=54815 -Dgrails.fork.active=true -Dgrails.build.execution.context=C:\Users\GRomano\AppData\Local\Temp\abogadoExpressPuntoNet8022954769297951209grails-execution-context -Dgrails.home=C:\ggts-bundle\grails-2.4.2 -javaagent:C:\ggts-bundle\grails-2.4.2\lib\org.springframework\springloaded\jars\springloaded-1.2.0.RELEASE.jar -Xverify:none -Dspringloaded.synchronize=true -Djdk.reflect.allowGetCallerClass=true -Dspringloaded=profile=grails;cacheDir=C:\Users\GRomano\.grails\2.4.2 
java_command: org.grails.plugins.tomcat.fork.ForkedTomcatServer
java_class_path (initial): C:\Program Files\Java\jdk1.8.0_11\lib\tools.jar;C:\ggts-bundle\grails-2.4.2\lib\org.codehaus.groovy\groovy-all\jars\groovy-all-2.3.3.jar;C:\ggts-bundle\grails-2.4.2\lib\org.slf4j\jcl-over-slf4j\jars\jcl-over-slf4j-1.7.5.jar;C:\ggts-bundle\grails-2.4.2\lib\org.codehaus.gant\gant_groovy1.8\jars\gant_groovy1.8-1.9.6.jar;C:\ggts-bundle\grails-2.4.2\lib\org.apache.tomcat.embed\tomcat-embed-logging-log4j\jars\tomcat-embed-logging-log4j-7.0.50.jar;C:\ggts-bundle\grails-2.4.2\dist\grails-plugin-log4j-2.4.2.jar;C:\ggts-bundle\grails-2.4.2\lib\log4j\log4j\jars\log4j-1.2.17.jar;C:\ggts-bundle\grails-2.4.2\dist\grails-bootstrap-2.4.2.jar;C:\ggts-bundle\grails-2.4.2\lib\org.slf4j\slf4j-api\jars\slf4j-api-1.7.5.jar;C:\ggts-bundle\grails-2.4.2\lib\jline\jline\jars\jline-2.12.jar;C:\ggts-bundle\grails-2.4.2\lib\org.apache.ant\ant\jars\ant-1.8.4.jar;C:\ggts-bundle\grails-2.4.2\lib\org.apache.ant\ant-launcher\jars\ant-launcher-1.8.4.jar;C:\ggts-bundle\grails-2.4.2\lib\org.apache.ant\ant-trax\jars\ant-trax-1.7.1.jar;C:\ggts-bundle\grails-2.4.2\lib\org.apache.ant\ant-junit\jars\ant-junit-1.8.4.jar;C:\ggts-bundle\grails-2.4.2\lib\org.apache.ivy\ivy\jars\ivy-2.3.0.jar;C:\ggts-bundle\grails-2.4.2\lib\org.fusesource.jansi\jansi\jars\jansi-1.11.jar;C:\Users\GRomano\.m2\repository\org\eclipse\jdt\core\compiler\ecj\3.7.2\ecj-3.7.2.jar;C:\Users\GRomano\.m2\repository\org\apache\tomcat\embed\tomcat-embed-el\7.0.53\tomcat-embed-el-7.0.53.jar;C:\Users\GRomano\.m2\repository\org\apache\tomcat\embed\tomcat-embed-jasper\7.0.53\tomcat-embed-jasper-7.0.53.jar;C:\Users\GRomano\.m2\repository\org\apache\tomcat\tomcat-catalina-ant\7.0.53\tomcat-catalina-ant-7.0.53.jar;C:\Users\GRomano\.m2\repository\org\apache\tomcat\embed\tomcat-embed-logging-log4j\7.0.53\tomcat-embed-logging-log4j-7.0.53.jar;C:\Users\GRomano\.m2\repository\org\apache\tomcat\embed\tomcat-embed-websocket\7.0.53\tomcat-embed-websocket-7.0.53.jar;D:\workspace_grails\abogadoExpressPuntoNet\target\work\plugins\to
Launcher Type: SUN_STANDARD

Environment Variables:
JAVA_HOME=C:\Program Files\Java\jdk1.8.0_11
PATH=C:\Program Files\Common Files\Microsoft Shared\Windows Live;C:\Program Files (x86)\Common Files\Microsoft Shared\Windows Live;C:\Program Files (x86)\NVIDIA Corporation\PhysX\Common;C:\Program Files (x86)\Intel\iCLS Client\;C:\Program Files\Intel\iCLS Client\;C:\Windows\system32;C:\Windows;C:\Windows\System32\Wbem;C:\Windows\System32\WindowsPowerShell\v1.0\;C:\Program Files\Intel\Intel(R) Management Engine Components\DAL;C:\Program Files\Intel\Intel(R) Management Engine Components\IPT;C:\Program Files (x86)\Intel\Intel(R) Management Engine Components\DAL;C:\Program Files (x86)\Intel\Intel(R) Management Engine Components\IPT;C:\Program Files\Lenovo\Bluetooth Software\;C:\Program Files\Lenovo\Bluetooth Software\syswow64;C:\Program Files\Java\jdk1.8.0_11\bin;C:\grails\grails-2.4.3\bin;C:\Program Files (x86)\MySQL\MySQL Utilities 1.3.6\
USERNAME=GRomano
OS=Windows_NT
PROCESSOR_IDENTIFIER=Intel64 Family 6 Model 58 Stepping 9, GenuineIntel



---------------  S Y S T E M  ---------------

OS: Windows 7 , 64 bit Build 7601 Service Pack 1

CPU:total 8 (4 cores per cpu, 2 threads per core) family 6 model 58 stepping 9, cmov, cx8, fxsr, mmx, sse, sse2, sse3, ssse3, sse4.1, sse4.2, popcnt, avx, aes, clmul, erms, ht, tsc, tscinvbit

Memory: 4k page, physical 5746284k(1812108k free), swap 11490716k(6302440k free)

vm_info: Java HotSpot(TM) 64-Bit Server VM (25.11-b03) for windows-amd64 JRE (1.8.0_11-b12), built on Jun 16 2014 20:57:32 by "java_re" with MS VC++ 10.0 (VS2010)

time: Mon Aug 18 14:34:46 2014
elapsed time: 15 seconds

