#
# A fatal error has been detected by the Java Runtime Environment:
#
#  EXCEPTION_ACCESS_VIOLATION (0xc0000005) at pc=0x000000005c474db2, pid=4384, tid=6508
#
# JRE version: Java(TM) SE Runtime Environment (8.0_11-b12) (build 1.8.0_11-b12)
# Java VM: Java HotSpot(TM) 64-Bit Server VM (25.11-b03 mixed mode windows-amd64 compressed oops)
# Problematic frame:
# V  [jvm.dll+0x424db2]
#
# Failed to write core dump. Minidumps are not enabled by default on client versions of Windows
#
# If you would like to submit a bug report, please visit:
#   http://bugreport.sun.com/bugreport/crash.jsp
#

---------------  T H R E A D  ---------------

Current thread (0x000000005614c800):  JavaThread "C2 CompilerThread0" daemon [_thread_in_native, id=6508, stack(0x0000000057800000,0x0000000057900000)]

siginfo: ExceptionCode=0xc0000005, reading address 0x0000000000000000

Registers:
RAX=0x000000005623afe8, RBX=0x0000000000000600, RCX=0x0000000000000000, RDX=0x000000005aaa4ee0
RSP=0x00000000578fc1f0, RBP=0x00000000000000c0, RSI=0x00000000000000b8, RDI=0x0000000000000000
R8 =0x000000005c050000, R9 =0x00000000578fc510, R10=0x00000000ffffffff, R11=0x0000000056169a30
R12=0x000000005623b6f0, R13=0x00000000595d2778, R14=0x0000000000000008, R15=0x00000000595d2778
RIP=0x000000005c474db2, EFLAGS=0x0000000000010206

Top of Stack: (sp=0x00000000578fc1f0)
0x00000000578fc1f0:   00000000000000da 000000005aaa0890
0x00000000578fc200:   0000000000000060 0000000000000400
0x00000000578fc210:   0000000000000001 0000000000000600
0x00000000578fc220:   0000000000000180 00000000000000c0
0x00000000578fc230:   000000005d025580 0000000056151800
0x00000000578fc240:   00000000000006b0 000000005aaa0890
0x00000000578fc250:   00000000578fc510 0000000056238160
0x00000000578fc260:   0000000000000020 0000000000000009
0x00000000578fc270:   000000005623b6c0 00000000000000da
0x00000000578fc280:   00000000595d2778 000000005c47598d
0x00000000578fc290:   000000005623b6c0 000000000000001c
0x00000000578fc2a0:   00000000000000da 00000000578fc510
0x00000000578fc2b0:   000000005aaa4ee0 00000000000000da
0x00000000578fc2c0:   0000000056238160 0000000000000020
0x00000000578fc2d0:   000000005aceba58 00000000578fe880
0x00000000578fc2e0:   000000005acec088 000000005623b6c0 

Instructions: (pc=0x000000005c474db2)
0x000000005c474d92:   c6 48 63 f0 48 03 f1 eb 04 48 83 ce ff 48 8b 84
0x000000005c474da2:   24 a0 00 00 00 48 8b 40 08 48 8b 3c 03 48 8b cf
0x000000005c474db2:   48 8b 07 ff 50 28 4c 8d 05 41 b2 bd ff 48 63 50
0x000000005c474dc2:   10 4c 8b d8 48 8b ca 48 c1 e1 05 42 80 bc 01 c0 


Register to memory mapping:

RAX=0x000000005623afe8 is an unknown value
RBX=0x0000000000000600 is an unknown value
RCX=0x0000000000000000 is an unknown value
RDX=0x000000005aaa4ee0 is an unknown value
RSP=0x00000000578fc1f0 is pointing into the stack for thread: 0x000000005614c800
RBP=0x00000000000000c0 is an unknown value
RSI=0x00000000000000b8 is an unknown value
RDI=0x0000000000000000 is an unknown value
R8 =0x000000005c050000 is an unknown value
R9 =0x00000000578fc510 is pointing into the stack for thread: 0x000000005614c800
R10=0x00000000ffffffff is an unknown value
R11=0x0000000056169a30 is an unknown value
R12=0x000000005623b6f0 is an unknown value
R13=0x00000000595d2778 is an unknown value
R14=0x0000000000000008 is an unknown value
R15=0x00000000595d2778 is an unknown value


Stack: [0x0000000057800000,0x0000000057900000],  sp=0x00000000578fc1f0,  free space=1008k
Native frames: (J=compiled Java code, j=interpreted, Vv=VM code, C=native code)
V  [jvm.dll+0x424db2]
V  [jvm.dll+0x42598d]
V  [jvm.dll+0x425ecf]
V  [jvm.dll+0x4c5a84]
V  [jvm.dll+0x4415bc]
V  [jvm.dll+0x443a29]
V  [jvm.dll+0x427722]
V  [jvm.dll+0x96982]
V  [jvm.dll+0x97173]
V  [jvm.dll+0x2234b4]
V  [jvm.dll+0x27bcca]
C  [msvcr100.dll+0x21d9f]
C  [msvcr100.dll+0x21e3b]
C  [kernel32.dll+0x1652d]
C  [ntdll.dll+0x2c521]


Current CompileTask:
C2:  17174 5435       4       groovy.lang.MetaClassImpl::findPropertyMethod (356 bytes)


---------------  P R O C E S S  ---------------

Java Threads: ( => current thread )
  0x000000005ab34800 JavaThread "net.sf.ehcache.CacheManager@46de551b" daemon [_thread_blocked, id=3584, stack(0x0000000061980000,0x0000000061a80000)]
  0x000000005ab33800 JavaThread "Abandoned connection cleanup thread" daemon [_thread_blocked, id=3432, stack(0x0000000060fd0000,0x00000000610d0000)]
  0x000000005ab33000 JavaThread "PoolCleaner[1355288752:1408236898227]" daemon [_thread_blocked, id=4988, stack(0x0000000060e50000,0x0000000060f50000)]
  0x000000005ae5b000 JavaThread "FileSystemWatcher: files=#106 cl=groovy.lang.GroovyClassLoader@50c810b0" daemon [_thread_blocked, id=6452, stack(0x000000005d8c0000,0x000000005d9c0000)]
  0x000000005a9c7000 JavaThread "Thread-4" daemon [_thread_in_native, id=7076, stack(0x000000005b330000,0x000000005b430000)]
  0x000000005ab43000 JavaThread "localhost-startStop-1" daemon [_thread_in_native, id=6684, stack(0x000000005bae0000,0x000000005bbe0000)]
  0x000000005ab42000 JavaThread "Tomcat-startStop-1" daemon [_thread_blocked, id=5128, stack(0x000000005b950000,0x000000005ba50000)]
  0x000000005ac7f000 JavaThread "Thread-3" [_thread_in_native, id=6908, stack(0x0000000057d60000,0x0000000057e60000)]
  0x0000000059807000 JavaThread "Thread-2" [_thread_blocked, id=3500, stack(0x000000005b430000,0x000000005b530000)]
  0x0000000058405000 JavaThread "NonBlockingInputStreamThread" daemon [_thread_blocked, id=4964, stack(0x0000000058ad0000,0x0000000058bd0000)]
  0x00000000562fd800 JavaThread "Service Thread" daemon [_thread_blocked, id=1900, stack(0x0000000057be0000,0x0000000057ce0000)]
  0x0000000056171800 JavaThread "C1 CompilerThread3" daemon [_thread_blocked, id=5908, stack(0x00000000576b0000,0x00000000577b0000)]
  0x0000000056158800 JavaThread "C2 CompilerThread2" daemon [_thread_in_native, id=3876, stack(0x0000000057990000,0x0000000057a90000)]
  0x0000000056154000 JavaThread "C2 CompilerThread1" daemon [_thread_in_native, id=3984, stack(0x0000000057470000,0x0000000057570000)]
=>0x000000005614c800 JavaThread "C2 CompilerThread0" daemon [_thread_in_native, id=6508, stack(0x0000000057800000,0x0000000057900000)]
  0x0000000056053000 JavaThread "Attach Listener" daemon [_thread_blocked, id=5692, stack(0x0000000057570000,0x0000000057670000)]
  0x0000000056052000 JavaThread "Signal Dispatcher" daemon [_thread_blocked, id=6272, stack(0x0000000057100000,0x0000000057200000)]
  0x0000000054e8d000 JavaThread "Finalizer" daemon [_thread_blocked, id=5600, stack(0x0000000057360000,0x0000000057460000)]
  0x0000000056003000 JavaThread "Reference Handler" daemon [_thread_blocked, id=1596, stack(0x0000000057260000,0x0000000057360000)]
  0x000000000237f800 JavaThread "main" [_thread_blocked, id=5196, stack(0x0000000002480000,0x0000000002580000)]

Other Threads:
  0x0000000056002000 VMThread [stack: 0x0000000056fb0000,0x00000000570b0000] [id=6376]
  0x00000000562ff800 WatcherThread [stack: 0x0000000057e70000,0x0000000057f70000] [id=5832]

VM state:not at safepoint (normal execution)

VM Mutex/Monitor currently owned by a thread: None

Heap:
 PSYoungGen      total 230912K, used 131993K [0x00000000f0000000, 0x0000000100000000, 0x0000000100000000)
  eden space 209920K, 52% used [0x00000000f0000000,0x00000000f6c686c0,0x00000000fcd00000)
  from space 20992K, 99% used [0x00000000fcd00000,0x00000000fe17e0a8,0x00000000fe180000)
  to   space 28672K, 0% used [0x00000000fe400000,0x00000000fe400000,0x0000000100000000)
 ParOldGen       total 93184K, used 76334K [0x00000000d0000000, 0x00000000d5b00000, 0x00000000f0000000)
  object space 93184K, 81% used [0x00000000d0000000,0x00000000d4a8ba40,0x00000000d5b00000)
 Metaspace       used 57501K, capacity 59008K, committed 59136K, reserved 1101824K
  class space    used 6603K, capacity 7083K, committed 7168K, reserved 1048576K

Card table byte_map: [0x0000000011d10000,0x0000000011ea0000] byte_map_base: 0x0000000011690000

Marking Bits: (ParMarkBitMap*) 0x000000005c8012b0
 Begin Bits: [0x0000000012b20000, 0x0000000013720000)
 End Bits:   [0x0000000013720000, 0x0000000014320000)

Polling page: 0x0000000000230000

CodeCache: size=245760Kb used=16896Kb max_used=18103Kb free=228863Kb
 bounds [0x0000000002950000, 0x0000000003b20000, 0x0000000011950000]
 total_blobs=5476 nmethods=4707 adapters=679
 compilation: enabled

Compilation events (10 events):
Event: 17.157 Thread 0x0000000056171800 nmethod 5612 0x0000000002bd1950 code [0x0000000002bd1ae0, 0x0000000002bd1de8]
Event: 17.158 Thread 0x0000000056171800 5613       2       java.util.ArrayList$SubList$1::checkForComodification (26 bytes)
Event: 17.158 Thread 0x0000000056171800 nmethod 5613 0x0000000002f87650 code [0x0000000002f877c0, 0x0000000002f87988]
Event: 17.159 Thread 0x0000000056171800 5614       2       java.util.BitSet::expandTo (23 bytes)
Event: 17.159 Thread 0x0000000056171800 nmethod 5614 0x000000000351d3d0 code [0x000000000351d540, 0x000000000351d6e8]
Event: 17.160 Thread 0x0000000056171800 5616       2       java.util.zip.ZipInputStream::readFully (44 bytes)
Event: 17.160 Thread 0x0000000056171800 nmethod 5616 0x00000000030b0d10 code [0x00000000030b0e80, 0x00000000030b1118]
Event: 17.161 Thread 0x0000000056171800 5618       2       java.nio.charset.CharsetDecoder::reset (11 bytes)
Event: 17.161 Thread 0x0000000056171800 nmethod 5618 0x000000000397ded0 code [0x000000000397e040, 0x000000000397e1c8]
Event: 17.162 Thread 0x0000000056171800 5619       2       java.util.zip.ZipInputStream::read (304 bytes)

GC Heap History (10 events):
Event: 13.410 GC heap before
{Heap before GC invocations=47 (full 5):
 PSYoungGen      total 244224K, used 223259K [0x00000000f0000000, 0x00000000fff80000, 0x0000000100000000)
  eden space 226816K, 96% used [0x00000000f0000000,0x00000000fd57eaf8,0x00000000fdd80000)
  from space 17408K, 26% used [0x00000000fdd80000,0x00000000fe2084b8,0x00000000fee80000)
  to   space 16896K, 0% used [0x00000000fef00000,0x00000000fef00000,0x00000000fff80000)
 ParOldGen       total 76800K, used 63528K [0x00000000d0000000, 0x00000000d4b00000, 0x00000000f0000000)
  object space 76800K, 82% used [0x00000000d0000000,0x00000000d3e0a0e8,0x00000000d4b00000)
 Metaspace       used 52162K, capacity 53472K, committed 53760K, reserved 1097728K
  class space    used 5913K, capacity 6313K, committed 6400K, reserved 1048576K
Event: 13.427 GC heap after
Heap after GC invocations=47 (full 5):
 PSYoungGen      total 243712K, used 8599K [0x00000000f0000000, 0x00000000ffe80000, 0x0000000100000000)
  eden space 227840K, 0% used [0x00000000f0000000,0x00000000f0000000,0x00000000fde80000)
  from space 15872K, 54% used [0x00000000fef00000,0x00000000ff765e50,0x00000000ffe80000)
  to   space 16384K, 0% used [0x00000000fde80000,0x00000000fde80000,0x00000000fee80000)
 ParOldGen       total 76800K, used 63536K [0x00000000d0000000, 0x00000000d4b00000, 0x00000000f0000000)
  object space 76800K, 82% used [0x00000000d0000000,0x00000000d3e0c0e8,0x00000000d4b00000)
 Metaspace       used 52162K, capacity 53472K, committed 53760K, reserved 1097728K
  class space    used 5913K, capacity 6313K, committed 6400K, reserved 1048576K
}
Event: 14.299 GC heap before
{Heap before GC invocations=48 (full 5):
 PSYoungGen      total 243712K, used 236439K [0x00000000f0000000, 0x00000000ffe80000, 0x0000000100000000)
  eden space 227840K, 100% used [0x00000000f0000000,0x00000000fde80000,0x00000000fde80000)
  from space 15872K, 54% used [0x00000000fef00000,0x00000000ff765e50,0x00000000ffe80000)
  to   space 16384K, 0% used [0x00000000fde80000,0x00000000fde80000,0x00000000fee80000)
 ParOldGen       total 76800K, used 63536K [0x00000000d0000000, 0x00000000d4b00000, 0x00000000f0000000)
  object space 76800K, 82% used [0x00000000d0000000,0x00000000d3e0c0e8,0x00000000d4b00000)
 Metaspace       used 53219K, capacity 54536K, committed 54912K, reserved 1097728K
  class space    used 6050K, capacity 6463K, committed 6528K, reserved 1048576K
Event: 14.327 GC heap after
Heap after GC invocations=48 (full 5):
 PSYoungGen      total 244224K, used 16216K [0x00000000f0000000, 0x0000000100000000, 0x0000000100000000)
  eden space 227840K, 0% used [0x00000000f0000000,0x00000000f0000000,0x00000000fde80000)
  from space 16384K, 98% used [0x00000000fde80000,0x00000000fee560f8,0x00000000fee80000)
  to   space 17920K, 0% used [0x00000000fee80000,0x00000000fee80000,0x0000000100000000)
 ParOldGen       total 76800K, used 63544K [0x00000000d0000000, 0x00000000d4b00000, 0x00000000f0000000)
  object space 76800K, 82% used [0x00000000d0000000,0x00000000d3e0e0e8,0x00000000d4b00000)
 Metaspace       used 53219K, capacity 54536K, committed 54912K, reserved 1097728K
  class space    used 6050K, capacity 6463K, committed 6528K, reserved 1048576K
}
Event: 15.267 GC heap before
{Heap before GC invocations=49 (full 5):
 PSYoungGen      total 244224K, used 244056K [0x00000000f0000000, 0x0000000100000000, 0x0000000100000000)
  eden space 227840K, 100% used [0x00000000f0000000,0x00000000fde80000,0x00000000fde80000)
  from space 16384K, 98% used [0x00000000fde80000,0x00000000fee560f8,0x00000000fee80000)
  to   space 17920K, 0% used [0x00000000fee80000,0x00000000fee80000,0x0000000100000000)
 ParOldGen       total 76800K, used 63544K [0x00000000d0000000, 0x00000000d4b00000, 0x00000000f0000000)
  object space 76800K, 82% used [0x00000000d0000000,0x00000000d3e0e0e8,0x00000000d4b00000)
 Metaspace       used 55831K, capacity 57238K, committed 57600K, reserved 1099776K
  class space    used 6354K, capacity 6787K, committed 6912K, reserved 1048576K
Event: 15.309 GC heap after
Heap after GC invocations=49 (full 5):
 PSYoungGen      total 227840K, used 17904K [0x00000000f0000000, 0x0000000100000000, 0x0000000100000000)
  eden space 209920K, 0% used [0x00000000f0000000,0x00000000f0000000,0x00000000fcd00000)
  from space 17920K, 99% used [0x00000000fee80000,0x00000000ffffc2b0,0x0000000100000000)
  to   space 26112K, 0% used [0x00000000fcd00000,0x00000000fcd00000,0x00000000fe680000)
 ParOldGen       total 76800K, used 75126K [0x00000000d0000000, 0x00000000d4b00000, 0x00000000f0000000)
  object space 76800K, 97% used [0x00000000d0000000,0x00000000d495d8f8,0x00000000d4b00000)
 Metaspace       used 55831K, capacity 57238K, committed 57600K, reserved 1099776K
  class space    used 6354K, capacity 6787K, committed 6912K, reserved 1048576K
}
Event: 15.309 GC heap before
{Heap before GC invocations=50 (full 6):
 PSYoungGen      total 227840K, used 17904K [0x00000000f0000000, 0x0000000100000000, 0x0000000100000000)
  eden space 209920K, 0% used [0x00000000f0000000,0x00000000f0000000,0x00000000fcd00000)
  from space 17920K, 99% used [0x00000000fee80000,0x00000000ffffc2b0,0x0000000100000000)
  to   space 26112K, 0% used [0x00000000fcd00000,0x00000000fcd00000,0x00000000fe680000)
 ParOldGen       total 76800K, used 75126K [0x00000000d0000000, 0x00000000d4b00000, 0x00000000f0000000)
  object space 76800K, 97% used [0x00000000d0000000,0x00000000d495d8f8,0x00000000d4b00000)
 Metaspace       used 55831K, capacity 57238K, committed 57600K, reserved 1099776K
  class space    used 6354K, capacity 6787K, committed 6912K, reserved 1048576K
Event: 16.215 GC heap after
Heap after GC invocations=50 (full 6):
 PSYoungGen      total 227840K, used 14741K [0x00000000f0000000, 0x0000000100000000, 0x0000000100000000)
  eden space 209920K, 0% used [0x00000000f0000000,0x00000000f0000000,0x00000000fcd00000)
  from space 17920K, 82% used [0x00000000fee80000,0x00000000ffce5598,0x0000000100000000)
  to   space 26112K, 0% used [0x00000000fcd00000,0x00000000fcd00000,0x00000000fe680000)
 ParOldGen       total 93184K, used 76326K [0x00000000d0000000, 0x00000000d5b00000, 0x00000000f0000000)
  object space 93184K, 81% used [0x00000000d0000000,0x00000000d4a89a40,0x00000000d5b00000)
 Metaspace       used 55831K, capacity 57238K, committed 57600K, reserved 1099776K
  class space    used 6354K, capacity 6787K, committed 6912K, reserved 1048576K
}
Event: 16.841 GC heap before
{Heap before GC invocations=51 (full 6):
 PSYoungGen      total 227840K, used 217318K [0x00000000f0000000, 0x0000000100000000, 0x0000000100000000)
  eden space 209920K, 96% used [0x00000000f0000000,0x00000000fc5d4268,0x00000000fcd00000)
  from space 17920K, 82% used [0x00000000fee80000,0x00000000ffce5598,0x0000000100000000)
  to   space 26112K, 0% used [0x00000000fcd00000,0x00000000fcd00000,0x00000000fe680000)
 ParOldGen       total 93184K, used 76326K [0x00000000d0000000, 0x00000000d5b00000, 0x00000000f0000000)
  object space 93184K, 81% used [0x00000000d0000000,0x00000000d4a89a40,0x00000000d5b00000)
 Metaspace       used 56810K, capacity 58262K, committed 58496K, reserved 1101824K
  class space    used 6514K, capacity 6972K, committed 7040K, reserved 1048576K
Event: 16.883 GC heap after
Heap after GC invocations=51 (full 6):
 PSYoungGen      total 230912K, used 20984K [0x00000000f0000000, 0x0000000100000000, 0x0000000100000000)
  eden space 209920K, 0% used [0x00000000f0000000,0x00000000f0000000,0x00000000fcd00000)
  from space 20992K, 99% used [0x00000000fcd00000,0x00000000fe17e0a8,0x00000000fe180000)
  to   space 28672K, 0% used [0x00000000fe400000,0x00000000fe400000,0x0000000100000000)
 ParOldGen       total 93184K, used 76334K [0x00000000d0000000, 0x00000000d5b00000, 0x00000000f0000000)
  object space 93184K, 81% used [0x00000000d0000000,0x00000000d4a8ba40,0x00000000d5b00000)
 Metaspace       used 56810K, capacity 58262K, committed 58496K, reserved 1101824K
  class space    used 6514K, capacity 6972K, committed 7040K, reserved 1048576K
}

Deoptimization events (10 events):
Event: 13.533 Thread 0x000000005ab43000 Uncommon trap: reason=unreached action=reinterpret pc=0x000000000321361c method=org.codehaus.groovy.runtime.metaclass.MetaMethodIndex.isNonRealMethod(Lgroovy/lang/MetaMethod;)Z @ 4
Event: 13.617 Thread 0x000000005ab43000 Uncommon trap: reason=bimorphic action=maybe_recompile pc=0x0000000003096228 method=groovy.lang.MetaMethod.getMopName()Ljava/lang/String; @ 8
Event: 13.617 Thread 0x000000005ab43000 Uncommon trap: reason=bimorphic action=maybe_recompile pc=0x0000000003a487c0 method=groovy.lang.MetaClassImpl$1MOPIter.methodNameAction(Ljava/lang/Class;Lorg/codehaus/groovy/runtime/metaclass/MetaMethodIndex$Entry;)V @ 62
Event: 13.617 Thread 0x000000005ab43000 Uncommon trap: reason=bimorphic action=maybe_recompile pc=0x0000000003a487c0 method=groovy.lang.MetaClassImpl$1MOPIter.methodNameAction(Ljava/lang/Class;Lorg/codehaus/groovy/runtime/metaclass/MetaMethodIndex$Entry;)V @ 62
Event: 13.617 Thread 0x000000005ab43000 Uncommon trap: reason=bimorphic action=maybe_recompile pc=0x0000000003a487c0 method=groovy.lang.MetaClassImpl$1MOPIter.methodNameAction(Ljava/lang/Class;Lorg/codehaus/groovy/runtime/metaclass/MetaMethodIndex$Entry;)V @ 62
Event: 14.499 Thread 0x000000005ab43000 Uncommon trap: reason=unreached action=reinterpret pc=0x00000000037956b0 method=org.codehaus.groovy.runtime.metaclass.MetaMethodIndex.getMethods(Ljava/lang/Class;Ljava/lang/String;)Lorg/codehaus/groovy/runtime/metaclass/MetaMethodIndex$Entry; @ 61
Event: 16.399 Thread 0x000000005ab43000 Uncommon trap: reason=class_check action=maybe_recompile pc=0x0000000003a213f0 method=sun.reflect.generics.factory.CoreReflectionFactory.findTypeVariable(Ljava/lang/String;)Ljava/lang/reflect/TypeVariable; @ 5
Event: 16.399 Thread 0x000000005ab43000 Uncommon trap: reason=class_check action=maybe_recompile pc=0x0000000003a213f0 method=sun.reflect.generics.factory.CoreReflectionFactory.findTypeVariable(Ljava/lang/String;)Ljava/lang/reflect/TypeVariable; @ 5
Event: 16.401 Thread 0x000000005ab43000 Uncommon trap: reason=class_check action=maybe_recompile pc=0x0000000003a213f0 method=sun.reflect.generics.factory.CoreReflectionFactory.findTypeVariable(Ljava/lang/String;)Ljava/lang/reflect/TypeVariable; @ 5
Event: 16.527 Thread 0x000000005ab43000 Uncommon trap: reason=class_check action=maybe_recompile pc=0x0000000003a213f0 method=sun.reflect.generics.factory.CoreReflectionFactory.findTypeVariable(Ljava/lang/String;)Ljava/lang/reflect/TypeVariable; @ 5

Internal exceptions (10 events):
Event: 17.131 Thread 0x000000005ab43000 Exception <a 'java/security/PrivilegedActionException'> (0x00000000f43bd080) thrown at [C:\re\workspace\8-2-build-windows-amd64-cygwin\jdk8u11\648\hotspot\src\share\vm\prims\jvm.cpp, line 1248]
Event: 17.131 Thread 0x000000005ab43000 Exception <a 'java/security/PrivilegedActionException'> (0x00000000f43c1030) thrown at [C:\re\workspace\8-2-build-windows-amd64-cygwin\jdk8u11\648\hotspot\src\share\vm\prims\jvm.cpp, line 1248]
Event: 17.132 Thread 0x000000005ab43000 Exception <a 'java/security/PrivilegedActionException'> (0x00000000f43dad20) thrown at [C:\re\workspace\8-2-build-windows-amd64-cygwin\jdk8u11\648\hotspot\src\share\vm\prims\jvm.cpp, line 1248]
Event: 17.132 Thread 0x000000005ab43000 Exception <a 'java/security/PrivilegedActionException'> (0x00000000f43deaa0) thrown at [C:\re\workspace\8-2-build-windows-amd64-cygwin\jdk8u11\648\hotspot\src\share\vm\prims\jvm.cpp, line 1248]
Event: 17.133 Thread 0x000000005ab43000 Exception <a 'java/security/PrivilegedActionException'> (0x00000000f43f09a0) thrown at [C:\re\workspace\8-2-build-windows-amd64-cygwin\jdk8u11\648\hotspot\src\share\vm\prims\jvm.cpp, line 1248]
Event: 17.133 Thread 0x000000005ab43000 Exception <a 'java/security/PrivilegedActionException'> (0x00000000f43f3400) thrown at [C:\re\workspace\8-2-build-windows-amd64-cygwin\jdk8u11\648\hotspot\src\share\vm\prims\jvm.cpp, line 1248]
Event: 17.158 Thread 0x000000005ab43000 Exception <a 'java/security/PrivilegedActionException'> (0x00000000f6a7ad30) thrown at [C:\re\workspace\8-2-build-windows-amd64-cygwin\jdk8u11\648\hotspot\src\share\vm\prims\jvm.cpp, line 1248]
Event: 17.158 Thread 0x000000005ab43000 Exception <a 'java/security/PrivilegedActionException'> (0x00000000f6a7eb08) thrown at [C:\re\workspace\8-2-build-windows-amd64-cygwin\jdk8u11\648\hotspot\src\share\vm\prims\jvm.cpp, line 1248]
Event: 17.158 Thread 0x000000005ab43000 Exception <a 'java/security/PrivilegedActionException'> (0x00000000f6a8c9b0) thrown at [C:\re\workspace\8-2-build-windows-amd64-cygwin\jdk8u11\648\hotspot\src\share\vm\prims\jvm.cpp, line 1248]
Event: 17.158 Thread 0x000000005ab43000 Exception <a 'java/security/PrivilegedActionException'> (0x00000000f6a8feb0) thrown at [C:\re\workspace\8-2-build-windows-amd64-cygwin\jdk8u11\648\hotspot\src\share\vm\prims\jvm.cpp, line 1248]

Events (10 events):
Event: 17.161 Thread 0x0000000056171800 flushing nmethod 0x00000000038d6510
Event: 17.161 Thread 0x0000000056171800 flushing nmethod 0x00000000038d8c10
Event: 17.161 Thread 0x0000000056171800 flushing nmethod 0x0000000003915550
Event: 17.161 Thread 0x0000000056171800 flushing nmethod 0x000000000391c450
Event: 17.162 Thread 0x0000000056171800 flushing nmethod 0x00000000039714d0
Event: 17.162 Thread 0x0000000056171800 flushing nmethod 0x0000000003976fd0
Event: 17.162 Thread 0x0000000056171800 flushing nmethod 0x000000000397b710
Event: 17.162 Thread 0x0000000056171800 flushing nmethod 0x000000000397c710
Event: 17.162 Thread 0x0000000056171800 flushing nmethod 0x000000000398de50
Event: 17.162 Thread 0x0000000056171800 flushing nmethod 0x00000000039cc390


Dynamic libraries:
0x000000013f810000 - 0x000000013f844000 	C:\Program Files\Java\jdk1.8.0_11\bin\java.exe
0x0000000077c50000 - 0x0000000077df9000 	C:\Windows\SYSTEM32\ntdll.dll
0x0000000077b30000 - 0x0000000077c4f000 	C:\Windows\system32\kernel32.dll
0x000007fefe160000 - 0x000007fefe1cc000 	C:\Windows\system32\KERNELBASE.dll
0x000007feff2b0000 - 0x000007feff38b000 	C:\Windows\system32\ADVAPI32.dll
0x000007feff5b0000 - 0x000007feff64f000 	C:\Windows\system32\msvcrt.dll
0x000007feff4a0000 - 0x000007feff4bf000 	C:\Windows\SYSTEM32\sechost.dll
0x000007feffe30000 - 0x000007fefff5d000 	C:\Windows\system32\RPCRT4.dll
0x0000000077a30000 - 0x0000000077b2a000 	C:\Windows\system32\USER32.dll
0x000007feff4c0000 - 0x000007feff527000 	C:\Windows\system32\GDI32.dll
0x000007feffb00000 - 0x000007feffb0e000 	C:\Windows\system32\LPK.dll
0x000007feffb10000 - 0x000007feffbd9000 	C:\Windows\system32\USP10.dll
0x000007fefd1b0000 - 0x000007fefd3a4000 	C:\Windows\WinSxS\amd64_microsoft.windows.common-controls_6595b64144ccf1df_6.0.7601.17514_none_fa396087175ac9ac\COMCTL32.dll
0x000007feffbe0000 - 0x000007feffc51000 	C:\Windows\system32\SHLWAPI.dll
0x000007feff670000 - 0x000007feff69e000 	C:\Windows\system32\IMM32.DLL
0x000007feff390000 - 0x000007feff499000 	C:\Windows\system32\MSCTF.dll
0x0000000063240000 - 0x0000000063312000 	C:\Program Files\Java\jdk1.8.0_11\jre\bin\msvcr100.dll
0x000000005c050000 - 0x000000005c87a000 	C:\Program Files\Java\jdk1.8.0_11\jre\bin\server\jvm.dll
0x000007fef9690000 - 0x000007fef9699000 	C:\Windows\system32\WSOCK32.dll
0x000007feffd40000 - 0x000007feffd8d000 	C:\Windows\system32\WS2_32.dll
0x000007feff8e0000 - 0x000007feff8e8000 	C:\Windows\system32\NSI.dll
0x000007fefbfb0000 - 0x000007fefbfeb000 	C:\Windows\system32\WINMM.dll
0x0000000077e10000 - 0x0000000077e17000 	C:\Windows\system32\PSAPI.DLL
0x0000000072ed0000 - 0x0000000072edf000 	C:\Program Files\Java\jdk1.8.0_11\jre\bin\verify.dll
0x000000006e420000 - 0x000000006e448000 	C:\Program Files\Java\jdk1.8.0_11\jre\bin\java.dll
0x0000000069b70000 - 0x0000000069b93000 	C:\Program Files\Java\jdk1.8.0_11\jre\bin\instrument.dll
0x000000006eb50000 - 0x000000006eb66000 	C:\Program Files\Java\jdk1.8.0_11\jre\bin\zip.dll
0x000007fefe480000 - 0x000007feff208000 	C:\Windows\system32\SHELL32.dll
0x000007feff8f0000 - 0x000007feffaf3000 	C:\Windows\system32\ole32.dll
0x000007fefe0b0000 - 0x000007fefe0bf000 	C:\Windows\system32\profapi.dll
0x000007fefd980000 - 0x000007fefd997000 	C:\Windows\system32\CRYPTSP.dll
0x000007fefd680000 - 0x000007fefd6c7000 	C:\Windows\system32\rsaenh.dll
0x000007fefd050000 - 0x000007fefd06e000 	C:\Windows\system32\USERENV.dll
0x000007fefdfe0000 - 0x000007fefdfef000 	C:\Windows\system32\CRYPTBASE.dll
0x000000006f1e0000 - 0x000000006f1fa000 	C:\Program Files\Java\jdk1.8.0_11\jre\bin\net.dll
0x000007fefd920000 - 0x000007fefd975000 	C:\Windows\system32\mswsock.dll
0x000007fefd910000 - 0x000007fefd917000 	C:\Windows\System32\wship6.dll
0x000007fefbbe0000 - 0x000007fefbc07000 	C:\Windows\system32\IPHLPAPI.DLL
0x000007fefbbc0000 - 0x000007fefbbcb000 	C:\Windows\system32\WINNSI.DLL
0x000007fefb750000 - 0x000007fefb761000 	C:\Windows\system32\dhcpcsvc6.DLL
0x000007fefb730000 - 0x000007fefb748000 	C:\Windows\system32\dhcpcsvc.DLL
0x0000000069b20000 - 0x0000000069b31000 	C:\Program Files\Java\jdk1.8.0_11\jre\bin\nio.dll
0x000007fefaef0000 - 0x000007fefaefa000 	C:\Users\GRomano\AppData\Local\Temp\jansi-64-7032266302862637148.dll
0x0000000069b10000 - 0x0000000069b1d000 	C:\Program Files\Java\jdk1.8.0_11\jre\bin\management.dll
0x000007fefcec0000 - 0x000007fefcec7000 	C:\Windows\System32\wshtcpip.dll
0x000007fefd7a0000 - 0x000007fefd7fb000 	C:\Windows\system32\DNSAPI.dll
0x000007fef8fe0000 - 0x000007fef900e000 	C:\Program Files\Common Files\Microsoft Shared\Windows Live\WLIDNSP.DLL
0x000007fef9670000 - 0x000007fef9678000 	C:\Windows\system32\rasadhlp.dll
0x000007fefba60000 - 0x000007fefbab3000 	C:\Windows\System32\fwpuclnt.dll
0x000007fefbf90000 - 0x000007fefbfa5000 	C:\Windows\system32\NLAapi.dll
0x000007fef68f0000 - 0x000007fef6905000 	C:\Windows\system32\napinsp.dll
0x000007fef68d0000 - 0x000007fef68e9000 	C:\Windows\system32\pnrpnsp.dll
0x000007fef68c0000 - 0x000007fef68cb000 	C:\Windows\System32\winrnr.dll
0x000007fef68b0000 - 0x000007fef68c0000 	C:\Windows\system32\wshbth.dll
0x000007fef71f0000 - 0x000007fef7315000 	C:\Windows\system32\dbghelp.dll

VM Arguments:
jvm_args: -Dfile.encoding=UTF-8 -Xmx768M -Xms64M -Dgrails.fork.parent.process.port=55936 -Dgrails.fork.active=true -Dgrails.build.execution.context=C:\Users\GRomano\AppData\Local\Temp\abogadoExpressPuntoNet8374332047655278564grails-execution-context -Dgrails.home=C:\ggts-bundle\grails-2.4.2 -javaagent:C:\ggts-bundle\grails-2.4.2\lib\org.springframework\springloaded\jars\springloaded-1.2.0.RELEASE.jar -Xverify:none -Dspringloaded.synchronize=true -Djdk.reflect.allowGetCallerClass=true -Dspringloaded=profile=grails;cacheDir=C:\Users\GRomano\.grails\2.4.2 
java_command: org.grails.plugins.tomcat.fork.ForkedTomcatServer
java_class_path (initial): C:\Program Files\Java\jdk1.8.0_11\lib\tools.jar;C:\ggts-bundle\grails-2.4.2\lib\org.codehaus.groovy\groovy-all\jars\groovy-all-2.3.3.jar;C:\ggts-bundle\grails-2.4.2\lib\org.slf4j\jcl-over-slf4j\jars\jcl-over-slf4j-1.7.5.jar;C:\ggts-bundle\grails-2.4.2\lib\org.codehaus.gant\gant_groovy1.8\jars\gant_groovy1.8-1.9.6.jar;C:\ggts-bundle\grails-2.4.2\lib\org.apache.tomcat.embed\tomcat-embed-logging-log4j\jars\tomcat-embed-logging-log4j-7.0.50.jar;C:\ggts-bundle\grails-2.4.2\dist\grails-plugin-log4j-2.4.2.jar;C:\ggts-bundle\grails-2.4.2\lib\log4j\log4j\jars\log4j-1.2.17.jar;C:\ggts-bundle\grails-2.4.2\dist\grails-bootstrap-2.4.2.jar;C:\ggts-bundle\grails-2.4.2\lib\org.slf4j\slf4j-api\jars\slf4j-api-1.7.5.jar;C:\ggts-bundle\grails-2.4.2\lib\jline\jline\jars\jline-2.12.jar;C:\ggts-bundle\grails-2.4.2\lib\org.apache.ant\ant\jars\ant-1.8.4.jar;C:\ggts-bundle\grails-2.4.2\lib\org.apache.ant\ant-launcher\jars\ant-launcher-1.8.4.jar;C:\ggts-bundle\grails-2.4.2\lib\org.apache.ant\ant-trax\jars\ant-trax-1.7.1.jar;C:\ggts-bundle\grails-2.4.2\lib\org.apache.ant\ant-junit\jars\ant-junit-1.8.4.jar;C:\ggts-bundle\grails-2.4.2\lib\org.apache.ivy\ivy\jars\ivy-2.3.0.jar;C:\ggts-bundle\grails-2.4.2\lib\org.fusesource.jansi\jansi\jars\jansi-1.11.jar;C:\Users\GRomano\.m2\repository\org\eclipse\jdt\core\compiler\ecj\3.7.2\ecj-3.7.2.jar;C:\Users\GRomano\.m2\repository\org\apache\tomcat\embed\tomcat-embed-el\7.0.53\tomcat-embed-el-7.0.53.jar;C:\Users\GRomano\.m2\repository\org\apache\tomcat\embed\tomcat-embed-jasper\7.0.53\tomcat-embed-jasper-7.0.53.jar;C:\Users\GRomano\.m2\repository\org\apache\tomcat\tomcat-catalina-ant\7.0.53\tomcat-catalina-ant-7.0.53.jar;C:\Users\GRomano\.m2\repository\org\apache\tomcat\embed\tomcat-embed-logging-log4j\7.0.53\tomcat-embed-logging-log4j-7.0.53.jar;C:\Users\GRomano\.m2\repository\org\apache\tomcat\embed\tomcat-embed-websocket\7.0.53\tomcat-embed-websocket-7.0.53.jar;D:\workspace_grails\abogadoExpressPuntoNet\target\work\plugins\to
Launcher Type: SUN_STANDARD

Environment Variables:
JAVA_HOME=C:\Program Files\Java\jdk1.8.0_11
PATH=C:\Program Files\Common Files\Microsoft Shared\Windows Live;C:\Program Files (x86)\Common Files\Microsoft Shared\Windows Live;C:\Program Files (x86)\NVIDIA Corporation\PhysX\Common;C:\Program Files (x86)\Intel\iCLS Client\;C:\Program Files\Intel\iCLS Client\;C:\Windows\system32;C:\Windows;C:\Windows\System32\Wbem;C:\Windows\System32\WindowsPowerShell\v1.0\;C:\Program Files\Intel\Intel(R) Management Engine Components\DAL;C:\Program Files\Intel\Intel(R) Management Engine Components\IPT;C:\Program Files (x86)\Intel\Intel(R) Management Engine Components\DAL;C:\Program Files (x86)\Intel\Intel(R) Management Engine Components\IPT;C:\Program Files\Lenovo\Bluetooth Software\;C:\Program Files\Lenovo\Bluetooth Software\syswow64;C:\Program Files\Java\jdk1.8.0_11\bin;C:\grails\grails-2.4.3\bin;C:\Program Files (x86)\MySQL\MySQL Utilities 1.3.6\
USERNAME=GRomano
OS=Windows_NT
PROCESSOR_IDENTIFIER=Intel64 Family 6 Model 58 Stepping 9, GenuineIntel



---------------  S Y S T E M  ---------------

OS: Windows 7 , 64 bit Build 7601 Service Pack 1

CPU:total 8 (4 cores per cpu, 2 threads per core) family 6 model 58 stepping 9, cmov, cx8, fxsr, mmx, sse, sse2, sse3, ssse3, sse4.1, sse4.2, popcnt, avx, aes, clmul, erms, ht, tsc, tscinvbit

Memory: 4k page, physical 5746284k(1661560k free), swap 11490716k(5669992k free)

vm_info: Java HotSpot(TM) 64-Bit Server VM (25.11-b03) for windows-amd64 JRE (1.8.0_11-b12), built on Jun 16 2014 20:57:32 by "java_re" with MS VC++ 10.0 (VS2010)

time: Sat Aug 16 21:55:04 2014
elapsed time: 17 seconds

