#
# A fatal error has been detected by the Java Runtime Environment:
#
#  EXCEPTION_ACCESS_VIOLATION (0xc0000005) at pc=0x000000005c574db2, pid=2468, tid=3088
#
# JRE version: Java(TM) SE Runtime Environment (8.0_11-b12) (build 1.8.0_11-b12)
# Java VM: Java HotSpot(TM) 64-Bit Server VM (25.11-b03 mixed mode windows-amd64 compressed oops)
# Problematic frame:
# V  [jvm.dll+0x424db2]
#
# Failed to write core dump. Minidumps are not enabled by default on client versions of Windows
#
# If you would like to submit a bug report, please visit:
#   http://bugreport.sun.com/bugreport/crash.jsp
#

---------------  T H R E A D  ---------------

Current thread (0x000000005614b000):  JavaThread "C2 CompilerThread2" daemon [_thread_in_native, id=3088, stack(0x0000000057180000,0x0000000057280000)]

siginfo: ExceptionCode=0xc0000005, reading address 0x0000000000000000

Registers:
RAX=0x000000005f110ca8, RBX=0x0000000000000600, RCX=0x0000000000000000, RDX=0x0000000058087fd0
RSP=0x000000005727c2c0, RBP=0x00000000000000c0, RSI=0x00000000000000b8, RDI=0x0000000000000000
R8 =0x000000005c150000, R9 =0x000000005727c5e0, R10=0x00000000ffffffff, R11=0x00000000561601e0
R12=0x000000005f1113b0, R13=0x000000005ce97398, R14=0x0000000000000008, R15=0x000000005ce97398
RIP=0x000000005c574db2, EFLAGS=0x0000000000010206

Top of Stack: (sp=0x000000005727c2c0)
0x000000005727c2c0:   00000000000000da 00000000580838e0
0x000000005727c2d0:   0000000000000040 0000000000000400
0x000000005727c2e0:   0000000000000001 0000000000000600
0x000000005727c2f0:   0000000000000180 00000000000000c0
0x000000005727c300:   000000005cc71090 00000000550ae180
0x000000005727c310:   00000000000006b0 00000000580838e0
0x000000005727c320:   000000005727c5e0 000000005f10de20
0x000000005727c330:   0000000000000020 0000000000000009
0x000000005727c340:   000000005f111380 00000000000000da
0x000000005727c350:   000000005ce97398 000000005c57598d
0x000000005727c360:   000000005f111380 000000000000001c
0x000000005727c370:   00000000000000da 000000005727c5e0
0x000000005727c380:   0000000058087fd0 00000000000000da
0x000000005727c390:   000000005f10de20 0000000000000020
0x000000005727c3a0:   000000005a46b368 000000005727e950
0x000000005727c3b0:   000000005a46b998 000000005f111380 

Instructions: (pc=0x000000005c574db2)
0x000000005c574d92:   c6 48 63 f0 48 03 f1 eb 04 48 83 ce ff 48 8b 84
0x000000005c574da2:   24 a0 00 00 00 48 8b 40 08 48 8b 3c 03 48 8b cf
0x000000005c574db2:   48 8b 07 ff 50 28 4c 8d 05 41 b2 bd ff 48 63 50
0x000000005c574dc2:   10 4c 8b d8 48 8b ca 48 c1 e1 05 42 80 bc 01 c0 


Register to memory mapping:

RAX=0x000000005f110ca8 is an unknown value
RBX=0x0000000000000600 is an unknown value
RCX=0x0000000000000000 is an unknown value
RDX=0x0000000058087fd0 is an unknown value
RSP=0x000000005727c2c0 is pointing into the stack for thread: 0x000000005614b000
RBP=0x00000000000000c0 is an unknown value
RSI=0x00000000000000b8 is an unknown value
RDI=0x0000000000000000 is an unknown value
R8 =0x000000005c150000 is an unknown value
R9 =0x000000005727c5e0 is pointing into the stack for thread: 0x000000005614b000
R10=0x00000000ffffffff is an unknown value
R11=0x00000000561601e0 is an unknown value
R12=0x000000005f1113b0 is an unknown value
R13=0x000000005ce97398 is an unknown value
R14=0x0000000000000008 is an unknown value
R15=0x000000005ce97398 is an unknown value


Stack: [0x0000000057180000,0x0000000057280000],  sp=0x000000005727c2c0,  free space=1008k
Native frames: (J=compiled Java code, j=interpreted, Vv=VM code, C=native code)
V  [jvm.dll+0x424db2]
V  [jvm.dll+0x42598d]
V  [jvm.dll+0x425ecf]
V  [jvm.dll+0x4c5a84]
V  [jvm.dll+0x4415bc]
V  [jvm.dll+0x443a29]
V  [jvm.dll+0x427722]
V  [jvm.dll+0x96982]
V  [jvm.dll+0x97173]
V  [jvm.dll+0x2234b4]
V  [jvm.dll+0x27bcca]
C  [msvcr100.dll+0x21d9f]
C  [msvcr100.dll+0x21e3b]
C  [kernel32.dll+0x1652d]
C  [ntdll.dll+0x2c521]


Current CompileTask:
C2:  13710 5190       4       groovy.lang.MetaClassImpl::findPropertyMethod (356 bytes)


---------------  P R O C E S S  ---------------

Java Threads: ( => current thread )
  0x000000005860d000 JavaThread "net.sf.ehcache.CacheManager@59749a3c" daemon [_thread_blocked, id=3184, stack(0x0000000060260000,0x0000000060360000)]
  0x000000005860b800 JavaThread "Abandoned connection cleanup thread" daemon [_thread_blocked, id=5952, stack(0x000000005fc80000,0x000000005fd80000)]
  0x000000005860b000 JavaThread "PoolCleaner[88126768:1408157279695]" daemon [_thread_blocked, id=3580, stack(0x000000005b7b0000,0x000000005b8b0000)]
  0x000000005cdf8000 JavaThread "FileSystemWatcher: files=#101 cl=groovy.lang.GroovyClassLoader@540b530" daemon [_thread_blocked, id=2588, stack(0x000000005d9b0000,0x000000005dab0000)]
  0x000000005cf42000 JavaThread "Thread-4" daemon [_thread_in_native, id=3900, stack(0x0000000058c10000,0x0000000058d10000)]
  0x000000005ac6b000 JavaThread "localhost-startStop-1" daemon [_thread_in_Java, id=5812, stack(0x000000005bdf0000,0x000000005bef0000)]
  0x0000000059c7b800 JavaThread "Tomcat-startStop-1" daemon [_thread_blocked, id=5892, stack(0x000000005bbe0000,0x000000005bce0000)]
  0x000000005aa1a000 JavaThread "Thread-3" [_thread_in_native, id=5108, stack(0x000000005b320000,0x000000005b420000)]
  0x0000000059c9b800 JavaThread "Thread-2" [_thread_blocked, id=3464, stack(0x000000005b650000,0x000000005b750000)]
  0x0000000058541800 JavaThread "NonBlockingInputStreamThread" daemon [_thread_blocked, id=5792, stack(0x00000000579d0000,0x0000000057ad0000)]
  0x0000000056305000 JavaThread "Service Thread" daemon [_thread_blocked, id=3532, stack(0x0000000057e00000,0x0000000057f00000)]
  0x000000005614b800 JavaThread "C1 CompilerThread3" daemon [_thread_blocked, id=6028, stack(0x0000000057bf0000,0x0000000057cf0000)]
=>0x000000005614b000 JavaThread "C2 CompilerThread2" daemon [_thread_in_native, id=3088, stack(0x0000000057180000,0x0000000057280000)]
  0x000000005614a000 JavaThread "C2 CompilerThread1" daemon [_thread_in_native, id=3596, stack(0x0000000057ae0000,0x0000000057be0000)]
  0x00000000550ab000 JavaThread "C2 CompilerThread0" daemon [_thread_in_native, id=5460, stack(0x00000000578b0000,0x00000000579b0000)]
  0x0000000056047000 JavaThread "Attach Listener" daemon [_thread_blocked, id=2656, stack(0x0000000057660000,0x0000000057760000)]
  0x0000000056046000 JavaThread "Signal Dispatcher" daemon [_thread_blocked, id=6064, stack(0x0000000057530000,0x0000000057630000)]
  0x000000005509a800 JavaThread "Finalizer" daemon [_thread_blocked, id=5756, stack(0x00000000573e0000,0x00000000574e0000)]
  0x0000000055094800 JavaThread "Reference Handler" daemon [_thread_blocked, id=364, stack(0x0000000057280000,0x0000000057380000)]
  0x000000000213f800 JavaThread "main" [_thread_blocked, id=5780, stack(0x00000000024b0000,0x00000000025b0000)]

Other Threads:
  0x000000005508f800 VMThread [stack: 0x0000000057030000,0x0000000057130000] [id=4960]
  0x0000000056307000 WatcherThread [stack: 0x0000000057f10000,0x0000000058010000] [id=5760]

VM state:not at safepoint (normal execution)

VM Mutex/Monitor currently owned by a thread: None

Heap:
 PSYoungGen      total 230400K, used 117078K [0x00000000f0000000, 0x0000000100000000, 0x0000000100000000)
  eden space 217088K, 52% used [0x00000000f0000000,0x00000000f6f630c8,0x00000000fd400000)
  from space 13312K, 22% used [0x00000000ff300000,0x00000000ff5f2768,0x0000000100000000)
  to   space 22528K, 0% used [0x00000000fd400000,0x00000000fd400000,0x00000000fea00000)
 ParOldGen       total 108032K, used 88855K [0x00000000d0000000, 0x00000000d6980000, 0x00000000f0000000)
  object space 108032K, 82% used [0x00000000d0000000,0x00000000d56c5cd0,0x00000000d6980000)
 Metaspace       used 56830K, capacity 58382K, committed 58496K, reserved 1101824K
  class space    used 6563K, capacity 7036K, committed 7040K, reserved 1048576K

Card table byte_map: [0x0000000011d40000,0x0000000011ed0000] byte_map_base: 0x00000000116c0000

Marking Bits: (ParMarkBitMap*) 0x000000005c9012b0
 Begin Bits: [0x0000000012d30000, 0x0000000013930000)
 End Bits:   [0x0000000013930000, 0x0000000014530000)

Polling page: 0x0000000000230000

CodeCache: size=245760Kb used=16642Kb max_used=16647Kb free=229117Kb
 bounds [0x0000000002980000, 0x00000000039e0000, 0x0000000011980000]
 total_blobs=5477 nmethods=4708 adapters=679
 compilation: enabled

Compilation events (10 events):
Event: 13.665 Thread 0x000000005614b800 5324       2       groovy.lang.MetaClassImpl::hasProperty (6 bytes)
Event: 13.665 Thread 0x000000005614b800 nmethod 5324 0x00000000039b9990 code [0x00000000039b9b00, 0x00000000039b9c88]
Event: 13.666 Thread 0x000000005614b000 nmethod 5174 0x00000000039b9590 code [0x00000000039b96e0, 0x00000000039b9818]
Event: 13.666 Thread 0x000000005614b000 5202       4       sun.nio.cs.UTF_8$Decoder::decodeArrayLoop (671 bytes)
Event: 13.681 Thread 0x000000005614b000 nmethod 5202 0x00000000039b3990 code [0x00000000039b3c20, 0x00000000039b4cb0]
Event: 13.681 Thread 0x000000005614b000 5190       4       groovy.lang.MetaClassImpl::findPropertyMethod (356 bytes)
Event: 13.685 Thread 0x000000005614b800 5325       2       grails.util.GrailsNameUtils::getGetterName (85 bytes)
Event: 13.687 Thread 0x000000005614b800 nmethod 5325 0x00000000039b7350 code [0x00000000039b75e0, 0x00000000039b7f78]
Event: 13.692 Thread 0x000000005614b800 5326       2       org.codehaus.groovy.grails.commons.GrailsClassUtils::getGetterName (5 bytes)
Event: 13.692 Thread 0x000000005614b800 nmethod 5326 0x00000000039b9250 code [0x00000000039b93a0, 0x00000000039b94e8]

GC Heap History (10 events):
Event: 10.259 GC heap before
{Heap before GC invocations=61 (full 5):
 PSYoungGen      total 244736K, used 241590K [0x00000000f0000000, 0x0000000100000000, 0x0000000100000000)
  eden space 234496K, 100% used [0x00000000f0000000,0x00000000fe500000,0x00000000fe500000)
  from space 10240K, 69% used [0x00000000fe500000,0x00000000febedbe8,0x00000000fef00000)
  to   space 10752K, 0% used [0x00000000ff580000,0x00000000ff580000,0x0000000100000000)
 ParOldGen       total 73216K, used 60391K [0x00000000d0000000, 0x00000000d4780000, 0x00000000f0000000)
  object space 73216K, 82% used [0x00000000d0000000,0x00000000d3af9cd8,0x00000000d4780000)
 Metaspace       used 52283K, capacity 53602K, committed 53760K, reserved 1097728K
  class space    used 5979K, capacity 6355K, committed 6400K, reserved 1048576K
Event: 10.289 GC heap after
Heap after GC invocations=61 (full 5):
 PSYoungGen      total 246272K, used 10720K [0x00000000f0000000, 0x0000000100000000, 0x0000000100000000)
  eden space 235520K, 0% used [0x00000000f0000000,0x00000000f0000000,0x00000000fe600000)
  from space 10752K, 99% used [0x00000000ff580000,0x00000000ffff8020,0x0000000100000000)
  to   space 13312K, 0% used [0x00000000fe600000,0x00000000fe600000,0x00000000ff300000)
 ParOldGen       total 73216K, used 63185K [0x00000000d0000000, 0x00000000d4780000, 0x00000000f0000000)
  object space 73216K, 86% used [0x00000000d0000000,0x00000000d3db46a8,0x00000000d4780000)
 Metaspace       used 52283K, capacity 53602K, committed 53760K, reserved 1097728K
  class space    used 5979K, capacity 6355K, committed 6400K, reserved 1048576K
}
Event: 11.159 GC heap before
{Heap before GC invocations=62 (full 5):
 PSYoungGen      total 246272K, used 238063K [0x00000000f0000000, 0x0000000100000000, 0x0000000100000000)
  eden space 235520K, 96% used [0x00000000f0000000,0x00000000fde03f20,0x00000000fe600000)
  from space 10752K, 99% used [0x00000000ff580000,0x00000000ffff8020,0x0000000100000000)
  to   space 13312K, 0% used [0x00000000fe600000,0x00000000fe600000,0x00000000ff300000)
 ParOldGen       total 73216K, used 63185K [0x00000000d0000000, 0x00000000d4780000, 0x00000000f0000000)
  object space 73216K, 86% used [0x00000000d0000000,0x00000000d3db46a8,0x00000000d4780000)
 Metaspace       used 53933K, capacity 55284K, committed 55552K, reserved 1097728K
  class space    used 6122K, capacity 6551K, committed 6656K, reserved 1048576K
Event: 11.173 GC heap after
Heap after GC invocations=62 (full 5):
 PSYoungGen      total 248832K, used 13297K [0x00000000f0000000, 0x0000000100000000, 0x0000000100000000)
  eden space 235520K, 0% used [0x00000000f0000000,0x00000000f0000000,0x00000000fe600000)
  from space 13312K, 99% used [0x00000000fe600000,0x00000000ff2fc5a8,0x00000000ff300000)
  to   space 13312K, 0% used [0x00000000ff300000,0x00000000ff300000,0x0000000100000000)
 ParOldGen       total 73216K, used 71764K [0x00000000d0000000, 0x00000000d4780000, 0x00000000f0000000)
  object space 73216K, 98% used [0x00000000d0000000,0x00000000d4615370,0x00000000d4780000)
 Metaspace       used 53933K, capacity 55284K, committed 55552K, reserved 1097728K
  class space    used 6122K, capacity 6551K, committed 6656K, reserved 1048576K
}
Event: 11.173 GC heap before
{Heap before GC invocations=63 (full 6):
 PSYoungGen      total 248832K, used 13297K [0x00000000f0000000, 0x0000000100000000, 0x0000000100000000)
  eden space 235520K, 0% used [0x00000000f0000000,0x00000000f0000000,0x00000000fe600000)
  from space 13312K, 99% used [0x00000000fe600000,0x00000000ff2fc5a8,0x00000000ff300000)
  to   space 13312K, 0% used [0x00000000ff300000,0x00000000ff300000,0x0000000100000000)
 ParOldGen       total 73216K, used 71764K [0x00000000d0000000, 0x00000000d4780000, 0x00000000f0000000)
  object space 73216K, 98% used [0x00000000d0000000,0x00000000d4615370,0x00000000d4780000)
 Metaspace       used 53933K, capacity 55284K, committed 55552K, reserved 1097728K
  class space    used 6122K, capacity 6551K, committed 6656K, reserved 1048576K
Event: 12.046 GC heap after
Heap after GC invocations=63 (full 6):
 PSYoungGen      total 248832K, used 10155K [0x00000000f0000000, 0x0000000100000000, 0x0000000100000000)
  eden space 235520K, 0% used [0x00000000f0000000,0x00000000f0000000,0x00000000fe600000)
  from space 13312K, 76% used [0x00000000fe600000,0x00000000fefeac98,0x00000000ff300000)
  to   space 13312K, 0% used [0x00000000ff300000,0x00000000ff300000,0x0000000100000000)
 ParOldGen       total 89088K, used 72902K [0x00000000d0000000, 0x00000000d5700000, 0x00000000f0000000)
  object space 89088K, 81% used [0x00000000d0000000,0x00000000d4731970,0x00000000d5700000)
 Metaspace       used 53933K, capacity 55284K, committed 55552K, reserved 1097728K
  class space    used 6122K, capacity 6551K, committed 6656K, reserved 1048576K
}
Event: 12.645 GC heap before
{Heap before GC invocations=64 (full 6):
 PSYoungGen      total 248832K, used 238934K [0x00000000f0000000, 0x0000000100000000, 0x0000000100000000)
  eden space 235520K, 97% used [0x00000000f0000000,0x00000000fdf6ac88,0x00000000fe600000)
  from space 13312K, 76% used [0x00000000fe600000,0x00000000fefeac98,0x00000000ff300000)
  to   space 13312K, 0% used [0x00000000ff300000,0x00000000ff300000,0x0000000100000000)
 ParOldGen       total 89088K, used 72902K [0x00000000d0000000, 0x00000000d5700000, 0x00000000f0000000)
  object space 89088K, 81% used [0x00000000d0000000,0x00000000d4731970,0x00000000d5700000)
 Metaspace       used 56008K, capacity 57368K, committed 57600K, reserved 1099776K
  class space    used 6448K, capacity 6884K, committed 6912K, reserved 1048576K
Event: 12.692 GC heap after
Heap after GC invocations=64 (full 6):
 PSYoungGen      total 230400K, used 13309K [0x00000000f0000000, 0x0000000100000000, 0x0000000100000000)
  eden space 217088K, 0% used [0x00000000f0000000,0x00000000f0000000,0x00000000fd400000)
  from space 13312K, 99% used [0x00000000ff300000,0x00000000fffff490,0x0000000100000000)
  to   space 22528K, 0% used [0x00000000fd400000,0x00000000fd400000,0x00000000fea00000)
 ParOldGen       total 89088K, used 79765K [0x00000000d0000000, 0x00000000d5700000, 0x00000000f0000000)
  object space 89088K, 89% used [0x00000000d0000000,0x00000000d4de56b8,0x00000000d5700000)
 Metaspace       used 56008K, capacity 57368K, committed 57600K, reserved 1099776K
  class space    used 6448K, capacity 6884K, committed 6912K, reserved 1048576K
}
Event: 12.692 GC heap before
{Heap before GC invocations=65 (full 7):
 PSYoungGen      total 230400K, used 13309K [0x00000000f0000000, 0x0000000100000000, 0x0000000100000000)
  eden space 217088K, 0% used [0x00000000f0000000,0x00000000f0000000,0x00000000fd400000)
  from space 13312K, 99% used [0x00000000ff300000,0x00000000fffff490,0x0000000100000000)
  to   space 22528K, 0% used [0x00000000fd400000,0x00000000fd400000,0x00000000fea00000)
 ParOldGen       total 89088K, used 79765K [0x00000000d0000000, 0x00000000d5700000, 0x00000000f0000000)
  object space 89088K, 89% used [0x00000000d0000000,0x00000000d4de56b8,0x00000000d5700000)
 Metaspace       used 56008K, capacity 57368K, committed 57600K, reserved 1099776K
  class space    used 6448K, capacity 6884K, committed 6912K, reserved 1048576K
Event: 13.333 GC heap after
Heap after GC invocations=65 (full 7):
 PSYoungGen      total 230400K, used 3017K [0x00000000f0000000, 0x0000000100000000, 0x0000000100000000)
  eden space 217088K, 0% used [0x00000000f0000000,0x00000000f0000000,0x00000000fd400000)
  from space 13312K, 22% used [0x00000000ff300000,0x00000000ff5f2768,0x0000000100000000)
  to   space 22528K, 0% used [0x00000000fd400000,0x00000000fd400000,0x00000000fea00000)
 ParOldGen       total 108032K, used 88855K [0x00000000d0000000, 0x00000000d6980000, 0x00000000f0000000)
  object space 108032K, 82% used [0x00000000d0000000,0x00000000d56c5cd0,0x00000000d6980000)
 Metaspace       used 56008K, capacity 57368K, committed 57600K, reserved 1099776K
  class space    used 6448K, capacity 6884K, committed 6912K, reserved 1048576K
}

Deoptimization events (10 events):
Event: 9.989 Thread 0x000000005ac6b000 Uncommon trap: reason=array_check action=maybe_recompile pc=0x000000000348a0d8 method=java.util.AbstractCollection.toArray([Ljava/lang/Object;)[Ljava/lang/Object; @ 119
Event: 9.989 Thread 0x000000005ac6b000 Uncommon trap: reason=array_check action=maybe_recompile pc=0x000000000348a0d8 method=java.util.AbstractCollection.toArray([Ljava/lang/Object;)[Ljava/lang/Object; @ 119
Event: 9.993 Thread 0x000000005ac6b000 Uncommon trap: reason=array_check action=maybe_recompile pc=0x000000000348a0d8 method=java.util.AbstractCollection.toArray([Ljava/lang/Object;)[Ljava/lang/Object; @ 119
Event: 9.993 Thread 0x000000005ac6b000 Uncommon trap: reason=array_check action=maybe_recompile pc=0x000000000348a0d8 method=java.util.AbstractCollection.toArray([Ljava/lang/Object;)[Ljava/lang/Object; @ 119
Event: 10.182 Thread 0x000000005ac6b000 Uncommon trap: reason=class_check action=maybe_recompile pc=0x00000000037540b0 method=java.lang.reflect.Executable.getAnnotation(Ljava/lang/Class;)Ljava/lang/annotation/Annotation; @ 19
Event: 10.835 Thread 0x000000005ac6b000 Uncommon trap: reason=class_check action=maybe_recompile pc=0x00000000037540b0 method=java.lang.reflect.Executable.getAnnotation(Ljava/lang/Class;)Ljava/lang/annotation/Annotation; @ 19
Event: 10.835 Thread 0x000000005ac6b000 Uncommon trap: reason=unloaded action=reinterpret pc=0x000000000370f2fc method=org.springframework.core.BridgeMethodResolver.findBridgedMethod(Ljava/lang/reflect/Method;)Ljava/lang/reflect/Method; @ 13
Event: 12.073 Thread 0x000000005ac6b000 Uncommon trap: reason=class_check action=maybe_recompile pc=0x00000000037540b0 method=java.lang.reflect.Executable.getAnnotation(Ljava/lang/Class;)Ljava/lang/annotation/Annotation; @ 19
Event: 12.400 Thread 0x000000005ac6b000 Uncommon trap: reason=class_check action=maybe_recompile pc=0x00000000037540b0 method=java.lang.reflect.Executable.getAnnotation(Ljava/lang/Class;)Ljava/lang/annotation/Annotation; @ 19
Event: 12.427 Thread 0x000000005ac6b000 Uncommon trap: reason=unreached action=reinterpret pc=0x00000000037dcf94 method=org.codehaus.groovy.runtime.metaclass.MetaMethodIndex.isNonRealMethod(Lgroovy/lang/MetaMethod;)Z @ 32

Internal exceptions (10 events):
Event: 13.627 Thread 0x000000005ac6b000 Exception <a 'java/security/PrivilegedActionException'> (0x00000000f688c3b0) thrown at [C:\re\workspace\8-2-build-windows-amd64-cygwin\jdk8u11\648\hotspot\src\share\vm\prims\jvm.cpp, line 1248]
Event: 13.627 Thread 0x000000005ac6b000 Exception <a 'java/lang/ClassNotFoundException': org/codehaus/groovy/grails/web/util/TagLibraryMetaUtils$_registerPropertyMissingForTag_closure6BeanInfo> (0x00000000f688d330) thrown at [C:\re\workspace\8-2-build-windows-amd64-cygwin\jdk8u11\648\hotspot\src`é¸)-A+@
Event: 13.627 Thread 0x000000005ac6b000 Exception <a 'java/security/PrivilegedActionException'> (0x00000000f688e938) thrown at [C:\re\workspace\8-2-build-windows-amd64-cygwin\jdk8u11\648\hotspot\src\share\vm\prims\jvm.cpp, line 1248]
Event: 13.627 Thread 0x000000005ac6b000 Exception <a 'java/security/PrivilegedActionException'> (0x00000000f6894938) thrown at [C:\re\workspace\8-2-build-windows-amd64-cygwin\jdk8u11\648\hotspot\src\share\vm\prims\jvm.cpp, line 1248]
Event: 13.628 Thread 0x000000005ac6b000 Exception <a 'java/security/PrivilegedActionException'> (0x00000000f68ab920) thrown at [C:\re\workspace\8-2-build-windows-amd64-cygwin\jdk8u11\648\hotspot\src\share\vm\prims\jvm.cpp, line 1248]
Event: 13.628 Thread 0x000000005ac6b000 Exception <a 'java/security/PrivilegedActionException'> (0x00000000f68c88e8) thrown at [C:\re\workspace\8-2-build-windows-amd64-cygwin\jdk8u11\648\hotspot\src\share\vm\prims\jvm.cpp, line 1248]
Event: 13.628 Thread 0x000000005ac6b000 Exception <a 'java/security/PrivilegedActionException'> (0x00000000f68ce8e8) thrown at [C:\re\workspace\8-2-build-windows-amd64-cygwin\jdk8u11\648\hotspot\src\share\vm\prims\jvm.cpp, line 1248]
Event: 13.628 Thread 0x000000005ac6b000 Exception <a 'java/security/PrivilegedActionException'> (0x00000000f68e58d0) thrown at [C:\re\workspace\8-2-build-windows-amd64-cygwin\jdk8u11\648\hotspot\src\share\vm\prims\jvm.cpp, line 1248]
Event: 13.628 Thread 0x000000005ac6b000 Exception <a 'java/security/PrivilegedActionException'> (0x00000000f69186a8) thrown at [C:\re\workspace\8-2-build-windows-amd64-cygwin\jdk8u11\648\hotspot\src\share\vm\prims\jvm.cpp, line 1248]
Event: 13.628 Thread 0x000000005ac6b000 Exception <a 'java/lang/ClassNotFoundException': org/codehaus/groovy/grails/web/util/TagLibraryMetaUtils$_registerPropertyMissingForTag_closure6Customizer> (0x00000000f6919630) thrown at [C:\re\workspace\8-2-build-windows-amd64-cygwin\jdk8u11\648\hotspot\s

Events (10 events):
Event: 13.627 loading class org/codehaus/groovy/grails/web/util/TagLibraryMetaUtils$_registerPropertyMissingForTag_closure6BeanInfo
Event: 13.627 loading class org/codehaus/groovy/grails/web/util/TagLibraryMetaUtils$_registerPropertyMissingForTag_closure6BeanInfo done
Event: 13.627 loading class org/codehaus/groovy/grails/web/util/TagLibraryMetaUtils$_registerPropertyMissingForTag_closure6BeanInfo
Event: 13.627 loading class org/codehaus/groovy/grails/web/util/TagLibraryMetaUtils$_registerPropertyMissingForTag_closure6BeanInfo done
Event: 13.627 loading class org/codehaus/groovy/grails/web/util/TagLibraryMetaUtils$_registerPropertyMissingForTag_closure6Customizer
Event: 13.627 loading class org/codehaus/groovy/grails/web/util/TagLibraryMetaUtils$_registerPropertyMissingForTag_closure6Customizer done
Event: 13.628 loading class org/codehaus/groovy/grails/web/util/TagLibraryMetaUtils$_registerPropertyMissingForTag_closure6Customizer
Event: 13.628 loading class org/codehaus/groovy/grails/web/util/TagLibraryMetaUtils$_registerPropertyMissingForTag_closure6Customizer done
Event: 13.628 loading class org/codehaus/groovy/grails/web/util/TagLibraryMetaUtils$_registerPropertyMissingForTag_closure6Customizer
Event: 13.628 loading class org/codehaus/groovy/grails/web/util/TagLibraryMetaUtils$_registerPropertyMissingForTag_closure6Customizer done


Dynamic libraries:
0x000000013fd30000 - 0x000000013fd64000 	C:\Program Files\Java\jdk1.8.0_11\bin\java.exe
0x0000000077010000 - 0x00000000771b9000 	C:\Windows\SYSTEM32\ntdll.dll
0x0000000076ef0000 - 0x000000007700f000 	C:\Windows\system32\kernel32.dll
0x000007fefd560000 - 0x000007fefd5cc000 	C:\Windows\system32\KERNELBASE.dll
0x000007feff240000 - 0x000007feff31b000 	C:\Windows\system32\ADVAPI32.dll
0x000007fefef30000 - 0x000007fefefcf000 	C:\Windows\system32\msvcrt.dll
0x000007fefdc50000 - 0x000007fefdc6f000 	C:\Windows\SYSTEM32\sechost.dll
0x000007fefd920000 - 0x000007fefda4d000 	C:\Windows\system32\RPCRT4.dll
0x0000000076df0000 - 0x0000000076eea000 	C:\Windows\system32\USER32.dll
0x000007fefdc80000 - 0x000007fefdce7000 	C:\Windows\system32\GDI32.dll
0x000007feff1b0000 - 0x000007feff1be000 	C:\Windows\system32\LPK.dll
0x000007fefefd0000 - 0x000007feff099000 	C:\Windows\system32\USP10.dll
0x000007fefc4e0000 - 0x000007fefc6d4000 	C:\Windows\WinSxS\amd64_microsoft.windows.common-controls_6595b64144ccf1df_6.0.7601.17514_none_fa396087175ac9ac\COMCTL32.dll
0x000007feff1c0000 - 0x000007feff231000 	C:\Windows\system32\SHLWAPI.dll
0x000007feff0a0000 - 0x000007feff0ce000 	C:\Windows\system32\IMM32.DLL
0x000007fefda50000 - 0x000007fefdb59000 	C:\Windows\system32\MSCTF.dll
0x0000000061b40000 - 0x0000000061c12000 	C:\Program Files\Java\jdk1.8.0_11\jre\bin\msvcr100.dll
0x000000005c150000 - 0x000000005c97a000 	C:\Program Files\Java\jdk1.8.0_11\jre\bin\server\jvm.dll
0x000007fef8460000 - 0x000007fef8469000 	C:\Windows\system32\WSOCK32.dll
0x000007fefdb60000 - 0x000007fefdbad000 	C:\Windows\system32\WS2_32.dll
0x000007fefdc70000 - 0x000007fefdc78000 	C:\Windows\system32\NSI.dll
0x000007fefb370000 - 0x000007fefb3ab000 	C:\Windows\system32\WINMM.dll
0x00000000771e0000 - 0x00000000771e7000 	C:\Windows\system32\PSAPI.DLL
0x0000000068b50000 - 0x0000000068b5f000 	C:\Program Files\Java\jdk1.8.0_11\jre\bin\verify.dll
0x0000000066360000 - 0x0000000066388000 	C:\Program Files\Java\jdk1.8.0_11\jre\bin\java.dll
0x0000000066330000 - 0x0000000066353000 	C:\Program Files\Java\jdk1.8.0_11\jre\bin\instrument.dll
0x0000000066310000 - 0x0000000066326000 	C:\Program Files\Java\jdk1.8.0_11\jre\bin\zip.dll
0x000007fefdcf0000 - 0x000007fefea78000 	C:\Windows\system32\SHELL32.dll
0x000007fefed20000 - 0x000007fefef23000 	C:\Windows\system32\ole32.dll
0x000007fefd470000 - 0x000007fefd47f000 	C:\Windows\system32\profapi.dll
0x000007fefcd40000 - 0x000007fefcd57000 	C:\Windows\system32\CRYPTSP.dll
0x000007fefca40000 - 0x000007fefca87000 	C:\Windows\system32\rsaenh.dll
0x000007fefc410000 - 0x000007fefc42e000 	C:\Windows\system32\USERENV.dll
0x000007fefd3a0000 - 0x000007fefd3af000 	C:\Windows\system32\CRYPTBASE.dll
0x00000000662f0000 - 0x000000006630a000 	C:\Program Files\Java\jdk1.8.0_11\jre\bin\net.dll
0x000007fefcce0000 - 0x000007fefcd35000 	C:\Windows\system32\mswsock.dll
0x000007fefccd0000 - 0x000007fefccd7000 	C:\Windows\System32\wship6.dll
0x000007fefac40000 - 0x000007fefac67000 	C:\Windows\system32\IPHLPAPI.DLL
0x000007fefac20000 - 0x000007fefac2b000 	C:\Windows\system32\WINNSI.DLL
0x000007fefa910000 - 0x000007fefa921000 	C:\Windows\system32\dhcpcsvc6.DLL
0x000007fefa8f0000 - 0x000007fefa908000 	C:\Windows\system32\dhcpcsvc.DLL
0x0000000066890000 - 0x00000000668a1000 	C:\Program Files\Java\jdk1.8.0_11\jre\bin\nio.dll
0x000007fefb050000 - 0x000007fefb05a000 	C:\Users\GRomano\AppData\Local\Temp\jansi-64-8471146635174466123.dll
0x0000000067f70000 - 0x0000000067f7d000 	C:\Program Files\Java\jdk1.8.0_11\jre\bin\management.dll
0x000007fefc280000 - 0x000007fefc287000 	C:\Windows\System32\wshtcpip.dll
0x000007fefcb60000 - 0x000007fefcbbb000 	C:\Windows\system32\DNSAPI.dll
0x000007fef8430000 - 0x000007fef845e000 	C:\Program Files\Common Files\Microsoft Shared\Windows Live\WLIDNSP.DLL
0x000007fef83e0000 - 0x000007fef83e8000 	C:\Windows\system32\rasadhlp.dll
0x000007fefa9f0000 - 0x000007fefaa43000 	C:\Windows\System32\fwpuclnt.dll
0x000007fefb350000 - 0x000007fefb365000 	C:\Windows\system32\NLAapi.dll
0x000007fef5590000 - 0x000007fef55a5000 	C:\Windows\system32\napinsp.dll
0x000007fef5570000 - 0x000007fef5589000 	C:\Windows\system32\pnrpnsp.dll
0x000007fef5530000 - 0x000007fef553b000 	C:\Windows\System32\winrnr.dll
0x000007fef5520000 - 0x000007fef5530000 	C:\Windows\system32\wshbth.dll
0x000007fef67d0000 - 0x000007fef68f5000 	C:\Windows\system32\dbghelp.dll

VM Arguments:
jvm_args: -Dfile.encoding=UTF-8 -Xmx768M -Xms64M -Dgrails.fork.parent.process.port=49903 -Dgrails.fork.active=true -Dgrails.build.execution.context=C:\Users\GRomano\AppData\Local\Temp\abogadoExpressPuntoNet1332765731877738491grails-execution-context -Dgrails.home=C:\ggts-bundle\grails-2.4.2 -javaagent:C:\ggts-bundle\grails-2.4.2\lib\org.springframework\springloaded\jars\springloaded-1.2.0.RELEASE.jar -Xverify:none -Dspringloaded.synchronize=true -Djdk.reflect.allowGetCallerClass=true -Dspringloaded=profile=grails;cacheDir=C:\Users\GRomano\.grails\2.4.2 
java_command: org.grails.plugins.tomcat.fork.ForkedTomcatServer
java_class_path (initial): C:\Program Files\Java\jdk1.8.0_11\lib\tools.jar;C:\ggts-bundle\grails-2.4.2\lib\org.codehaus.groovy\groovy-all\jars\groovy-all-2.3.3.jar;C:\ggts-bundle\grails-2.4.2\lib\org.slf4j\jcl-over-slf4j\jars\jcl-over-slf4j-1.7.5.jar;C:\ggts-bundle\grails-2.4.2\lib\org.codehaus.gant\gant_groovy1.8\jars\gant_groovy1.8-1.9.6.jar;C:\ggts-bundle\grails-2.4.2\lib\org.apache.tomcat.embed\tomcat-embed-logging-log4j\jars\tomcat-embed-logging-log4j-7.0.50.jar;C:\ggts-bundle\grails-2.4.2\dist\grails-plugin-log4j-2.4.2.jar;C:\ggts-bundle\grails-2.4.2\lib\log4j\log4j\jars\log4j-1.2.17.jar;C:\ggts-bundle\grails-2.4.2\dist\grails-bootstrap-2.4.2.jar;C:\ggts-bundle\grails-2.4.2\lib\org.slf4j\slf4j-api\jars\slf4j-api-1.7.5.jar;C:\ggts-bundle\grails-2.4.2\lib\jline\jline\jars\jline-2.12.jar;C:\ggts-bundle\grails-2.4.2\lib\org.apache.ant\ant\jars\ant-1.8.4.jar;C:\ggts-bundle\grails-2.4.2\lib\org.apache.ant\ant-launcher\jars\ant-launcher-1.8.4.jar;C:\ggts-bundle\grails-2.4.2\lib\org.apache.ant\ant-trax\jars\ant-trax-1.7.1.jar;C:\ggts-bundle\grails-2.4.2\lib\org.apache.ant\ant-junit\jars\ant-junit-1.8.4.jar;C:\ggts-bundle\grails-2.4.2\lib\org.apache.ivy\ivy\jars\ivy-2.3.0.jar;C:\ggts-bundle\grails-2.4.2\lib\org.fusesource.jansi\jansi\jars\jansi-1.11.jar;C:\Users\GRomano\.m2\repository\org\eclipse\jdt\core\compiler\ecj\3.7.2\ecj-3.7.2.jar;C:\Users\GRomano\.m2\repository\org\apache\tomcat\embed\tomcat-embed-el\7.0.53\tomcat-embed-el-7.0.53.jar;C:\Users\GRomano\.m2\repository\org\apache\tomcat\embed\tomcat-embed-jasper\7.0.53\tomcat-embed-jasper-7.0.53.jar;C:\Users\GRomano\.m2\repository\org\apache\tomcat\tomcat-catalina-ant\7.0.53\tomcat-catalina-ant-7.0.53.jar;C:\Users\GRomano\.m2\repository\org\apache\tomcat\embed\tomcat-embed-logging-log4j\7.0.53\tomcat-embed-logging-log4j-7.0.53.jar;C:\Users\GRomano\.m2\repository\org\apache\tomcat\embed\tomcat-embed-websocket\7.0.53\tomcat-embed-websocket-7.0.53.jar;D:\workspace_grails\abogadoExpressPuntoNet\target\work\plugins\to
Launcher Type: SUN_STANDARD

Environment Variables:
JAVA_HOME=C:\Program Files\Java\jdk1.8.0_11
PATH=C:\Program Files\Common Files\Microsoft Shared\Windows Live;C:\Program Files (x86)\Common Files\Microsoft Shared\Windows Live;C:\Program Files (x86)\NVIDIA Corporation\PhysX\Common;C:\Program Files (x86)\Intel\iCLS Client\;C:\Program Files\Intel\iCLS Client\;C:\Windows\system32;C:\Windows;C:\Windows\System32\Wbem;C:\Windows\System32\WindowsPowerShell\v1.0\;C:\Program Files\Intel\Intel(R) Management Engine Components\DAL;C:\Program Files\Intel\Intel(R) Management Engine Components\IPT;C:\Program Files (x86)\Intel\Intel(R) Management Engine Components\DAL;C:\Program Files (x86)\Intel\Intel(R) Management Engine Components\IPT;C:\Program Files\Lenovo\Bluetooth Software\;C:\Program Files\Lenovo\Bluetooth Software\syswow64;C:\Program Files\Java\jdk1.8.0_11\bin;C:\grails\grails-2.4.3\bin;C:\Program Files (x86)\MySQL\MySQL Utilities 1.3.6\
USERNAME=GRomano
OS=Windows_NT
PROCESSOR_IDENTIFIER=Intel64 Family 6 Model 58 Stepping 9, GenuineIntel



---------------  S Y S T E M  ---------------

OS: Windows 7 , 64 bit Build 7601 Service Pack 1

CPU:total 8 (4 cores per cpu, 2 threads per core) family 6 model 58 stepping 9, cmov, cx8, fxsr, mmx, sse, sse2, sse3, ssse3, sse4.1, sse4.2, popcnt, avx, aes, clmul, erms, ht, tsc, tscinvbit

Memory: 4k page, physical 5746284k(2757808k free), swap 11490716k(6828688k free)

vm_info: Java HotSpot(TM) 64-Bit Server VM (25.11-b03) for windows-amd64 JRE (1.8.0_11-b12), built on Jun 16 2014 20:57:32 by "java_re" with MS VC++ 10.0 (VS2010)

time: Fri Aug 15 23:48:06 2014
elapsed time: 13 seconds

