#
# A fatal error has been detected by the Java Runtime Environment:
#
#  EXCEPTION_ACCESS_VIOLATION (0xc0000005) at pc=0x000000005c294db2, pid=4700, tid=1800
#
# JRE version: Java(TM) SE Runtime Environment (8.0_11-b12) (build 1.8.0_11-b12)
# Java VM: Java HotSpot(TM) 64-Bit Server VM (25.11-b03 mixed mode windows-amd64 compressed oops)
# Problematic frame:
# V  [jvm.dll+0x424db2]
#
# Failed to write core dump. Minidumps are not enabled by default on client versions of Windows
#
# If you would like to submit a bug report, please visit:
#   http://bugreport.sun.com/bugreport/crash.jsp
#

---------------  T H R E A D  ---------------

Current thread (0x00000000560ec800):  JavaThread "C2 CompilerThread1" daemon [_thread_in_native, id=1800, stack(0x00000000570b0000,0x00000000571b0000)]

siginfo: ExceptionCode=0xc0000005, reading address 0x0000000000000000

Registers:
RAX=0x000000005e679ec8, RBX=0x0000000000000600, RCX=0x0000000000000000, RDX=0x000000005ad0b8d0
RSP=0x00000000571ac400, RBP=0x00000000000000c0, RSI=0x00000000000000b8, RDI=0x0000000000000000
R8 =0x000000005be70000, R9 =0x00000000571ac720, R10=0x00000000ffffffff, R11=0x000000005611d210
R12=0x000000005e67a5d0, R13=0x000000005e58fc98, R14=0x0000000000000008, R15=0x000000005e58fc98
RIP=0x000000005c294db2, EFLAGS=0x0000000000010206

Top of Stack: (sp=0x00000000571ac400)
0x00000000571ac400:   00000000000000da 00000000000000b0
0x00000000571ac410:   000000000000000a 000000005ea3a420
0x00000000571ac420:   0000000000000001 0000000000000600
0x00000000571ac430:   0000000000000180 00000000000000c0
0x00000000571ac440:   000000005d189ff0 00000000560f5930
0x00000000571ac450:   00000000000006e0 000000005ad070d0
0x00000000571ac460:   00000000571ac720 000000005e677010
0x00000000571ac470:   0000000000000020 0000000000000009
0x00000000571ac480:   000000005e67a5a0 00000000000000da
0x00000000571ac490:   000000005e58fc98 000000005c29598d
0x00000000571ac4a0:   000000005e67a5a0 000000000000001c
0x00000000571ac4b0:   00000000000000da 00000000571ac720
0x00000000571ac4c0:   000000005ad0b8d0 00000000000000da
0x00000000571ac4d0:   000000005e677010 0000000000000020
0x00000000571ac4e0:   00000000593d95e0 00000000571aea90
0x00000000571ac4f0:   00000000593d9c10 000000005e67a5a0 

Instructions: (pc=0x000000005c294db2)
0x000000005c294d92:   c6 48 63 f0 48 03 f1 eb 04 48 83 ce ff 48 8b 84
0x000000005c294da2:   24 a0 00 00 00 48 8b 40 08 48 8b 3c 03 48 8b cf
0x000000005c294db2:   48 8b 07 ff 50 28 4c 8d 05 41 b2 bd ff 48 63 50
0x000000005c294dc2:   10 4c 8b d8 48 8b ca 48 c1 e1 05 42 80 bc 01 c0 


Register to memory mapping:

RAX=0x000000005e679ec8 is an unknown value
RBX=0x0000000000000600 is an unknown value
RCX=0x0000000000000000 is an unknown value
RDX=0x000000005ad0b8d0 is an unknown value
RSP=0x00000000571ac400 is pointing into the stack for thread: 0x00000000560ec800
RBP=0x00000000000000c0 is an unknown value
RSI=0x00000000000000b8 is an unknown value
RDI=0x0000000000000000 is an unknown value
R8 =0x000000005be70000 is an unknown value
R9 =0x00000000571ac720 is pointing into the stack for thread: 0x00000000560ec800
R10=0x00000000ffffffff is an unknown value
R11=0x000000005611d210 is an unknown value
R12=0x000000005e67a5d0 is an unknown value
R13=0x000000005e58fc98 is an unknown value
R14=0x0000000000000008 is an unknown value
R15=0x000000005e58fc98 is an unknown value


Stack: [0x00000000570b0000,0x00000000571b0000],  sp=0x00000000571ac400,  free space=1009k
Native frames: (J=compiled Java code, j=interpreted, Vv=VM code, C=native code)
V  [jvm.dll+0x424db2]
V  [jvm.dll+0x42598d]
V  [jvm.dll+0x425ecf]
V  [jvm.dll+0x4c5a84]
V  [jvm.dll+0x4415bc]
V  [jvm.dll+0x443a29]
V  [jvm.dll+0x427722]
V  [jvm.dll+0x96982]
V  [jvm.dll+0x97173]
V  [jvm.dll+0x2234b4]
V  [jvm.dll+0x27bcca]
C  [msvcr100.dll+0x21d9f]
C  [msvcr100.dll+0x21e3b]
C  [kernel32.dll+0x1652d]
C  [ntdll.dll+0x2c521]


Current CompileTask:
C2:  15523 5581       4       groovy.lang.MetaClassImpl::findPropertyMethod (356 bytes)


---------------  P R O C E S S  ---------------

Java Threads: ( => current thread )
  0x000000005ade6800 JavaThread "net.sf.ehcache.CacheManager@1270e189" daemon [_thread_blocked, id=7868, stack(0x000000005e290000,0x000000005e390000)]
  0x000000005ade5800 JavaThread "Abandoned connection cleanup thread" daemon [_thread_blocked, id=3948, stack(0x000000005f7d0000,0x000000005f8d0000)]
  0x000000005ade5000 JavaThread "PoolCleaner[121944843:1408399626434]" daemon [_thread_blocked, id=5652, stack(0x000000005bae0000,0x000000005bbe0000)]
  0x000000005a956000 JavaThread "FileSystemWatcher: files=#110 cl=groovy.lang.GroovyClassLoader@744bb0b" daemon [_thread_blocked, id=7552, stack(0x000000005db90000,0x000000005dc90000)]
  0x000000005af26000 JavaThread "Thread-4" daemon [_thread_in_native, id=6488, stack(0x000000005d940000,0x000000005da40000)]
  0x0000000059909800 JavaThread "localhost-startStop-1" daemon [_thread_in_Java, id=1532, stack(0x000000005bc50000,0x000000005bd50000)]
  0x0000000059909000 JavaThread "Tomcat-startStop-1" daemon [_thread_blocked, id=9168, stack(0x000000005b080000,0x000000005b180000)]
  0x000000005a096800 JavaThread "Thread-3" [_thread_in_native, id=4492, stack(0x000000005b470000,0x000000005b570000)]
  0x0000000059cb5800 JavaThread "Thread-2" [_thread_blocked, id=7144, stack(0x000000005b580000,0x000000005b680000)]
  0x0000000058258800 JavaThread "NonBlockingInputStreamThread" daemon [_thread_blocked, id=8368, stack(0x0000000058a80000,0x0000000058b80000)]
  0x0000000056226000 JavaThread "Service Thread" daemon [_thread_blocked, id=8512, stack(0x0000000057590000,0x0000000057690000)]
  0x00000000560ee000 JavaThread "C1 CompilerThread3" daemon [_thread_blocked, id=8488, stack(0x0000000057b50000,0x0000000057c50000)]
  0x00000000560ed800 JavaThread "C2 CompilerThread2" daemon [_thread_in_native, id=8260, stack(0x0000000057a20000,0x0000000057b20000)]
=>0x00000000560ec800 JavaThread "C2 CompilerThread1" daemon [_thread_in_native, id=1800, stack(0x00000000570b0000,0x00000000571b0000)]
  0x00000000560f2800 JavaThread "C2 CompilerThread0" daemon [_thread_in_native, id=7940, stack(0x0000000057870000,0x0000000057970000)]
  0x0000000055ffa000 JavaThread "Attach Listener" daemon [_thread_blocked, id=1056, stack(0x00000000576a0000,0x00000000577a0000)]
  0x0000000055ff9000 JavaThread "Signal Dispatcher" daemon [_thread_blocked, id=6572, stack(0x0000000057320000,0x0000000057420000)]
  0x0000000054e2a800 JavaThread "Finalizer" daemon [_thread_blocked, id=8084, stack(0x0000000057420000,0x0000000057520000)]
  0x0000000054e24800 JavaThread "Reference Handler" daemon [_thread_blocked, id=3888, stack(0x00000000571c0000,0x00000000572c0000)]
  0x00000000022ef800 JavaThread "main" [_thread_blocked, id=1508, stack(0x0000000002570000,0x0000000002670000)]

Other Threads:
  0x0000000054e1f800 VMThread [stack: 0x0000000056f70000,0x0000000057070000] [id=4956]
  0x0000000056227800 WatcherThread [stack: 0x0000000057ca0000,0x0000000057da0000] [id=8016]

VM state:not at safepoint (normal execution)

VM Mutex/Monitor currently owned by a thread: None

Heap:
 PSYoungGen      total 245248K, used 137249K [0x00000000f0000000, 0x0000000100000000, 0x0000000100000000)
  eden space 228352K, 52% used [0x00000000f0000000,0x00000000f758b4f8,0x00000000fdf00000)
  from space 16896K, 99% used [0x00000000fdf00000,0x00000000fef7d2f0,0x00000000fef80000)
  to   space 16896K, 0% used [0x00000000fef80000,0x00000000fef80000,0x0000000100000000)
 ParOldGen       total 94208K, used 79033K [0x00000000d0000000, 0x00000000d5c00000, 0x00000000f0000000)
  object space 94208K, 83% used [0x00000000d0000000,0x00000000d4d2e428,0x00000000d5c00000)
 Metaspace       used 57083K, capacity 58526K, committed 58752K, reserved 1101824K
  class space    used 6494K, capacity 6934K, committed 7040K, reserved 1048576K

Card table byte_map: [0x0000000002940000,0x0000000002ad0000] byte_map_base: 0x00000000022c0000

Marking Bits: (ParMarkBitMap*) 0x000000005c6212b0
 Begin Bits: [0x0000000012ac0000, 0x00000000136c0000)
 End Bits:   [0x00000000136c0000, 0x00000000142c0000)

Polling page: 0x0000000000240000

CodeCache: size=245760Kb used=18543Kb max_used=18698Kb free=227216Kb
 bounds [0x0000000002b00000, 0x0000000003d70000, 0x0000000011b00000]
 total_blobs=5756 nmethods=4989 adapters=677
 compilation: enabled

Compilation events (10 events):
Event: 15.425 Thread 0x00000000560ee000 5629       2       org.codehaus.groovy.grails.commons.GrailsArrayUtils::add (139 bytes)
Event: 15.426 Thread 0x00000000560ee000 nmethod 5629 0x00000000035de950 code [0x00000000035deb40, 0x00000000035df0c8]
Event: 15.426 Thread 0x00000000560ee000 5630       2       org.codehaus.groovy.grails.web.converters.ConverterUtil::invokeOriginalAsTypeMethod (212 bytes)
Event: 15.426 Thread 0x00000000560ee000 nmethod 5630 0x0000000003702c10 code [0x0000000003702ea0, 0x0000000003703788]
Event: 15.427 Thread 0x00000000560ee000 5631       2       org.codehaus.groovy.runtime.MetaClassHelper::chooseEmptyMethodParams (82 bytes)
Event: 15.427 Thread 0x00000000560ee000 nmethod 5631 0x0000000003418e50 code [0x0000000003418fe0, 0x00000000034192b8]
Event: 15.430 Thread 0x00000000560ee000 5632       2       groovy.lang.ExpandoMetaClass::getMethods (37 bytes)
Event: 15.430 Thread 0x00000000560ee000 nmethod 5632 0x00000000035933d0 code [0x0000000003593560, 0x00000000035937a8]
Event: 15.458 Thread 0x00000000560ee000 5635       2       groovy.lang.MetaClassImpl::hasProperty (6 bytes)
Event: 15.458 Thread 0x00000000560ee000 nmethod 5635 0x0000000003702850 code [0x00000000037029c0, 0x0000000003702b48]

GC Heap History (10 events):
Event: 11.334 GC heap before
{Heap before GC invocations=47 (full 5):
 PSYoungGen      total 251904K, used 246601K [0x00000000f0000000, 0x00000000fff00000, 0x0000000100000000)
  eden space 242688K, 100% used [0x00000000f0000000,0x00000000fed00000,0x00000000fed00000)
  from space 9216K, 42% used [0x00000000fed00000,0x00000000ff0d2728,0x00000000ff600000)
  to   space 8704K, 0% used [0x00000000ff680000,0x00000000ff680000,0x00000000fff00000)
 ParOldGen       total 73728K, used 63335K [0x00000000d0000000, 0x00000000d4800000, 0x00000000f0000000)
  object space 73728K, 85% used [0x00000000d0000000,0x00000000d3dd9cd0,0x00000000d4800000)
 Metaspace       used 51601K, capacity 52916K, committed 53120K, reserved 1095680K
  class space    used 5783K, capacity 6215K, committed 6272K, reserved 1048576K
Event: 11.353 GC heap after
Heap after GC invocations=47 (full 5):
 PSYoungGen      total 251904K, used 6707K [0x00000000f0000000, 0x0000000100000000, 0x0000000100000000)
  eden space 243200K, 0% used [0x00000000f0000000,0x00000000f0000000,0x00000000fed80000)
  from space 8704K, 77% used [0x00000000ff680000,0x00000000ffd0ce38,0x00000000fff00000)
  to   space 9216K, 0% used [0x00000000fed80000,0x00000000fed80000,0x00000000ff680000)
 ParOldGen       total 73728K, used 63343K [0x00000000d0000000, 0x00000000d4800000, 0x00000000f0000000)
  object space 73728K, 85% used [0x00000000d0000000,0x00000000d3ddbcd0,0x00000000d4800000)
 Metaspace       used 51601K, capacity 52916K, committed 53120K, reserved 1095680K
  class space    used 5783K, capacity 6215K, committed 6272K, reserved 1048576K
}
Event: 12.057 GC heap before
{Heap before GC invocations=48 (full 5):
 PSYoungGen      total 251904K, used 249907K [0x00000000f0000000, 0x0000000100000000, 0x0000000100000000)
  eden space 243200K, 100% used [0x00000000f0000000,0x00000000fed80000,0x00000000fed80000)
  from space 8704K, 77% used [0x00000000ff680000,0x00000000ffd0ce38,0x00000000fff00000)
  to   space 9216K, 0% used [0x00000000fed80000,0x00000000fed80000,0x00000000ff680000)
 ParOldGen       total 73728K, used 63343K [0x00000000d0000000, 0x00000000d4800000, 0x00000000f0000000)
  object space 73728K, 85% used [0x00000000d0000000,0x00000000d3ddbcd0,0x00000000d4800000)
 Metaspace       used 52782K, capacity 54092K, committed 54272K, reserved 1097728K
  class space    used 5935K, capacity 6348K, committed 6400K, reserved 1048576K
Event: 12.067 GC heap after
Heap after GC invocations=48 (full 5):
 PSYoungGen      total 252416K, used 9184K [0x00000000f0000000, 0x0000000100000000, 0x0000000100000000)
  eden space 243200K, 0% used [0x00000000f0000000,0x00000000f0000000,0x00000000fed80000)
  from space 9216K, 99% used [0x00000000fed80000,0x00000000ff678020,0x00000000ff680000)
  to   space 9728K, 0% used [0x00000000ff680000,0x00000000ff680000,0x0000000100000000)
 ParOldGen       total 73728K, used 65871K [0x00000000d0000000, 0x00000000d4800000, 0x00000000f0000000)
  object space 73728K, 89% used [0x00000000d0000000,0x00000000d4053de0,0x00000000d4800000)
 Metaspace       used 52782K, capacity 54092K, committed 54272K, reserved 1097728K
  class space    used 5935K, capacity 6348K, committed 6400K, reserved 1048576K
}
Event: 13.322 GC heap before
{Heap before GC invocations=49 (full 5):
 PSYoungGen      total 252416K, used 252384K [0x00000000f0000000, 0x0000000100000000, 0x0000000100000000)
  eden space 243200K, 100% used [0x00000000f0000000,0x00000000fed80000,0x00000000fed80000)
  from space 9216K, 99% used [0x00000000fed80000,0x00000000ff678020,0x00000000ff680000)
  to   space 9728K, 0% used [0x00000000ff680000,0x00000000ff680000,0x0000000100000000)
 ParOldGen       total 73728K, used 65871K [0x00000000d0000000, 0x00000000d4800000, 0x00000000f0000000)
  object space 73728K, 89% used [0x00000000d0000000,0x00000000d4053de0,0x00000000d4800000)
 Metaspace       used 54551K, capacity 55938K, committed 56192K, reserved 1099776K
  class space    used 6106K, capacity 6526K, committed 6528K, reserved 1048576K
Event: 13.338 GC heap after
Heap after GC invocations=49 (full 5):
 PSYoungGen      total 238080K, used 9713K [0x00000000f0000000, 0x0000000100000000, 0x0000000100000000)
  eden space 228352K, 0% used [0x00000000f0000000,0x00000000f0000000,0x00000000fdf00000)
  from space 9728K, 99% used [0x00000000ff680000,0x00000000ffffc5a8,0x0000000100000000)
  to   space 16896K, 0% used [0x00000000fdf00000,0x00000000fdf00000,0x00000000fef80000)
 ParOldGen       total 77312K, used 76959K [0x00000000d0000000, 0x00000000d4b80000, 0x00000000f0000000)
  object space 77312K, 99% used [0x00000000d0000000,0x00000000d4b27d38,0x00000000d4b80000)
 Metaspace       used 54551K, capacity 55938K, committed 56192K, reserved 1099776K
  class space    used 6106K, capacity 6526K, committed 6528K, reserved 1048576K
}
Event: 13.338 GC heap before
{Heap before GC invocations=50 (full 6):
 PSYoungGen      total 238080K, used 9713K [0x00000000f0000000, 0x0000000100000000, 0x0000000100000000)
  eden space 228352K, 0% used [0x00000000f0000000,0x00000000f0000000,0x00000000fdf00000)
  from space 9728K, 99% used [0x00000000ff680000,0x00000000ffffc5a8,0x0000000100000000)
  to   space 16896K, 0% used [0x00000000fdf00000,0x00000000fdf00000,0x00000000fef80000)
 ParOldGen       total 77312K, used 76959K [0x00000000d0000000, 0x00000000d4b80000, 0x00000000f0000000)
  object space 77312K, 99% used [0x00000000d0000000,0x00000000d4b27d38,0x00000000d4b80000)
 Metaspace       used 54551K, capacity 55938K, committed 56192K, reserved 1099776K
  class space    used 6106K, capacity 6526K, committed 6528K, reserved 1048576K
Event: 14.231 GC heap after
Heap after GC invocations=50 (full 6):
 PSYoungGen      total 238080K, used 6563K [0x00000000f0000000, 0x0000000100000000, 0x0000000100000000)
  eden space 228352K, 0% used [0x00000000f0000000,0x00000000f0000000,0x00000000fdf00000)
  from space 9728K, 67% used [0x00000000ff680000,0x00000000ffce8dd0,0x0000000100000000)
  to   space 16896K, 0% used [0x00000000fdf00000,0x00000000fdf00000,0x00000000fef80000)
 ParOldGen       total 94208K, used 77162K [0x00000000d0000000, 0x00000000d5c00000, 0x00000000f0000000)
  object space 94208K, 81% used [0x00000000d0000000,0x00000000d4b5a980,0x00000000d5c00000)
 Metaspace       used 54551K, capacity 55938K, committed 56192K, reserved 1099776K
  class space    used 6106K, capacity 6526K, committed 6528K, reserved 1048576K
}
Event: 15.139 GC heap before
{Heap before GC invocations=51 (full 6):
 PSYoungGen      total 238080K, used 234915K [0x00000000f0000000, 0x0000000100000000, 0x0000000100000000)
  eden space 228352K, 100% used [0x00000000f0000000,0x00000000fdf00000,0x00000000fdf00000)
  from space 9728K, 67% used [0x00000000ff680000,0x00000000ffce8dd0,0x0000000100000000)
  to   space 16896K, 0% used [0x00000000fdf00000,0x00000000fdf00000,0x00000000fef80000)
 ParOldGen       total 94208K, used 77162K [0x00000000d0000000, 0x00000000d5c00000, 0x00000000f0000000)
  object space 94208K, 81% used [0x00000000d0000000,0x00000000d4b5a980,0x00000000d5c00000)
 Metaspace       used 56567K, capacity 58038K, committed 58368K, reserved 1101824K
  class space    used 6409K, capacity 6844K, committed 6912K, reserved 1048576K
Event: 15.181 GC heap after
Heap after GC invocations=51 (full 6):
 PSYoungGen      total 245248K, used 16884K [0x00000000f0000000, 0x0000000100000000, 0x0000000100000000)
  eden space 228352K, 0% used [0x00000000f0000000,0x00000000f0000000,0x00000000fdf00000)
  from space 16896K, 99% used [0x00000000fdf00000,0x00000000fef7d2f0,0x00000000fef80000)
  to   space 16896K, 0% used [0x00000000fef80000,0x00000000fef80000,0x0000000100000000)
 ParOldGen       total 94208K, used 79033K [0x00000000d0000000, 0x00000000d5c00000, 0x00000000f0000000)
  object space 94208K, 83% used [0x00000000d0000000,0x00000000d4d2e428,0x00000000d5c00000)
 Metaspace       used 56567K, capacity 58038K, committed 58368K, reserved 1101824K
  class space    used 6409K, capacity 6844K, committed 6912K, reserved 1048576K
}

Deoptimization events (10 events):
Event: 15.187 Thread 0x0000000059909800 Uncommon trap: reason=class_check action=maybe_recompile pc=0x00000000032feebc method=groovy.lang.MetaClassImpl.isGenericGetMethod(Lgroovy/lang/MetaMethod;)Z @ 14
Event: 15.187 Thread 0x0000000059909800 Uncommon trap: reason=class_check action=maybe_recompile pc=0x00000000032feedc method=org.codehaus.groovy.runtime.MetaClassHelper.isGenericSetMethod(Lgroovy/lang/MetaMethod;)Z @ 14
Event: 15.205 Thread 0x0000000059909800 Uncommon trap: reason=unreached action=reinterpret pc=0x0000000003c8b6d4 method=org.codehaus.groovy.runtime.metaclass.MetaMethodIndex.isNonRealMethod(Lgroovy/lang/MetaMethod;)Z @ 32
Event: 15.344 Thread 0x0000000059909800 Uncommon trap: reason=class_check action=maybe_recompile pc=0x00000000032feebc method=groovy.lang.MetaClassImpl.isGenericGetMethod(Lgroovy/lang/MetaMethod;)Z @ 14
Event: 15.344 Thread 0x0000000059909800 Uncommon trap: reason=class_check action=maybe_recompile pc=0x00000000032feedc method=org.codehaus.groovy.runtime.MetaClassHelper.isGenericSetMethod(Lgroovy/lang/MetaMethod;)Z @ 14
Event: 15.367 Thread 0x0000000059909800 Uncommon trap: reason=class_check action=maybe_recompile pc=0x0000000003d50ce4 method=org.codehaus.groovy.runtime.metaclass.MetaMethodIndex.addMethodToList(Ljava/lang/Object;Lgroovy/lang/MetaMethod;)Ljava/lang/Object; @ 68
Event: 15.382 Thread 0x0000000059909800 Uncommon trap: reason=class_check action=maybe_recompile pc=0x0000000003d50ce4 method=org.codehaus.groovy.runtime.metaclass.MetaMethodIndex.addMethodToList(Ljava/lang/Object;Lgroovy/lang/MetaMethod;)Ljava/lang/Object; @ 68
Event: 15.386 Thread 0x0000000059909800 Uncommon trap: reason=class_check action=maybe_recompile pc=0x00000000032feef4 method=groovy.lang.MetaClassImpl.checkIfStdMethod(Lgroovy/lang/MetaMethod;)V @ 123
Event: 15.400 Thread 0x0000000059909800 Uncommon trap: reason=class_check action=maybe_recompile pc=0x0000000003d50ce4 method=org.codehaus.groovy.runtime.metaclass.MetaMethodIndex.addMethodToList(Ljava/lang/Object;Lgroovy/lang/MetaMethod;)Ljava/lang/Object; @ 68
Event: 15.418 Thread 0x0000000059909800 Uncommon trap: reason=class_check action=maybe_recompile pc=0x00000000032feedc method=org.codehaus.groovy.runtime.MetaClassHelper.isGenericSetMethod(Lgroovy/lang/MetaMethod;)Z @ 14

Internal exceptions (10 events):
Event: 15.422 Thread 0x0000000059909800 Exception <a 'java/security/PrivilegedActionException'> (0x00000000f6e63d78) thrown at [C:\re\workspace\8-2-build-windows-amd64-cygwin\jdk8u11\648\hotspot\src\share\vm\prims\jvm.cpp, line 1248]
Event: 15.422 Thread 0x0000000059909800 Exception <a 'java/lang/ClassNotFoundException': org/codehaus/groovy/grails/web/util/TagLibraryMetaUtils$_registerPropertyMissingForTag_closure6BeanInfo> (0x00000000f6e64cf8) thrown at [C:\re\workspace\8-2-build-windows-amd64-cygwin\jdk8u11\648\hotspot\srcê’-ë#ÿ.@
Event: 15.422 Thread 0x0000000059909800 Exception <a 'java/security/PrivilegedActionException'> (0x00000000f6e66300) thrown at [C:\re\workspace\8-2-build-windows-amd64-cygwin\jdk8u11\648\hotspot\src\share\vm\prims\jvm.cpp, line 1248]
Event: 15.422 Thread 0x0000000059909800 Exception <a 'java/security/PrivilegedActionException'> (0x00000000f6e6c300) thrown at [C:\re\workspace\8-2-build-windows-amd64-cygwin\jdk8u11\648\hotspot\src\share\vm\prims\jvm.cpp, line 1248]
Event: 15.422 Thread 0x0000000059909800 Exception <a 'java/security/PrivilegedActionException'> (0x00000000f6e832e8) thrown at [C:\re\workspace\8-2-build-windows-amd64-cygwin\jdk8u11\648\hotspot\src\share\vm\prims\jvm.cpp, line 1248]
Event: 15.423 Thread 0x0000000059909800 Exception <a 'java/security/PrivilegedActionException'> (0x00000000f6ea02b0) thrown at [C:\re\workspace\8-2-build-windows-amd64-cygwin\jdk8u11\648\hotspot\src\share\vm\prims\jvm.cpp, line 1248]
Event: 15.423 Thread 0x0000000059909800 Exception <a 'java/security/PrivilegedActionException'> (0x00000000f6ea62b0) thrown at [C:\re\workspace\8-2-build-windows-amd64-cygwin\jdk8u11\648\hotspot\src\share\vm\prims\jvm.cpp, line 1248]
Event: 15.423 Thread 0x0000000059909800 Exception <a 'java/security/PrivilegedActionException'> (0x00000000f6ebd298) thrown at [C:\re\workspace\8-2-build-windows-amd64-cygwin\jdk8u11\648\hotspot\src\share\vm\prims\jvm.cpp, line 1248]
Event: 15.423 Thread 0x0000000059909800 Exception <a 'java/security/PrivilegedActionException'> (0x00000000f6ef0070) thrown at [C:\re\workspace\8-2-build-windows-amd64-cygwin\jdk8u11\648\hotspot\src\share\vm\prims\jvm.cpp, line 1248]
Event: 15.423 Thread 0x0000000059909800 Exception <a 'java/lang/ClassNotFoundException': org/codehaus/groovy/grails/web/util/TagLibraryMetaUtils$_registerPropertyMissingForTag_closure6Customizer> (0x00000000f6ef0ff8) thrown at [C:\re\workspace\8-2-build-windows-amd64-cygwin\jdk8u11\648\hotspot\s[ƒ÷?ÿ.@

Events (10 events):
Event: 15.461 Thread 0x0000000059909800 DEOPT PACKING pc=0x000000000330a34c sp=0x000000005bd4c9d0
Event: 15.461 Thread 0x0000000059909800 DEOPT UNPACKING pc=0x0000000002b47604 sp=0x000000005bd4c710 mode 0
Event: 15.461 Thread 0x0000000059909800 DEOPT PACKING pc=0x000000000330a34c sp=0x000000005bd4c9d0
Event: 15.461 Thread 0x0000000059909800 DEOPT UNPACKING pc=0x0000000002b47604 sp=0x000000005bd4c710 mode 0
Event: 15.461 Thread 0x0000000059909800 DEOPT PACKING pc=0x000000000330a335 sp=0x000000005bd4c9d0
Event: 15.461 Thread 0x0000000059909800 DEOPT UNPACKING pc=0x0000000002b47604 sp=0x000000005bd4c710 mode 0
Event: 15.462 Thread 0x0000000059909800 DEOPT PACKING pc=0x000000000330a335 sp=0x000000005bd4c9d0
Event: 15.462 Thread 0x0000000059909800 DEOPT UNPACKING pc=0x0000000002b47604 sp=0x000000005bd4c710 mode 0
Event: 15.462 Thread 0x0000000059909800 DEOPT PACKING pc=0x000000000330a34c sp=0x000000005bd4c9d0
Event: 15.462 Thread 0x0000000059909800 DEOPT UNPACKING pc=0x0000000002b47604 sp=0x000000005bd4c710 mode 0


Dynamic libraries:
0x000000013fb40000 - 0x000000013fb74000 	C:\Program Files\Java\jdk1.8.0_11\bin\java.exe
0x00000000771b0000 - 0x0000000077359000 	C:\Windows\SYSTEM32\ntdll.dll
0x0000000076d80000 - 0x0000000076e9f000 	C:\Windows\system32\kernel32.dll
0x000007fefd930000 - 0x000007fefd99c000 	C:\Windows\system32\KERNELBASE.dll
0x000007fefdad0000 - 0x000007fefdbab000 	C:\Windows\system32\ADVAPI32.dll
0x000007feff3c0000 - 0x000007feff45f000 	C:\Windows\system32\msvcrt.dll
0x000007feff080000 - 0x000007feff09f000 	C:\Windows\SYSTEM32\sechost.dll
0x000007fefdcf0000 - 0x000007fefde1d000 	C:\Windows\system32\RPCRT4.dll
0x0000000076ea0000 - 0x0000000076f9a000 	C:\Windows\system32\USER32.dll
0x000007fefdc80000 - 0x000007fefdce7000 	C:\Windows\system32\GDI32.dll
0x000007fefef70000 - 0x000007fefef7e000 	C:\Windows\system32\LPK.dll
0x000007fefef80000 - 0x000007feff049000 	C:\Windows\system32\USP10.dll
0x000007fefc710000 - 0x000007fefc904000 	C:\Windows\WinSxS\amd64_microsoft.windows.common-controls_6595b64144ccf1df_6.0.7601.17514_none_fa396087175ac9ac\COMCTL32.dll
0x000007fefdc00000 - 0x000007fefdc71000 	C:\Windows\system32\SHLWAPI.dll
0x000007feff050000 - 0x000007feff07e000 	C:\Windows\system32\IMM32.DLL
0x000007fefde20000 - 0x000007fefdf29000 	C:\Windows\system32\MSCTF.dll
0x0000000064b70000 - 0x0000000064c42000 	C:\Program Files\Java\jdk1.8.0_11\jre\bin\msvcr100.dll
0x000000005be70000 - 0x000000005c69a000 	C:\Program Files\Java\jdk1.8.0_11\jre\bin\server\jvm.dll
0x000007fef8710000 - 0x000007fef8719000 	C:\Windows\system32\WSOCK32.dll
0x000007fefdbb0000 - 0x000007fefdbfd000 	C:\Windows\system32\WS2_32.dll
0x000007fefdac0000 - 0x000007fefdac8000 	C:\Windows\system32\NSI.dll
0x000007fefb510000 - 0x000007fefb54b000 	C:\Windows\system32\WINMM.dll
0x0000000077380000 - 0x0000000077387000 	C:\Windows\system32\PSAPI.DLL
0x0000000070c90000 - 0x0000000070c9f000 	C:\Program Files\Java\jdk1.8.0_11\jre\bin\verify.dll
0x0000000066ed0000 - 0x0000000066ef8000 	C:\Program Files\Java\jdk1.8.0_11\jre\bin\java.dll
0x0000000066f00000 - 0x0000000066f23000 	C:\Program Files\Java\jdk1.8.0_11\jre\bin\instrument.dll
0x0000000066eb0000 - 0x0000000066ec6000 	C:\Program Files\Java\jdk1.8.0_11\jre\bin\zip.dll
0x000007fefe1e0000 - 0x000007fefef68000 	C:\Windows\system32\SHELL32.dll
0x000007fefdfd0000 - 0x000007fefe1d3000 	C:\Windows\system32\ole32.dll
0x000007fefd610000 - 0x000007fefd61f000 	C:\Windows\system32\profapi.dll
0x000007fefcee0000 - 0x000007fefcef7000 	C:\Windows\system32\CRYPTSP.dll
0x000007fefcbe0000 - 0x000007fefcc27000 	C:\Windows\system32\rsaenh.dll
0x000007fefc5b0000 - 0x000007fefc5ce000 	C:\Windows\system32\USERENV.dll
0x000007fefd540000 - 0x000007fefd54f000 	C:\Windows\system32\CRYPTBASE.dll
0x00000000661a0000 - 0x00000000661ba000 	C:\Program Files\Java\jdk1.8.0_11\jre\bin\net.dll
0x000007fefce80000 - 0x000007fefced5000 	C:\Windows\system32\mswsock.dll
0x000007fefce70000 - 0x000007fefce77000 	C:\Windows\System32\wship6.dll
0x000007fefb130000 - 0x000007fefb157000 	C:\Windows\system32\IPHLPAPI.DLL
0x000007fefb120000 - 0x000007fefb12b000 	C:\Windows\system32\WINNSI.DLL
0x000007fefabd0000 - 0x000007fefabe1000 	C:\Windows\system32\dhcpcsvc6.DLL
0x000007fefabb0000 - 0x000007fefabc8000 	C:\Windows\system32\dhcpcsvc.DLL
0x0000000066180000 - 0x0000000066191000 	C:\Program Files\Java\jdk1.8.0_11\jre\bin\nio.dll
0x000007fefb1f0000 - 0x000007fefb1fa000 	C:\Users\GRomano\AppData\Local\Temp\jansi-64-8267818681150457217.dll
0x0000000066170000 - 0x000000006617d000 	C:\Program Files\Java\jdk1.8.0_11\jre\bin\management.dll
0x000007fefc420000 - 0x000007fefc427000 	C:\Windows\System32\wshtcpip.dll
0x000007fefcd00000 - 0x000007fefcd5b000 	C:\Windows\system32\DNSAPI.dll
0x000007fef8550000 - 0x000007fef857e000 	C:\Program Files\Common Files\Microsoft Shared\Windows Live\WLIDNSP.DLL
0x000007fef8540000 - 0x000007fef8548000 	C:\Windows\system32\rasadhlp.dll
0x000007fefad50000 - 0x000007fefada3000 	C:\Windows\System32\fwpuclnt.dll
0x000007fefb4f0000 - 0x000007fefb505000 	C:\Windows\system32\NLAapi.dll
0x000007fef5f30000 - 0x000007fef5f45000 	C:\Windows\system32\napinsp.dll
0x000007fef5f10000 - 0x000007fef5f29000 	C:\Windows\system32\pnrpnsp.dll
0x000007fef5f00000 - 0x000007fef5f0b000 	C:\Windows\System32\winrnr.dll
0x000007fef5ef0000 - 0x000007fef5f00000 	C:\Windows\system32\wshbth.dll
0x000007fef69a0000 - 0x000007fef6ac5000 	C:\Windows\system32\dbghelp.dll

VM Arguments:
jvm_args: -Dfile.encoding=UTF-8 -Xmx768M -Xms64M -Dgrails.fork.parent.process.port=58409 -Dgrails.fork.active=true -Dgrails.build.execution.context=C:\Users\GRomano\AppData\Local\Temp\abogadoExpressPuntoNet6411210071362063938grails-execution-context -Dgrails.home=C:\ggts-bundle\grails-2.4.2 -javaagent:C:\ggts-bundle\grails-2.4.2\lib\org.springframework\springloaded\jars\springloaded-1.2.0.RELEASE.jar -Xverify:none -Dspringloaded.synchronize=true -Djdk.reflect.allowGetCallerClass=true -Dspringloaded=profile=grails;cacheDir=C:\Users\GRomano\.grails\2.4.2 
java_command: org.grails.plugins.tomcat.fork.ForkedTomcatServer
java_class_path (initial): C:\Program Files\Java\jdk1.8.0_11\lib\tools.jar;C:\ggts-bundle\grails-2.4.2\lib\org.codehaus.groovy\groovy-all\jars\groovy-all-2.3.3.jar;C:\ggts-bundle\grails-2.4.2\lib\org.slf4j\jcl-over-slf4j\jars\jcl-over-slf4j-1.7.5.jar;C:\ggts-bundle\grails-2.4.2\lib\org.codehaus.gant\gant_groovy1.8\jars\gant_groovy1.8-1.9.6.jar;C:\ggts-bundle\grails-2.4.2\lib\org.apache.tomcat.embed\tomcat-embed-logging-log4j\jars\tomcat-embed-logging-log4j-7.0.50.jar;C:\ggts-bundle\grails-2.4.2\dist\grails-plugin-log4j-2.4.2.jar;C:\ggts-bundle\grails-2.4.2\lib\log4j\log4j\jars\log4j-1.2.17.jar;C:\ggts-bundle\grails-2.4.2\dist\grails-bootstrap-2.4.2.jar;C:\ggts-bundle\grails-2.4.2\lib\org.slf4j\slf4j-api\jars\slf4j-api-1.7.5.jar;C:\ggts-bundle\grails-2.4.2\lib\jline\jline\jars\jline-2.12.jar;C:\ggts-bundle\grails-2.4.2\lib\org.apache.ant\ant\jars\ant-1.8.4.jar;C:\ggts-bundle\grails-2.4.2\lib\org.apache.ant\ant-launcher\jars\ant-launcher-1.8.4.jar;C:\ggts-bundle\grails-2.4.2\lib\org.apache.ant\ant-trax\jars\ant-trax-1.7.1.jar;C:\ggts-bundle\grails-2.4.2\lib\org.apache.ant\ant-junit\jars\ant-junit-1.8.4.jar;C:\ggts-bundle\grails-2.4.2\lib\org.apache.ivy\ivy\jars\ivy-2.3.0.jar;C:\ggts-bundle\grails-2.4.2\lib\org.fusesource.jansi\jansi\jars\jansi-1.11.jar;C:\Users\GRomano\.m2\repository\org\eclipse\jdt\core\compiler\ecj\3.7.2\ecj-3.7.2.jar;C:\Users\GRomano\.m2\repository\org\apache\tomcat\embed\tomcat-embed-el\7.0.53\tomcat-embed-el-7.0.53.jar;C:\Users\GRomano\.m2\repository\org\apache\tomcat\embed\tomcat-embed-jasper\7.0.53\tomcat-embed-jasper-7.0.53.jar;C:\Users\GRomano\.m2\repository\org\apache\tomcat\tomcat-catalina-ant\7.0.53\tomcat-catalina-ant-7.0.53.jar;C:\Users\GRomano\.m2\repository\org\apache\tomcat\embed\tomcat-embed-logging-log4j\7.0.53\tomcat-embed-logging-log4j-7.0.53.jar;C:\Users\GRomano\.m2\repository\org\apache\tomcat\embed\tomcat-embed-websocket\7.0.53\tomcat-embed-websocket-7.0.53.jar;D:\workspace_grails\abogadoExpressPuntoNet\target\work\plugins\to
Launcher Type: SUN_STANDARD

Environment Variables:
JAVA_HOME=C:\Program Files\Java\jdk1.8.0_11
PATH=C:\Program Files\Common Files\Microsoft Shared\Windows Live;C:\Program Files (x86)\Common Files\Microsoft Shared\Windows Live;C:\Program Files (x86)\NVIDIA Corporation\PhysX\Common;C:\Program Files (x86)\Intel\iCLS Client\;C:\Program Files\Intel\iCLS Client\;C:\Windows\system32;C:\Windows;C:\Windows\System32\Wbem;C:\Windows\System32\WindowsPowerShell\v1.0\;C:\Program Files\Intel\Intel(R) Management Engine Components\DAL;C:\Program Files\Intel\Intel(R) Management Engine Components\IPT;C:\Program Files (x86)\Intel\Intel(R) Management Engine Components\DAL;C:\Program Files (x86)\Intel\Intel(R) Management Engine Components\IPT;C:\Program Files\Lenovo\Bluetooth Software\;C:\Program Files\Lenovo\Bluetooth Software\syswow64;C:\Program Files\Java\jdk1.8.0_11\bin;C:\grails\grails-2.4.3\bin;C:\Program Files (x86)\MySQL\MySQL Utilities 1.3.6\
USERNAME=GRomano
OS=Windows_NT
PROCESSOR_IDENTIFIER=Intel64 Family 6 Model 58 Stepping 9, GenuineIntel



---------------  S Y S T E M  ---------------

OS: Windows 7 , 64 bit Build 7601 Service Pack 1

CPU:total 8 (4 cores per cpu, 2 threads per core) family 6 model 58 stepping 9, cmov, cx8, fxsr, mmx, sse, sse2, sse3, ssse3, sse4.1, sse4.2, popcnt, avx, aes, clmul, erms, ht, tsc, tscinvbit

Memory: 4k page, physical 5746284k(947616k free), swap 11490716k(5203348k free)

vm_info: Java HotSpot(TM) 64-Bit Server VM (25.11-b03) for windows-amd64 JRE (1.8.0_11-b12), built on Jun 16 2014 20:57:32 by "java_re" with MS VC++ 10.0 (VS2010)

time: Mon Aug 18 19:07:12 2014
elapsed time: 15 seconds

