#
# A fatal error has been detected by the Java Runtime Environment:
#
#  EXCEPTION_ACCESS_VIOLATION (0xc0000005) at pc=0x000000005c474db2, pid=5056, tid=4680
#
# JRE version: Java(TM) SE Runtime Environment (8.0_11-b12) (build 1.8.0_11-b12)
# Java VM: Java HotSpot(TM) 64-Bit Server VM (25.11-b03 mixed mode windows-amd64 compressed oops)
# Problematic frame:
# V  [jvm.dll+0x424db2]
#
# Failed to write core dump. Minidumps are not enabled by default on client versions of Windows
#
# If you would like to submit a bug report, please visit:
#   http://bugreport.sun.com/bugreport/crash.jsp
#

---------------  T H R E A D  ---------------

Current thread (0x0000000055e2e800):  JavaThread "C2 CompilerThread0" daemon [_thread_in_native, id=4680, stack(0x00000000575d0000,0x00000000576d0000)]

siginfo: ExceptionCode=0xc0000005, reading address 0x0000000000000000

Registers:
RAX=0x000000005d26bc68, RBX=0x0000000000000600, RCX=0x0000000000000000, RDX=0x000000005eff3160
RSP=0x00000000576cc2d0, RBP=0x00000000000000c0, RSI=0x00000000000000b8, RDI=0x0000000000000000
R8 =0x000000005c050000, R9 =0x00000000576cc5f0, R10=0x00000000ffffffff, R11=0x0000000055e43f10
R12=0x000000005d26c370, R13=0x0000000058e640f8, R14=0x0000000000000008, R15=0x0000000058e640f8
RIP=0x000000005c474db2, EFLAGS=0x0000000000010206

Top of Stack: (sp=0x00000000576cc2d0)
0x00000000576cc2d0:   00000000000000da 000000005efeea60
0x00000000576cc2e0:   0000000000000000 0000000055fd1768
0x00000000576cc2f0:   0000000000000001 0000000000000600
0x00000000576cc300:   0000000000000180 00000000000000c0
0x00000000576cc310:   00000000590ac2d0 0000000055e320d0
0x00000000576cc320:   00000000000006d0 000000005efeea60
0x00000000576cc330:   00000000576cc5f0 000000005d268dc0
0x00000000576cc340:   0000000000000020 0000000000000009
0x00000000576cc350:   000000005d26c340 00000000000000da
0x00000000576cc360:   0000000058e640f8 000000005c47598d
0x00000000576cc370:   000000005d26c340 000000000000001c
0x00000000576cc380:   00000000000000da 00000000576cc5f0
0x00000000576cc390:   000000005eff3160 00000000000000da
0x00000000576cc3a0:   000000005d268dc0 0000000000000020
0x00000000576cc3b0:   0000000059267508 00000000576ce960
0x00000000576cc3c0:   0000000059267b38 000000005d26c340 

Instructions: (pc=0x000000005c474db2)
0x000000005c474d92:   c6 48 63 f0 48 03 f1 eb 04 48 83 ce ff 48 8b 84
0x000000005c474da2:   24 a0 00 00 00 48 8b 40 08 48 8b 3c 03 48 8b cf
0x000000005c474db2:   48 8b 07 ff 50 28 4c 8d 05 41 b2 bd ff 48 63 50
0x000000005c474dc2:   10 4c 8b d8 48 8b ca 48 c1 e1 05 42 80 bc 01 c0 


Register to memory mapping:

RAX=0x000000005d26bc68 is an unknown value
RBX=0x0000000000000600 is an unknown value
RCX=0x0000000000000000 is an unknown value
RDX=0x000000005eff3160 is an unknown value
RSP=0x00000000576cc2d0 is pointing into the stack for thread: 0x0000000055e2e800
RBP=0x00000000000000c0 is an unknown value
RSI=0x00000000000000b8 is an unknown value
RDI=0x0000000000000000 is an unknown value
R8 =0x000000005c050000 is an unknown value
R9 =0x00000000576cc5f0 is pointing into the stack for thread: 0x0000000055e2e800
R10=0x00000000ffffffff is an unallocated location in the heap
R11=0x0000000055e43f10 is an unknown value
R12=0x000000005d26c370 is an unknown value
R13=0x0000000058e640f8 is an unknown value
R14=0x0000000000000008 is an unknown value
R15=0x0000000058e640f8 is an unknown value


Stack: [0x00000000575d0000,0x00000000576d0000],  sp=0x00000000576cc2d0,  free space=1008k
Native frames: (J=compiled Java code, j=interpreted, Vv=VM code, C=native code)
V  [jvm.dll+0x424db2]
V  [jvm.dll+0x42598d]
V  [jvm.dll+0x425ecf]
V  [jvm.dll+0x4c5a84]
V  [jvm.dll+0x4415bc]
V  [jvm.dll+0x443a29]
V  [jvm.dll+0x427722]
V  [jvm.dll+0x96982]
V  [jvm.dll+0x97173]
V  [jvm.dll+0x2234b4]
V  [jvm.dll+0x27bcca]
C  [msvcr100.dll+0x21d9f]
C  [msvcr100.dll+0x21e3b]
C  [kernel32.dll+0x1652d]
C  [ntdll.dll+0x2c521]


Current CompileTask:
C2:  13323 5513       4       groovy.lang.MetaClassImpl::findPropertyMethod (356 bytes)


---------------  P R O C E S S  ---------------

Java Threads: ( => current thread )
  0x0000000058426000 JavaThread "net.sf.ehcache.CacheManager@5ffcf4b0" daemon [_thread_blocked, id=5664, stack(0x0000000062120000,0x0000000062220000)]
  0x0000000058425000 JavaThread "Abandoned connection cleanup thread" daemon [_thread_blocked, id=6344, stack(0x000000005f460000,0x000000005f560000)]
  0x0000000058424000 JavaThread "PoolCleaner[1409239890:1408235316606]" daemon [_thread_blocked, id=6664, stack(0x000000005b030000,0x000000005b130000)]
  0x000000005cb6c000 JavaThread "FileSystemWatcher: files=#104 cl=groovy.lang.GroovyClassLoader@53ff4b52" daemon [_thread_blocked, id=1472, stack(0x000000005d940000,0x000000005da40000)]
  0x000000005cb7b000 JavaThread "Thread-4" daemon [_thread_in_native, id=6800, stack(0x000000005bdb0000,0x000000005beb0000)]
  0x000000005a7e2000 JavaThread "localhost-startStop-1" daemon [_thread_in_native, id=5788, stack(0x0000000058940000,0x0000000058a40000)]
  0x000000005abbd800 JavaThread "Tomcat-startStop-1" daemon [_thread_blocked, id=4072, stack(0x000000005b660000,0x000000005b760000)]
  0x000000005a25b800 JavaThread "Thread-3" [_thread_in_native, id=5660, stack(0x000000005b130000,0x000000005b230000)]
  0x0000000058ea9800 JavaThread "Thread-2" [_thread_blocked, id=4084, stack(0x000000005b520000,0x000000005b620000)]
  0x0000000057f90000 JavaThread "NonBlockingInputStreamThread" daemon [_thread_blocked, id=6400, stack(0x0000000058a40000,0x0000000058b40000)]
  0x0000000055f3f800 JavaThread "Service Thread" daemon [_thread_blocked, id=6264, stack(0x0000000057b60000,0x0000000057c60000)]
  0x0000000055e3b000 JavaThread "C1 CompilerThread3" daemon [_thread_blocked, id=5640, stack(0x0000000057890000,0x0000000057990000)]
  0x0000000055e3a000 JavaThread "C2 CompilerThread2" daemon [_thread_in_native, id=5052, stack(0x0000000057780000,0x0000000057880000)]
  0x0000000055e2b800 JavaThread "C2 CompilerThread1" daemon [_thread_in_native, id=5936, stack(0x0000000056fc0000,0x00000000570c0000)]
=>0x0000000055e2e800 JavaThread "C2 CompilerThread0" daemon [_thread_in_native, id=4680, stack(0x00000000575d0000,0x00000000576d0000)]
  0x0000000055d23000 JavaThread "Attach Listener" daemon [_thread_blocked, id=6552, stack(0x0000000057460000,0x0000000057560000)]
  0x0000000055d22000 JavaThread "Signal Dispatcher" daemon [_thread_blocked, id=5236, stack(0x00000000572c0000,0x00000000573c0000)]
  0x0000000054c70000 JavaThread "Finalizer" daemon [_thread_blocked, id=6436, stack(0x0000000057100000,0x0000000057200000)]
  0x0000000054c65800 JavaThread "Reference Handler" daemon [_thread_blocked, id=5244, stack(0x0000000056e90000,0x0000000056f90000)]
  0x000000000223f800 JavaThread "main" [_thread_blocked, id=5600, stack(0x0000000002240000,0x0000000002340000)]

Other Threads:
  0x0000000055cd2800 VMThread [stack: 0x0000000056cc0000,0x0000000056dc0000] [id=5908]
  0x0000000055f41800 WatcherThread [stack: 0x00000000579e0000,0x0000000057ae0000] [id=5360]

VM state:not at safepoint (normal execution)

VM Mutex/Monitor currently owned by a thread: None

Heap:
 PSYoungGen      total 216576K, used 137581K [0x00000000f0000000, 0x00000000ffa80000, 0x0000000100000000)
  eden space 195584K, 61% used [0x00000000f0000000,0x00000000f7605578,0x00000000fbf00000)
  from space 20992K, 79% used [0x00000000fd980000,0x00000000fe9d6070,0x00000000fee00000)
  to   space 27136K, 0% used [0x00000000fbf00000,0x00000000fbf00000,0x00000000fd980000)
 ParOldGen       total 91136K, used 73748K [0x00000000d0000000, 0x00000000d5900000, 0x00000000f0000000)
  object space 91136K, 80% used [0x00000000d0000000,0x00000000d4805110,0x00000000d5900000)
 Metaspace       used 56521K, capacity 57930K, committed 58236K, reserved 1099776K
  class space    used 6476K, capacity 6934K, committed 7040K, reserved 1048576K

Card table byte_map: [0x0000000011b60000,0x0000000011cf0000] byte_map_base: 0x00000000114e0000

Marking Bits: (ParMarkBitMap*) 0x000000005c8012b0
 Begin Bits: [0x0000000012900000, 0x0000000013500000)
 End Bits:   [0x0000000013500000, 0x0000000014100000)

Polling page: 0x0000000000430000

CodeCache: size=245760Kb used=18610Kb max_used=18925Kb free=227150Kb
 bounds [0x00000000027a0000, 0x0000000003a40000, 0x00000000117a0000]
 total_blobs=5654 nmethods=4889 adapters=676
 compilation: enabled

Compilation events (10 events):
Event: 13.282 Thread 0x0000000055e2e800 nmethod 5524 0x0000000002db4cd0 code [0x0000000002db4e80, 0x0000000002db58a8]
Event: 13.282 Thread 0x0000000055e2e800 5513       4       groovy.lang.MetaClassImpl::findPropertyMethod (356 bytes)
Event: 13.284 Thread 0x0000000055e3b000 5607       2       groovy.lang.ExpandoMetaClass::getExpandoMethods (16 bytes)
Event: 13.284 Thread 0x0000000055e3b000 nmethod 5607 0x00000000032acb10 code [0x00000000032acca0, 0x00000000032acf78]
Event: 13.284 Thread 0x0000000055e3b000 5608       2       org.codehaus.groovy.runtime.DefaultGroovyMethods::toList (24 bytes)
Event: 13.285 Thread 0x0000000055e3b000 nmethod 5608 0x0000000002db4890 code [0x0000000002db4a00, 0x0000000002db4be8]
Event: 13.285 Thread 0x0000000055e3b000 5609       2       java.util.concurrent.ConcurrentHashMap$CollectionView::size (8 bytes)
Event: 13.285 Thread 0x0000000055e3b000 nmethod 5609 0x0000000002db4490 code [0x0000000002db4600, 0x0000000002db47c8]
Event: 13.304 Thread 0x0000000055e3b000 5610       2       org.grails.datastore.mapping.reflect.ClassPropertyFetcher::processMethod (281 bytes)
Event: 13.306 Thread 0x0000000055e3b000 nmethod 5610 0x0000000002db7e90 code [0x0000000002db81c0, 0x0000000002db8e48]

GC Heap History (10 events):
Event: 10.068 GC heap before
{Heap before GC invocations=67 (full 6):
 PSYoungGen      total 195072K, used 187750K [0x00000000f0000000, 0x00000000fcc80000, 0x0000000100000000)
  eden space 181760K, 100% used [0x00000000f0000000,0x00000000fb180000,0x00000000fb180000)
  from space 13312K, 45% used [0x00000000fbf80000,0x00000000fc559a08,0x00000000fcc80000)
  to   space 13824K, 0% used [0x00000000fb180000,0x00000000fb180000,0x00000000fbf00000)
 ParOldGen       total 74240K, used 59474K [0x00000000d0000000, 0x00000000d4880000, 0x00000000f0000000)
  object space 74240K, 80% used [0x00000000d0000000,0x00000000d3a14810,0x00000000d4880000)
 Metaspace       used 51388K, capacity 52744K, committed 52860K, reserved 1095680K
  class space    used 5825K, capacity 6245K, committed 6272K, reserved 1048576K
Event: 10.075 GC heap after
Heap after GC invocations=67 (full 6):
 PSYoungGen      total 195584K, used 8423K [0x00000000f0000000, 0x00000000fd900000, 0x0000000100000000)
  eden space 181760K, 0% used [0x00000000f0000000,0x00000000f0000000,0x00000000fb180000)
  from space 13824K, 60% used [0x00000000fb180000,0x00000000fb9b9d98,0x00000000fbf00000)
  to   space 14336K, 0% used [0x00000000fcb00000,0x00000000fcb00000,0x00000000fd900000)
 ParOldGen       total 74240K, used 59482K [0x00000000d0000000, 0x00000000d4880000, 0x00000000f0000000)
  object space 74240K, 80% used [0x00000000d0000000,0x00000000d3a16810,0x00000000d4880000)
 Metaspace       used 51388K, capacity 52744K, committed 52860K, reserved 1095680K
  class space    used 5825K, capacity 6245K, committed 6272K, reserved 1048576K
}
Event: 10.638 GC heap before
{Heap before GC invocations=68 (full 6):
 PSYoungGen      total 195584K, used 190183K [0x00000000f0000000, 0x00000000fd900000, 0x0000000100000000)
  eden space 181760K, 100% used [0x00000000f0000000,0x00000000fb180000,0x00000000fb180000)
  from space 13824K, 60% used [0x00000000fb180000,0x00000000fb9b9d98,0x00000000fbf00000)
  to   space 14336K, 0% used [0x00000000fcb00000,0x00000000fcb00000,0x00000000fd900000)
 ParOldGen       total 74240K, used 59482K [0x00000000d0000000, 0x00000000d4880000, 0x00000000f0000000)
  object space 74240K, 80% used [0x00000000d0000000,0x00000000d3a16810,0x00000000d4880000)
 Metaspace       used 52283K, capacity 53616K, committed 54012K, reserved 1097728K
  class space    used 5936K, capacity 6354K, committed 6400K, reserved 1048576K
Event: 10.659 GC heap after
Heap after GC invocations=68 (full 6):
 PSYoungGen      total 205824K, used 13666K [0x00000000f0000000, 0x00000000fdc80000, 0x0000000100000000)
  eden space 191488K, 0% used [0x00000000f0000000,0x00000000f0000000,0x00000000fbb00000)
  from space 14336K, 95% used [0x00000000fcb00000,0x00000000fd858b80,0x00000000fd900000)
  to   space 16384K, 0% used [0x00000000fbb00000,0x00000000fbb00000,0x00000000fcb00000)
 ParOldGen       total 74240K, used 59490K [0x00000000d0000000, 0x00000000d4880000, 0x00000000f0000000)
  object space 74240K, 80% used [0x00000000d0000000,0x00000000d3a18810,0x00000000d4880000)
 Metaspace       used 52283K, capacity 53616K, committed 54012K, reserved 1097728K
  class space    used 5936K, capacity 6354K, committed 6400K, reserved 1048576K
}
Event: 11.360 GC heap before
{Heap before GC invocations=69 (full 6):
 PSYoungGen      total 205824K, used 205154K [0x00000000f0000000, 0x00000000fdc80000, 0x0000000100000000)
  eden space 191488K, 100% used [0x00000000f0000000,0x00000000fbb00000,0x00000000fbb00000)
  from space 14336K, 95% used [0x00000000fcb00000,0x00000000fd858b80,0x00000000fd900000)
  to   space 16384K, 0% used [0x00000000fbb00000,0x00000000fbb00000,0x00000000fcb00000)
 ParOldGen       total 74240K, used 59490K [0x00000000d0000000, 0x00000000d4880000, 0x00000000f0000000)
  object space 74240K, 80% used [0x00000000d0000000,0x00000000d3a18810,0x00000000d4880000)
 Metaspace       used 53781K, capacity 55062K, committed 55420K, reserved 1097728K
  class space    used 6082K, capacity 6492K, committed 6528K, reserved 1048576K
Event: 11.372 GC heap after
Heap after GC invocations=69 (full 6):
 PSYoungGen      total 207872K, used 16369K [0x00000000f0000000, 0x00000000fee00000, 0x0000000100000000)
  eden space 191488K, 0% used [0x00000000f0000000,0x00000000f0000000,0x00000000fbb00000)
  from space 16384K, 99% used [0x00000000fbb00000,0x00000000fcafc6f8,0x00000000fcb00000)
  to   space 20992K, 0% used [0x00000000fd980000,0x00000000fd980000,0x00000000fee00000)
 ParOldGen       total 74240K, used 65017K [0x00000000d0000000, 0x00000000d4880000, 0x00000000f0000000)
  object space 74240K, 87% used [0x00000000d0000000,0x00000000d3f7e678,0x00000000d4880000)
 Metaspace       used 53781K, capacity 55062K, committed 55420K, reserved 1097728K
  class space    used 6082K, capacity 6492K, committed 6528K, reserved 1048576K
}
Event: 12.094 GC heap before
{Heap before GC invocations=70 (full 6):
 PSYoungGen      total 207872K, used 207857K [0x00000000f0000000, 0x00000000fee00000, 0x0000000100000000)
  eden space 191488K, 100% used [0x00000000f0000000,0x00000000fbb00000,0x00000000fbb00000)
  from space 16384K, 99% used [0x00000000fbb00000,0x00000000fcafc6f8,0x00000000fcb00000)
  to   space 20992K, 0% used [0x00000000fd980000,0x00000000fd980000,0x00000000fee00000)
 ParOldGen       total 74240K, used 65017K [0x00000000d0000000, 0x00000000d4880000, 0x00000000f0000000)
  object space 74240K, 87% used [0x00000000d0000000,0x00000000d3f7e678,0x00000000d4880000)
 Metaspace       used 55734K, capacity 57098K, committed 57340K, reserved 1099776K
  class space    used 6348K, capacity 6786K, committed 6912K, reserved 1048576K
Event: 12.129 GC heap after
Heap after GC invocations=70 (full 6):
 PSYoungGen      total 216576K, used 20961K [0x00000000f0000000, 0x00000000ffa80000, 0x0000000100000000)
  eden space 195584K, 0% used [0x00000000f0000000,0x00000000f0000000,0x00000000fbf00000)
  from space 20992K, 99% used [0x00000000fd980000,0x00000000fedf8720,0x00000000fee00000)
  to   space 27136K, 0% used [0x00000000fbf00000,0x00000000fbf00000,0x00000000fd980000)
 ParOldGen       total 74240K, used 71893K [0x00000000d0000000, 0x00000000d4880000, 0x00000000f0000000)
  object space 74240K, 96% used [0x00000000d0000000,0x00000000d4635778,0x00000000d4880000)
 Metaspace       used 55734K, capacity 57098K, committed 57340K, reserved 1099776K
  class space    used 6348K, capacity 6786K, committed 6912K, reserved 1048576K
}
Event: 12.129 GC heap before
{Heap before GC invocations=71 (full 7):
 PSYoungGen      total 216576K, used 20961K [0x00000000f0000000, 0x00000000ffa80000, 0x0000000100000000)
  eden space 195584K, 0% used [0x00000000f0000000,0x00000000f0000000,0x00000000fbf00000)
  from space 20992K, 99% used [0x00000000fd980000,0x00000000fedf8720,0x00000000fee00000)
  to   space 27136K, 0% used [0x00000000fbf00000,0x00000000fbf00000,0x00000000fd980000)
 ParOldGen       total 74240K, used 71893K [0x00000000d0000000, 0x00000000d4880000, 0x00000000f0000000)
  object space 74240K, 96% used [0x00000000d0000000,0x00000000d4635778,0x00000000d4880000)
 Metaspace       used 55734K, capacity 57098K, committed 57340K, reserved 1099776K
  class space    used 6348K, capacity 6786K, committed 6912K, reserved 1048576K
Event: 12.864 GC heap after
Heap after GC invocations=71 (full 7):
 PSYoungGen      total 216576K, used 16728K [0x00000000f0000000, 0x00000000ffa80000, 0x0000000100000000)
  eden space 195584K, 0% used [0x00000000f0000000,0x00000000f0000000,0x00000000fbf00000)
  from space 20992K, 79% used [0x00000000fd980000,0x00000000fe9d6070,0x00000000fee00000)
  to   space 27136K, 0% used [0x00000000fbf00000,0x00000000fbf00000,0x00000000fd980000)
 ParOldGen       total 91136K, used 73748K [0x00000000d0000000, 0x00000000d5900000, 0x00000000f0000000)
  object space 91136K, 80% used [0x00000000d0000000,0x00000000d4805110,0x00000000d5900000)
 Metaspace       used 55734K, capacity 57098K, committed 57340K, reserved 1099776K
  class space    used 6348K, capacity 6786K, committed 6912K, reserved 1048576K
}

Deoptimization events (10 events):
Event: 10.488 Thread 0x000000005a7e2000 Uncommon trap: reason=bimorphic action=maybe_recompile pc=0x00000000030d82e0 method=groovy.lang.MetaClassImpl$1MOPIter.methodNameAction(Ljava/lang/Class;Lorg/codehaus/groovy/runtime/metaclass/MetaMethodIndex$Entry;)V @ 268
Event: 10.488 Thread 0x000000005a7e2000 Uncommon trap: reason=bimorphic action=maybe_recompile pc=0x00000000030d82e0 method=groovy.lang.MetaClassImpl$1MOPIter.methodNameAction(Ljava/lang/Class;Lorg/codehaus/groovy/runtime/metaclass/MetaMethodIndex$Entry;)V @ 268
Event: 10.858 Thread 0x000000005a7e2000 Uncommon trap: reason=class_check action=maybe_recompile pc=0x00000000037f0b68 method=java.lang.reflect.Executable.getAnnotation(Ljava/lang/Class;)Ljava/lang/annotation/Annotation; @ 19
Event: 11.332 Thread 0x000000005a7e2000 Uncommon trap: reason=unreached action=reinterpret pc=0x00000000038a30f0 method=org.codehaus.groovy.runtime.metaclass.MetaMethodIndex.getMethods(Ljava/lang/Class;Ljava/lang/String;)Lorg/codehaus/groovy/runtime/metaclass/MetaMethodIndex$Entry; @ 61
Event: 11.474 Thread 0x000000005a7e2000 Uncommon trap: reason=class_check action=maybe_recompile pc=0x00000000037f0b68 method=java.lang.reflect.Executable.getAnnotation(Ljava/lang/Class;)Ljava/lang/annotation/Annotation; @ 19
Event: 11.474 Thread 0x000000005a7e2000 Uncommon trap: reason=unloaded action=reinterpret pc=0x00000000037796fc method=org.springframework.core.BridgeMethodResolver.findBridgedMethod(Ljava/lang/reflect/Method;)Ljava/lang/reflect/Method; @ 13
Event: 11.812 Thread 0x000000005a7e2000 Uncommon trap: reason=class_check action=maybe_recompile pc=0x00000000037f0b68 method=java.lang.reflect.Executable.getAnnotation(Ljava/lang/Class;)Ljava/lang/annotation/Annotation; @ 19
Event: 11.993 Thread 0x000000005a7e2000 Uncommon trap: reason=null_check action=make_not_entrant pc=0x00000000038d6fe0 method=java.util.concurrent.ConcurrentHashMap$TreeBin.<init>(Ljava/util/concurrent/ConcurrentHashMap$TreeNode;)V @ 26
Event: 12.923 Thread 0x000000005a7e2000 Uncommon trap: reason=class_check action=maybe_recompile pc=0x00000000037f0b68 method=java.lang.reflect.Executable.getAnnotation(Ljava/lang/Class;)Ljava/lang/annotation/Annotation; @ 19
Event: 13.269 Thread 0x000000005a7e2000 Uncommon trap: reason=unreached action=reinterpret pc=0x00000000038a3af0 method=org.springframework.beans.factory.support.AbstractAutowireCapableBeanFactory.predictBeanType(Ljava/lang/String;Lorg/springframework/beans/factory/support/RootBeanDefinition;[Ljc‡ðIäù$@

Internal exceptions (10 events):
Event: 13.306 Thread 0x000000005a7e2000 Exception <a 'java/security/PrivilegedActionException'> (0x00000000f73b25a0) thrown at [C:\re\workspace\8-2-build-windows-amd64-cygwin\jdk8u11\648\hotspot\src\share\vm\prims\jvm.cpp, line 1248]
Event: 13.307 Thread 0x000000005a7e2000 Exception <a 'java/security/PrivilegedActionException'> (0x00000000f73cd1f8) thrown at [C:\re\workspace\8-2-build-windows-amd64-cygwin\jdk8u11\648\hotspot\src\share\vm\prims\jvm.cpp, line 1248]
Event: 13.307 Thread 0x000000005a7e2000 Exception <a 'java/lang/ClassNotFoundException': java/util/Collections$EmptyListBeanInfo> (0x00000000f73ce0f8) thrown at [C:\re\workspace\8-2-build-windows-amd64-cygwin\jdk8u11\648\hotspot\src\share\vm\classfile\systemDictionary.cpp, line 202]
Event: 13.307 Thread 0x000000005a7e2000 Exception <a 'java/security/PrivilegedActionException'> (0x00000000f73cf1d0) thrown at [C:\re\workspace\8-2-build-windows-amd64-cygwin\jdk8u11\648\hotspot\src\share\vm\prims\jvm.cpp, line 1248]
Event: 13.307 Thread 0x000000005a7e2000 Exception <a 'java/security/PrivilegedActionException'> (0x00000000f73d26d0) thrown at [C:\re\workspace\8-2-build-windows-amd64-cygwin\jdk8u11\648\hotspot\src\share\vm\prims\jvm.cpp, line 1248]
Event: 13.307 Thread 0x000000005a7e2000 Exception <a 'java/security/PrivilegedActionException'> (0x00000000f73dedc0) thrown at [C:\re\workspace\8-2-build-windows-amd64-cygwin\jdk8u11\648\hotspot\src\share\vm\prims\jvm.cpp, line 1248]
Event: 13.308 Thread 0x000000005a7e2000 Exception <a 'java/security/PrivilegedActionException'> (0x00000000f73f9e20) thrown at [C:\re\workspace\8-2-build-windows-amd64-cygwin\jdk8u11\648\hotspot\src\share\vm\prims\jvm.cpp, line 1248]
Event: 13.308 Thread 0x000000005a7e2000 Exception <a 'java/lang/ClassNotFoundException': java/util/Collections$EmptyListCustomizer> (0x00000000f73fad28) thrown at [C:\re\workspace\8-2-build-windows-amd64-cygwin\jdk8u11\648\hotspot\src\share\vm\classfile\systemDictionary.cpp, line 202]
Event: 13.309 Thread 0x000000005a7e2000 Exception <a 'java/security/PrivilegedActionException'> (0x00000000f7425178) thrown at [C:\re\workspace\8-2-build-windows-amd64-cygwin\jdk8u11\648\hotspot\src\share\vm\prims\jvm.cpp, line 1248]
Event: 13.309 Thread 0x000000005a7e2000 Exception <a 'java/security/PrivilegedActionException'> (0x00000000f7429698) thrown at [C:\re\workspace\8-2-build-windows-amd64-cygwin\jdk8u11\648\hotspot\src\share\vm\prims\jvm.cpp, line 1248]

Events (10 events):
Event: 13.306 loading class java/util/Collections$EmptyListBeanInfo
Event: 13.306 loading class java/util/Collections$EmptyListBeanInfo done
Event: 13.307 loading class java/util/Collections$EmptyListBeanInfo
Event: 13.307 loading class java/util/Collections$EmptyListBeanInfo done
Event: 13.307 loading class java/util/Collections$EmptyListCustomizer
Event: 13.307 loading class java/util/Collections$EmptyListCustomizer done
Event: 13.308 loading class java/util/Collections$EmptyListCustomizer
Event: 13.308 loading class java/util/Collections$EmptyListCustomizer done
Event: 13.309 loading class org/codehaus/groovy/grails/orm/hibernate/HibernateGormInstanceApi
Event: 13.309 loading class org/codehaus/groovy/grails/orm/hibernate/HibernateGormInstanceApi done


Dynamic libraries:
0x000000013f520000 - 0x000000013f554000 	C:\Program Files\Java\jdk1.8.0_11\bin\java.exe
0x0000000077c50000 - 0x0000000077df9000 	C:\Windows\SYSTEM32\ntdll.dll
0x0000000077b30000 - 0x0000000077c4f000 	C:\Windows\system32\kernel32.dll
0x000007fefe160000 - 0x000007fefe1cc000 	C:\Windows\system32\KERNELBASE.dll
0x000007feff2b0000 - 0x000007feff38b000 	C:\Windows\system32\ADVAPI32.dll
0x000007feff5b0000 - 0x000007feff64f000 	C:\Windows\system32\msvcrt.dll
0x000007feff4a0000 - 0x000007feff4bf000 	C:\Windows\SYSTEM32\sechost.dll
0x000007feffe30000 - 0x000007fefff5d000 	C:\Windows\system32\RPCRT4.dll
0x0000000077a30000 - 0x0000000077b2a000 	C:\Windows\system32\USER32.dll
0x000007feff4c0000 - 0x000007feff527000 	C:\Windows\system32\GDI32.dll
0x000007feffb00000 - 0x000007feffb0e000 	C:\Windows\system32\LPK.dll
0x000007feffb10000 - 0x000007feffbd9000 	C:\Windows\system32\USP10.dll
0x000007fefd1b0000 - 0x000007fefd3a4000 	C:\Windows\WinSxS\amd64_microsoft.windows.common-controls_6595b64144ccf1df_6.0.7601.17514_none_fa396087175ac9ac\COMCTL32.dll
0x000007feffbe0000 - 0x000007feffc51000 	C:\Windows\system32\SHLWAPI.dll
0x000007feff670000 - 0x000007feff69e000 	C:\Windows\system32\IMM32.DLL
0x000007feff390000 - 0x000007feff499000 	C:\Windows\system32\MSCTF.dll
0x0000000063240000 - 0x0000000063312000 	C:\Program Files\Java\jdk1.8.0_11\jre\bin\msvcr100.dll
0x000000005c050000 - 0x000000005c87a000 	C:\Program Files\Java\jdk1.8.0_11\jre\bin\server\jvm.dll
0x000007fef9690000 - 0x000007fef9699000 	C:\Windows\system32\WSOCK32.dll
0x000007feffd40000 - 0x000007feffd8d000 	C:\Windows\system32\WS2_32.dll
0x000007feff8e0000 - 0x000007feff8e8000 	C:\Windows\system32\NSI.dll
0x000007fefbfb0000 - 0x000007fefbfeb000 	C:\Windows\system32\WINMM.dll
0x0000000077e10000 - 0x0000000077e17000 	C:\Windows\system32\PSAPI.DLL
0x0000000072ed0000 - 0x0000000072edf000 	C:\Program Files\Java\jdk1.8.0_11\jre\bin\verify.dll
0x000000006e420000 - 0x000000006e448000 	C:\Program Files\Java\jdk1.8.0_11\jre\bin\java.dll
0x000000006e570000 - 0x000000006e593000 	C:\Program Files\Java\jdk1.8.0_11\jre\bin\instrument.dll
0x000000006eb50000 - 0x000000006eb66000 	C:\Program Files\Java\jdk1.8.0_11\jre\bin\zip.dll
0x000007fefe480000 - 0x000007feff208000 	C:\Windows\system32\SHELL32.dll
0x000007feff8f0000 - 0x000007feffaf3000 	C:\Windows\system32\ole32.dll
0x000007fefe0b0000 - 0x000007fefe0bf000 	C:\Windows\system32\profapi.dll
0x000007fefd980000 - 0x000007fefd997000 	C:\Windows\system32\CRYPTSP.dll
0x000007fefd680000 - 0x000007fefd6c7000 	C:\Windows\system32\rsaenh.dll
0x000007fefd050000 - 0x000007fefd06e000 	C:\Windows\system32\USERENV.dll
0x000007fefdfe0000 - 0x000007fefdfef000 	C:\Windows\system32\CRYPTBASE.dll
0x000000006f1e0000 - 0x000000006f1fa000 	C:\Program Files\Java\jdk1.8.0_11\jre\bin\net.dll
0x000007fefd920000 - 0x000007fefd975000 	C:\Windows\system32\mswsock.dll
0x000007fefd910000 - 0x000007fefd917000 	C:\Windows\System32\wship6.dll
0x000007fefbbe0000 - 0x000007fefbc07000 	C:\Windows\system32\IPHLPAPI.DLL
0x000007fefbbc0000 - 0x000007fefbbcb000 	C:\Windows\system32\WINNSI.DLL
0x000007fefb750000 - 0x000007fefb761000 	C:\Windows\system32\dhcpcsvc6.DLL
0x000007fefb730000 - 0x000007fefb748000 	C:\Windows\system32\dhcpcsvc.DLL
0x0000000069b20000 - 0x0000000069b31000 	C:\Program Files\Java\jdk1.8.0_11\jre\bin\nio.dll
0x000007fefaef0000 - 0x000007fefaefa000 	C:\Users\GRomano\AppData\Local\Temp\jansi-64-3394155771756504812.dll
0x0000000069b10000 - 0x0000000069b1d000 	C:\Program Files\Java\jdk1.8.0_11\jre\bin\management.dll
0x000007fefcec0000 - 0x000007fefcec7000 	C:\Windows\System32\wshtcpip.dll
0x000007fefd7a0000 - 0x000007fefd7fb000 	C:\Windows\system32\DNSAPI.dll
0x000007fef8fe0000 - 0x000007fef900e000 	C:\Program Files\Common Files\Microsoft Shared\Windows Live\WLIDNSP.DLL
0x000007fef9670000 - 0x000007fef9678000 	C:\Windows\system32\rasadhlp.dll
0x000007fefba60000 - 0x000007fefbab3000 	C:\Windows\System32\fwpuclnt.dll
0x000007fefbf90000 - 0x000007fefbfa5000 	C:\Windows\system32\NLAapi.dll
0x000007fef68f0000 - 0x000007fef6905000 	C:\Windows\system32\napinsp.dll
0x000007fef68d0000 - 0x000007fef68e9000 	C:\Windows\system32\pnrpnsp.dll
0x000007fef68c0000 - 0x000007fef68cb000 	C:\Windows\System32\winrnr.dll
0x000007fef68b0000 - 0x000007fef68c0000 	C:\Windows\system32\wshbth.dll
0x000007fef71f0000 - 0x000007fef7315000 	C:\Windows\system32\dbghelp.dll

VM Arguments:
jvm_args: -Dfile.encoding=UTF-8 -Xmx768M -Xms64M -Dgrails.fork.parent.process.port=55508 -Dgrails.fork.active=true -Dgrails.build.execution.context=C:\Users\GRomano\AppData\Local\Temp\abogadoExpressPuntoNet8482666734217827665grails-execution-context -Dgrails.home=C:\ggts-bundle\grails-2.4.2 -javaagent:C:\ggts-bundle\grails-2.4.2\lib\org.springframework\springloaded\jars\springloaded-1.2.0.RELEASE.jar -Xverify:none -Dspringloaded.synchronize=true -Djdk.reflect.allowGetCallerClass=true -Dspringloaded=profile=grails;cacheDir=C:\Users\GRomano\.grails\2.4.2 
java_command: org.grails.plugins.tomcat.fork.ForkedTomcatServer
java_class_path (initial): C:\Program Files\Java\jdk1.8.0_11\lib\tools.jar;C:\ggts-bundle\grails-2.4.2\lib\org.codehaus.groovy\groovy-all\jars\groovy-all-2.3.3.jar;C:\ggts-bundle\grails-2.4.2\lib\org.slf4j\jcl-over-slf4j\jars\jcl-over-slf4j-1.7.5.jar;C:\ggts-bundle\grails-2.4.2\lib\org.codehaus.gant\gant_groovy1.8\jars\gant_groovy1.8-1.9.6.jar;C:\ggts-bundle\grails-2.4.2\lib\org.apache.tomcat.embed\tomcat-embed-logging-log4j\jars\tomcat-embed-logging-log4j-7.0.50.jar;C:\ggts-bundle\grails-2.4.2\dist\grails-plugin-log4j-2.4.2.jar;C:\ggts-bundle\grails-2.4.2\lib\log4j\log4j\jars\log4j-1.2.17.jar;C:\ggts-bundle\grails-2.4.2\dist\grails-bootstrap-2.4.2.jar;C:\ggts-bundle\grails-2.4.2\lib\org.slf4j\slf4j-api\jars\slf4j-api-1.7.5.jar;C:\ggts-bundle\grails-2.4.2\lib\jline\jline\jars\jline-2.12.jar;C:\ggts-bundle\grails-2.4.2\lib\org.apache.ant\ant\jars\ant-1.8.4.jar;C:\ggts-bundle\grails-2.4.2\lib\org.apache.ant\ant-launcher\jars\ant-launcher-1.8.4.jar;C:\ggts-bundle\grails-2.4.2\lib\org.apache.ant\ant-trax\jars\ant-trax-1.7.1.jar;C:\ggts-bundle\grails-2.4.2\lib\org.apache.ant\ant-junit\jars\ant-junit-1.8.4.jar;C:\ggts-bundle\grails-2.4.2\lib\org.apache.ivy\ivy\jars\ivy-2.3.0.jar;C:\ggts-bundle\grails-2.4.2\lib\org.fusesource.jansi\jansi\jars\jansi-1.11.jar;C:\Users\GRomano\.m2\repository\org\eclipse\jdt\core\compiler\ecj\3.7.2\ecj-3.7.2.jar;C:\Users\GRomano\.m2\repository\org\apache\tomcat\embed\tomcat-embed-el\7.0.53\tomcat-embed-el-7.0.53.jar;C:\Users\GRomano\.m2\repository\org\apache\tomcat\embed\tomcat-embed-jasper\7.0.53\tomcat-embed-jasper-7.0.53.jar;C:\Users\GRomano\.m2\repository\org\apache\tomcat\tomcat-catalina-ant\7.0.53\tomcat-catalina-ant-7.0.53.jar;C:\Users\GRomano\.m2\repository\org\apache\tomcat\embed\tomcat-embed-logging-log4j\7.0.53\tomcat-embed-logging-log4j-7.0.53.jar;C:\Users\GRomano\.m2\repository\org\apache\tomcat\embed\tomcat-embed-websocket\7.0.53\tomcat-embed-websocket-7.0.53.jar;D:\workspace_grails\abogadoExpressPuntoNet\target\work\plugins\to
Launcher Type: SUN_STANDARD

Environment Variables:
JAVA_HOME=C:\Program Files\Java\jdk1.8.0_11
PATH=C:\Program Files\Common Files\Microsoft Shared\Windows Live;C:\Program Files (x86)\Common Files\Microsoft Shared\Windows Live;C:\Program Files (x86)\NVIDIA Corporation\PhysX\Common;C:\Program Files (x86)\Intel\iCLS Client\;C:\Program Files\Intel\iCLS Client\;C:\Windows\system32;C:\Windows;C:\Windows\System32\Wbem;C:\Windows\System32\WindowsPowerShell\v1.0\;C:\Program Files\Intel\Intel(R) Management Engine Components\DAL;C:\Program Files\Intel\Intel(R) Management Engine Components\IPT;C:\Program Files (x86)\Intel\Intel(R) Management Engine Components\DAL;C:\Program Files (x86)\Intel\Intel(R) Management Engine Components\IPT;C:\Program Files\Lenovo\Bluetooth Software\;C:\Program Files\Lenovo\Bluetooth Software\syswow64;C:\Program Files\Java\jdk1.8.0_11\bin;C:\grails\grails-2.4.3\bin;C:\Program Files (x86)\MySQL\MySQL Utilities 1.3.6\
USERNAME=GRomano
OS=Windows_NT
PROCESSOR_IDENTIFIER=Intel64 Family 6 Model 58 Stepping 9, GenuineIntel



---------------  S Y S T E M  ---------------

OS: Windows 7 , 64 bit Build 7601 Service Pack 1

CPU:total 8 (4 cores per cpu, 2 threads per core) family 6 model 58 stepping 9, cmov, cx8, fxsr, mmx, sse, sse2, sse3, ssse3, sse4.1, sse4.2, popcnt, avx, aes, clmul, erms, ht, tsc, tscinvbit

Memory: 4k page, physical 5746284k(1991692k free), swap 11490716k(6077312k free)

vm_info: Java HotSpot(TM) 64-Bit Server VM (25.11-b03) for windows-amd64 JRE (1.8.0_11-b12), built on Jun 16 2014 20:57:32 by "java_re" with MS VC++ 10.0 (VS2010)

time: Sat Aug 16 21:28:42 2014
elapsed time: 13 seconds

