#
# A fatal error has been detected by the Java Runtime Environment:
#
#  EXCEPTION_ACCESS_VIOLATION (0xc0000005) at pc=0x0000000064f94db2, pid=6648, tid=6908
#
# JRE version: Java(TM) SE Runtime Environment (8.0_11-b12) (build 1.8.0_11-b12)
# Java VM: Java HotSpot(TM) 64-Bit Server VM (25.11-b03 mixed mode windows-amd64 compressed oops)
# Problematic frame:
# V  [jvm.dll+0x424db2]
#
# Failed to write core dump. Minidumps are not enabled by default on client versions of Windows
#
# If you would like to submit a bug report, please visit:
#   http://bugreport.sun.com/bugreport/crash.jsp
#

---------------  T H R E A D  ---------------

Current thread (0x00000000561ef000):  JavaThread "C2 CompilerThread1" daemon [_thread_in_native, id=6908, stack(0x0000000057770000,0x0000000057870000)]

siginfo: ExceptionCode=0xc0000005, reading address 0x0000000000000000

Registers:
RAX=0x000000005dfec2a8, RBX=0x0000000000000600, RCX=0x0000000000000000, RDX=0x0000000058e8a5c0
RSP=0x000000005786c080, RBP=0x00000000000000c0, RSI=0x00000000000000b8, RDI=0x0000000000000000
R8 =0x0000000064b70000, R9 =0x000000005786c3a0, R10=0x00000000ffffffff, R11=0x000000005620d8f0
R12=0x000000005dfec9b0, R13=0x0000000058dcf6c8, R14=0x0000000000000008, R15=0x0000000058dcf6c8
RIP=0x0000000064f94db2, EFLAGS=0x0000000000010206

Top of Stack: (sp=0x000000005786c080)
0x000000005786c080:   00000000000000da 0000000058e86040
0x000000005786c090:   0000000000000000 000000005e9b1600
0x000000005786c0a0:   0000000000000001 0000000000000600
0x000000005786c0b0:   0000000000000180 00000000000000c0
0x000000005786c0c0:   0000000059238980 00000000561f7740
0x000000005786c0d0:   00000000000006a0 0000000058e86040
0x000000005786c0e0:   000000005786c3a0 000000005dfe9440
0x000000005786c0f0:   0000000000000020 0000000000000009
0x000000005786c100:   000000005dfec980 00000000000000da
0x000000005786c110:   0000000058dcf6c8 0000000064f9598d
0x000000005786c120:   000000005dfec980 000000000000001c
0x000000005786c130:   00000000000000da 000000005786c3a0
0x000000005786c140:   0000000058e8a5c0 00000000000000da
0x000000005786c150:   000000005dfe9440 0000000000000020
0x000000005786c160:   00000000597c6fa0 000000005786e710
0x000000005786c170:   00000000597c75d0 000000005dfec980 

Instructions: (pc=0x0000000064f94db2)
0x0000000064f94d92:   c6 48 63 f0 48 03 f1 eb 04 48 83 ce ff 48 8b 84
0x0000000064f94da2:   24 a0 00 00 00 48 8b 40 08 48 8b 3c 03 48 8b cf
0x0000000064f94db2:   48 8b 07 ff 50 28 4c 8d 05 41 b2 bd ff 48 63 50
0x0000000064f94dc2:   10 4c 8b d8 48 8b ca 48 c1 e1 05 42 80 bc 01 c0 


Register to memory mapping:

RAX=0x000000005dfec2a8 is an unknown value
RBX=0x0000000000000600 is an unknown value
RCX=0x0000000000000000 is an unknown value
RDX=0x0000000058e8a5c0 is an unknown value
RSP=0x000000005786c080 is pointing into the stack for thread: 0x00000000561ef000
RBP=0x00000000000000c0 is an unknown value
RSI=0x00000000000000b8 is an unknown value
RDI=0x0000000000000000 is an unknown value
R8 =0x0000000064b70000 is an unknown value
R9 =0x000000005786c3a0 is pointing into the stack for thread: 0x00000000561ef000
R10=0x00000000ffffffff is an unknown value
R11=0x000000005620d8f0 is an unknown value
R12=0x000000005dfec9b0 is an unknown value
R13=0x0000000058dcf6c8 is an unknown value
R14=0x0000000000000008 is an unknown value
R15=0x0000000058dcf6c8 is an unknown value


Stack: [0x0000000057770000,0x0000000057870000],  sp=0x000000005786c080,  free space=1008k
Native frames: (J=compiled Java code, j=interpreted, Vv=VM code, C=native code)
V  [jvm.dll+0x424db2]
V  [jvm.dll+0x42598d]
V  [jvm.dll+0x425ecf]
V  [jvm.dll+0x4c5a84]
V  [jvm.dll+0x4415bc]
V  [jvm.dll+0x443a29]
V  [jvm.dll+0x427722]
V  [jvm.dll+0x96982]
V  [jvm.dll+0x97173]
V  [jvm.dll+0x2234b4]
V  [jvm.dll+0x27bcca]
C  [msvcr100.dll+0x21d9f]
C  [msvcr100.dll+0x21e3b]
C  [kernel32.dll+0x1652d]
C  [ntdll.dll+0x2c521]


Current CompileTask:
C2:  13287 5173       4       groovy.lang.MetaClassImpl::findPropertyMethod (356 bytes)


---------------  P R O C E S S  ---------------

Java Threads: ( => current thread )
  0x000000005db4a800 JavaThread "net.sf.ehcache.CacheManager@139384" daemon [_thread_blocked, id=3368, stack(0x0000000060da0000,0x0000000060ea0000)]
  0x000000005db4a000 JavaThread "Abandoned connection cleanup thread" daemon [_thread_blocked, id=5092, stack(0x0000000060270000,0x0000000060370000)]
  0x000000005db49000 JavaThread "PoolCleaner[1417902001:1408135835028]" daemon [_thread_blocked, id=184, stack(0x000000005f130000,0x000000005f230000)]
  0x000000005a8f3000 JavaThread "FileSystemWatcher: files=#99 cl=groovy.lang.GroovyClassLoader@548377b1" daemon [_thread_blocked, id=6976, stack(0x000000005cd30000,0x000000005ce30000)]
  0x00000000596fc000 JavaThread "Thread-4" daemon [_thread_in_native, id=4744, stack(0x0000000057910000,0x0000000057a10000)]
  0x000000005961d800 JavaThread "localhost-startStop-1" daemon [_thread_in_Java, id=5232, stack(0x000000005b2e0000,0x000000005b3e0000)]
  0x000000005961d000 JavaThread "Tomcat-startStop-1" daemon [_thread_blocked, id=2260, stack(0x000000005c910000,0x000000005ca10000)]
  0x000000005ac8a000 JavaThread "Thread-3" [_thread_in_native, id=5672, stack(0x00000000587b0000,0x00000000588b0000)]
  0x000000005956c800 JavaThread "Thread-2" [_thread_blocked, id=3444, stack(0x000000005b420000,0x000000005b520000)]
  0x000000005839a000 JavaThread "NonBlockingInputStreamThread" daemon [_thread_blocked, id=5716, stack(0x0000000057b10000,0x0000000057c10000)]
  0x000000005630f800 JavaThread "Service Thread" daemon [_thread_blocked, id=1804, stack(0x0000000057d60000,0x0000000057e60000)]
  0x00000000561ea000 JavaThread "C1 CompilerThread3" daemon [_thread_blocked, id=6288, stack(0x0000000057c40000,0x0000000057d40000)]
  0x00000000561e9800 JavaThread "C2 CompilerThread2" daemon [_thread_in_native, id=6584, stack(0x0000000057a10000,0x0000000057b10000)]
=>0x00000000561ef000 JavaThread "C2 CompilerThread1" daemon [_thread_in_native, id=6908, stack(0x0000000057770000,0x0000000057870000)]
  0x00000000561f2000 JavaThread "C2 CompilerThread0" daemon [_thread_in_native, id=3600, stack(0x00000000572a0000,0x00000000573a0000)]
  0x00000000560f8000 JavaThread "Attach Listener" daemon [_thread_blocked, id=4064, stack(0x0000000057030000,0x0000000057130000)]
  0x000000005504f000 JavaThread "Signal Dispatcher" daemon [_thread_blocked, id=7076, stack(0x0000000057600000,0x0000000057700000)]
  0x000000005503f000 JavaThread "Finalizer" daemon [_thread_blocked, id=4072, stack(0x00000000574c0000,0x00000000575c0000)]
  0x00000000560a3000 JavaThread "Reference Handler" daemon [_thread_blocked, id=6340, stack(0x00000000573b0000,0x00000000574b0000)]
  0x000000000223f800 JavaThread "main" [_thread_blocked, id=5568, stack(0x00000000022e0000,0x00000000023e0000)]

Other Threads:
  0x00000000560a2000 VMThread [stack: 0x0000000057140000,0x0000000057240000] [id=500]
  0x0000000056311000 WatcherThread [stack: 0x0000000057e80000,0x0000000057f80000] [id=6488]

VM state:not at safepoint (normal execution)

VM Mutex/Monitor currently owned by a thread: None

Heap:
 PSYoungGen      total 246784K, used 140862K [0x00000000f0000000, 0x0000000100000000, 0x0000000100000000)
  eden space 231424K, 54% used [0x00000000f0000000,0x00000000f7a968d8,0x00000000fe200000)
  from space 15360K, 99% used [0x00000000fe200000,0x00000000ff0f9080,0x00000000ff100000)
  to   space 15360K, 0% used [0x00000000ff100000,0x00000000ff100000,0x0000000100000000)
 ParOldGen       total 87040K, used 73010K [0x00000000d0000000, 0x00000000d5500000, 0x00000000f0000000)
  object space 87040K, 83% used [0x00000000d0000000,0x00000000d474cb70,0x00000000d5500000)
 Metaspace       used 55621K, capacity 57048K, committed 57344K, reserved 1099776K
  class space    used 6418K, capacity 6883K, committed 6912K, reserved 1048576K

Card table byte_map: [0x0000000011d10000,0x0000000011ea0000] byte_map_base: 0x0000000011690000

Marking Bits: (ParMarkBitMap*) 0x00000000653212b0
 Begin Bits: [0x0000000012cd0000, 0x00000000138d0000)
 End Bits:   [0x00000000138d0000, 0x00000000144d0000)

Polling page: 0x0000000000340000

CodeCache: size=245760Kb used=17852Kb max_used=17852Kb free=227907Kb
 bounds [0x0000000002950000, 0x0000000003ad0000, 0x0000000011950000]
 total_blobs=5463 nmethods=4696 adapters=678
 compilation: enabled

Compilation events (10 events):
Event: 13.264 Thread 0x00000000561ea000 5177       2       org.codehaus.groovy.runtime.dgm$27::doMethodInvoke (14 bytes)
Event: 13.265 Thread 0x00000000561ea000 nmethod 5177 0x0000000003abef50 code [0x0000000003abf0c0, 0x0000000003abf268]
Event: 13.265 Thread 0x00000000561ea000 5178       2       org.codehaus.groovy.runtime.DefaultGroovyMethods::asBoolean (10 bytes)
Event: 13.265 Thread 0x00000000561ea000 nmethod 5178 0x0000000003abec10 code [0x0000000003abed60, 0x0000000003abeeb0]
Event: 13.266 Thread 0x00000000561ea000 5179   !   2       org.codehaus.groovy.grails.web.util.TagLibraryMetaUtils::doesMethodExist (304 bytes)
Event: 13.268 Thread 0x00000000561ea000 nmethod 5179 0x0000000003abd050 code [0x0000000003abd2c0, 0x0000000003abdd48]
Event: 13.268 Thread 0x00000000561ea000 5181       2       groovy.lang.ExpandoMetaClass$3::call (244 bytes)
Event: 13.268 Thread 0x00000000561ea000 nmethod 5181 0x0000000003abb210 code [0x0000000003abb4a0, 0x0000000003abbd78]
Event: 13.269 Thread 0x00000000561ea000 5180       2       java.util.concurrent.ConcurrentHashMap::resizeStamp (13 bytes)
Event: 13.269 Thread 0x00000000561ea000 nmethod 5180 0x0000000003abccd0 code [0x0000000003abce40, 0x0000000003abcfa8]

GC Heap History (10 events):
Event: 9.638 GC heap before
{Heap before GC invocations=53 (full 5):
 PSYoungGen      total 225792K, used 219179K [0x00000000f0000000, 0x00000000ffa00000, 0x0000000100000000)
  eden space 215040K, 100% used [0x00000000f0000000,0x00000000fd200000,0x00000000fd200000)
  from space 10752K, 38% used [0x00000000fd200000,0x00000000fd60ad98,0x00000000fdc80000)
  to   space 10240K, 0% used [0x00000000ff000000,0x00000000ff000000,0x00000000ffa00000)
 ParOldGen       total 72192K, used 58624K [0x00000000d0000000, 0x00000000d4680000, 0x00000000f0000000)
  object space 72192K, 81% used [0x00000000d0000000,0x00000000d3940198,0x00000000d4680000)
 Metaspace       used 49735K, capacity 50994K, committed 51072K, reserved 1093632K
  class space    used 5631K, capacity 6012K, committed 6016K, reserved 1048576K
Event: 9.663 GC heap after
Heap after GC invocations=53 (full 5):
 PSYoungGen      total 245760K, used 5815K [0x00000000f0000000, 0x00000000ffa00000, 0x0000000100000000)
  eden space 235520K, 0% used [0x00000000f0000000,0x00000000f0000000,0x00000000fe600000)
  from space 10240K, 56% used [0x00000000ff000000,0x00000000ff5add38,0x00000000ffa00000)
  to   space 10240K, 0% used [0x00000000fe600000,0x00000000fe600000,0x00000000ff000000)
 ParOldGen       total 72192K, used 58632K [0x00000000d0000000, 0x00000000d4680000, 0x00000000f0000000)
  object space 72192K, 81% used [0x00000000d0000000,0x00000000d3942198,0x00000000d4680000)
 Metaspace       used 49735K, capacity 50994K, committed 51072K, reserved 1093632K
  class space    used 5631K, capacity 6012K, committed 6016K, reserved 1048576K
}
Event: 10.286 GC heap before
{Heap before GC invocations=54 (full 5):
 PSYoungGen      total 245760K, used 235565K [0x00000000f0000000, 0x00000000ffa00000, 0x0000000100000000)
  eden space 235520K, 97% used [0x00000000f0000000,0x00000000fe05d850,0x00000000fe600000)
  from space 10240K, 56% used [0x00000000ff000000,0x00000000ff5add38,0x00000000ffa00000)
  to   space 10240K, 0% used [0x00000000fe600000,0x00000000fe600000,0x00000000ff000000)
 ParOldGen       total 72192K, used 58632K [0x00000000d0000000, 0x00000000d4680000, 0x00000000f0000000)
  object space 72192K, 81% used [0x00000000d0000000,0x00000000d3942198,0x00000000d4680000)
 Metaspace       used 51439K, capacity 52746K, committed 52864K, reserved 1095680K
  class space    used 5878K, capacity 6272K, committed 6272K, reserved 1048576K
Event: 10.314 GC heap after
Heap after GC invocations=54 (full 5):
 PSYoungGen      total 245760K, used 9659K [0x00000000f0000000, 0x0000000100000000, 0x0000000100000000)
  eden space 235520K, 0% used [0x00000000f0000000,0x00000000f0000000,0x00000000fe600000)
  from space 10240K, 94% used [0x00000000fe600000,0x00000000fef6eee8,0x00000000ff000000)
  to   space 11264K, 0% used [0x00000000ff500000,0x00000000ff500000,0x0000000100000000)
 ParOldGen       total 72192K, used 58640K [0x00000000d0000000, 0x00000000d4680000, 0x00000000f0000000)
  object space 72192K, 81% used [0x00000000d0000000,0x00000000d3944198,0x00000000d4680000)
 Metaspace       used 51439K, capacity 52746K, committed 52864K, reserved 1095680K
  class space    used 5878K, capacity 6272K, committed 6272K, reserved 1048576K
}
Event: 11.100 GC heap before
{Heap before GC invocations=55 (full 5):
 PSYoungGen      total 245760K, used 240077K [0x00000000f0000000, 0x0000000100000000, 0x0000000100000000)
  eden space 235520K, 97% used [0x00000000f0000000,0x00000000fe1046c0,0x00000000fe600000)
  from space 10240K, 94% used [0x00000000fe600000,0x00000000fef6eee8,0x00000000ff000000)
  to   space 11264K, 0% used [0x00000000ff500000,0x00000000ff500000,0x0000000100000000)
 ParOldGen       total 72192K, used 58640K [0x00000000d0000000, 0x00000000d4680000, 0x00000000f0000000)
  object space 72192K, 81% used [0x00000000d0000000,0x00000000d3944198,0x00000000d4680000)
 Metaspace       used 52445K, capacity 53830K, committed 54016K, reserved 1097728K
  class space    used 6005K, capacity 6387K, committed 6400K, reserved 1048576K
Event: 11.134 GC heap after
Heap after GC invocations=55 (full 5):
 PSYoungGen      total 242688K, used 11232K [0x00000000f0000000, 0x0000000100000000, 0x0000000100000000)
  eden space 231424K, 0% used [0x00000000f0000000,0x00000000f0000000,0x00000000fe200000)
  from space 11264K, 99% used [0x00000000ff500000,0x00000000ffff8160,0x0000000100000000)
  to   space 15360K, 0% used [0x00000000fe200000,0x00000000fe200000,0x00000000ff100000)
 ParOldGen       total 72192K, used 64202K [0x00000000d0000000, 0x00000000d4680000, 0x00000000f0000000)
  object space 72192K, 88% used [0x00000000d0000000,0x00000000d3eb2bf8,0x00000000d4680000)
 Metaspace       used 52445K, capacity 53830K, committed 54016K, reserved 1097728K
  class space    used 6005K, capacity 6387K, committed 6400K, reserved 1048576K
}
Event: 11.134 GC heap before
{Heap before GC invocations=56 (full 6):
 PSYoungGen      total 242688K, used 11232K [0x00000000f0000000, 0x0000000100000000, 0x0000000100000000)
  eden space 231424K, 0% used [0x00000000f0000000,0x00000000f0000000,0x00000000fe200000)
  from space 11264K, 99% used [0x00000000ff500000,0x00000000ffff8160,0x0000000100000000)
  to   space 15360K, 0% used [0x00000000fe200000,0x00000000fe200000,0x00000000ff100000)
 ParOldGen       total 72192K, used 64202K [0x00000000d0000000, 0x00000000d4680000, 0x00000000f0000000)
  object space 72192K, 88% used [0x00000000d0000000,0x00000000d3eb2bf8,0x00000000d4680000)
 Metaspace       used 52445K, capacity 53830K, committed 54016K, reserved 1097728K
  class space    used 6005K, capacity 6387K, committed 6400K, reserved 1048576K
Event: 11.957 GC heap after
Heap after GC invocations=56 (full 6):
 PSYoungGen      total 242688K, used 2009K [0x00000000f0000000, 0x0000000100000000, 0x0000000100000000)
  eden space 231424K, 0% used [0x00000000f0000000,0x00000000f0000000,0x00000000fe200000)
  from space 11264K, 17% used [0x00000000ff500000,0x00000000ff6f6470,0x0000000100000000)
  to   space 15360K, 0% used [0x00000000fe200000,0x00000000fe200000,0x00000000ff100000)
 ParOldGen       total 87040K, used 72189K [0x00000000d0000000, 0x00000000d5500000, 0x00000000f0000000)
  object space 87040K, 82% used [0x00000000d0000000,0x00000000d467f610,0x00000000d5500000)
 Metaspace       used 52445K, capacity 53830K, committed 54016K, reserved 1097728K
  class space    used 6005K, capacity 6387K, committed 6400K, reserved 1048576K
}
Event: 12.850 GC heap before
{Heap before GC invocations=57 (full 6):
 PSYoungGen      total 242688K, used 225899K [0x00000000f0000000, 0x0000000100000000, 0x0000000100000000)
  eden space 231424K, 96% used [0x00000000f0000000,0x00000000fdaa4860,0x00000000fe200000)
  from space 11264K, 17% used [0x00000000ff500000,0x00000000ff6f6470,0x0000000100000000)
  to   space 15360K, 0% used [0x00000000fe200000,0x00000000fe200000,0x00000000ff100000)
 ParOldGen       total 87040K, used 72189K [0x00000000d0000000, 0x00000000d5500000, 0x00000000f0000000)
  object space 87040K, 82% used [0x00000000d0000000,0x00000000d467f610,0x00000000d5500000)
 Metaspace       used 54857K, capacity 56222K, committed 56448K, reserved 1099776K
  class space    used 6282K, capacity 6712K, committed 6784K, reserved 1048576K
Event: 12.887 GC heap after
Heap after GC invocations=57 (full 6):
 PSYoungGen      total 246784K, used 15332K [0x00000000f0000000, 0x0000000100000000, 0x0000000100000000)
  eden space 231424K, 0% used [0x00000000f0000000,0x00000000f0000000,0x00000000fe200000)
  from space 15360K, 99% used [0x00000000fe200000,0x00000000ff0f9080,0x00000000ff100000)
  to   space 15360K, 0% used [0x00000000ff100000,0x00000000ff100000,0x0000000100000000)
 ParOldGen       total 87040K, used 73010K [0x00000000d0000000, 0x00000000d5500000, 0x00000000f0000000)
  object space 87040K, 83% used [0x00000000d0000000,0x00000000d474cb70,0x00000000d5500000)
 Metaspace       used 54857K, capacity 56222K, committed 56448K, reserved 1099776K
  class space    used 6282K, capacity 6712K, committed 6784K, reserved 1048576K
}

Deoptimization events (10 events):
Event: 10.578 Thread 0x000000005961d800 Uncommon trap: reason=bimorphic action=maybe_recompile pc=0x000000000320c864 method=groovy.lang.MetaClassImpl$1MOPIter.methodNameAction(Ljava/lang/Class;Lorg/codehaus/groovy/runtime/metaclass/MetaMethodIndex$Entry;)V @ 62
Event: 10.578 Thread 0x000000005961d800 Uncommon trap: reason=bimorphic action=maybe_recompile pc=0x000000000320c864 method=groovy.lang.MetaClassImpl$1MOPIter.methodNameAction(Ljava/lang/Class;Lorg/codehaus/groovy/runtime/metaclass/MetaMethodIndex$Entry;)V @ 62
Event: 10.578 Thread 0x000000005961d800 Uncommon trap: reason=bimorphic action=maybe_recompile pc=0x000000000320c864 method=groovy.lang.MetaClassImpl$1MOPIter.methodNameAction(Ljava/lang/Class;Lorg/codehaus/groovy/runtime/metaclass/MetaMethodIndex$Entry;)V @ 62
Event: 12.241 Thread 0x000000005961d800 Uncommon trap: reason=unreached action=reinterpret pc=0x00000000036ec5f4 method=org.codehaus.groovy.runtime.metaclass.MetaMethodIndex.getMethods(Ljava/lang/Class;Ljava/lang/String;)Lorg/codehaus/groovy/runtime/metaclass/MetaMethodIndex$Entry; @ 61
Event: 12.669 Thread 0x000000005961d800 Uncommon trap: reason=array_check action=maybe_recompile pc=0x0000000003a49418 method=java.util.AbstractCollection.toArray([Ljava/lang/Object;)[Ljava/lang/Object; @ 119
Event: 12.669 Thread 0x000000005961d800 Uncommon trap: reason=array_check action=maybe_recompile pc=0x0000000003a49418 method=java.util.AbstractCollection.toArray([Ljava/lang/Object;)[Ljava/lang/Object; @ 119
Event: 12.669 Thread 0x000000005961d800 Uncommon trap: reason=array_check action=maybe_recompile pc=0x0000000003a49418 method=java.util.AbstractCollection.toArray([Ljava/lang/Object;)[Ljava/lang/Object; @ 119
Event: 12.669 Thread 0x000000005961d800 Uncommon trap: reason=array_check action=maybe_recompile pc=0x0000000003a49418 method=java.util.AbstractCollection.toArray([Ljava/lang/Object;)[Ljava/lang/Object; @ 119
Event: 13.158 Thread 0x000000005961d800 Uncommon trap: reason=class_check action=maybe_recompile pc=0x0000000003aac86c method=groovy.lang.MetaClassImpl.isGenericGetMethod(Lgroovy/lang/MetaMethod;)Z @ 14
Event: 13.159 Thread 0x000000005961d800 Uncommon trap: reason=class_check action=maybe_recompile pc=0x0000000003aac86c method=groovy.lang.MetaClassImpl.isGenericGetMethod(Lgroovy/lang/MetaMethod;)Z @ 14

Internal exceptions (10 events):
Event: 13.261 Thread 0x000000005961d800 Exception <a 'java/security/PrivilegedActionException'> (0x00000000f75cb138) thrown at [C:\re\workspace\8-2-build-windows-amd64-cygwin\jdk8u11\648\hotspot\src\share\vm\prims\jvm.cpp, line 1248]
Event: 13.261 Thread 0x000000005961d800 Exception <a 'java/lang/ClassNotFoundException': org/codehaus/groovy/grails/web/util/TagLibraryMetaUtilsBeanInfo> (0x00000000f75cc068) thrown at [C:\re\workspace\8-2-build-windows-amd64-cygwin\jdk8u11\648\hotspot\src\share\vm\classfile\systemDictionary.cpp
Event: 13.261 Thread 0x000000005961d800 Exception <a 'java/security/PrivilegedActionException'> (0x00000000f75cd2b0) thrown at [C:\re\workspace\8-2-build-windows-amd64-cygwin\jdk8u11\648\hotspot\src\share\vm\prims\jvm.cpp, line 1248]
Event: 13.261 Thread 0x000000005961d800 Exception <a 'java/security/PrivilegedActionException'> (0x00000000f75d17d0) thrown at [C:\re\workspace\8-2-build-windows-amd64-cygwin\jdk8u11\648\hotspot\src\share\vm\prims\jvm.cpp, line 1248]
Event: 13.261 Thread 0x000000005961d800 Exception <a 'java/security/PrivilegedActionException'> (0x00000000f75e1e40) thrown at [C:\re\workspace\8-2-build-windows-amd64-cygwin\jdk8u11\648\hotspot\src\share\vm\prims\jvm.cpp, line 1248]
Event: 13.261 Thread 0x000000005961d800 Exception <a 'java/security/PrivilegedActionException'> (0x00000000f75f66d8) thrown at [C:\re\workspace\8-2-build-windows-amd64-cygwin\jdk8u11\648\hotspot\src\share\vm\prims\jvm.cpp, line 1248]
Event: 13.261 Thread 0x000000005961d800 Exception <a 'java/security/PrivilegedActionException'> (0x00000000f75fabf8) thrown at [C:\re\workspace\8-2-build-windows-amd64-cygwin\jdk8u11\648\hotspot\src\share\vm\prims\jvm.cpp, line 1248]
Event: 13.262 Thread 0x000000005961d800 Exception <a 'java/security/PrivilegedActionException'> (0x00000000f760b268) thrown at [C:\re\workspace\8-2-build-windows-amd64-cygwin\jdk8u11\648\hotspot\src\share\vm\prims\jvm.cpp, line 1248]
Event: 13.262 Thread 0x000000005961d800 Exception <a 'java/security/PrivilegedActionException'> (0x00000000f762f218) thrown at [C:\re\workspace\8-2-build-windows-amd64-cygwin\jdk8u11\648\hotspot\src\share\vm\prims\jvm.cpp, line 1248]
Event: 13.262 Thread 0x000000005961d800 Exception <a 'java/lang/ClassNotFoundException': org/codehaus/groovy/grails/web/util/TagLibraryMetaUtilsCustomizer> (0x00000000f7630150) thrown at [C:\re\workspace\8-2-build-windows-amd64-cygwin\jdk8u11\648\hotspot\src\share\vm\classfile\systemDictionary.cA~ÇCŠ…*@

Events (10 events):
Event: 13.260 loading class org/codehaus/groovy/grails/web/util/TagLibraryMetaUtilsBeanInfo
Event: 13.260 loading class org/codehaus/groovy/grails/web/util/TagLibraryMetaUtilsBeanInfo done
Event: 13.261 loading class org/codehaus/groovy/grails/web/util/TagLibraryMetaUtilsBeanInfo
Event: 13.261 loading class org/codehaus/groovy/grails/web/util/TagLibraryMetaUtilsBeanInfo done
Event: 13.261 loading class org/codehaus/groovy/grails/web/util/TagLibraryMetaUtilsCustomizer
Event: 13.261 loading class org/codehaus/groovy/grails/web/util/TagLibraryMetaUtilsCustomizer done
Event: 13.261 loading class org/codehaus/groovy/grails/web/util/TagLibraryMetaUtilsCustomizer
Event: 13.261 loading class org/codehaus/groovy/grails/web/util/TagLibraryMetaUtilsCustomizer done
Event: 13.262 loading class org/codehaus/groovy/grails/web/util/TagLibraryMetaUtilsCustomizer
Event: 13.262 loading class org/codehaus/groovy/grails/web/util/TagLibraryMetaUtilsCustomizer done


Dynamic libraries:
0x000000013f6d0000 - 0x000000013f704000 	C:\Program Files\Java\jdk1.8.0_11\bin\java.exe
0x0000000076e20000 - 0x0000000076fc9000 	C:\Windows\SYSTEM32\ntdll.dll
0x0000000076d00000 - 0x0000000076e1f000 	C:\Windows\system32\kernel32.dll
0x000007fefd350000 - 0x000007fefd3bc000 	C:\Windows\system32\KERNELBASE.dll
0x000007fefe9a0000 - 0x000007fefea7b000 	C:\Windows\system32\ADVAPI32.dll
0x000007fefe7f0000 - 0x000007fefe88f000 	C:\Windows\system32\msvcrt.dll
0x000007fefe7d0000 - 0x000007fefe7ef000 	C:\Windows\SYSTEM32\sechost.dll
0x000007fefd6f0000 - 0x000007fefd81d000 	C:\Windows\system32\RPCRT4.dll
0x0000000076890000 - 0x000000007698a000 	C:\Windows\system32\USER32.dll
0x000007fefe890000 - 0x000007fefe8f7000 	C:\Windows\system32\GDI32.dll
0x000007fefe7c0000 - 0x000007fefe7ce000 	C:\Windows\system32\LPK.dll
0x000007feff060000 - 0x000007feff129000 	C:\Windows\system32\USP10.dll
0x000007fefc340000 - 0x000007fefc534000 	C:\Windows\WinSxS\amd64_microsoft.windows.common-controls_6595b64144ccf1df_6.0.7601.17514_none_fa396087175ac9ac\COMCTL32.dll
0x000007fefe920000 - 0x000007fefe991000 	C:\Windows\system32\SHLWAPI.dll
0x000007fefeae0000 - 0x000007fefeb0e000 	C:\Windows\system32\IMM32.DLL
0x000007fefee70000 - 0x000007fefef79000 	C:\Windows\system32\MSCTF.dll
0x000000006ab80000 - 0x000000006ac52000 	C:\Program Files\Java\jdk1.8.0_11\jre\bin\msvcr100.dll
0x0000000064b70000 - 0x000000006539a000 	C:\Program Files\Java\jdk1.8.0_11\jre\bin\server\jvm.dll
0x000007fef8020000 - 0x000007fef8029000 	C:\Windows\system32\WSOCK32.dll
0x000007feff010000 - 0x000007feff05d000 	C:\Windows\system32\WS2_32.dll
0x000007feff000000 - 0x000007feff008000 	C:\Windows\system32\NSI.dll
0x000007fefad00000 - 0x000007fefad3b000 	C:\Windows\system32\WINMM.dll
0x0000000076fe0000 - 0x0000000076fe7000 	C:\Windows\system32\PSAPI.DLL
0x0000000071820000 - 0x000000007182f000 	C:\Program Files\Java\jdk1.8.0_11\jre\bin\verify.dll
0x000000006d960000 - 0x000000006d988000 	C:\Program Files\Java\jdk1.8.0_11\jre\bin\java.dll
0x000000006d930000 - 0x000000006d953000 	C:\Program Files\Java\jdk1.8.0_11\jre\bin\instrument.dll
0x000000006da30000 - 0x000000006da46000 	C:\Program Files\Java\jdk1.8.0_11\jre\bin\zip.dll
0x000007fefd820000 - 0x000007fefe5a8000 	C:\Windows\system32\SHELL32.dll
0x000007fefe5b0000 - 0x000007fefe7b3000 	C:\Windows\system32\ole32.dll
0x000007fefd280000 - 0x000007fefd28f000 	C:\Windows\system32\profapi.dll
0x000007fefcb10000 - 0x000007fefcb27000 	C:\Windows\system32\CRYPTSP.dll
0x000007fefc810000 - 0x000007fefc857000 	C:\Windows\system32\rsaenh.dll
0x000007fefc220000 - 0x000007fefc23e000 	C:\Windows\system32\USERENV.dll
0x000007fefd170000 - 0x000007fefd17f000 	C:\Windows\system32\CRYPTBASE.dll
0x000000006e360000 - 0x000000006e37a000 	C:\Program Files\Java\jdk1.8.0_11\jre\bin\net.dll
0x000007fefcab0000 - 0x000007fefcb05000 	C:\Windows\system32\mswsock.dll
0x000007fefcaa0000 - 0x000007fefcaa7000 	C:\Windows\System32\wship6.dll
0x000007fef9a60000 - 0x000007fef9a87000 	C:\Windows\system32\IPHLPAPI.DLL
0x000007fef9a50000 - 0x000007fef9a5b000 	C:\Windows\system32\WINNSI.DLL
0x000007fef9850000 - 0x000007fef9861000 	C:\Windows\system32\dhcpcsvc6.DLL
0x000007fef9830000 - 0x000007fef9848000 	C:\Windows\system32\dhcpcsvc.DLL
0x000000006d870000 - 0x000000006d881000 	C:\Program Files\Java\jdk1.8.0_11\jre\bin\nio.dll
0x000007fefbad0000 - 0x000007fefbada000 	C:\Users\GRomano\AppData\Local\Temp\jansi-64-879658677532305026.dll
0x000000006ab70000 - 0x000000006ab7d000 	C:\Program Files\Java\jdk1.8.0_11\jre\bin\management.dll
0x000007fefc090000 - 0x000007fefc097000 	C:\Windows\System32\wshtcpip.dll
0x000007fefc930000 - 0x000007fefc98b000 	C:\Windows\system32\DNSAPI.dll
0x000007fef7f50000 - 0x000007fef7f7e000 	C:\Program Files\Common Files\Microsoft Shared\Windows Live\WLIDNSP.DLL
0x000007fef7f20000 - 0x000007fef7f28000 	C:\Windows\system32\rasadhlp.dll
0x000007fef98d0000 - 0x000007fef9923000 	C:\Windows\System32\fwpuclnt.dll
0x000007fefaa00000 - 0x000007fefaa15000 	C:\Windows\system32\NLAapi.dll
0x000007fee70c0000 - 0x000007fee70d5000 	C:\Windows\system32\napinsp.dll
0x000007fee70a0000 - 0x000007fee70b9000 	C:\Windows\system32\pnrpnsp.dll
0x000007fee7090000 - 0x000007fee709b000 	C:\Windows\System32\winrnr.dll
0x000007fee7080000 - 0x000007fee7090000 	C:\Windows\system32\wshbth.dll
0x000007fef6510000 - 0x000007fef6635000 	C:\Windows\system32\dbghelp.dll

VM Arguments:
jvm_args: -Dfile.encoding=UTF-8 -Xmx768M -Xms64M -Dgrails.fork.parent.process.port=50264 -Dgrails.fork.active=true -Dgrails.build.execution.context=C:\Users\GRomano\AppData\Local\Temp\abogadoExpressPuntoNet8997713670014736693grails-execution-context -Dgrails.home=C:\ggts-bundle\grails-2.4.2 -javaagent:C:\ggts-bundle\grails-2.4.2\lib\org.springframework\springloaded\jars\springloaded-1.2.0.RELEASE.jar -Xverify:none -Dspringloaded.synchronize=true -Djdk.reflect.allowGetCallerClass=true -Dspringloaded=profile=grails;cacheDir=C:\Users\GRomano\.grails\2.4.2 
java_command: org.grails.plugins.tomcat.fork.ForkedTomcatServer
java_class_path (initial): C:\Program Files\Java\jdk1.8.0_11\lib\tools.jar;C:\ggts-bundle\grails-2.4.2\lib\org.codehaus.groovy\groovy-all\jars\groovy-all-2.3.3.jar;C:\ggts-bundle\grails-2.4.2\lib\org.slf4j\jcl-over-slf4j\jars\jcl-over-slf4j-1.7.5.jar;C:\ggts-bundle\grails-2.4.2\lib\org.codehaus.gant\gant_groovy1.8\jars\gant_groovy1.8-1.9.6.jar;C:\ggts-bundle\grails-2.4.2\lib\org.apache.tomcat.embed\tomcat-embed-logging-log4j\jars\tomcat-embed-logging-log4j-7.0.50.jar;C:\ggts-bundle\grails-2.4.2\dist\grails-plugin-log4j-2.4.2.jar;C:\ggts-bundle\grails-2.4.2\lib\log4j\log4j\jars\log4j-1.2.17.jar;C:\ggts-bundle\grails-2.4.2\dist\grails-bootstrap-2.4.2.jar;C:\ggts-bundle\grails-2.4.2\lib\org.slf4j\slf4j-api\jars\slf4j-api-1.7.5.jar;C:\ggts-bundle\grails-2.4.2\lib\jline\jline\jars\jline-2.12.jar;C:\ggts-bundle\grails-2.4.2\lib\org.apache.ant\ant\jars\ant-1.8.4.jar;C:\ggts-bundle\grails-2.4.2\lib\org.apache.ant\ant-launcher\jars\ant-launcher-1.8.4.jar;C:\ggts-bundle\grails-2.4.2\lib\org.apache.ant\ant-trax\jars\ant-trax-1.7.1.jar;C:\ggts-bundle\grails-2.4.2\lib\org.apache.ant\ant-junit\jars\ant-junit-1.8.4.jar;C:\ggts-bundle\grails-2.4.2\lib\org.apache.ivy\ivy\jars\ivy-2.3.0.jar;C:\ggts-bundle\grails-2.4.2\lib\org.fusesource.jansi\jansi\jars\jansi-1.11.jar;C:\Users\GRomano\.m2\repository\org\eclipse\jdt\core\compiler\ecj\3.7.2\ecj-3.7.2.jar;C:\Users\GRomano\.m2\repository\org\apache\tomcat\embed\tomcat-embed-el\7.0.53\tomcat-embed-el-7.0.53.jar;C:\Users\GRomano\.m2\repository\org\apache\tomcat\embed\tomcat-embed-jasper\7.0.53\tomcat-embed-jasper-7.0.53.jar;C:\Users\GRomano\.m2\repository\org\apache\tomcat\tomcat-catalina-ant\7.0.53\tomcat-catalina-ant-7.0.53.jar;C:\Users\GRomano\.m2\repository\org\apache\tomcat\embed\tomcat-embed-logging-log4j\7.0.53\tomcat-embed-logging-log4j-7.0.53.jar;C:\Users\GRomano\.m2\repository\org\apache\tomcat\embed\tomcat-embed-websocket\7.0.53\tomcat-embed-websocket-7.0.53.jar;D:\workspace_grails\abogadoExpressPuntoNet\target\work\plugins\to
Launcher Type: SUN_STANDARD

Environment Variables:
JAVA_HOME=C:\Program Files\Java\jdk1.8.0_11
PATH=C:\Program Files\Common Files\Microsoft Shared\Windows Live;C:\Program Files (x86)\Common Files\Microsoft Shared\Windows Live;C:\Program Files (x86)\NVIDIA Corporation\PhysX\Common;C:\Program Files (x86)\Intel\iCLS Client\;C:\Program Files\Intel\iCLS Client\;C:\Windows\system32;C:\Windows;C:\Windows\System32\Wbem;C:\Windows\System32\WindowsPowerShell\v1.0\;C:\Program Files\Intel\Intel(R) Management Engine Components\DAL;C:\Program Files\Intel\Intel(R) Management Engine Components\IPT;C:\Program Files (x86)\Intel\Intel(R) Management Engine Components\DAL;C:\Program Files (x86)\Intel\Intel(R) Management Engine Components\IPT;C:\Program Files\Lenovo\Bluetooth Software\;C:\Program Files\Lenovo\Bluetooth Software\syswow64;C:\Program Files\Java\jdk1.8.0_11\bin;C:\grails\grails-2.4.3\bin;C:\Program Files (x86)\MySQL\MySQL Utilities 1.3.6\
USERNAME=GRomano
OS=Windows_NT
PROCESSOR_IDENTIFIER=Intel64 Family 6 Model 58 Stepping 9, GenuineIntel



---------------  S Y S T E M  ---------------

OS: Windows 7 , 64 bit Build 7601 Service Pack 1

CPU:total 8 (4 cores per cpu, 2 threads per core) family 6 model 58 stepping 9, cmov, cx8, fxsr, mmx, sse, sse2, sse3, ssse3, sse4.1, sse4.2, popcnt, avx, aes, clmul, erms, ht, tsc, tscinvbit

Memory: 4k page, physical 5746284k(2456520k free), swap 11490716k(6244240k free)

vm_info: Java HotSpot(TM) 64-Bit Server VM (25.11-b03) for windows-amd64 JRE (1.8.0_11-b12), built on Jun 16 2014 20:57:32 by "java_re" with MS VC++ 10.0 (VS2010)

time: Fri Aug 15 17:50:40 2014
elapsed time: 13 seconds

