#
# A fatal error has been detected by the Java Runtime Environment:
#
#  EXCEPTION_ACCESS_VIOLATION (0xc0000005) at pc=0x000000005d084db2, pid=6100, tid=5156
#
# JRE version: Java(TM) SE Runtime Environment (8.0_11-b12) (build 1.8.0_11-b12)
# Java VM: Java HotSpot(TM) 64-Bit Server VM (25.11-b03 mixed mode windows-amd64 compressed oops)
# Problematic frame:
# V  [jvm.dll+0x424db2]
#
# Failed to write core dump. Minidumps are not enabled by default on client versions of Windows
#
# If you would like to submit a bug report, please visit:
#   http://bugreport.sun.com/bugreport/crash.jsp
#

---------------  T H R E A D  ---------------

Current thread (0x00000000560bd000):  JavaThread "C2 CompilerThread2" daemon [_thread_in_native, id=5156, stack(0x0000000057310000,0x0000000057410000)]

siginfo: ExceptionCode=0xc0000005, reading address 0x0000000000000000

Registers:
RAX=0x000000005c8d87c8, RBX=0x0000000000000600, RCX=0x0000000000000000, RDX=0x00000000585574b0
RSP=0x000000005740c2e0, RBP=0x00000000000000c0, RSI=0x00000000000000b8, RDI=0x0000000000000000
R8 =0x000000005cc60000, R9 =0x000000005740c600, R10=0x00000000ffffffff, R11=0x00000000560db1f0
R12=0x000000005c8d8ed0, R13=0x000000005ef14a78, R14=0x0000000000000008, R15=0x000000005ef14a78
RIP=0x000000005d084db2, EFLAGS=0x0000000000010206

Top of Stack: (sp=0x000000005740c2e0)
0x000000005740c2e0:   00000000000000da 00000000000000b0
0x000000005740c2f0:   000000000000000a 000000005ae75c38
0x000000005740c300:   0000000000000001 0000000000000600
0x000000005740c310:   0000000000000180 00000000000000c0
0x000000005740c320:   0000000058695130 00000000560c5a60
0x000000005740c330:   00000000000006b0 0000000058552ed0
0x000000005740c340:   000000005740c600 000000005c8d5960
0x000000005740c350:   0000000000000020 0000000000000009
0x000000005740c360:   000000005c8d8ea0 00000000000000da
0x000000005740c370:   000000005ef14a78 000000005d08598d
0x000000005740c380:   000000005c8d8ea0 000000000000001c
0x000000005740c390:   00000000000000da 000000005740c600
0x000000005740c3a0:   00000000585574b0 00000000000000da
0x000000005740c3b0:   000000005c8d5960 0000000000000020
0x000000005740c3c0:   00000000601eac80 000000005740e970
0x000000005740c3d0:   00000000601eb2b0 000000005c8d8ea0 

Instructions: (pc=0x000000005d084db2)
0x000000005d084d92:   c6 48 63 f0 48 03 f1 eb 04 48 83 ce ff 48 8b 84
0x000000005d084da2:   24 a0 00 00 00 48 8b 40 08 48 8b 3c 03 48 8b cf
0x000000005d084db2:   48 8b 07 ff 50 28 4c 8d 05 41 b2 bd ff 48 63 50
0x000000005d084dc2:   10 4c 8b d8 48 8b ca 48 c1 e1 05 42 80 bc 01 c0 


Register to memory mapping:

RAX=0x000000005c8d87c8 is an unknown value
RBX=0x0000000000000600 is an unknown value
RCX=0x0000000000000000 is an unknown value
RDX=0x00000000585574b0 is an unknown value
RSP=0x000000005740c2e0 is pointing into the stack for thread: 0x00000000560bd000
RBP=0x00000000000000c0 is an unknown value
RSI=0x00000000000000b8 is an unknown value
RDI=0x0000000000000000 is an unknown value
R8 =0x000000005cc60000 is an unknown value
R9 =0x000000005740c600 is pointing into the stack for thread: 0x00000000560bd000
R10=0x00000000ffffffff is an unknown value
R11=0x00000000560db1f0 is an unknown value
R12=0x000000005c8d8ed0 is an unknown value
R13=0x000000005ef14a78 is an unknown value
R14=0x0000000000000008 is an unknown value
R15=0x000000005ef14a78 is an unknown value


Stack: [0x0000000057310000,0x0000000057410000],  sp=0x000000005740c2e0,  free space=1008k
Native frames: (J=compiled Java code, j=interpreted, Vv=VM code, C=native code)
V  [jvm.dll+0x424db2]
V  [jvm.dll+0x42598d]
V  [jvm.dll+0x425ecf]
V  [jvm.dll+0x4c5a84]
V  [jvm.dll+0x4415bc]
V  [jvm.dll+0x443a29]
V  [jvm.dll+0x427722]
V  [jvm.dll+0x96982]
V  [jvm.dll+0x97173]
V  [jvm.dll+0x2234b4]
V  [jvm.dll+0x27bcca]
C  [msvcr100.dll+0x21d9f]
C  [msvcr100.dll+0x21e3b]
C  [kernel32.dll+0x1652d]
C  [ntdll.dll+0x2c521]


Current CompileTask:
C2:  13995 5503       4       groovy.lang.MetaClassImpl::findPropertyMethod (356 bytes)


---------------  P R O C E S S  ---------------

Java Threads: ( => current thread )
  0x000000005ab64800 JavaThread "net.sf.ehcache.CacheManager@25782cf2" daemon [_thread_blocked, id=4960, stack(0x0000000061110000,0x0000000061210000)]
  0x000000005ab62000 JavaThread "Abandoned connection cleanup thread" daemon [_thread_blocked, id=6356, stack(0x000000005faf0000,0x000000005fbf0000)]
  0x000000005ab61800 JavaThread "PoolCleaner[2111581464:1408235182851]" daemon [_thread_blocked, id=2384, stack(0x0000000060c50000,0x0000000060d50000)]
  0x000000005b082800 JavaThread "FileSystemWatcher: files=#104 cl=groovy.lang.GroovyClassLoader@7ddc2d18" daemon [_thread_blocked, id=6708, stack(0x000000005d8d0000,0x000000005d9d0000)]
  0x000000005acd2000 JavaThread "Thread-4" daemon [_thread_in_native, id=4944, stack(0x000000005d6f0000,0x000000005d7f0000)]
  0x000000005ad90000 JavaThread "localhost-startStop-1" daemon [_thread_in_native, id=1192, stack(0x000000005ba10000,0x000000005bb10000)]
  0x000000005aca9800 JavaThread "Tomcat-startStop-1" daemon [_thread_blocked, id=5812, stack(0x000000005a160000,0x000000005a260000)]
  0x0000000059619800 JavaThread "Thread-3" [_thread_in_native, id=5276, stack(0x000000005b6b0000,0x000000005b7b0000)]
  0x0000000059a7c800 JavaThread "Thread-2" [_thread_blocked, id=7128, stack(0x0000000058b30000,0x0000000058c30000)]
  0x00000000583ca800 JavaThread "NonBlockingInputStreamThread" daemon [_thread_blocked, id=6860, stack(0x0000000058c40000,0x0000000058d40000)]
  0x0000000056239000 JavaThread "Service Thread" daemon [_thread_blocked, id=6000, stack(0x0000000057d70000,0x0000000057e70000)]
  0x00000000560bd800 JavaThread "C1 CompilerThread3" daemon [_thread_blocked, id=1300, stack(0x0000000057af0000,0x0000000057bf0000)]
=>0x00000000560bd000 JavaThread "C2 CompilerThread2" daemon [_thread_in_native, id=5156, stack(0x0000000057310000,0x0000000057410000)]
  0x00000000560bc000 JavaThread "C2 CompilerThread1" daemon [_thread_in_native, id=7132, stack(0x0000000057980000,0x0000000057a80000)]
  0x00000000560c2800 JavaThread "C2 CompilerThread0" daemon [_thread_in_native, id=6044, stack(0x0000000057810000,0x0000000057910000)]
  0x0000000055fc7000 JavaThread "Attach Listener" daemon [_thread_blocked, id=6020, stack(0x0000000057600000,0x0000000057700000)]
  0x0000000055fc6000 JavaThread "Signal Dispatcher" daemon [_thread_blocked, id=3940, stack(0x00000000574d0000,0x00000000575d0000)]
  0x000000005501a800 JavaThread "Finalizer" daemon [_thread_blocked, id=7028, stack(0x0000000056ef0000,0x0000000056ff0000)]
  0x0000000055014800 JavaThread "Reference Handler" daemon [_thread_blocked, id=5928, stack(0x0000000057200000,0x0000000057300000)]
  0x00000000022df800 JavaThread "main" [_thread_blocked, id=6796, stack(0x00000000024a0000,0x00000000025a0000)]

Other Threads:
  0x000000005500f800 VMThread [stack: 0x0000000057070000,0x0000000057170000] [id=6012]
  0x000000005623b000 WatcherThread [stack: 0x0000000057e80000,0x0000000057f80000] [id=6272]

VM state:not at safepoint (normal execution)

VM Mutex/Monitor currently owned by a thread: None

Heap:
 PSYoungGen      total 240128K, used 42545K [0x00000000f0000000, 0x0000000100000000, 0x0000000100000000)
  eden space 219136K, 13% used [0x00000000f0000000,0x00000000f1c057b0,0x00000000fd600000)
  from space 20992K, 65% used [0x00000000feb80000,0x00000000ff906c90,0x0000000100000000)
  to   space 21504K, 0% used [0x00000000fd600000,0x00000000fd600000,0x00000000feb00000)
 ParOldGen       total 105984K, used 86792K [0x00000000d0000000, 0x00000000d6780000, 0x00000000f0000000)
  object space 105984K, 81% used [0x00000000d0000000,0x00000000d54c2168,0x00000000d6780000)
 Metaspace       used 58783K, capacity 60286K, committed 60416K, reserved 1101824K
  class space    used 6868K, capacity 7365K, committed 7424K, reserved 1048576K

Card table byte_map: [0x0000000011d40000,0x0000000011ed0000] byte_map_base: 0x00000000116c0000

Marking Bits: (ParMarkBitMap*) 0x000000005d4112b0
 Begin Bits: [0x0000000012cb0000, 0x00000000138b0000)
 End Bits:   [0x00000000138b0000, 0x00000000144b0000)

Polling page: 0x0000000000430000

CodeCache: size=245760Kb used=18764Kb max_used=18768Kb free=226995Kb
 bounds [0x0000000002980000, 0x0000000003bf0000, 0x0000000011980000]
 total_blobs=5809 nmethods=5040 adapters=679
 compilation: enabled

Compilation events (10 events):
Event: 13.896 Thread 0x00000000560bd800 5741       2       liquibase.servicelocator.AssignableToPackageScanFilter::toString (95 bytes)
Event: 13.896 Thread 0x00000000560bd800 nmethod 5741 0x0000000003bc0850 code [0x0000000003bc0a60, 0x0000000003bc10c8]
Event: 13.898 Thread 0x00000000560bd800 5742       2       liquibase.servicelocator.DefaultPackageScanClassResolver::getClassLoaders (94 bytes)
Event: 13.898 Thread 0x00000000560bd800 nmethod 5742 0x0000000003bc3e10 code [0x0000000003bc4040, 0x0000000003bc47d8]
Event: 13.900 Thread 0x00000000560bd800 5743   !   2       liquibase.servicelocator.DefaultPackageScanClassResolver::addIfMatching (494 bytes)
Event: 13.902 Thread 0x00000000560bd800 nmethod 5743 0x0000000003bdb0d0 code [0x0000000003bdb700, 0x0000000003bdd488]
Event: 13.902 Thread 0x00000000560bd800 5744       2       liquibase.servicelocator.AssignableToPackageScanFilter::matches (63 bytes)
Event: 13.903 Thread 0x00000000560bd800 nmethod 5744 0x0000000003bc0210 code [0x0000000003bc03c0, 0x0000000003bc06a8]
Event: 13.954 Thread 0x00000000560bd000 nmethod 5472 0x0000000003be0510 code [0x0000000003be07e0, 0x0000000003be2a80]
Event: 13.954 Thread 0x00000000560bd000 5503       4       groovy.lang.MetaClassImpl::findPropertyMethod (356 bytes)

GC Heap History (10 events):
Event: 10.665 GC heap before
{Heap before GC invocations=55 (full 6):
 PSYoungGen      total 250368K, used 11761K [0x00000000f0000000, 0x0000000100000000, 0x0000000100000000)
  eden space 238592K, 0% used [0x00000000f0000000,0x00000000f0000000,0x00000000fe900000)
  from space 11776K, 99% used [0x00000000fe900000,0x00000000ff47c5c8,0x00000000ff480000)
  to   space 11776K, 0% used [0x00000000ff480000,0x00000000ff480000,0x0000000100000000)
 ParOldGen       total 72192K, used 68355K [0x00000000d0000000, 0x00000000d4680000, 0x00000000f0000000)
  object space 72192K, 94% used [0x00000000d0000000,0x00000000d42c0e28,0x00000000d4680000)
 Metaspace       used 53245K, capacity 54590K, committed 54912K, reserved 1097728K
  class space    used 6059K, capacity 6462K, committed 6528K, reserved 1048576K
Event: 11.419 GC heap after
Heap after GC invocations=55 (full 6):
 PSYoungGen      total 250368K, used 6109K [0x00000000f0000000, 0x0000000100000000, 0x0000000100000000)
  eden space 238592K, 0% used [0x00000000f0000000,0x00000000f0000000,0x00000000fe900000)
  from space 11776K, 51% used [0x00000000fe900000,0x00000000feef7700,0x00000000ff480000)
  to   space 11776K, 0% used [0x00000000ff480000,0x00000000ff480000,0x0000000100000000)
 ParOldGen       total 87040K, used 71722K [0x00000000d0000000, 0x00000000d5500000, 0x00000000f0000000)
  object space 87040K, 82% used [0x00000000d0000000,0x00000000d460a868,0x00000000d5500000)
 Metaspace       used 53245K, capacity 54590K, committed 54912K, reserved 1097728K
  class space    used 6059K, capacity 6462K, committed 6528K, reserved 1048576K
}
Event: 12.371 GC heap before
{Heap before GC invocations=56 (full 6):
 PSYoungGen      total 250368K, used 235435K [0x00000000f0000000, 0x0000000100000000, 0x0000000100000000)
  eden space 238592K, 96% used [0x00000000f0000000,0x00000000fdff3710,0x00000000fe900000)
  from space 11776K, 51% used [0x00000000fe900000,0x00000000feef7700,0x00000000ff480000)
  to   space 11776K, 0% used [0x00000000ff480000,0x00000000ff480000,0x0000000100000000)
 ParOldGen       total 87040K, used 71722K [0x00000000d0000000, 0x00000000d5500000, 0x00000000f0000000)
  object space 87040K, 82% used [0x00000000d0000000,0x00000000d460a868,0x00000000d5500000)
 Metaspace       used 55722K, capacity 57138K, committed 57344K, reserved 1099776K
  class space    used 6359K, capacity 6820K, committed 6912K, reserved 1048576K
Event: 12.408 GC heap after
Heap after GC invocations=56 (full 6):
 PSYoungGen      total 232960K, used 11744K [0x00000000f0000000, 0x0000000100000000, 0x0000000100000000)
  eden space 221184K, 0% used [0x00000000f0000000,0x00000000f0000000,0x00000000fd800000)
  from space 11776K, 99% used [0x00000000ff480000,0x00000000ffff82c0,0x0000000100000000)
  to   space 20480K, 0% used [0x00000000fd800000,0x00000000fd800000,0x00000000fec00000)
 ParOldGen       total 87040K, used 80255K [0x00000000d0000000, 0x00000000d5500000, 0x00000000f0000000)
  object space 87040K, 92% used [0x00000000d0000000,0x00000000d4e5fe20,0x00000000d5500000)
 Metaspace       used 55722K, capacity 57138K, committed 57344K, reserved 1099776K
  class space    used 6359K, capacity 6820K, committed 6912K, reserved 1048576K
}
Event: 12.408 GC heap before
{Heap before GC invocations=57 (full 7):
 PSYoungGen      total 232960K, used 11744K [0x00000000f0000000, 0x0000000100000000, 0x0000000100000000)
  eden space 221184K, 0% used [0x00000000f0000000,0x00000000f0000000,0x00000000fd800000)
  from space 11776K, 99% used [0x00000000ff480000,0x00000000ffff82c0,0x0000000100000000)
  to   space 20480K, 0% used [0x00000000fd800000,0x00000000fd800000,0x00000000fec00000)
 ParOldGen       total 87040K, used 80255K [0x00000000d0000000, 0x00000000d5500000, 0x00000000f0000000)
  object space 87040K, 92% used [0x00000000d0000000,0x00000000d4e5fe20,0x00000000d5500000)
 Metaspace       used 55722K, capacity 57138K, committed 57344K, reserved 1099776K
  class space    used 6359K, capacity 6820K, committed 6912K, reserved 1048576K
Event: 12.950 GC heap after
Heap after GC invocations=57 (full 7):
 PSYoungGen      total 232960K, used 4009K [0x00000000f0000000, 0x0000000100000000, 0x0000000100000000)
  eden space 221184K, 0% used [0x00000000f0000000,0x00000000f0000000,0x00000000fd800000)
  from space 11776K, 34% used [0x00000000ff480000,0x00000000ff86a738,0x0000000100000000)
  to   space 20480K, 0% used [0x00000000fd800000,0x00000000fd800000,0x00000000fec00000)
 ParOldGen       total 105984K, used 86736K [0x00000000d0000000, 0x00000000d6780000, 0x00000000f0000000)
  object space 105984K, 81% used [0x00000000d0000000,0x00000000d54b4168,0x00000000d6780000)
 Metaspace       used 55722K, capacity 57138K, committed 57344K, reserved 1099776K
  class space    used 6359K, capacity 6820K, committed 6912K, reserved 1048576K
}
Event: 13.571 GC heap before
{Heap before GC invocations=58 (full 7):
 PSYoungGen      total 232960K, used 225193K [0x00000000f0000000, 0x0000000100000000, 0x0000000100000000)
  eden space 221184K, 100% used [0x00000000f0000000,0x00000000fd800000,0x00000000fd800000)
  from space 11776K, 34% used [0x00000000ff480000,0x00000000ff86a738,0x0000000100000000)
  to   space 20480K, 0% used [0x00000000fd800000,0x00000000fd800000,0x00000000fec00000)
 ParOldGen       total 105984K, used 86736K [0x00000000d0000000, 0x00000000d6780000, 0x00000000f0000000)
  object space 105984K, 81% used [0x00000000d0000000,0x00000000d54b4168,0x00000000d6780000)
 Metaspace       used 57090K, capacity 58540K, committed 58880K, reserved 1101824K
  class space    used 6566K, capacity 7041K, committed 7168K, reserved 1048576K
Event: 13.594 GC heap after
Heap after GC invocations=58 (full 7):
 PSYoungGen      total 233472K, used 12065K [0x00000000f0000000, 0x0000000100000000, 0x0000000100000000)
  eden space 221184K, 0% used [0x00000000f0000000,0x00000000f0000000,0x00000000fd800000)
  from space 12288K, 98% used [0x00000000fd800000,0x00000000fe3c8620,0x00000000fe400000)
  to   space 20992K, 0% used [0x00000000feb80000,0x00000000feb80000,0x0000000100000000)
 ParOldGen       total 105984K, used 86784K [0x00000000d0000000, 0x00000000d6780000, 0x00000000f0000000)
  object space 105984K, 81% used [0x00000000d0000000,0x00000000d54c0168,0x00000000d6780000)
 Metaspace       used 57090K, capacity 58540K, committed 58880K, reserved 1101824K
  class space    used 6566K, capacity 7041K, committed 7168K, reserved 1048576K
}
Event: 13.923 GC heap before
{Heap before GC invocations=59 (full 7):
 PSYoungGen      total 233472K, used 228766K [0x00000000f0000000, 0x0000000100000000, 0x0000000100000000)
  eden space 221184K, 97% used [0x00000000f0000000,0x00000000fd39f458,0x00000000fd800000)
  from space 12288K, 98% used [0x00000000fd800000,0x00000000fe3c8620,0x00000000fe400000)
  to   space 20992K, 0% used [0x00000000feb80000,0x00000000feb80000,0x0000000100000000)
 ParOldGen       total 105984K, used 86784K [0x00000000d0000000, 0x00000000d6780000, 0x00000000f0000000)
  object space 105984K, 81% used [0x00000000d0000000,0x00000000d54c0168,0x00000000d6780000)
 Metaspace       used 58498K, capacity 60030K, committed 60160K, reserved 1101824K
  class space    used 6818K, capacity 7301K, committed 7424K, reserved 1048576K
Event: 13.952 GC heap after
Heap after GC invocations=59 (full 7):
 PSYoungGen      total 240128K, used 13851K [0x00000000f0000000, 0x0000000100000000, 0x0000000100000000)
  eden space 219136K, 0% used [0x00000000f0000000,0x00000000f0000000,0x00000000fd600000)
  from space 20992K, 65% used [0x00000000feb80000,0x00000000ff906c90,0x0000000100000000)
  to   space 21504K, 0% used [0x00000000fd600000,0x00000000fd600000,0x00000000feb00000)
 ParOldGen       total 105984K, used 86792K [0x00000000d0000000, 0x00000000d6780000, 0x00000000f0000000)
  object space 105984K, 81% used [0x00000000d0000000,0x00000000d54c2168,0x00000000d6780000)
 Metaspace       used 58498K, capacity 60030K, committed 60160K, reserved 1101824K
  class space    used 6818K, capacity 7301K, committed 7424K, reserved 1048576K
}

Deoptimization events (10 events):
Event: 9.779 Thread 0x000000005ad90000 Uncommon trap: reason=unreached action=reinterpret pc=0x0000000003368170 method=java.lang.reflect.Method.equals(Ljava/lang/Object;)Z @ 1
Event: 9.934 Thread 0x000000005ad90000 Uncommon trap: reason=bimorphic action=maybe_recompile pc=0x0000000002c8244c method=groovy.lang.MetaClassImpl$1MOPIter.methodNameAction(Ljava/lang/Class;Lorg/codehaus/groovy/runtime/metaclass/MetaMethodIndex$Entry;)V @ 268
Event: 9.934 Thread 0x000000005ad90000 Uncommon trap: reason=bimorphic action=maybe_recompile pc=0x00000000030db538 method=groovy.lang.MetaMethod.getMopName()Ljava/lang/String; @ 8
Event: 9.934 Thread 0x000000005ad90000 Uncommon trap: reason=bimorphic action=maybe_recompile pc=0x0000000002c8244c method=groovy.lang.MetaClassImpl$1MOPIter.methodNameAction(Ljava/lang/Class;Lorg/codehaus/groovy/runtime/metaclass/MetaMethodIndex$Entry;)V @ 268
Event: 9.934 Thread 0x000000005ad90000 Uncommon trap: reason=bimorphic action=maybe_recompile pc=0x0000000002c8244c method=groovy.lang.MetaClassImpl$1MOPIter.methodNameAction(Ljava/lang/Class;Lorg/codehaus/groovy/runtime/metaclass/MetaMethodIndex$Entry;)V @ 268
Event: 9.979 Thread 0x000000005ad90000 Uncommon trap: reason=null_assert action=make_not_entrant pc=0x000000000372245c method=java.util.concurrent.ConcurrentHashMap.transfer([Ljava/util/concurrent/ConcurrentHashMap$Node;[Ljava/util/concurrent/ConcurrentHashMap$Node;)V @ 557
Event: 11.557 Thread 0x000000005ad90000 Uncommon trap: reason=unreached action=reinterpret pc=0x0000000003313d70 method=org.codehaus.groovy.runtime.metaclass.MetaMethodIndex.getMethods(Ljava/lang/Class;Ljava/lang/String;)Lorg/codehaus/groovy/runtime/metaclass/MetaMethodIndex$Entry; @ 61
Event: 11.849 Thread 0x000000005ad90000 Uncommon trap: reason=unloaded action=reinterpret pc=0x00000000039f2a7c method=org.springframework.core.BridgeMethodResolver.findBridgedMethod(Ljava/lang/reflect/Method;)Ljava/lang/reflect/Method; @ 13
Event: 12.252 Thread 0x000000005ad90000 Uncommon trap: reason=null_check action=make_not_entrant pc=0x0000000003abe700 method=java.util.concurrent.ConcurrentHashMap$TreeBin.<init>(Ljava/util/concurrent/ConcurrentHashMap$TreeNode;)V @ 26
Event: 12.253 Thread 0x000000005ad90000 Uncommon trap: reason=null_check action=make_not_entrant pc=0x0000000003a5c8dc method=java.util.concurrent.ConcurrentHashMap$TreeBin.<init>(Ljava/util/concurrent/ConcurrentHashMap$TreeNode;)V @ 26

Internal exceptions (10 events):
Event: 13.982 Thread 0x000000005ad90000 Exception <a 'java/security/PrivilegedActionException'> (0x00000000f0ee1078) thrown at [C:\re\workspace\8-2-build-windows-amd64-cygwin\jdk8u11\648\hotspot\src\share\vm\prims\jvm.cpp, line 1248]
Event: 13.982 Thread 0x000000005ad90000 Exception <a 'java/security/PrivilegedActionException'> (0x00000000f0ee4568) thrown at [C:\re\workspace\8-2-build-windows-amd64-cygwin\jdk8u11\648\hotspot\src\share\vm\prims\jvm.cpp, line 1248]
Event: 13.982 Thread 0x000000005ad90000 Exception <a 'java/security/PrivilegedActionException'> (0x00000000f0eef718) thrown at [C:\re\workspace\8-2-build-windows-amd64-cygwin\jdk8u11\648\hotspot\src\share\vm\prims\jvm.cpp, line 1248]
Event: 13.982 Thread 0x000000005ad90000 Exception <a 'java/security/PrivilegedActionException'> (0x00000000f0ef2950) thrown at [C:\re\workspace\8-2-build-windows-amd64-cygwin\jdk8u11\648\hotspot\src\share\vm\prims\jvm.cpp, line 1248]
Event: 13.982 Thread 0x000000005ad90000 Exception <a 'java/security/PrivilegedActionException'> (0x00000000f0eff070) thrown at [C:\re\workspace\8-2-build-windows-amd64-cygwin\jdk8u11\648\hotspot\src\share\vm\prims\jvm.cpp, line 1248]
Event: 13.983 Thread 0x000000005ad90000 Exception <a 'java/security/PrivilegedActionException'> (0x00000000f0f03ae0) thrown at [C:\re\workspace\8-2-build-windows-amd64-cygwin\jdk8u11\648\hotspot\src\share\vm\prims\jvm.cpp, line 1248]
Event: 13.983 Thread 0x000000005ad90000 Exception <a 'java/security/PrivilegedActionException'> (0x00000000f0f149f8) thrown at [C:\re\workspace\8-2-build-windows-amd64-cygwin\jdk8u11\648\hotspot\src\share\vm\prims\jvm.cpp, line 1248]
Event: 13.983 Thread 0x000000005ad90000 Exception <a 'java/security/PrivilegedActionException'> (0x00000000f0f179a8) thrown at [C:\re\workspace\8-2-build-windows-amd64-cygwin\jdk8u11\648\hotspot\src\share\vm\prims\jvm.cpp, line 1248]
Event: 13.983 Thread 0x000000005ad90000 Exception <a 'java/security/PrivilegedActionException'> (0x00000000f0f29da0) thrown at [C:\re\workspace\8-2-build-windows-amd64-cygwin\jdk8u11\648\hotspot\src\share\vm\prims\jvm.cpp, line 1248]
Event: 13.984 Thread 0x000000005ad90000 Exception <a 'java/security/PrivilegedActionException'> (0x00000000f0f2d2a0) thrown at [C:\re\workspace\8-2-build-windows-amd64-cygwin\jdk8u11\648\hotspot\src\share\vm\prims\jvm.cpp, line 1248]

Events (10 events):
Event: 13.982 loading class liquibase/executor/jvm/SqlParameterValue
Event: 13.982 loading class liquibase/executor/jvm/SqlParameterValue done
Event: 13.982 loading class liquibase/executor/jvm/SqlParameter
Event: 13.982 loading class liquibase/executor/jvm/SqlParameter done
Event: 13.982 loading class liquibase/executor/jvm/JdbcExecutor$RowCallbackHandlerResultSetExtractor
Event: 13.982 loading class liquibase/executor/jvm/JdbcExecutor$RowCallbackHandlerResultSetExtractor done
Event: 13.983 loading class liquibase/executor/LoggingExecutor
Event: 13.983 loading class liquibase/executor/LoggingExecutor done
Event: 13.983 loading class liquibase/executor/jvm/RowCallbackHandler
Event: 13.983 loading class liquibase/executor/jvm/RowCallbackHandler done


Dynamic libraries:
0x000000013f250000 - 0x000000013f284000 	C:\Program Files\Java\jdk1.8.0_11\bin\java.exe
0x0000000077c50000 - 0x0000000077df9000 	C:\Windows\SYSTEM32\ntdll.dll
0x0000000077b30000 - 0x0000000077c4f000 	C:\Windows\system32\kernel32.dll
0x000007fefe160000 - 0x000007fefe1cc000 	C:\Windows\system32\KERNELBASE.dll
0x000007feff2b0000 - 0x000007feff38b000 	C:\Windows\system32\ADVAPI32.dll
0x000007feff5b0000 - 0x000007feff64f000 	C:\Windows\system32\msvcrt.dll
0x000007feff4a0000 - 0x000007feff4bf000 	C:\Windows\SYSTEM32\sechost.dll
0x000007feffe30000 - 0x000007fefff5d000 	C:\Windows\system32\RPCRT4.dll
0x0000000077a30000 - 0x0000000077b2a000 	C:\Windows\system32\USER32.dll
0x000007feff4c0000 - 0x000007feff527000 	C:\Windows\system32\GDI32.dll
0x000007feffb00000 - 0x000007feffb0e000 	C:\Windows\system32\LPK.dll
0x000007feffb10000 - 0x000007feffbd9000 	C:\Windows\system32\USP10.dll
0x000007fefd1b0000 - 0x000007fefd3a4000 	C:\Windows\WinSxS\amd64_microsoft.windows.common-controls_6595b64144ccf1df_6.0.7601.17514_none_fa396087175ac9ac\COMCTL32.dll
0x000007feffbe0000 - 0x000007feffc51000 	C:\Windows\system32\SHLWAPI.dll
0x000007feff670000 - 0x000007feff69e000 	C:\Windows\system32\IMM32.DLL
0x000007feff390000 - 0x000007feff499000 	C:\Windows\system32\MSCTF.dll
0x0000000063320000 - 0x00000000633f2000 	C:\Program Files\Java\jdk1.8.0_11\jre\bin\msvcr100.dll
0x000000005cc60000 - 0x000000005d48a000 	C:\Program Files\Java\jdk1.8.0_11\jre\bin\server\jvm.dll
0x000007fef9690000 - 0x000007fef9699000 	C:\Windows\system32\WSOCK32.dll
0x000007feffd40000 - 0x000007feffd8d000 	C:\Windows\system32\WS2_32.dll
0x000007feff8e0000 - 0x000007feff8e8000 	C:\Windows\system32\NSI.dll
0x000007fefbfb0000 - 0x000007fefbfeb000 	C:\Windows\system32\WINMM.dll
0x0000000077e10000 - 0x0000000077e17000 	C:\Windows\system32\PSAPI.DLL
0x0000000073cd0000 - 0x0000000073cdf000 	C:\Program Files\Java\jdk1.8.0_11\jre\bin\verify.dll
0x000000006e570000 - 0x000000006e598000 	C:\Program Files\Java\jdk1.8.0_11\jre\bin\java.dll
0x000000006e420000 - 0x000000006e443000 	C:\Program Files\Java\jdk1.8.0_11\jre\bin\instrument.dll
0x000000006f1e0000 - 0x000000006f1f6000 	C:\Program Files\Java\jdk1.8.0_11\jre\bin\zip.dll
0x000007fefe480000 - 0x000007feff208000 	C:\Windows\system32\SHELL32.dll
0x000007feff8f0000 - 0x000007feffaf3000 	C:\Windows\system32\ole32.dll
0x000007fefe0b0000 - 0x000007fefe0bf000 	C:\Windows\system32\profapi.dll
0x000007fefd980000 - 0x000007fefd997000 	C:\Windows\system32\CRYPTSP.dll
0x000007fefd680000 - 0x000007fefd6c7000 	C:\Windows\system32\rsaenh.dll
0x000007fefd050000 - 0x000007fefd06e000 	C:\Windows\system32\USERENV.dll
0x000007fefdfe0000 - 0x000007fefdfef000 	C:\Windows\system32\CRYPTBASE.dll
0x000000006eb50000 - 0x000000006eb6a000 	C:\Program Files\Java\jdk1.8.0_11\jre\bin\net.dll
0x000007fefd920000 - 0x000007fefd975000 	C:\Windows\system32\mswsock.dll
0x000007fefd910000 - 0x000007fefd917000 	C:\Windows\System32\wship6.dll
0x000007fefbbe0000 - 0x000007fefbc07000 	C:\Windows\system32\IPHLPAPI.DLL
0x000007fefbbc0000 - 0x000007fefbbcb000 	C:\Windows\system32\WINNSI.DLL
0x000007fefb750000 - 0x000007fefb761000 	C:\Windows\system32\dhcpcsvc6.DLL
0x000007fefb730000 - 0x000007fefb748000 	C:\Windows\system32\dhcpcsvc.DLL
0x0000000069b80000 - 0x0000000069b91000 	C:\Program Files\Java\jdk1.8.0_11\jre\bin\nio.dll
0x000007fefaef0000 - 0x000007fefaefa000 	C:\Users\GRomano\AppData\Local\Temp\jansi-64-9062867302737363337.dll
0x000000006eb80000 - 0x000000006eb8d000 	C:\Program Files\Java\jdk1.8.0_11\jre\bin\management.dll
0x000007fefcec0000 - 0x000007fefcec7000 	C:\Windows\System32\wshtcpip.dll
0x000007fefd7a0000 - 0x000007fefd7fb000 	C:\Windows\system32\DNSAPI.dll
0x000007fef8fe0000 - 0x000007fef900e000 	C:\Program Files\Common Files\Microsoft Shared\Windows Live\WLIDNSP.DLL
0x000007fef9670000 - 0x000007fef9678000 	C:\Windows\system32\rasadhlp.dll
0x000007fefba60000 - 0x000007fefbab3000 	C:\Windows\System32\fwpuclnt.dll
0x000007fefbf90000 - 0x000007fefbfa5000 	C:\Windows\system32\NLAapi.dll
0x000007fef68f0000 - 0x000007fef6905000 	C:\Windows\system32\napinsp.dll
0x000007fef68d0000 - 0x000007fef68e9000 	C:\Windows\system32\pnrpnsp.dll
0x000007fef68c0000 - 0x000007fef68cb000 	C:\Windows\System32\winrnr.dll
0x000007fef68b0000 - 0x000007fef68c0000 	C:\Windows\system32\wshbth.dll
0x000007fef71f0000 - 0x000007fef7315000 	C:\Windows\system32\dbghelp.dll

VM Arguments:
jvm_args: -Dfile.encoding=UTF-8 -Xmx768M -Xms64M -Dgrails.fork.parent.process.port=55456 -Dgrails.fork.active=true -Dgrails.build.execution.context=C:\Users\GRomano\AppData\Local\Temp\abogadoExpressPuntoNet2114016210432171467grails-execution-context -Dgrails.home=C:\ggts-bundle\grails-2.4.2 -javaagent:C:\ggts-bundle\grails-2.4.2\lib\org.springframework\springloaded\jars\springloaded-1.2.0.RELEASE.jar -Xverify:none -Dspringloaded.synchronize=true -Djdk.reflect.allowGetCallerClass=true -Dspringloaded=profile=grails;cacheDir=C:\Users\GRomano\.grails\2.4.2 
java_command: org.grails.plugins.tomcat.fork.ForkedTomcatServer
java_class_path (initial): C:\Program Files\Java\jdk1.8.0_11\lib\tools.jar;C:\ggts-bundle\grails-2.4.2\lib\org.codehaus.groovy\groovy-all\jars\groovy-all-2.3.3.jar;C:\ggts-bundle\grails-2.4.2\lib\org.slf4j\jcl-over-slf4j\jars\jcl-over-slf4j-1.7.5.jar;C:\ggts-bundle\grails-2.4.2\lib\org.codehaus.gant\gant_groovy1.8\jars\gant_groovy1.8-1.9.6.jar;C:\ggts-bundle\grails-2.4.2\lib\org.apache.tomcat.embed\tomcat-embed-logging-log4j\jars\tomcat-embed-logging-log4j-7.0.50.jar;C:\ggts-bundle\grails-2.4.2\dist\grails-plugin-log4j-2.4.2.jar;C:\ggts-bundle\grails-2.4.2\lib\log4j\log4j\jars\log4j-1.2.17.jar;C:\ggts-bundle\grails-2.4.2\dist\grails-bootstrap-2.4.2.jar;C:\ggts-bundle\grails-2.4.2\lib\org.slf4j\slf4j-api\jars\slf4j-api-1.7.5.jar;C:\ggts-bundle\grails-2.4.2\lib\jline\jline\jars\jline-2.12.jar;C:\ggts-bundle\grails-2.4.2\lib\org.apache.ant\ant\jars\ant-1.8.4.jar;C:\ggts-bundle\grails-2.4.2\lib\org.apache.ant\ant-launcher\jars\ant-launcher-1.8.4.jar;C:\ggts-bundle\grails-2.4.2\lib\org.apache.ant\ant-trax\jars\ant-trax-1.7.1.jar;C:\ggts-bundle\grails-2.4.2\lib\org.apache.ant\ant-junit\jars\ant-junit-1.8.4.jar;C:\ggts-bundle\grails-2.4.2\lib\org.apache.ivy\ivy\jars\ivy-2.3.0.jar;C:\ggts-bundle\grails-2.4.2\lib\org.fusesource.jansi\jansi\jars\jansi-1.11.jar;C:\Users\GRomano\.m2\repository\org\eclipse\jdt\core\compiler\ecj\3.7.2\ecj-3.7.2.jar;C:\Users\GRomano\.m2\repository\org\apache\tomcat\embed\tomcat-embed-el\7.0.53\tomcat-embed-el-7.0.53.jar;C:\Users\GRomano\.m2\repository\org\apache\tomcat\embed\tomcat-embed-jasper\7.0.53\tomcat-embed-jasper-7.0.53.jar;C:\Users\GRomano\.m2\repository\org\apache\tomcat\tomcat-catalina-ant\7.0.53\tomcat-catalina-ant-7.0.53.jar;C:\Users\GRomano\.m2\repository\org\apache\tomcat\embed\tomcat-embed-logging-log4j\7.0.53\tomcat-embed-logging-log4j-7.0.53.jar;C:\Users\GRomano\.m2\repository\org\apache\tomcat\embed\tomcat-embed-websocket\7.0.53\tomcat-embed-websocket-7.0.53.jar;D:\workspace_grails\abogadoExpressPuntoNet\target\work\plugins\to
Launcher Type: SUN_STANDARD

Environment Variables:
JAVA_HOME=C:\Program Files\Java\jdk1.8.0_11
PATH=C:\Program Files\Common Files\Microsoft Shared\Windows Live;C:\Program Files (x86)\Common Files\Microsoft Shared\Windows Live;C:\Program Files (x86)\NVIDIA Corporation\PhysX\Common;C:\Program Files (x86)\Intel\iCLS Client\;C:\Program Files\Intel\iCLS Client\;C:\Windows\system32;C:\Windows;C:\Windows\System32\Wbem;C:\Windows\System32\WindowsPowerShell\v1.0\;C:\Program Files\Intel\Intel(R) Management Engine Components\DAL;C:\Program Files\Intel\Intel(R) Management Engine Components\IPT;C:\Program Files (x86)\Intel\Intel(R) Management Engine Components\DAL;C:\Program Files (x86)\Intel\Intel(R) Management Engine Components\IPT;C:\Program Files\Lenovo\Bluetooth Software\;C:\Program Files\Lenovo\Bluetooth Software\syswow64;C:\Program Files\Java\jdk1.8.0_11\bin;C:\grails\grails-2.4.3\bin;C:\Program Files (x86)\MySQL\MySQL Utilities 1.3.6\
USERNAME=GRomano
OS=Windows_NT
PROCESSOR_IDENTIFIER=Intel64 Family 6 Model 58 Stepping 9, GenuineIntel



---------------  S Y S T E M  ---------------

OS: Windows 7 , 64 bit Build 7601 Service Pack 1

CPU:total 8 (4 cores per cpu, 2 threads per core) family 6 model 58 stepping 9, cmov, cx8, fxsr, mmx, sse, sse2, sse3, ssse3, sse4.1, sse4.2, popcnt, avx, aes, clmul, erms, ht, tsc, tscinvbit

Memory: 4k page, physical 5746284k(1990080k free), swap 11490716k(6072840k free)

vm_info: Java HotSpot(TM) 64-Bit Server VM (25.11-b03) for windows-amd64 JRE (1.8.0_11-b12), built on Jun 16 2014 20:57:32 by "java_re" with MS VC++ 10.0 (VS2010)

time: Sat Aug 16 21:26:29 2014
elapsed time: 13 seconds

