#
# A fatal error has been detected by the Java Runtime Environment:
#
#  EXCEPTION_ACCESS_VIOLATION (0xc0000005) at pc=0x000000005c394db2, pid=5052, tid=5976
#
# JRE version: Java(TM) SE Runtime Environment (8.0_11-b12) (build 1.8.0_11-b12)
# Java VM: Java HotSpot(TM) 64-Bit Server VM (25.11-b03 mixed mode windows-amd64 compressed oops)
# Problematic frame:
# V  [jvm.dll+0x424db2]
#
# Failed to write core dump. Minidumps are not enabled by default on client versions of Windows
#
# If you would like to submit a bug report, please visit:
#   http://bugreport.sun.com/bugreport/crash.jsp
#

---------------  T H R E A D  ---------------

Current thread (0x00000000560cc000):  JavaThread "C2 CompilerThread2" daemon [_thread_in_native, id=5976, stack(0x0000000057a70000,0x0000000057b70000)]

siginfo: ExceptionCode=0xc0000005, reading address 0x0000000000000000

Registers:
RAX=0x000000005d0ac698, RBX=0x0000000000000600, RCX=0x0000000000000000, RDX=0x00000000590703f0
RSP=0x0000000057b6c430, RBP=0x00000000000000c0, RSI=0x00000000000000b8, RDI=0x0000000000000000
R8 =0x000000005bf70000, R9 =0x0000000057b6c750, R10=0x00000000ffffffff, R11=0x00000000560ff650
R12=0x000000005d0acda0, R13=0x000000005a4d9a78, R14=0x0000000000000008, R15=0x000000005a4d9a78
RIP=0x000000005c394db2, EFLAGS=0x0000000000010206

Top of Stack: (sp=0x0000000057b6c430)
0x0000000057b6c430:   00000000000000da 00000000000000b0
0x0000000057b6c440:   000000000000000a 000000005d2a9df8
0x0000000057b6c450:   0000000000000001 0000000000000600
0x0000000057b6c460:   0000000000000180 00000000000000c0
0x0000000057b6c470:   000000005fe8cb70 00000000560d2290
0x0000000057b6c480:   00000000000006c8 000000005906bd00
0x0000000057b6c490:   0000000057b6c750 000000005d0a9800
0x0000000057b6c4a0:   0000000000000020 0000000000000009
0x0000000057b6c4b0:   000000005d0acd70 00000000000000da
0x0000000057b6c4c0:   000000005a4d9a78 000000005c39598d
0x0000000057b6c4d0:   000000005d0acd70 000000000000001c
0x0000000057b6c4e0:   00000000000000da 0000000057b6c750
0x0000000057b6c4f0:   00000000590703f0 00000000000000da
0x0000000057b6c500:   000000005d0a9800 0000000000000020
0x0000000057b6c510:   000000005cacfa10 0000000057b6eac0
0x0000000057b6c520:   000000005ef398a0 000000005d0acd70 

Instructions: (pc=0x000000005c394db2)
0x000000005c394d92:   c6 48 63 f0 48 03 f1 eb 04 48 83 ce ff 48 8b 84
0x000000005c394da2:   24 a0 00 00 00 48 8b 40 08 48 8b 3c 03 48 8b cf
0x000000005c394db2:   48 8b 07 ff 50 28 4c 8d 05 41 b2 bd ff 48 63 50
0x000000005c394dc2:   10 4c 8b d8 48 8b ca 48 c1 e1 05 42 80 bc 01 c0 


Register to memory mapping:

RAX=0x000000005d0ac698 is an unknown value
RBX=0x0000000000000600 is an unknown value
RCX=0x0000000000000000 is an unknown value
RDX=0x00000000590703f0 is an unknown value
RSP=0x0000000057b6c430 is pointing into the stack for thread: 0x00000000560cc000
RBP=0x00000000000000c0 is an unknown value
RSI=0x00000000000000b8 is an unknown value
RDI=0x0000000000000000 is an unknown value
R8 =0x000000005bf70000 is an unknown value
R9 =0x0000000057b6c750 is pointing into the stack for thread: 0x00000000560cc000
R10=0x00000000ffffffff is an unknown value
R11=0x00000000560ff650 is an unknown value
R12=0x000000005d0acda0 is an unknown value
R13=0x000000005a4d9a78 is an unknown value
R14=0x0000000000000008 is an unknown value
R15=0x000000005a4d9a78 is an unknown value


Stack: [0x0000000057a70000,0x0000000057b70000],  sp=0x0000000057b6c430,  free space=1009k
Native frames: (J=compiled Java code, j=interpreted, Vv=VM code, C=native code)
V  [jvm.dll+0x424db2]
V  [jvm.dll+0x42598d]
V  [jvm.dll+0x425ecf]
V  [jvm.dll+0x4c5a84]
V  [jvm.dll+0x4415bc]
V  [jvm.dll+0x443a29]
V  [jvm.dll+0x427722]
V  [jvm.dll+0x96982]
V  [jvm.dll+0x97173]
V  [jvm.dll+0x2234b4]
V  [jvm.dll+0x27bcca]
C  [msvcr100.dll+0x21d9f]
C  [msvcr100.dll+0x21e3b]
C  [kernel32.dll+0x1652d]
C  [ntdll.dll+0x2c521]


Current CompileTask:
C2:  13836 5542       4       groovy.lang.MetaClassImpl::findPropertyMethod (356 bytes)


---------------  P R O C E S S  ---------------

Java Threads: ( => current thread )
  0x00000000560e3000 JavaThread "net.sf.ehcache.CacheManager@15d84283" daemon [_thread_blocked, id=1284, stack(0x0000000060f70000,0x0000000061070000)]
  0x00000000560e2000 JavaThread "Abandoned connection cleanup thread" daemon [_thread_blocked, id=6632, stack(0x000000005db10000,0x000000005dc10000)]
  0x00000000560e0000 JavaThread "PoolCleaner[1417902001:1408234222732]" daemon [_thread_blocked, id=1212, stack(0x0000000061070000,0x0000000061170000)]
  0x000000005af16000 JavaThread "FileSystemWatcher: files=#103 cl=groovy.lang.GroovyClassLoader@548377b1" daemon [_thread_blocked, id=3904, stack(0x000000005dc60000,0x000000005dd60000)]
  0x000000005a9d5800 JavaThread "Thread-4" daemon [_thread_in_native, id=5580, stack(0x000000005c9c0000,0x000000005cac0000)]
  0x000000005a9ec000 JavaThread "localhost-startStop-1" daemon [_thread_in_Java, id=6316, stack(0x000000005bba0000,0x000000005bca0000)]
  0x000000005a9eb000 JavaThread "Tomcat-startStop-1" daemon [_thread_blocked, id=1740, stack(0x000000005ba20000,0x000000005bb20000)]
  0x000000005abf7000 JavaThread "Thread-3" [_thread_in_native, id=6880, stack(0x0000000059f20000,0x000000005a020000)]
  0x0000000059339800 JavaThread "Thread-2" [_thread_blocked, id=1384, stack(0x000000005b4d0000,0x000000005b5d0000)]
  0x0000000058368000 JavaThread "NonBlockingInputStreamThread" daemon [_thread_blocked, id=5728, stack(0x00000000586d0000,0x00000000587d0000)]
  0x00000000561f0000 JavaThread "Service Thread" daemon [_thread_blocked, id=5812, stack(0x0000000057db0000,0x0000000057eb0000)]
  0x00000000560df000 JavaThread "C1 CompilerThread3" daemon [_thread_blocked, id=1208, stack(0x0000000057bc0000,0x0000000057cc0000)]
=>0x00000000560cc000 JavaThread "C2 CompilerThread2" daemon [_thread_in_native, id=5976, stack(0x0000000057a70000,0x0000000057b70000)]
  0x00000000560cb000 JavaThread "C2 CompilerThread1" daemon [_thread_in_native, id=4144, stack(0x0000000057920000,0x0000000057a20000)]
  0x00000000560cf000 JavaThread "C2 CompilerThread0" daemon [_thread_in_native, id=5216, stack(0x0000000057710000,0x0000000057810000)]
  0x0000000055fd7000 JavaThread "Attach Listener" daemon [_thread_blocked, id=4092, stack(0x0000000057600000,0x0000000057700000)]
  0x0000000055fd6000 JavaThread "Signal Dispatcher" daemon [_thread_blocked, id=6128, stack(0x0000000057040000,0x0000000057140000)]
  0x0000000054e0f000 JavaThread "Finalizer" daemon [_thread_blocked, id=912, stack(0x00000000573a0000,0x00000000574a0000)]
  0x0000000054e06000 JavaThread "Reference Handler" daemon [_thread_blocked, id=6392, stack(0x0000000057190000,0x0000000057290000)]
  0x000000000221f800 JavaThread "main" [_thread_blocked, id=5340, stack(0x00000000023a0000,0x00000000024a0000)]

Other Threads:
  0x0000000054dff800 VMThread [stack: 0x0000000056ee0000,0x0000000056fe0000] [id=6280]
  0x00000000561f1800 WatcherThread [stack: 0x00000000574e0000,0x00000000575e0000] [id=1772]

VM state:not at safepoint (normal execution)

VM Mutex/Monitor currently owned by a thread: None

Heap:
 PSYoungGen      total 240128K, used 148955K [0x00000000f0000000, 0x0000000100000000, 0x0000000100000000)
  eden space 224256K, 59% used [0x00000000f0000000,0x00000000f81fe058,0x00000000fdb00000)
  from space 15872K, 99% used [0x00000000fdb00000,0x00000000fea78bc8,0x00000000fea80000)
  to   space 18944K, 0% used [0x00000000fed80000,0x00000000fed80000,0x0000000100000000)
 ParOldGen       total 88064K, used 73872K [0x00000000d0000000, 0x00000000d5600000, 0x00000000f0000000)
  object space 88064K, 83% used [0x00000000d0000000,0x00000000d4824158,0x00000000d5600000)
 Metaspace       used 56103K, capacity 57474K, committed 57600K, reserved 1099776K
  class space    used 6436K, capacity 6890K, committed 6912K, reserved 1048576K

Card table byte_map: [0x0000000011d70000,0x0000000011f00000] byte_map_base: 0x00000000116f0000

Marking Bits: (ParMarkBitMap*) 0x000000005c7212b0
 Begin Bits: [0x0000000012c20000, 0x0000000013820000)
 End Bits:   [0x0000000013820000, 0x0000000014420000)

Polling page: 0x0000000000230000

CodeCache: size=245760Kb used=20152Kb max_used=20159Kb free=225607Kb
 bounds [0x00000000029b0000, 0x0000000003d80000, 0x00000000119b0000]
 total_blobs=5800 nmethods=5032 adapters=678
 compilation: enabled

Compilation events (10 events):
Event: 13.730 Thread 0x00000000560df000 5589       2       org.codehaus.groovy.runtime.dgm$27::doMethodInvoke (14 bytes)
Event: 13.730 Thread 0x00000000560df000 nmethod 5589 0x0000000003d530d0 code [0x0000000003d53240, 0x0000000003d533e8]
Event: 13.730 Thread 0x00000000560df000 5591   !   2       org.codehaus.groovy.grails.web.util.TagLibraryMetaUtils::doesMethodExist (304 bytes)
Event: 13.732 Thread 0x00000000560df000 nmethod 5591 0x0000000003d55710 code [0x0000000003d55980, 0x0000000003d56408]
Event: 13.732 Thread 0x00000000560df000 5590       2       org.codehaus.groovy.runtime.DefaultGroovyMethods::asBoolean (10 bytes)
Event: 13.732 Thread 0x00000000560df000 nmethod 5590 0x0000000003d299d0 code [0x0000000003d29b20, 0x0000000003d29c70]
Event: 13.732 Thread 0x00000000560df000 5592       2       java.util.concurrent.ConcurrentHashMap::resizeStamp (13 bytes)
Event: 13.732 Thread 0x00000000560df000 nmethod 5592 0x0000000003d51850 code [0x0000000003d519c0, 0x0000000003d51b28]
Event: 13.732 Thread 0x00000000560df000 5593       2       groovy.lang.ExpandoMetaClass$3::call (244 bytes)
Event: 13.734 Thread 0x00000000560df000 nmethod 5593 0x0000000003d61110 code [0x0000000003d613a0, 0x0000000003d61c78]

GC Heap History (10 events):
Event: 10.220 GC heap before
{Heap before GC invocations=55 (full 5):
 PSYoungGen      total 214528K, used 206852K [0x00000000f0000000, 0x00000000fe600000, 0x0000000100000000)
  eden space 204800K, 98% used [0x00000000f0000000,0x00000000fc504dc8,0x00000000fc800000)
  from space 9728K, 52% used [0x00000000fc800000,0x00000000fccfc458,0x00000000fd180000)
  to   space 9728K, 0% used [0x00000000fdc80000,0x00000000fdc80000,0x00000000fe600000)
 ParOldGen       total 72704K, used 58989K [0x00000000d0000000, 0x00000000d4700000, 0x00000000f0000000)
  object space 72704K, 81% used [0x00000000d0000000,0x00000000d399b680,0x00000000d4700000)
 Metaspace       used 50797K, capacity 52112K, committed 52352K, reserved 1095680K
  class space    used 5743K, capacity 6145K, committed 6272K, reserved 1048576K
Event: 10.247 GC heap after
Heap after GC invocations=55 (full 5):
 PSYoungGen      total 225280K, used 7454K [0x00000000f0000000, 0x00000000fe780000, 0x0000000100000000)
  eden space 215552K, 0% used [0x00000000f0000000,0x00000000f0000000,0x00000000fd280000)
  from space 9728K, 76% used [0x00000000fdc80000,0x00000000fe3c7bc8,0x00000000fe600000)
  to   space 10240K, 0% used [0x00000000fd280000,0x00000000fd280000,0x00000000fdc80000)
 ParOldGen       total 72704K, used 58997K [0x00000000d0000000, 0x00000000d4700000, 0x00000000f0000000)
  object space 72704K, 81% used [0x00000000d0000000,0x00000000d399d680,0x00000000d4700000)
 Metaspace       used 50797K, capacity 52112K, committed 52352K, reserved 1095680K
  class space    used 5743K, capacity 6145K, committed 6272K, reserved 1048576K
}
Event: 10.702 GC heap before
{Heap before GC invocations=56 (full 5):
 PSYoungGen      total 225280K, used 220059K [0x00000000f0000000, 0x00000000fe780000, 0x0000000100000000)
  eden space 215552K, 98% used [0x00000000f0000000,0x00000000fcf9f1e0,0x00000000fd280000)
  from space 9728K, 76% used [0x00000000fdc80000,0x00000000fe3c7bc8,0x00000000fe600000)
  to   space 10240K, 0% used [0x00000000fd280000,0x00000000fd280000,0x00000000fdc80000)
 ParOldGen       total 72704K, used 58997K [0x00000000d0000000, 0x00000000d4700000, 0x00000000f0000000)
  object space 72704K, 81% used [0x00000000d0000000,0x00000000d399d680,0x00000000d4700000)
 Metaspace       used 51863K, capacity 53174K, committed 53504K, reserved 1095680K
  class space    used 5892K, capacity 6306K, committed 6400K, reserved 1048576K
Event: 10.726 GC heap after
Heap after GC invocations=56 (full 5):
 PSYoungGen      total 225792K, used 10212K [0x00000000f0000000, 0x00000000ff600000, 0x0000000100000000)
  eden space 215552K, 0% used [0x00000000f0000000,0x00000000f0000000,0x00000000fd280000)
  from space 10240K, 99% used [0x00000000fd280000,0x00000000fdc79160,0x00000000fdc80000)
  to   space 11776K, 0% used [0x00000000fea80000,0x00000000fea80000,0x00000000ff600000)
 ParOldGen       total 72704K, used 59519K [0x00000000d0000000, 0x00000000d4700000, 0x00000000f0000000)
  object space 72704K, 81% used [0x00000000d0000000,0x00000000d3a1fe00,0x00000000d4700000)
 Metaspace       used 51863K, capacity 53174K, committed 53504K, reserved 1095680K
  class space    used 5892K, capacity 6306K, committed 6400K, reserved 1048576K
}
Event: 11.535 GC heap before
{Heap before GC invocations=57 (full 5):
 PSYoungGen      total 225792K, used 223146K [0x00000000f0000000, 0x00000000ff600000, 0x0000000100000000)
  eden space 215552K, 98% used [0x00000000f0000000,0x00000000fcff16f8,0x00000000fd280000)
  from space 10240K, 99% used [0x00000000fd280000,0x00000000fdc79160,0x00000000fdc80000)
  to   space 11776K, 0% used [0x00000000fea80000,0x00000000fea80000,0x00000000ff600000)
 ParOldGen       total 72704K, used 59519K [0x00000000d0000000, 0x00000000d4700000, 0x00000000f0000000)
  object space 72704K, 81% used [0x00000000d0000000,0x00000000d3a1fe00,0x00000000d4700000)
 Metaspace       used 52865K, capacity 54194K, committed 54400K, reserved 1097728K
  class space    used 6017K, capacity 6421K, committed 6528K, reserved 1048576K
Event: 11.549 GC heap after
Heap after GC invocations=57 (full 5):
 PSYoungGen      total 236032K, used 11760K [0x00000000f0000000, 0x00000000ffc80000, 0x0000000100000000)
  eden space 224256K, 0% used [0x00000000f0000000,0x00000000f0000000,0x00000000fdb00000)
  from space 11776K, 99% used [0x00000000fea80000,0x00000000ff5fc0a0,0x00000000ff600000)
  to   space 15872K, 0% used [0x00000000fdb00000,0x00000000fdb00000,0x00000000fea80000)
 ParOldGen       total 72704K, used 65703K [0x00000000d0000000, 0x00000000d4700000, 0x00000000f0000000)
  object space 72704K, 90% used [0x00000000d0000000,0x00000000d4029c80,0x00000000d4700000)
 Metaspace       used 52865K, capacity 54194K, committed 54400K, reserved 1097728K
  class space    used 6017K, capacity 6421K, committed 6528K, reserved 1048576K
}
Event: 11.549 GC heap before
{Heap before GC invocations=58 (full 6):
 PSYoungGen      total 236032K, used 11760K [0x00000000f0000000, 0x00000000ffc80000, 0x0000000100000000)
  eden space 224256K, 0% used [0x00000000f0000000,0x00000000f0000000,0x00000000fdb00000)
  from space 11776K, 99% used [0x00000000fea80000,0x00000000ff5fc0a0,0x00000000ff600000)
  to   space 15872K, 0% used [0x00000000fdb00000,0x00000000fdb00000,0x00000000fea80000)
 ParOldGen       total 72704K, used 65703K [0x00000000d0000000, 0x00000000d4700000, 0x00000000f0000000)
  object space 72704K, 90% used [0x00000000d0000000,0x00000000d4029c80,0x00000000d4700000)
 Metaspace       used 52865K, capacity 54194K, committed 54400K, reserved 1097728K
  class space    used 6017K, capacity 6421K, committed 6528K, reserved 1048576K
Event: 12.351 GC heap after
Heap after GC invocations=58 (full 6):
 PSYoungGen      total 236032K, used 3040K [0x00000000f0000000, 0x00000000ffc80000, 0x0000000100000000)
  eden space 224256K, 0% used [0x00000000f0000000,0x00000000f0000000,0x00000000fdb00000)
  from space 11776K, 25% used [0x00000000fea80000,0x00000000fed78368,0x00000000ff600000)
  to   space 15872K, 0% used [0x00000000fdb00000,0x00000000fdb00000,0x00000000fea80000)
 ParOldGen       total 88064K, used 72609K [0x00000000d0000000, 0x00000000d5600000, 0x00000000f0000000)
  object space 88064K, 82% used [0x00000000d0000000,0x00000000d46e85f8,0x00000000d5600000)
 Metaspace       used 52865K, capacity 54194K, committed 54400K, reserved 1097728K
  class space    used 6017K, capacity 6421K, committed 6528K, reserved 1048576K
}
Event: 13.287 GC heap before
{Heap before GC invocations=59 (full 6):
 PSYoungGen      total 236032K, used 225815K [0x00000000f0000000, 0x00000000ffc80000, 0x0000000100000000)
  eden space 224256K, 99% used [0x00000000f0000000,0x00000000fd98d988,0x00000000fdb00000)
  from space 11776K, 25% used [0x00000000fea80000,0x00000000fed78368,0x00000000ff600000)
  to   space 15872K, 0% used [0x00000000fdb00000,0x00000000fdb00000,0x00000000fea80000)
 ParOldGen       total 88064K, used 72609K [0x00000000d0000000, 0x00000000d5600000, 0x00000000f0000000)
  object space 88064K, 82% used [0x00000000d0000000,0x00000000d46e85f8,0x00000000d5600000)
 Metaspace       used 55213K, capacity 56618K, committed 56960K, reserved 1099776K
  class space    used 6291K, capacity 6714K, committed 6784K, reserved 1048576K
Event: 13.320 GC heap after
Heap after GC invocations=59 (full 6):
 PSYoungGen      total 240128K, used 15842K [0x00000000f0000000, 0x0000000100000000, 0x0000000100000000)
  eden space 224256K, 0% used [0x00000000f0000000,0x00000000f0000000,0x00000000fdb00000)
  from space 15872K, 99% used [0x00000000fdb00000,0x00000000fea78bc8,0x00000000fea80000)
  to   space 18944K, 0% used [0x00000000fed80000,0x00000000fed80000,0x0000000100000000)
 ParOldGen       total 88064K, used 73872K [0x00000000d0000000, 0x00000000d5600000, 0x00000000f0000000)
  object space 88064K, 83% used [0x00000000d0000000,0x00000000d4824158,0x00000000d5600000)
 Metaspace       used 55213K, capacity 56618K, committed 56960K, reserved 1099776K
  class space    used 6291K, capacity 6714K, committed 6784K, reserved 1048576K
}

Deoptimization events (10 events):
Event: 11.025 Thread 0x000000005a9ec000 Uncommon trap: reason=null_assert action=make_not_entrant pc=0x0000000002c1d4e0 method=java.util.concurrent.ConcurrentHashMap.transfer([Ljava/util/concurrent/ConcurrentHashMap$Node;[Ljava/util/concurrent/ConcurrentHashMap$Node;)V @ 557
Event: 12.653 Thread 0x000000005a9ec000 Uncommon trap: reason=unreached action=reinterpret pc=0x0000000002c32634 method=org.codehaus.groovy.runtime.metaclass.MetaMethodIndex.getMethods(Ljava/lang/Class;Ljava/lang/String;)Lorg/codehaus/groovy/runtime/metaclass/MetaMethodIndex$Entry; @ 61
Event: 12.657 Thread 0x000000005a9ec000 Uncommon trap: reason=unreached action=reinterpret pc=0x000000000377e6b0 method=org.codehaus.groovy.runtime.metaclass.MetaMethodIndex.getMethods(Ljava/lang/Class;Ljava/lang/String;)Lorg/codehaus/groovy/runtime/metaclass/MetaMethodIndex$Entry; @ 61
Event: 12.943 Thread 0x000000005a9ec000 Uncommon trap: reason=unloaded action=reinterpret pc=0x0000000002f22f7c method=org.springframework.core.BridgeMethodResolver.findBridgedMethod(Ljava/lang/reflect/Method;)Ljava/lang/reflect/Method; @ 13
Event: 13.084 Thread 0x000000005a9ec000 Uncommon trap: reason=null_check action=make_not_entrant pc=0x0000000003c49534 method=org.springsource.loaded.ri.ReloadableTypeMethodProvider.getMethod(Ljava/lang/String;[Ljava/lang/Class;)Lorg/springsource/loaded/ri/Invoker; @ 28
Event: 13.625 Thread 0x000000005a9ec000 Uncommon trap: reason=class_check action=maybe_recompile pc=0x0000000003b6f240 method=sun.reflect.generics.factory.CoreReflectionFactory.findTypeVariable(Ljava/lang/String;)Ljava/lang/reflect/TypeVariable; @ 5
Event: 13.625 Thread 0x000000005a9ec000 Uncommon trap: reason=class_check action=maybe_recompile pc=0x0000000003b6f240 method=sun.reflect.generics.factory.CoreReflectionFactory.findTypeVariable(Ljava/lang/String;)Ljava/lang/reflect/TypeVariable; @ 5
Event: 13.627 Thread 0x000000005a9ec000 Uncommon trap: reason=class_check action=maybe_recompile pc=0x0000000003b6f240 method=sun.reflect.generics.factory.CoreReflectionFactory.findTypeVariable(Ljava/lang/String;)Ljava/lang/reflect/TypeVariable; @ 5
Event: 13.635 Thread 0x000000005a9ec000 Uncommon trap: reason=unreached action=reinterpret pc=0x0000000003b56094 method=org.codehaus.groovy.runtime.metaclass.MetaMethodIndex.isNonRealMethod(Lgroovy/lang/MetaMethod;)Z @ 32
Event: 13.646 Thread 0x000000005a9ec000 Uncommon trap: reason=null_check action=make_not_entrant pc=0x0000000003d206ec method=java.beans.PropertyDescriptor.findPropertyType(Ljava/lang/reflect/Method;Ljava/lang/reflect/Method;)Ljava/lang/Class; @ 157

Internal exceptions (10 events):
Event: 13.745 Thread 0x000000005a9ec000 Exception <a 'java/security/PrivilegedActionException'> (0x00000000f7c0da08) thrown at [C:\re\workspace\8-2-build-windows-amd64-cygwin\jdk8u11\648\hotspot\src\share\vm\prims\jvm.cpp, line 1248]
Event: 13.746 Thread 0x000000005a9ec000 Exception <a 'java/lang/ClassNotFoundException': org/codehaus/groovy/grails/web/util/TagLibraryMetaUtils$_registerPropertyMissingForTag_closure6BeanInfo> (0x00000000f7c0e988) thrown at [C:\re\workspace\8-2-build-windows-amd64-cygwin\jdk8u11\648\hotspot\src¡ÈÄkÀ}+@
Event: 13.746 Thread 0x000000005a9ec000 Exception <a 'java/security/PrivilegedActionException'> (0x00000000f7c0ff90) thrown at [C:\re\workspace\8-2-build-windows-amd64-cygwin\jdk8u11\648\hotspot\src\share\vm\prims\jvm.cpp, line 1248]
Event: 13.746 Thread 0x000000005a9ec000 Exception <a 'java/security/PrivilegedActionException'> (0x00000000f7c15f90) thrown at [C:\re\workspace\8-2-build-windows-amd64-cygwin\jdk8u11\648\hotspot\src\share\vm\prims\jvm.cpp, line 1248]
Event: 13.746 Thread 0x000000005a9ec000 Exception <a 'java/security/PrivilegedActionException'> (0x00000000f7c2cf78) thrown at [C:\re\workspace\8-2-build-windows-amd64-cygwin\jdk8u11\648\hotspot\src\share\vm\prims\jvm.cpp, line 1248]
Event: 13.747 Thread 0x000000005a9ec000 Exception <a 'java/security/PrivilegedActionException'> (0x00000000f7c49f40) thrown at [C:\re\workspace\8-2-build-windows-amd64-cygwin\jdk8u11\648\hotspot\src\share\vm\prims\jvm.cpp, line 1248]
Event: 13.747 Thread 0x000000005a9ec000 Exception <a 'java/security/PrivilegedActionException'> (0x00000000f7c4ff40) thrown at [C:\re\workspace\8-2-build-windows-amd64-cygwin\jdk8u11\648\hotspot\src\share\vm\prims\jvm.cpp, line 1248]
Event: 13.747 Thread 0x000000005a9ec000 Exception <a 'java/security/PrivilegedActionException'> (0x00000000f7c66f28) thrown at [C:\re\workspace\8-2-build-windows-amd64-cygwin\jdk8u11\648\hotspot\src\share\vm\prims\jvm.cpp, line 1248]
Event: 13.747 Thread 0x000000005a9ec000 Exception <a 'java/security/PrivilegedActionException'> (0x00000000f7c99d00) thrown at [C:\re\workspace\8-2-build-windows-amd64-cygwin\jdk8u11\648\hotspot\src\share\vm\prims\jvm.cpp, line 1248]
Event: 13.748 Thread 0x000000005a9ec000 Exception <a 'java/lang/ClassNotFoundException': org/codehaus/groovy/grails/web/util/TagLibraryMetaUtils$_registerPropertyMissingForTag_closure6Customizer> (0x00000000f7c9ac88) thrown at [C:\re\workspace\8-2-build-windows-amd64-cygwin\jdk8u11\648\hotspot\s

Events (10 events):
Event: 13.744 loading class org/codehaus/groovy/grails/web/util/TagLibraryMetaUtils$_registerPropertyMissingForTag_closure6BeanInfo
Event: 13.744 loading class org/codehaus/groovy/grails/web/util/TagLibraryMetaUtils$_registerPropertyMissingForTag_closure6BeanInfo done
Event: 13.746 loading class org/codehaus/groovy/grails/web/util/TagLibraryMetaUtils$_registerPropertyMissingForTag_closure6BeanInfo
Event: 13.746 loading class org/codehaus/groovy/grails/web/util/TagLibraryMetaUtils$_registerPropertyMissingForTag_closure6BeanInfo done
Event: 13.746 loading class org/codehaus/groovy/grails/web/util/TagLibraryMetaUtils$_registerPropertyMissingForTag_closure6Customizer
Event: 13.746 loading class org/codehaus/groovy/grails/web/util/TagLibraryMetaUtils$_registerPropertyMissingForTag_closure6Customizer done
Event: 13.746 loading class org/codehaus/groovy/grails/web/util/TagLibraryMetaUtils$_registerPropertyMissingForTag_closure6Customizer
Event: 13.746 loading class org/codehaus/groovy/grails/web/util/TagLibraryMetaUtils$_registerPropertyMissingForTag_closure6Customizer done
Event: 13.748 loading class org/codehaus/groovy/grails/web/util/TagLibraryMetaUtils$_registerPropertyMissingForTag_closure6Customizer
Event: 13.748 loading class org/codehaus/groovy/grails/web/util/TagLibraryMetaUtils$_registerPropertyMissingForTag_closure6Customizer done


Dynamic libraries:
0x000000013fa90000 - 0x000000013fac4000 	C:\Program Files\Java\jdk1.8.0_11\bin\java.exe
0x0000000077c50000 - 0x0000000077df9000 	C:\Windows\SYSTEM32\ntdll.dll
0x0000000077b30000 - 0x0000000077c4f000 	C:\Windows\system32\kernel32.dll
0x000007fefe160000 - 0x000007fefe1cc000 	C:\Windows\system32\KERNELBASE.dll
0x000007feff2b0000 - 0x000007feff38b000 	C:\Windows\system32\ADVAPI32.dll
0x000007feff5b0000 - 0x000007feff64f000 	C:\Windows\system32\msvcrt.dll
0x000007feff4a0000 - 0x000007feff4bf000 	C:\Windows\SYSTEM32\sechost.dll
0x000007feffe30000 - 0x000007fefff5d000 	C:\Windows\system32\RPCRT4.dll
0x0000000077a30000 - 0x0000000077b2a000 	C:\Windows\system32\USER32.dll
0x000007feff4c0000 - 0x000007feff527000 	C:\Windows\system32\GDI32.dll
0x000007feffb00000 - 0x000007feffb0e000 	C:\Windows\system32\LPK.dll
0x000007feffb10000 - 0x000007feffbd9000 	C:\Windows\system32\USP10.dll
0x000007fefd1b0000 - 0x000007fefd3a4000 	C:\Windows\WinSxS\amd64_microsoft.windows.common-controls_6595b64144ccf1df_6.0.7601.17514_none_fa396087175ac9ac\COMCTL32.dll
0x000007feffbe0000 - 0x000007feffc51000 	C:\Windows\system32\SHLWAPI.dll
0x000007feff670000 - 0x000007feff69e000 	C:\Windows\system32\IMM32.DLL
0x000007feff390000 - 0x000007feff499000 	C:\Windows\system32\MSCTF.dll
0x000000005c7a0000 - 0x000000005c872000 	C:\Program Files\Java\jdk1.8.0_11\jre\bin\msvcr100.dll
0x000000005bf70000 - 0x000000005c79a000 	C:\Program Files\Java\jdk1.8.0_11\jre\bin\server\jvm.dll
0x000007fef9690000 - 0x000007fef9699000 	C:\Windows\system32\WSOCK32.dll
0x000007feffd40000 - 0x000007feffd8d000 	C:\Windows\system32\WS2_32.dll
0x000007feff8e0000 - 0x000007feff8e8000 	C:\Windows\system32\NSI.dll
0x000007fefbfb0000 - 0x000007fefbfeb000 	C:\Windows\system32\WINMM.dll
0x0000000077e10000 - 0x0000000077e17000 	C:\Windows\system32\PSAPI.DLL
0x0000000072ed0000 - 0x0000000072edf000 	C:\Program Files\Java\jdk1.8.0_11\jre\bin\verify.dll
0x000000006e420000 - 0x000000006e448000 	C:\Program Files\Java\jdk1.8.0_11\jre\bin\java.dll
0x0000000069b70000 - 0x0000000069b93000 	C:\Program Files\Java\jdk1.8.0_11\jre\bin\instrument.dll
0x000000006eb50000 - 0x000000006eb66000 	C:\Program Files\Java\jdk1.8.0_11\jre\bin\zip.dll
0x000007fefe480000 - 0x000007feff208000 	C:\Windows\system32\SHELL32.dll
0x000007feff8f0000 - 0x000007feffaf3000 	C:\Windows\system32\ole32.dll
0x000007fefe0b0000 - 0x000007fefe0bf000 	C:\Windows\system32\profapi.dll
0x000007fefd980000 - 0x000007fefd997000 	C:\Windows\system32\CRYPTSP.dll
0x000007fefd680000 - 0x000007fefd6c7000 	C:\Windows\system32\rsaenh.dll
0x000007fefd050000 - 0x000007fefd06e000 	C:\Windows\system32\USERENV.dll
0x000007fefdfe0000 - 0x000007fefdfef000 	C:\Windows\system32\CRYPTBASE.dll
0x000000006f1e0000 - 0x000000006f1fa000 	C:\Program Files\Java\jdk1.8.0_11\jre\bin\net.dll
0x000007fefd920000 - 0x000007fefd975000 	C:\Windows\system32\mswsock.dll
0x000007fefd910000 - 0x000007fefd917000 	C:\Windows\System32\wship6.dll
0x000007fefbbe0000 - 0x000007fefbc07000 	C:\Windows\system32\IPHLPAPI.DLL
0x000007fefbbc0000 - 0x000007fefbbcb000 	C:\Windows\system32\WINNSI.DLL
0x000007fefb750000 - 0x000007fefb761000 	C:\Windows\system32\dhcpcsvc6.DLL
0x000007fefb730000 - 0x000007fefb748000 	C:\Windows\system32\dhcpcsvc.DLL
0x000000006e580000 - 0x000000006e591000 	C:\Program Files\Java\jdk1.8.0_11\jre\bin\nio.dll
0x000007fefaef0000 - 0x000007fefaefa000 	C:\Users\GRomano\AppData\Local\Temp\jansi-64-746247936631316938.dll
0x000000006e570000 - 0x000000006e57d000 	C:\Program Files\Java\jdk1.8.0_11\jre\bin\management.dll
0x000007fefcec0000 - 0x000007fefcec7000 	C:\Windows\System32\wshtcpip.dll
0x000007fefd7a0000 - 0x000007fefd7fb000 	C:\Windows\system32\DNSAPI.dll
0x000007fef8fe0000 - 0x000007fef900e000 	C:\Program Files\Common Files\Microsoft Shared\Windows Live\WLIDNSP.DLL
0x000007fef9670000 - 0x000007fef9678000 	C:\Windows\system32\rasadhlp.dll
0x000007fefba60000 - 0x000007fefbab3000 	C:\Windows\System32\fwpuclnt.dll
0x000007fefbf90000 - 0x000007fefbfa5000 	C:\Windows\system32\NLAapi.dll
0x000007fef68f0000 - 0x000007fef6905000 	C:\Windows\system32\napinsp.dll
0x000007fef68d0000 - 0x000007fef68e9000 	C:\Windows\system32\pnrpnsp.dll
0x000007fef68c0000 - 0x000007fef68cb000 	C:\Windows\System32\winrnr.dll
0x000007fef68b0000 - 0x000007fef68c0000 	C:\Windows\system32\wshbth.dll
0x000007fef71f0000 - 0x000007fef7315000 	C:\Windows\system32\dbghelp.dll

VM Arguments:
jvm_args: -Dfile.encoding=UTF-8 -Xmx768M -Xms64M -Dgrails.fork.parent.process.port=55137 -Dgrails.fork.active=true -Dgrails.build.execution.context=C:\Users\GRomano\AppData\Local\Temp\abogadoExpressPuntoNet493801494610657799grails-execution-context -Dgrails.home=C:\ggts-bundle\grails-2.4.2 -javaagent:C:\ggts-bundle\grails-2.4.2\lib\org.springframework\springloaded\jars\springloaded-1.2.0.RELEASE.jar -Xverify:none -Dspringloaded.synchronize=true -Djdk.reflect.allowGetCallerClass=true -Dspringloaded=profile=grails;cacheDir=C:\Users\GRomano\.grails\2.4.2 
java_command: org.grails.plugins.tomcat.fork.ForkedTomcatServer
java_class_path (initial): C:\Program Files\Java\jdk1.8.0_11\lib\tools.jar;C:\ggts-bundle\grails-2.4.2\lib\org.codehaus.groovy\groovy-all\jars\groovy-all-2.3.3.jar;C:\ggts-bundle\grails-2.4.2\lib\org.slf4j\jcl-over-slf4j\jars\jcl-over-slf4j-1.7.5.jar;C:\ggts-bundle\grails-2.4.2\lib\org.codehaus.gant\gant_groovy1.8\jars\gant_groovy1.8-1.9.6.jar;C:\ggts-bundle\grails-2.4.2\lib\org.apache.tomcat.embed\tomcat-embed-logging-log4j\jars\tomcat-embed-logging-log4j-7.0.50.jar;C:\ggts-bundle\grails-2.4.2\dist\grails-plugin-log4j-2.4.2.jar;C:\ggts-bundle\grails-2.4.2\lib\log4j\log4j\jars\log4j-1.2.17.jar;C:\ggts-bundle\grails-2.4.2\dist\grails-bootstrap-2.4.2.jar;C:\ggts-bundle\grails-2.4.2\lib\org.slf4j\slf4j-api\jars\slf4j-api-1.7.5.jar;C:\ggts-bundle\grails-2.4.2\lib\jline\jline\jars\jline-2.12.jar;C:\ggts-bundle\grails-2.4.2\lib\org.apache.ant\ant\jars\ant-1.8.4.jar;C:\ggts-bundle\grails-2.4.2\lib\org.apache.ant\ant-launcher\jars\ant-launcher-1.8.4.jar;C:\ggts-bundle\grails-2.4.2\lib\org.apache.ant\ant-trax\jars\ant-trax-1.7.1.jar;C:\ggts-bundle\grails-2.4.2\lib\org.apache.ant\ant-junit\jars\ant-junit-1.8.4.jar;C:\ggts-bundle\grails-2.4.2\lib\org.apache.ivy\ivy\jars\ivy-2.3.0.jar;C:\ggts-bundle\grails-2.4.2\lib\org.fusesource.jansi\jansi\jars\jansi-1.11.jar;C:\Users\GRomano\.m2\repository\org\eclipse\jdt\core\compiler\ecj\3.7.2\ecj-3.7.2.jar;C:\Users\GRomano\.m2\repository\org\apache\tomcat\embed\tomcat-embed-el\7.0.53\tomcat-embed-el-7.0.53.jar;C:\Users\GRomano\.m2\repository\org\apache\tomcat\embed\tomcat-embed-jasper\7.0.53\tomcat-embed-jasper-7.0.53.jar;C:\Users\GRomano\.m2\repository\org\apache\tomcat\tomcat-catalina-ant\7.0.53\tomcat-catalina-ant-7.0.53.jar;C:\Users\GRomano\.m2\repository\org\apache\tomcat\embed\tomcat-embed-logging-log4j\7.0.53\tomcat-embed-logging-log4j-7.0.53.jar;C:\Users\GRomano\.m2\repository\org\apache\tomcat\embed\tomcat-embed-websocket\7.0.53\tomcat-embed-websocket-7.0.53.jar;D:\workspace_grails\abogadoExpressPuntoNet\target\work\plugins\to
Launcher Type: SUN_STANDARD

Environment Variables:
JAVA_HOME=C:\Program Files\Java\jdk1.8.0_11
PATH=C:\Program Files\Common Files\Microsoft Shared\Windows Live;C:\Program Files (x86)\Common Files\Microsoft Shared\Windows Live;C:\Program Files (x86)\NVIDIA Corporation\PhysX\Common;C:\Program Files (x86)\Intel\iCLS Client\;C:\Program Files\Intel\iCLS Client\;C:\Windows\system32;C:\Windows;C:\Windows\System32\Wbem;C:\Windows\System32\WindowsPowerShell\v1.0\;C:\Program Files\Intel\Intel(R) Management Engine Components\DAL;C:\Program Files\Intel\Intel(R) Management Engine Components\IPT;C:\Program Files (x86)\Intel\Intel(R) Management Engine Components\DAL;C:\Program Files (x86)\Intel\Intel(R) Management Engine Components\IPT;C:\Program Files\Lenovo\Bluetooth Software\;C:\Program Files\Lenovo\Bluetooth Software\syswow64;C:\Program Files\Java\jdk1.8.0_11\bin;C:\grails\grails-2.4.3\bin;C:\Program Files (x86)\MySQL\MySQL Utilities 1.3.6\
USERNAME=GRomano
OS=Windows_NT
PROCESSOR_IDENTIFIER=Intel64 Family 6 Model 58 Stepping 9, GenuineIntel



---------------  S Y S T E M  ---------------

OS: Windows 7 , 64 bit Build 7601 Service Pack 1

CPU:total 8 (4 cores per cpu, 2 threads per core) family 6 model 58 stepping 9, cmov, cx8, fxsr, mmx, sse, sse2, sse3, ssse3, sse4.1, sse4.2, popcnt, avx, aes, clmul, erms, ht, tsc, tscinvbit

Memory: 4k page, physical 5746284k(1973872k free), swap 11490716k(5875920k free)

vm_info: Java HotSpot(TM) 64-Bit Server VM (25.11-b03) for windows-amd64 JRE (1.8.0_11-b12), built on Jun 16 2014 20:57:32 by "java_re" with MS VC++ 10.0 (VS2010)

time: Sat Aug 16 21:10:28 2014
elapsed time: 13 seconds

