#
# A fatal error has been detected by the Java Runtime Environment:
#
#  EXCEPTION_ACCESS_VIOLATION (0xc0000005) at pc=0x0000000053da4db2, pid=2012, tid=4248
#
# JRE version: Java(TM) SE Runtime Environment (8.0_11-b12) (build 1.8.0_11-b12)
# Java VM: Java HotSpot(TM) 64-Bit Server VM (25.11-b03 mixed mode windows-amd64 compressed oops)
# Problematic frame:
# V  [jvm.dll+0x424db2]
#
# Failed to write core dump. Minidumps are not enabled by default on client versions of Windows
#
# If you would like to submit a bug report, please visit:
#   http://bugreport.sun.com/bugreport/crash.jsp
#

---------------  T H R E A D  ---------------

Current thread (0x0000000015ee0000):  JavaThread "C2 CompilerThread0" daemon [_thread_in_native, id=4248, stack(0x00000000176e0000,0x00000000177e0000)]

siginfo: ExceptionCode=0xc0000005, reading address 0x0000000000000000

Registers:
RAX=0x000000001a192ef8, RBX=0x0000000000000600, RCX=0x0000000000000000, RDX=0x000000001a2cf510
RSP=0x00000000177dc440, RBP=0x00000000000000c0, RSI=0x00000000000000b8, RDI=0x0000000000000000
R8 =0x0000000053980000, R9 =0x00000000177dc760, R10=0x00000000ffffffff, R11=0x0000000015efe650
R12=0x000000001a193600, R13=0x000000001a241118, R14=0x0000000000000008, R15=0x000000001a241118
RIP=0x0000000053da4db2, EFLAGS=0x0000000000010206

Top of Stack: (sp=0x00000000177dc440)
0x00000000177dc440:   00000000000000da 00000000000000b0
0x00000000177dc450:   000000000000000a 0000000000000400
0x00000000177dc460:   0000000000000001 0000000000000600
0x00000000177dc470:   0000000000000180 00000000000000c0
0x00000000177dc480:   000000001c65f070 0000000015ee2fc0
0x00000000177dc490:   00000000000006b8 000000001a2caf50
0x00000000177dc4a0:   00000000177dc760 000000001a190080
0x00000000177dc4b0:   0000000000000020 0000000000000009
0x00000000177dc4c0:   000000001a1935d0 00000000000000da
0x00000000177dc4d0:   000000001a241118 0000000053da598d
0x00000000177dc4e0:   000000001a1935d0 000000000000001c
0x00000000177dc4f0:   00000000000000da 00000000177dc760
0x00000000177dc500:   000000001a2cf510 00000000000000da
0x00000000177dc510:   000000001a190080 0000000000000020
0x00000000177dc520:   000000001847d238 00000000177dead0
0x00000000177dc530:   000000001847d868 000000001a1935d0 

Instructions: (pc=0x0000000053da4db2)
0x0000000053da4d92:   c6 48 63 f0 48 03 f1 eb 04 48 83 ce ff 48 8b 84
0x0000000053da4da2:   24 a0 00 00 00 48 8b 40 08 48 8b 3c 03 48 8b cf
0x0000000053da4db2:   48 8b 07 ff 50 28 4c 8d 05 41 b2 bd ff 48 63 50
0x0000000053da4dc2:   10 4c 8b d8 48 8b ca 48 c1 e1 05 42 80 bc 01 c0 


Register to memory mapping:

RAX=0x000000001a192ef8 is an unknown value
RBX=0x0000000000000600 is an unknown value
RCX=0x0000000000000000 is an unknown value
RDX=0x000000001a2cf510 is an unknown value
RSP=0x00000000177dc440 is pointing into the stack for thread: 0x0000000015ee0000
RBP=0x00000000000000c0 is an unknown value
RSI=0x00000000000000b8 is an unknown value
RDI=0x0000000000000000 is an unknown value
R8 =0x0000000053980000 is an unknown value
R9 =0x00000000177dc760 is pointing into the stack for thread: 0x0000000015ee0000
R10=0x00000000ffffffff is an unknown value
R11=0x0000000015efe650 is an unknown value
R12=0x000000001a193600 is an unknown value
R13=0x000000001a241118 is an unknown value
R14=0x0000000000000008 is an unknown value
R15=0x000000001a241118 is an unknown value


Stack: [0x00000000176e0000,0x00000000177e0000],  sp=0x00000000177dc440,  free space=1009k
Native frames: (J=compiled Java code, j=interpreted, Vv=VM code, C=native code)
V  [jvm.dll+0x424db2]
V  [jvm.dll+0x42598d]
V  [jvm.dll+0x425ecf]
V  [jvm.dll+0x4c5a84]
V  [jvm.dll+0x4415bc]
V  [jvm.dll+0x443a29]
V  [jvm.dll+0x427722]
V  [jvm.dll+0x96982]
V  [jvm.dll+0x97173]
V  [jvm.dll+0x2234b4]
V  [jvm.dll+0x27bcca]
C  [msvcr100.dll+0x21d9f]
C  [msvcr100.dll+0x21e3b]
C  [kernel32.dll+0x1652d]
C  [ntdll.dll+0x2c521]


Current CompileTask:
C2:  12548 5313       4       groovy.lang.MetaClassImpl::findPropertyMethod (356 bytes)


---------------  P R O C E S S  ---------------

Java Threads: ( => current thread )
  0x000000001a4aa000 JavaThread "net.sf.ehcache.CacheManager@38da1502" daemon [_thread_blocked, id=4432, stack(0x000000001feb0000,0x000000001ffb0000)]
  0x000000001a4a9000 JavaThread "Abandoned connection cleanup thread" daemon [_thread_blocked, id=5208, stack(0x000000001bb80000,0x000000001bc80000)]
  0x000000001a4a8800 JavaThread "PoolCleaner[655605814:1408129885455]" daemon [_thread_blocked, id=1296, stack(0x000000001f590000,0x000000001f690000)]
  0x000000001a5bf800 JavaThread "FileSystemWatcher: files=#96 cl=groovy.lang.GroovyClassLoader@2713c036" daemon [_thread_blocked, id=3720, stack(0x000000001d0f0000,0x000000001d1f0000)]
  0x000000001ac7a000 JavaThread "Thread-4" daemon [_thread_in_native, id=5884, stack(0x000000001cfc0000,0x000000001d0c0000)]
  0x000000001a56c800 JavaThread "localhost-startStop-1" daemon [_thread_in_vm, id=3676, stack(0x000000001bcf0000,0x000000001bdf0000)]
  0x000000001a56c000 JavaThread "Tomcat-startStop-1" daemon [_thread_blocked, id=1696, stack(0x000000001ba60000,0x000000001bb60000)]
  0x000000001a530000 JavaThread "Thread-3" [_thread_in_native, id=2032, stack(0x000000001b100000,0x000000001b200000)]
  0x000000001a16d800 JavaThread "Thread-2" [_thread_blocked, id=6076, stack(0x000000001b4e0000,0x000000001b5e0000)]
  0x00000000183d9800 JavaThread "NonBlockingInputStreamThread" daemon [_thread_blocked, id=3452, stack(0x0000000018bd0000,0x0000000018cd0000)]
  0x000000001605c800 JavaThread "Service Thread" daemon [_thread_blocked, id=5532, stack(0x0000000017d80000,0x0000000017e80000)]
  0x0000000015edc800 JavaThread "C1 CompilerThread3" daemon [_thread_blocked, id=2744, stack(0x0000000017be0000,0x0000000017ce0000)]
  0x0000000015edc000 JavaThread "C2 CompilerThread2" daemon [_thread_in_native, id=4472, stack(0x0000000017a40000,0x0000000017b40000)]
  0x0000000015edb000 JavaThread "C2 CompilerThread1" daemon [_thread_in_native, id=4040, stack(0x00000000178c0000,0x00000000179c0000)]
=>0x0000000015ee0000 JavaThread "C2 CompilerThread0" daemon [_thread_in_native, id=4248, stack(0x00000000176e0000,0x00000000177e0000)]
  0x0000000015de7000 JavaThread "Attach Listener" daemon [_thread_blocked, id=5284, stack(0x0000000017580000,0x0000000017680000)]
  0x0000000015de6000 JavaThread "Signal Dispatcher" daemon [_thread_blocked, id=5408, stack(0x0000000017390000,0x0000000017490000)]
  0x0000000014d30800 JavaThread "Finalizer" daemon [_thread_blocked, id=4008, stack(0x0000000017190000,0x0000000017290000)]
  0x0000000014d26000 JavaThread "Reference Handler" daemon [_thread_blocked, id=3364, stack(0x0000000016f80000,0x0000000017080000)]
  0x000000000055f800 JavaThread "main" [_thread_blocked, id=4524, stack(0x0000000002450000,0x0000000002550000)]

Other Threads:
  0x0000000014d1f800 VMThread [stack: 0x0000000016d70000,0x0000000016e70000] [id=3748]
  0x000000001605e000 WatcherThread [stack: 0x0000000017090000,0x0000000017190000] [id=3496]

VM state:not at safepoint (normal execution)

VM Mutex/Monitor currently owned by a thread: None

Heap:
 PSYoungGen      total 236544K, used 20333K [0x00000000f0000000, 0x0000000100000000, 0x0000000100000000)
  eden space 224256K, 3% used [0x00000000f0000000,0x00000000f07de8f0,0x00000000fdb00000)
  from space 12288K, 99% used [0x00000000ff400000,0x00000000ffffcb60,0x0000000100000000)
  to   space 18944K, 0% used [0x00000000fdb00000,0x00000000fdb00000,0x00000000fed80000)
 ParOldGen       total 91136K, used 78404K [0x00000000d0000000, 0x00000000d5900000, 0x00000000f0000000)
  object space 91136K, 86% used [0x00000000d0000000,0x00000000d4c91000,0x00000000d5900000)
 Metaspace       used 55325K, capacity 56702K, committed 57088K, reserved 1099776K
  class space    used 6370K, capacity 6809K, committed 6912K, reserved 1048576K

Card table byte_map: [0x0000000011d50000,0x0000000011ee0000] byte_map_base: 0x00000000116d0000

Marking Bits: (ParMarkBitMap*) 0x00000000541312b0
 Begin Bits: [0x00000000129c0000, 0x00000000135c0000)
 End Bits:   [0x00000000135c0000, 0x00000000141c0000)

Polling page: 0x0000000000230000

CodeCache: size=245760Kb used=17771Kb max_used=17771Kb free=227988Kb
 bounds [0x0000000002990000, 0x0000000003b10000, 0x0000000011990000]
 total_blobs=5413 nmethods=4645 adapters=678
 compilation: enabled

Compilation events (10 events):
Event: 12.508 Thread 0x0000000015edc800 5348       2       java.util.concurrent.ConcurrentHashMap::size (31 bytes)
Event: 12.509 Thread 0x0000000015edc800 nmethod 5348 0x0000000003580a10 code [0x0000000003580b80, 0x0000000003580d48]
Event: 12.509 Thread 0x0000000015edc800 5349       2       groovy.lang.MetaClassImpl::checkIfStdMethod (179 bytes)
Event: 12.510 Thread 0x0000000015edc800 nmethod 5349 0x0000000003577ad0 code [0x0000000003577d20, 0x0000000003578328]
Event: 12.512 Thread 0x0000000015edc800 5351       2       groovy.lang.MetaBeanProperty::setGetter (6 bytes)
Event: 12.512 Thread 0x0000000015edc800 nmethod 5351 0x00000000035806d0 code [0x0000000003580820, 0x0000000003580990]
Event: 12.513 Thread 0x0000000015edc800 5352       2       java.util.concurrent.ConcurrentHashMap::resizeStamp (13 bytes)
Event: 12.513 Thread 0x0000000015edc800 nmethod 5352 0x0000000003580350 code [0x00000000035804c0, 0x0000000003580628]
Event: 12.514 Thread 0x0000000015edc800 5353       2       org.codehaus.groovy.runtime.MetaClassHelper::chooseEmptyMethodParams (82 bytes)
Event: 12.514 Thread 0x0000000015edc800 nmethod 5353 0x00000000035773d0 code [0x0000000003577560, 0x0000000003577838]

GC Heap History (10 events):
Event: 9.106 GC heap before
{Heap before GC invocations=48 (full 5):
 PSYoungGen      total 248832K, used 236165K [0x00000000f0000000, 0x00000000fff00000, 0x0000000100000000)
  eden space 237568K, 98% used [0x00000000f0000000,0x00000000fe4254a0,0x00000000fe800000)
  from space 11264K, 22% used [0x00000000ff400000,0x00000000ff67c190,0x00000000fff00000)
  to   space 11776K, 0% used [0x00000000fe800000,0x00000000fe800000,0x00000000ff380000)
 ParOldGen       total 75264K, used 61133K [0x00000000d0000000, 0x00000000d4980000, 0x00000000f0000000)
  object space 75264K, 81% used [0x00000000d0000000,0x00000000d3bb3410,0x00000000d4980000)
 Metaspace       used 50409K, capacity 51680K, committed 51968K, reserved 1095680K
  class space    used 5739K, capacity 6111K, committed 6144K, reserved 1048576K
Event: 9.121 GC heap after
Heap after GC invocations=48 (full 5):
 PSYoungGen      total 249344K, used 4827K [0x00000000f0000000, 0x00000000fff80000, 0x0000000100000000)
  eden space 237568K, 0% used [0x00000000f0000000,0x00000000f0000000,0x00000000fe800000)
  from space 11776K, 40% used [0x00000000fe800000,0x00000000fecb6d50,0x00000000ff380000)
  to   space 11264K, 0% used [0x00000000ff480000,0x00000000ff480000,0x00000000fff80000)
 ParOldGen       total 75264K, used 61141K [0x00000000d0000000, 0x00000000d4980000, 0x00000000f0000000)
  object space 75264K, 81% used [0x00000000d0000000,0x00000000d3bb5410,0x00000000d4980000)
 Metaspace       used 50409K, capacity 51680K, committed 51968K, reserved 1095680K
  class space    used 5739K, capacity 6111K, committed 6144K, reserved 1048576K
}
Event: 9.701 GC heap before
{Heap before GC invocations=49 (full 5):
 PSYoungGen      total 249344K, used 242395K [0x00000000f0000000, 0x00000000fff80000, 0x0000000100000000)
  eden space 237568K, 100% used [0x00000000f0000000,0x00000000fe800000,0x00000000fe800000)
  from space 11776K, 40% used [0x00000000fe800000,0x00000000fecb6d50,0x00000000ff380000)
  to   space 11264K, 0% used [0x00000000ff480000,0x00000000ff480000,0x00000000fff80000)
 ParOldGen       total 75264K, used 61141K [0x00000000d0000000, 0x00000000d4980000, 0x00000000f0000000)
  object space 75264K, 81% used [0x00000000d0000000,0x00000000d3bb5410,0x00000000d4980000)
 Metaspace       used 51477K, capacity 52806K, committed 53120K, reserved 1095680K
  class space    used 5885K, capacity 6272K, committed 6272K, reserved 1048576K
Event: 9.720 GC heap after
Heap after GC invocations=49 (full 5):
 PSYoungGen      total 248832K, used 8483K [0x00000000f0000000, 0x0000000100000000, 0x0000000100000000)
  eden space 237568K, 0% used [0x00000000f0000000,0x00000000f0000000,0x00000000fe800000)
  from space 11264K, 75% used [0x00000000ff480000,0x00000000ffcc8f20,0x00000000fff80000)
  to   space 12288K, 0% used [0x00000000fe800000,0x00000000fe800000,0x00000000ff400000)
 ParOldGen       total 75264K, used 61149K [0x00000000d0000000, 0x00000000d4980000, 0x00000000f0000000)
  object space 75264K, 81% used [0x00000000d0000000,0x00000000d3bb7410,0x00000000d4980000)
 Metaspace       used 51477K, capacity 52806K, committed 53120K, reserved 1095680K
  class space    used 5885K, capacity 6272K, committed 6272K, reserved 1048576K
}
Event: 10.631 GC heap before
{Heap before GC invocations=50 (full 5):
 PSYoungGen      total 248832K, used 246051K [0x00000000f0000000, 0x0000000100000000, 0x0000000100000000)
  eden space 237568K, 100% used [0x00000000f0000000,0x00000000fe800000,0x00000000fe800000)
  from space 11264K, 75% used [0x00000000ff480000,0x00000000ffcc8f20,0x00000000fff80000)
  to   space 12288K, 0% used [0x00000000fe800000,0x00000000fe800000,0x00000000ff400000)
 ParOldGen       total 75264K, used 61149K [0x00000000d0000000, 0x00000000d4980000, 0x00000000f0000000)
  object space 75264K, 81% used [0x00000000d0000000,0x00000000d3bb7410,0x00000000d4980000)
 Metaspace       used 53031K, capacity 54350K, committed 54656K, reserved 1097728K
  class space    used 6052K, capacity 6454K, committed 6528K, reserved 1048576K
Event: 10.645 GC heap after
Heap after GC invocations=50 (full 5):
 PSYoungGen      total 249856K, used 12257K [0x00000000f0000000, 0x0000000100000000, 0x0000000100000000)
  eden space 237568K, 0% used [0x00000000f0000000,0x00000000f0000000,0x00000000fe800000)
  from space 12288K, 99% used [0x00000000fe800000,0x00000000ff3f8588,0x00000000ff400000)
  to   space 12288K, 0% used [0x00000000ff400000,0x00000000ff400000,0x0000000100000000)
 ParOldGen       total 75264K, used 66889K [0x00000000d0000000, 0x00000000d4980000, 0x00000000f0000000)
  object space 75264K, 88% used [0x00000000d0000000,0x00000000d4152460,0x00000000d4980000)
 Metaspace       used 53031K, capacity 54350K, committed 54656K, reserved 1097728K
  class space    used 6052K, capacity 6454K, committed 6528K, reserved 1048576K
}
Event: 10.645 GC heap before
{Heap before GC invocations=51 (full 6):
 PSYoungGen      total 249856K, used 12257K [0x00000000f0000000, 0x0000000100000000, 0x0000000100000000)
  eden space 237568K, 0% used [0x00000000f0000000,0x00000000f0000000,0x00000000fe800000)
  from space 12288K, 99% used [0x00000000fe800000,0x00000000ff3f8588,0x00000000ff400000)
  to   space 12288K, 0% used [0x00000000ff400000,0x00000000ff400000,0x0000000100000000)
 ParOldGen       total 75264K, used 66889K [0x00000000d0000000, 0x00000000d4980000, 0x00000000f0000000)
  object space 75264K, 88% used [0x00000000d0000000,0x00000000d4152460,0x00000000d4980000)
 Metaspace       used 53031K, capacity 54350K, committed 54656K, reserved 1097728K
  class space    used 6052K, capacity 6454K, committed 6528K, reserved 1048576K
Event: 11.403 GC heap after
Heap after GC invocations=51 (full 6):
 PSYoungGen      total 249856K, used 2008K [0x00000000f0000000, 0x0000000100000000, 0x0000000100000000)
  eden space 237568K, 0% used [0x00000000f0000000,0x00000000f0000000,0x00000000fe800000)
  from space 12288K, 16% used [0x00000000fe800000,0x00000000fe9f6290,0x00000000ff400000)
  to   space 12288K, 0% used [0x00000000ff400000,0x00000000ff400000,0x0000000100000000)
 ParOldGen       total 91136K, used 75171K [0x00000000d0000000, 0x00000000d5900000, 0x00000000f0000000)
  object space 91136K, 82% used [0x00000000d0000000,0x00000000d4968c30,0x00000000d5900000)
 Metaspace       used 53031K, capacity 54350K, committed 54656K, reserved 1097728K
  class space    used 6052K, capacity 6454K, committed 6528K, reserved 1048576K
}
Event: 12.469 GC heap before
{Heap before GC invocations=52 (full 6):
 PSYoungGen      total 249856K, used 239576K [0x00000000f0000000, 0x0000000100000000, 0x0000000100000000)
  eden space 237568K, 100% used [0x00000000f0000000,0x00000000fe800000,0x00000000fe800000)
  from space 12288K, 16% used [0x00000000fe800000,0x00000000fe9f6290,0x00000000ff400000)
  to   space 12288K, 0% used [0x00000000ff400000,0x00000000ff400000,0x0000000100000000)
 ParOldGen       total 91136K, used 75171K [0x00000000d0000000, 0x00000000d5900000, 0x00000000f0000000)
  object space 91136K, 82% used [0x00000000d0000000,0x00000000d4968c30,0x00000000d5900000)
 Metaspace       used 55305K, capacity 56684K, committed 56832K, reserved 1099776K
  class space    used 6366K, capacity 6805K, committed 6912K, reserved 1048576K
Event: 12.487 GC heap after
Heap after GC invocations=52 (full 6):
 PSYoungGen      total 236544K, used 12274K [0x00000000f0000000, 0x0000000100000000, 0x0000000100000000)
  eden space 224256K, 0% used [0x00000000f0000000,0x00000000f0000000,0x00000000fdb00000)
  from space 12288K, 99% used [0x00000000ff400000,0x00000000ffffcb60,0x0000000100000000)
  to   space 18944K, 0% used [0x00000000fdb00000,0x00000000fdb00000,0x00000000fed80000)
 ParOldGen       total 91136K, used 78404K [0x00000000d0000000, 0x00000000d5900000, 0x00000000f0000000)
  object space 91136K, 86% used [0x00000000d0000000,0x00000000d4c91000,0x00000000d5900000)
 Metaspace       used 55305K, capacity 56684K, committed 56832K, reserved 1099776K
  class space    used 6366K, capacity 6805K, committed 6912K, reserved 1048576K
}

Deoptimization events (10 events):
Event: 11.961 Thread 0x000000001a56c800 Uncommon trap: reason=null_check action=make_not_entrant pc=0x0000000002feb46c method=org.springsource.loaded.ri.ReloadableTypeMethodProvider.getMethod(Ljava/lang/String;[Ljava/lang/Class;)Lorg/springsource/loaded/ri/Invoker; @ 28
Event: 12.248 Thread 0x000000001a56c800 Uncommon trap: reason=null_check action=make_not_entrant pc=0x000000000377f02c method=java.util.concurrent.ConcurrentHashMap$TreeBin.<init>(Ljava/util/concurrent/ConcurrentHashMap$TreeNode;)V @ 26
Event: 12.249 Thread 0x000000001a56c800 Uncommon trap: reason=null_check action=make_not_entrant pc=0x0000000003a31eb0 method=java.util.concurrent.ConcurrentHashMap$TreeBin.<init>(Ljava/util/concurrent/ConcurrentHashMap$TreeNode;)V @ 26
Event: 12.432 Thread 0x000000001a56c800 Uncommon trap: reason=class_check action=maybe_recompile pc=0x0000000003116ef0 method=groovy.lang.MetaClassImpl.checkIfStdMethod(Lgroovy/lang/MetaMethod;)V @ 60
Event: 12.432 Thread 0x000000001a56c800 Uncommon trap: reason=class_check action=maybe_recompile pc=0x0000000003116ef0 method=groovy.lang.MetaClassImpl.checkIfStdMethod(Lgroovy/lang/MetaMethod;)V @ 60
Event: 12.506 Thread 0x000000001a56c800 Uncommon trap: reason=class_check action=maybe_recompile pc=0x000000000357b7a0 method=org.codehaus.groovy.runtime.MetaClassHelper.isGenericSetMethod(Lgroovy/lang/MetaMethod;)Z @ 14
Event: 12.506 Thread 0x000000001a56c800 Uncommon trap: reason=class_check action=maybe_recompile pc=0x000000000357b7a0 method=org.codehaus.groovy.runtime.MetaClassHelper.isGenericSetMethod(Lgroovy/lang/MetaMethod;)Z @ 14
Event: 12.506 Thread 0x000000001a56c800 Uncommon trap: reason=class_check action=maybe_recompile pc=0x000000000357b7a0 method=org.codehaus.groovy.runtime.MetaClassHelper.isGenericSetMethod(Lgroovy/lang/MetaMethod;)Z @ 14
Event: 12.506 Thread 0x000000001a56c800 Uncommon trap: reason=class_check action=maybe_recompile pc=0x000000000357b7a0 method=org.codehaus.groovy.runtime.MetaClassHelper.isGenericSetMethod(Lgroovy/lang/MetaMethod;)Z @ 14
Event: 12.506 Thread 0x000000001a56c800 Uncommon trap: reason=class_check action=maybe_recompile pc=0x0000000003116ed8 method=org.codehaus.groovy.runtime.MetaClassHelper.isGenericSetMethod(Lgroovy/lang/MetaMethod;)Z @ 14

Internal exceptions (10 events):
Event: 12.510 Thread 0x000000001a56c800 Exception <a 'java/security/PrivilegedActionException'> (0x00000000f03ef6a8) thrown at [C:\re\workspace\8-2-build-windows-amd64-cygwin\jdk8u11\648\hotspot\src\share\vm\prims\jvm.cpp, line 1248]
Event: 12.510 Thread 0x000000001a56c800 Exception <a 'java/lang/ClassNotFoundException': org/codehaus/groovy/grails/web/util/TagLibraryMetaUtils$_registerPropertyMissingForTag_closure6BeanInfo> (0x00000000f03f0628) thrown at [C:\re\workspace\8-2-build-windows-amd64-cygwin\jdk8u11\648\hotspot\srcê<®
g)@
Event: 12.511 Thread 0x000000001a56c800 Exception <a 'java/security/PrivilegedActionException'> (0x00000000f03f1c30) thrown at [C:\re\workspace\8-2-build-windows-amd64-cygwin\jdk8u11\648\hotspot\src\share\vm\prims\jvm.cpp, line 1248]
Event: 12.511 Thread 0x000000001a56c800 Exception <a 'java/security/PrivilegedActionException'> (0x00000000f03f7c30) thrown at [C:\re\workspace\8-2-build-windows-amd64-cygwin\jdk8u11\648\hotspot\src\share\vm\prims\jvm.cpp, line 1248]
Event: 12.511 Thread 0x000000001a56c800 Exception <a 'java/security/PrivilegedActionException'> (0x00000000f040ec18) thrown at [C:\re\workspace\8-2-build-windows-amd64-cygwin\jdk8u11\648\hotspot\src\share\vm\prims\jvm.cpp, line 1248]
Event: 12.511 Thread 0x000000001a56c800 Exception <a 'java/security/PrivilegedActionException'> (0x00000000f042bbe0) thrown at [C:\re\workspace\8-2-build-windows-amd64-cygwin\jdk8u11\648\hotspot\src\share\vm\prims\jvm.cpp, line 1248]
Event: 12.511 Thread 0x000000001a56c800 Exception <a 'java/security/PrivilegedActionException'> (0x00000000f0431be0) thrown at [C:\re\workspace\8-2-build-windows-amd64-cygwin\jdk8u11\648\hotspot\src\share\vm\prims\jvm.cpp, line 1248]
Event: 12.511 Thread 0x000000001a56c800 Exception <a 'java/security/PrivilegedActionException'> (0x00000000f0448bc8) thrown at [C:\re\workspace\8-2-build-windows-amd64-cygwin\jdk8u11\648\hotspot\src\share\vm\prims\jvm.cpp, line 1248]
Event: 12.512 Thread 0x000000001a56c800 Exception <a 'java/security/PrivilegedActionException'> (0x00000000f047b9a0) thrown at [C:\re\workspace\8-2-build-windows-amd64-cygwin\jdk8u11\648\hotspot\src\share\vm\prims\jvm.cpp, line 1248]
Event: 12.512 Thread 0x000000001a56c800 Exception <a 'java/lang/ClassNotFoundException': org/codehaus/groovy/grails/web/util/TagLibraryMetaUtils$_registerPropertyMissingForTag_closure6Customizer> (0x00000000f047c928) thrown at [C:\re\workspace\8-2-build-windows-amd64-cygwin\jdk8u11\648\hotspot\sßUÝºU)@

Events (10 events):
Event: 12.510 loading class org/codehaus/groovy/grails/web/util/TagLibraryMetaUtils$_registerPropertyMissingForTag_closure6BeanInfo
Event: 12.510 loading class org/codehaus/groovy/grails/web/util/TagLibraryMetaUtils$_registerPropertyMissingForTag_closure6BeanInfo done
Event: 12.510 loading class org/codehaus/groovy/grails/web/util/TagLibraryMetaUtils$_registerPropertyMissingForTag_closure6BeanInfo
Event: 12.510 loading class org/codehaus/groovy/grails/web/util/TagLibraryMetaUtils$_registerPropertyMissingForTag_closure6BeanInfo done
Event: 12.511 loading class org/codehaus/groovy/grails/web/util/TagLibraryMetaUtils$_registerPropertyMissingForTag_closure6Customizer
Event: 12.511 loading class org/codehaus/groovy/grails/web/util/TagLibraryMetaUtils$_registerPropertyMissingForTag_closure6Customizer done
Event: 12.511 loading class org/codehaus/groovy/grails/web/util/TagLibraryMetaUtils$_registerPropertyMissingForTag_closure6Customizer
Event: 12.511 loading class org/codehaus/groovy/grails/web/util/TagLibraryMetaUtils$_registerPropertyMissingForTag_closure6Customizer done
Event: 12.512 loading class org/codehaus/groovy/grails/web/util/TagLibraryMetaUtils$_registerPropertyMissingForTag_closure6Customizer
Event: 12.512 loading class org/codehaus/groovy/grails/web/util/TagLibraryMetaUtils$_registerPropertyMissingForTag_closure6Customizer done


Dynamic libraries:
0x000000013f380000 - 0x000000013f3b4000 	C:\Program Files\Java\jdk1.8.0_11\bin\java.exe
0x0000000076e20000 - 0x0000000076fc9000 	C:\Windows\SYSTEM32\ntdll.dll
0x0000000076d00000 - 0x0000000076e1f000 	C:\Windows\system32\kernel32.dll
0x000007fefd350000 - 0x000007fefd3bc000 	C:\Windows\system32\KERNELBASE.dll
0x000007fefe9a0000 - 0x000007fefea7b000 	C:\Windows\system32\ADVAPI32.dll
0x000007fefe7f0000 - 0x000007fefe88f000 	C:\Windows\system32\msvcrt.dll
0x000007fefe7d0000 - 0x000007fefe7ef000 	C:\Windows\SYSTEM32\sechost.dll
0x000007fefd6f0000 - 0x000007fefd81d000 	C:\Windows\system32\RPCRT4.dll
0x0000000076890000 - 0x000000007698a000 	C:\Windows\system32\USER32.dll
0x000007fefe890000 - 0x000007fefe8f7000 	C:\Windows\system32\GDI32.dll
0x000007fefe7c0000 - 0x000007fefe7ce000 	C:\Windows\system32\LPK.dll
0x000007feff060000 - 0x000007feff129000 	C:\Windows\system32\USP10.dll
0x000007fefc340000 - 0x000007fefc534000 	C:\Windows\WinSxS\amd64_microsoft.windows.common-controls_6595b64144ccf1df_6.0.7601.17514_none_fa396087175ac9ac\COMCTL32.dll
0x000007fefe920000 - 0x000007fefe991000 	C:\Windows\system32\SHLWAPI.dll
0x000007fefeae0000 - 0x000007fefeb0e000 	C:\Windows\system32\IMM32.DLL
0x000007fefee70000 - 0x000007fefef79000 	C:\Windows\system32\MSCTF.dll
0x00000000541b0000 - 0x0000000054282000 	C:\Program Files\Java\jdk1.8.0_11\jre\bin\msvcr100.dll
0x0000000053980000 - 0x00000000541aa000 	C:\Program Files\Java\jdk1.8.0_11\jre\bin\server\jvm.dll
0x000007fef8020000 - 0x000007fef8029000 	C:\Windows\system32\WSOCK32.dll
0x000007feff010000 - 0x000007feff05d000 	C:\Windows\system32\WS2_32.dll
0x000007feff000000 - 0x000007feff008000 	C:\Windows\system32\NSI.dll
0x000007fefad00000 - 0x000007fefad3b000 	C:\Windows\system32\WINMM.dll
0x0000000076fe0000 - 0x0000000076fe7000 	C:\Windows\system32\PSAPI.DLL
0x0000000053970000 - 0x000000005397f000 	C:\Program Files\Java\jdk1.8.0_11\jre\bin\verify.dll
0x0000000053940000 - 0x0000000053968000 	C:\Program Files\Java\jdk1.8.0_11\jre\bin\java.dll
0x0000000053910000 - 0x0000000053933000 	C:\Program Files\Java\jdk1.8.0_11\jre\bin\instrument.dll
0x00000000538f0000 - 0x0000000053906000 	C:\Program Files\Java\jdk1.8.0_11\jre\bin\zip.dll
0x000007fefd820000 - 0x000007fefe5a8000 	C:\Windows\system32\SHELL32.dll
0x000007fefe5b0000 - 0x000007fefe7b3000 	C:\Windows\system32\ole32.dll
0x000007fefd280000 - 0x000007fefd28f000 	C:\Windows\system32\profapi.dll
0x000007fefcb10000 - 0x000007fefcb27000 	C:\Windows\system32\CRYPTSP.dll
0x000007fefc810000 - 0x000007fefc857000 	C:\Windows\system32\rsaenh.dll
0x000007fefc220000 - 0x000007fefc23e000 	C:\Windows\system32\USERENV.dll
0x000007fefd170000 - 0x000007fefd17f000 	C:\Windows\system32\CRYPTBASE.dll
0x00000000538d0000 - 0x00000000538ea000 	C:\Program Files\Java\jdk1.8.0_11\jre\bin\net.dll
0x000007fefcab0000 - 0x000007fefcb05000 	C:\Windows\system32\mswsock.dll
0x000007fefcaa0000 - 0x000007fefcaa7000 	C:\Windows\System32\wship6.dll
0x000007fef9a60000 - 0x000007fef9a87000 	C:\Windows\system32\IPHLPAPI.DLL
0x000007fef9a50000 - 0x000007fef9a5b000 	C:\Windows\system32\WINNSI.DLL
0x000007fef9850000 - 0x000007fef9861000 	C:\Windows\system32\dhcpcsvc6.DLL
0x000007fef9830000 - 0x000007fef9848000 	C:\Windows\system32\dhcpcsvc.DLL
0x00000000538b0000 - 0x00000000538c1000 	C:\Program Files\Java\jdk1.8.0_11\jre\bin\nio.dll
0x000007fefbaa0000 - 0x000007fefbaaa000 	C:\Users\GRomano\AppData\Local\Temp\jansi-64-4170423946600351744.dll
0x0000000053860000 - 0x000000005386d000 	C:\Program Files\Java\jdk1.8.0_11\jre\bin\management.dll
0x000007fefc090000 - 0x000007fefc097000 	C:\Windows\System32\wshtcpip.dll
0x000007fefc930000 - 0x000007fefc98b000 	C:\Windows\system32\DNSAPI.dll
0x000007fef7f50000 - 0x000007fef7f7e000 	C:\Program Files\Common Files\Microsoft Shared\Windows Live\WLIDNSP.DLL
0x000007fef7f20000 - 0x000007fef7f28000 	C:\Windows\system32\rasadhlp.dll
0x000007fef98d0000 - 0x000007fef9923000 	C:\Windows\System32\fwpuclnt.dll
0x000007fefaa00000 - 0x000007fefaa15000 	C:\Windows\system32\NLAapi.dll
0x000007fee70c0000 - 0x000007fee70d5000 	C:\Windows\system32\napinsp.dll
0x000007fee70a0000 - 0x000007fee70b9000 	C:\Windows\system32\pnrpnsp.dll
0x000007fee7090000 - 0x000007fee709b000 	C:\Windows\System32\winrnr.dll
0x000007fee7080000 - 0x000007fee7090000 	C:\Windows\system32\wshbth.dll
0x000007fef6510000 - 0x000007fef6635000 	C:\Windows\system32\dbghelp.dll

VM Arguments:
jvm_args: -Dfile.encoding=UTF-8 -Xmx768M -Xms64M -Dgrails.fork.parent.process.port=49236 -Dgrails.fork.active=true -Dgrails.build.execution.context=C:\Users\GRomano\AppData\Local\Temp\abogadoExpressPuntoNet2032895722784545998grails-execution-context -Dgrails.home=C:\ggts-bundle\grails-2.4.2 -javaagent:C:\ggts-bundle\grails-2.4.2\lib\org.springframework\springloaded\jars\springloaded-1.2.0.RELEASE.jar -Xverify:none -Dspringloaded.synchronize=true -Djdk.reflect.allowGetCallerClass=true -Dspringloaded=profile=grails;cacheDir=C:\Users\GRomano\.grails\2.4.2 
java_command: org.grails.plugins.tomcat.fork.ForkedTomcatServer
java_class_path (initial): C:\Program Files\Java\jdk1.8.0_11\lib\tools.jar;C:\ggts-bundle\grails-2.4.2\lib\org.codehaus.groovy\groovy-all\jars\groovy-all-2.3.3.jar;C:\ggts-bundle\grails-2.4.2\lib\org.slf4j\jcl-over-slf4j\jars\jcl-over-slf4j-1.7.5.jar;C:\ggts-bundle\grails-2.4.2\lib\org.codehaus.gant\gant_groovy1.8\jars\gant_groovy1.8-1.9.6.jar;C:\ggts-bundle\grails-2.4.2\lib\org.apache.tomcat.embed\tomcat-embed-logging-log4j\jars\tomcat-embed-logging-log4j-7.0.50.jar;C:\ggts-bundle\grails-2.4.2\dist\grails-plugin-log4j-2.4.2.jar;C:\ggts-bundle\grails-2.4.2\lib\log4j\log4j\jars\log4j-1.2.17.jar;C:\ggts-bundle\grails-2.4.2\dist\grails-bootstrap-2.4.2.jar;C:\ggts-bundle\grails-2.4.2\lib\org.slf4j\slf4j-api\jars\slf4j-api-1.7.5.jar;C:\ggts-bundle\grails-2.4.2\lib\jline\jline\jars\jline-2.12.jar;C:\ggts-bundle\grails-2.4.2\lib\org.apache.ant\ant\jars\ant-1.8.4.jar;C:\ggts-bundle\grails-2.4.2\lib\org.apache.ant\ant-launcher\jars\ant-launcher-1.8.4.jar;C:\ggts-bundle\grails-2.4.2\lib\org.apache.ant\ant-trax\jars\ant-trax-1.7.1.jar;C:\ggts-bundle\grails-2.4.2\lib\org.apache.ant\ant-junit\jars\ant-junit-1.8.4.jar;C:\ggts-bundle\grails-2.4.2\lib\org.apache.ivy\ivy\jars\ivy-2.3.0.jar;C:\ggts-bundle\grails-2.4.2\lib\org.fusesource.jansi\jansi\jars\jansi-1.11.jar;C:\Users\GRomano\.m2\repository\org\eclipse\jdt\core\compiler\ecj\3.7.2\ecj-3.7.2.jar;C:\Users\GRomano\.m2\repository\org\apache\tomcat\embed\tomcat-embed-el\7.0.53\tomcat-embed-el-7.0.53.jar;C:\Users\GRomano\.m2\repository\org\apache\tomcat\embed\tomcat-embed-jasper\7.0.53\tomcat-embed-jasper-7.0.53.jar;C:\Users\GRomano\.m2\repository\org\apache\tomcat\tomcat-catalina-ant\7.0.53\tomcat-catalina-ant-7.0.53.jar;C:\Users\GRomano\.m2\repository\org\apache\tomcat\embed\tomcat-embed-logging-log4j\7.0.53\tomcat-embed-logging-log4j-7.0.53.jar;C:\Users\GRomano\.m2\repository\org\apache\tomcat\embed\tomcat-embed-websocket\7.0.53\tomcat-embed-websocket-7.0.53.jar;D:\workspace_grails\abogadoExpressPuntoNet\target\work\plugins\to
Launcher Type: SUN_STANDARD

Environment Variables:
JAVA_HOME=C:\Program Files\Java\jdk1.8.0_11
PATH=C:\Program Files\Common Files\Microsoft Shared\Windows Live;C:\Program Files (x86)\Common Files\Microsoft Shared\Windows Live;C:\Program Files (x86)\NVIDIA Corporation\PhysX\Common;C:\Program Files (x86)\Intel\iCLS Client\;C:\Program Files\Intel\iCLS Client\;C:\Windows\system32;C:\Windows;C:\Windows\System32\Wbem;C:\Windows\System32\WindowsPowerShell\v1.0\;C:\Program Files\Intel\Intel(R) Management Engine Components\DAL;C:\Program Files\Intel\Intel(R) Management Engine Components\IPT;C:\Program Files (x86)\Intel\Intel(R) Management Engine Components\DAL;C:\Program Files (x86)\Intel\Intel(R) Management Engine Components\IPT;C:\Program Files\Lenovo\Bluetooth Software\;C:\Program Files\Lenovo\Bluetooth Software\syswow64;C:\Program Files\Java\jdk1.8.0_11\bin;C:\grails\grails-2.4.3\bin;C:\Program Files (x86)\MySQL\MySQL Utilities 1.3.6\
USERNAME=GRomano
OS=Windows_NT
PROCESSOR_IDENTIFIER=Intel64 Family 6 Model 58 Stepping 9, GenuineIntel



---------------  S Y S T E M  ---------------

OS: Windows 7 , 64 bit Build 7601 Service Pack 1

CPU:total 8 (4 cores per cpu, 2 threads per core) family 6 model 58 stepping 9, cmov, cx8, fxsr, mmx, sse, sse2, sse3, ssse3, sse4.1, sse4.2, popcnt, avx, aes, clmul, erms, ht, tsc, tscinvbit

Memory: 4k page, physical 5746284k(2048524k free), swap 11490716k(6591652k free)

vm_info: Java HotSpot(TM) 64-Bit Server VM (25.11-b03) for windows-amd64 JRE (1.8.0_11-b12), built on Jun 16 2014 20:57:32 by "java_re" with MS VC++ 10.0 (VS2010)

time: Fri Aug 15 16:11:30 2014
elapsed time: 12 seconds

