#
# A fatal error has been detected by the Java Runtime Environment:
#
#  EXCEPTION_ACCESS_VIOLATION (0xc0000005) at pc=0x0000000055374db2, pid=8624, tid=6652
#
# JRE version: Java(TM) SE Runtime Environment (8.0_11-b12) (build 1.8.0_11-b12)
# Java VM: Java HotSpot(TM) 64-Bit Server VM (25.11-b03 mixed mode windows-amd64 compressed oops)
# Problematic frame:
# V  [jvm.dll+0x424db2]
#
# Failed to write core dump. Minidumps are not enabled by default on client versions of Windows
#
# If you would like to submit a bug report, please visit:
#   http://bugreport.sun.com/bugreport/crash.jsp
#

---------------  T H R E A D  ---------------

Current thread (0x0000000056812800):  JavaThread "C2 CompilerThread0" daemon [_thread_in_native, id=6652, stack(0x0000000057f50000,0x0000000058050000)]

siginfo: ExceptionCode=0xc0000005, reading address 0x0000000000000000

Registers:
RAX=0x000000005ae645d8, RBX=0x0000000000000600, RCX=0x0000000000000000, RDX=0x0000000059421540
RSP=0x000000005804c290, RBP=0x00000000000000c0, RSI=0x00000000000000b8, RDI=0x0000000000000000
R8 =0x0000000054f50000, R9 =0x000000005804c5b0, R10=0x00000000ffffffff, R11=0x000000005683d590
R12=0x000000005ae64ce0, R13=0x0000000056a026c8, R14=0x0000000000000008, R15=0x0000000056a026c8
RIP=0x0000000055374db2, EFLAGS=0x0000000000010206

Top of Stack: (sp=0x000000005804c290)
0x000000005804c290:   00000000000000da 00000000000000b0
0x000000005804c2a0:   000000000000000a 0000000000000400
0x000000005804c2b0:   0000000000000001 0000000000000600
0x000000005804c2c0:   0000000000000180 00000000000000c0
0x000000005804c2d0:   000000005e0e8e40 0000000056815760
0x000000005804c2e0:   00000000000006b8 000000005941ce80
0x000000005804c2f0:   000000005804c5b0 000000005ae61760
0x000000005804c300:   0000000000000020 0000000000000009
0x000000005804c310:   000000005ae64cb0 00000000000000da
0x000000005804c320:   0000000056a026c8 000000005537598d
0x000000005804c330:   000000005ae64cb0 000000000000001c
0x000000005804c340:   00000000000000da 000000005804c5b0
0x000000005804c350:   0000000059421540 00000000000000da
0x000000005804c360:   000000005ae61760 0000000000000020
0x000000005804c370:   0000000059bf8d18 000000005804e920
0x000000005804c380:   0000000059bf9348 000000005ae64cb0 

Instructions: (pc=0x0000000055374db2)
0x0000000055374d92:   c6 48 63 f0 48 03 f1 eb 04 48 83 ce ff 48 8b 84
0x0000000055374da2:   24 a0 00 00 00 48 8b 40 08 48 8b 3c 03 48 8b cf
0x0000000055374db2:   48 8b 07 ff 50 28 4c 8d 05 41 b2 bd ff 48 63 50
0x0000000055374dc2:   10 4c 8b d8 48 8b ca 48 c1 e1 05 42 80 bc 01 c0 


Register to memory mapping:

RAX=0x000000005ae645d8 is an unknown value
RBX=0x0000000000000600 is an unknown value
RCX=0x0000000000000000 is an unknown value
RDX=0x0000000059421540 is an unknown value
RSP=0x000000005804c290 is pointing into the stack for thread: 0x0000000056812800
RBP=0x00000000000000c0 is an unknown value
RSI=0x00000000000000b8 is an unknown value
RDI=0x0000000000000000 is an unknown value
R8 =0x0000000054f50000 is an unknown value
R9 =0x000000005804c5b0 is pointing into the stack for thread: 0x0000000056812800
R10=0x00000000ffffffff is an unknown value
R11=0x000000005683d590 is an unknown value
R12=0x000000005ae64ce0 is an unknown value
R13=0x0000000056a026c8 is an unknown value
R14=0x0000000000000008 is an unknown value
R15=0x0000000056a026c8 is an unknown value


Stack: [0x0000000057f50000,0x0000000058050000],  sp=0x000000005804c290,  free space=1008k
Native frames: (J=compiled Java code, j=interpreted, Vv=VM code, C=native code)
V  [jvm.dll+0x424db2]
V  [jvm.dll+0x42598d]
V  [jvm.dll+0x425ecf]
V  [jvm.dll+0x4c5a84]
V  [jvm.dll+0x4415bc]
V  [jvm.dll+0x443a29]
V  [jvm.dll+0x427722]
V  [jvm.dll+0x96982]
V  [jvm.dll+0x97173]
V  [jvm.dll+0x2234b4]
V  [jvm.dll+0x27bcca]
C  [msvcr100.dll+0x21d9f]
C  [msvcr100.dll+0x21e3b]
C  [kernel32.dll+0x1652d]
C  [ntdll.dll+0x2c521]


Current CompileTask:
C2:  12666 5388       4       groovy.lang.MetaClassImpl::findPropertyMethod (356 bytes)


---------------  P R O C E S S  ---------------

Java Threads: ( => current thread )
  0x000000005e713000 JavaThread "net.sf.ehcache.CacheManager@115b1b6f" daemon [_thread_blocked, id=6608, stack(0x000000005da90000,0x000000005db90000)]
  0x000000005e712800 JavaThread "Abandoned connection cleanup thread" daemon [_thread_blocked, id=7440, stack(0x000000005fe20000,0x000000005ff20000)]
  0x000000005e711800 JavaThread "PoolCleaner[655605814:1408123649946]" daemon [_thread_blocked, id=8968, stack(0x0000000058e30000,0x0000000058f30000)]
  0x000000005bf23000 JavaThread "FileSystemWatcher: files=#96 cl=groovy.lang.GroovyClassLoader@2713c036" daemon [_thread_blocked, id=4084, stack(0x000000005dbb0000,0x000000005dcb0000)]
  0x000000005ba41800 JavaThread "Thread-4" daemon [_thread_in_native, id=7376, stack(0x000000005d8f0000,0x000000005d9f0000)]
  0x000000005bd38800 JavaThread "localhost-startStop-1" daemon [_thread_in_Java, id=3864, stack(0x000000005d330000,0x000000005d430000)]
  0x000000005bd38000 JavaThread "Tomcat-startStop-1" daemon [_thread_blocked, id=6308, stack(0x000000005d1d0000,0x000000005d2d0000)]
  0x000000005badc800 JavaThread "Thread-3" [_thread_in_native, id=5200, stack(0x000000005c7a0000,0x000000005c8a0000)]
  0x000000005a20f000 JavaThread "Thread-2" [_thread_blocked, id=5860, stack(0x000000005c8f0000,0x000000005c9f0000)]
  0x000000005898a800 JavaThread "NonBlockingInputStreamThread" daemon [_thread_blocked, id=9060, stack(0x0000000059290000,0x0000000059390000)]
  0x0000000056974800 JavaThread "Service Thread" daemon [_thread_blocked, id=4684, stack(0x00000000583b0000,0x00000000584b0000)]
  0x000000005680e000 JavaThread "C1 CompilerThread3" daemon [_thread_blocked, id=8976, stack(0x0000000058270000,0x0000000058370000)]
  0x000000005680d800 JavaThread "C2 CompilerThread2" daemon [_thread_in_native, id=5708, stack(0x0000000058070000,0x0000000058170000)]
  0x000000005680c800 JavaThread "C2 CompilerThread1" daemon [_thread_in_native, id=4312, stack(0x0000000058170000,0x0000000058270000)]
=>0x0000000056812800 JavaThread "C2 CompilerThread0" daemon [_thread_in_native, id=6652, stack(0x0000000057f50000,0x0000000058050000)]
  0x0000000056717000 JavaThread "Attach Listener" daemon [_thread_blocked, id=8496, stack(0x0000000057e10000,0x0000000057f10000)]
  0x0000000056716000 JavaThread "Signal Dispatcher" daemon [_thread_blocked, id=2396, stack(0x0000000057cb0000,0x0000000057db0000)]
  0x0000000054dca800 JavaThread "Finalizer" daemon [_thread_blocked, id=7716, stack(0x0000000057ae0000,0x0000000057be0000)]
  0x0000000054dc4800 JavaThread "Reference Handler" daemon [_thread_blocked, id=6916, stack(0x0000000057970000,0x0000000057a70000)]
  0x000000000231f800 JavaThread "main" [_thread_blocked, id=6264, stack(0x00000000024f0000,0x00000000025f0000)]

Other Threads:
  0x0000000054dbf800 VMThread [stack: 0x0000000057710000,0x0000000057810000] [id=7548]
  0x0000000056976800 WatcherThread [stack: 0x00000000584f0000,0x00000000585f0000] [id=8964]

VM state:not at safepoint (normal execution)

VM Mutex/Monitor currently owned by a thread: None

Heap:
 PSYoungGen      total 245248K, used 151793K [0x00000000f0000000, 0x0000000100000000, 0x0000000100000000)
  eden space 228352K, 61% used [0x00000000f0000000,0x00000000f89cc3f8,0x00000000fdf00000)
  from space 16896K, 63% used [0x00000000fdf00000,0x00000000fe9701a8,0x00000000fef80000)
  to   space 16896K, 0% used [0x00000000fef80000,0x00000000fef80000,0x0000000100000000)
 ParOldGen       total 86528K, used 71437K [0x00000000d0000000, 0x00000000d5480000, 0x00000000f0000000)
  object space 86528K, 82% used [0x00000000d0000000,0x00000000d45c35b0,0x00000000d5480000)
 Metaspace       used 55437K, capacity 56854K, committed 57088K, reserved 1099776K
  class space    used 6413K, capacity 6882K, committed 6912K, reserved 1048576K

Card table byte_map: [0x0000000011c80000,0x0000000011e10000] byte_map_base: 0x0000000011600000

Marking Bits: (ParMarkBitMap*) 0x00000000557012b0
 Begin Bits: [0x0000000012a60000, 0x0000000013660000)
 End Bits:   [0x0000000013660000, 0x0000000014260000)

Polling page: 0x00000000001b0000

CodeCache: size=245760Kb used=18834Kb max_used=18834Kb free=226925Kb
 bounds [0x00000000028c0000, 0x0000000003b40000, 0x00000000118c0000]
 total_blobs=5659 nmethods=4892 adapters=678
 compilation: enabled

Compilation events (10 events):
Event: 12.635 Thread 0x0000000056812800 nmethod 5378 0x0000000003b30c10 code [0x0000000003b30ea0, 0x0000000003b32200]
Event: 12.635 Thread 0x0000000056812800 5388       4       groovy.lang.MetaClassImpl::findPropertyMethod (356 bytes)
Event: 12.643 Thread 0x000000005680e000 5392       3       sun.reflect.generics.parser.SignatureParser::parseArrayTypeSignature (28 bytes)
Event: 12.643 Thread 0x000000005680e000 nmethod 5392 0x0000000003b2a890 code [0x0000000003b2aa40, 0x0000000003b2ae38]
Event: 12.643 Thread 0x000000005680e000 5393       3       sun.reflect.generics.tree.ArrayTypeSignature::make (9 bytes)
Event: 12.644 Thread 0x000000005680e000 nmethod 5393 0x0000000003b2a3d0 code [0x0000000003b2a540, 0x0000000003b2a790]
Event: 12.644 Thread 0x000000005680e000 5394       3       sun.reflect.generics.tree.ArrayTypeSignature::<init> (10 bytes)
Event: 12.644 Thread 0x000000005680e000 nmethod 5394 0x0000000003b2a010 code [0x0000000003b2a160, 0x0000000003b2a310]
Event: 12.644 Thread 0x000000005680e000 5395       3       org.codehaus.groovy.runtime.callsite.CallSiteGenerator::isCompilable (39 bytes)
Event: 12.644 Thread 0x000000005680e000 nmethod 5395 0x0000000003b30390 code [0x0000000003b30520, 0x0000000003b30a68]

GC Heap History (10 events):
Event: 9.035 GC heap before
{Heap before GC invocations=51 (full 5):
 PSYoungGen      total 236544K, used 223188K [0x00000000f0000000, 0x0000000100000000, 0x0000000100000000)
  eden space 220672K, 100% used [0x00000000f0000000,0x00000000fd780000,0x00000000fd780000)
  from space 15872K, 15% used [0x00000000fd780000,0x00000000fd9f52c0,0x00000000fe700000)
  to   space 15360K, 0% used [0x00000000ff100000,0x00000000ff100000,0x0000000100000000)
 ParOldGen       total 71680K, used 59131K [0x00000000d0000000, 0x00000000d4600000, 0x00000000f0000000)
  object space 71680K, 82% used [0x00000000d0000000,0x00000000d39bed08,0x00000000d4600000)
 Metaspace       used 49202K, capacity 50444K, committed 50816K, reserved 1093632K
  class space    used 5583K, capacity 5979K, committed 6016K, reserved 1048576K
Event: 9.040 GC heap after
Heap after GC invocations=51 (full 5):
 PSYoungGen      total 243712K, used 3662K [0x00000000f0000000, 0x00000000ffd80000, 0x0000000100000000)
  eden space 230912K, 0% used [0x00000000f0000000,0x00000000f0000000,0x00000000fe180000)
  from space 12800K, 28% used [0x00000000ff100000,0x00000000ff493b60,0x00000000ffd80000)
  to   space 14336K, 0% used [0x00000000fe180000,0x00000000fe180000,0x00000000fef80000)
 ParOldGen       total 71680K, used 59139K [0x00000000d0000000, 0x00000000d4600000, 0x00000000f0000000)
  object space 71680K, 82% used [0x00000000d0000000,0x00000000d39c0d08,0x00000000d4600000)
 Metaspace       used 49202K, capacity 50444K, committed 50816K, reserved 1093632K
  class space    used 5583K, capacity 5979K, committed 6016K, reserved 1048576K
}
Event: 9.628 GC heap before
{Heap before GC invocations=52 (full 5):
 PSYoungGen      total 243712K, used 226010K [0x00000000f0000000, 0x00000000ffd80000, 0x0000000100000000)
  eden space 230912K, 96% used [0x00000000f0000000,0x00000000fd922df0,0x00000000fe180000)
  from space 12800K, 28% used [0x00000000ff100000,0x00000000ff493b60,0x00000000ffd80000)
  to   space 14336K, 0% used [0x00000000fe180000,0x00000000fe180000,0x00000000fef80000)
 ParOldGen       total 71680K, used 59139K [0x00000000d0000000, 0x00000000d4600000, 0x00000000f0000000)
  object space 71680K, 82% used [0x00000000d0000000,0x00000000d39c0d08,0x00000000d4600000)
 Metaspace       used 51076K, capacity 52382K, committed 52608K, reserved 1095680K
  class space    used 5849K, capacity 6238K, committed 6272K, reserved 1048576K
Event: 9.645 GC heap after
Heap after GC invocations=52 (full 5):
 PSYoungGen      total 245248K, used 7900K [0x00000000f0000000, 0x0000000100000000, 0x0000000100000000)
  eden space 230912K, 0% used [0x00000000f0000000,0x00000000f0000000,0x00000000fe180000)
  from space 14336K, 55% used [0x00000000fe180000,0x00000000fe9370e0,0x00000000fef80000)
  to   space 14336K, 0% used [0x00000000ff200000,0x00000000ff200000,0x0000000100000000)
 ParOldGen       total 71680K, used 59147K [0x00000000d0000000, 0x00000000d4600000, 0x00000000f0000000)
  object space 71680K, 82% used [0x00000000d0000000,0x00000000d39c2d08,0x00000000d4600000)
 Metaspace       used 51076K, capacity 52382K, committed 52608K, reserved 1095680K
  class space    used 5849K, capacity 6238K, committed 6272K, reserved 1048576K
}
Event: 10.382 GC heap before
{Heap before GC invocations=53 (full 5):
 PSYoungGen      total 245248K, used 238812K [0x00000000f0000000, 0x0000000100000000, 0x0000000100000000)
  eden space 230912K, 100% used [0x00000000f0000000,0x00000000fe180000,0x00000000fe180000)
  from space 14336K, 55% used [0x00000000fe180000,0x00000000fe9370e0,0x00000000fef80000)
  to   space 14336K, 0% used [0x00000000ff200000,0x00000000ff200000,0x0000000100000000)
 ParOldGen       total 71680K, used 59147K [0x00000000d0000000, 0x00000000d4600000, 0x00000000f0000000)
  object space 71680K, 82% used [0x00000000d0000000,0x00000000d39c2d08,0x00000000d4600000)
 Metaspace       used 52170K, capacity 53466K, committed 53760K, reserved 1097728K
  class space    used 5986K, capacity 6353K, committed 6400K, reserved 1048576K
Event: 10.393 GC heap after
Heap after GC invocations=53 (full 5):
 PSYoungGen      total 242688K, used 14273K [0x00000000f0000000, 0x0000000100000000, 0x0000000100000000)
  eden space 228352K, 0% used [0x00000000f0000000,0x00000000f0000000,0x00000000fdf00000)
  from space 14336K, 99% used [0x00000000ff200000,0x00000000ffff04e0,0x0000000100000000)
  to   space 16896K, 0% used [0x00000000fdf00000,0x00000000fdf00000,0x00000000fef80000)
 ParOldGen       total 71680K, used 59155K [0x00000000d0000000, 0x00000000d4600000, 0x00000000f0000000)
  object space 71680K, 82% used [0x00000000d0000000,0x00000000d39c4d08,0x00000000d4600000)
 Metaspace       used 52170K, capacity 53466K, committed 53760K, reserved 1097728K
  class space    used 5986K, capacity 6353K, committed 6400K, reserved 1048576K
}
Event: 11.252 GC heap before
{Heap before GC invocations=54 (full 5):
 PSYoungGen      total 242688K, used 242625K [0x00000000f0000000, 0x0000000100000000, 0x0000000100000000)
  eden space 228352K, 100% used [0x00000000f0000000,0x00000000fdf00000,0x00000000fdf00000)
  from space 14336K, 99% used [0x00000000ff200000,0x00000000ffff04e0,0x0000000100000000)
  to   space 16896K, 0% used [0x00000000fdf00000,0x00000000fdf00000,0x00000000fef80000)
 ParOldGen       total 71680K, used 59155K [0x00000000d0000000, 0x00000000d4600000, 0x00000000f0000000)
  object space 71680K, 82% used [0x00000000d0000000,0x00000000d39c4d08,0x00000000d4600000)
 Metaspace       used 53711K, capacity 55064K, committed 55424K, reserved 1097728K
  class space    used 6122K, capacity 6519K, committed 6528K, reserved 1048576K
Event: 11.266 GC heap after
Heap after GC invocations=54 (full 5):
 PSYoungGen      total 245248K, used 16864K [0x00000000f0000000, 0x0000000100000000, 0x0000000100000000)
  eden space 228352K, 0% used [0x00000000f0000000,0x00000000f0000000,0x00000000fdf00000)
  from space 16896K, 99% used [0x00000000fdf00000,0x00000000fef782d0,0x00000000fef80000)
  to   space 16896K, 0% used [0x00000000fef80000,0x00000000fef80000,0x0000000100000000)
 ParOldGen       total 71680K, used 66266K [0x00000000d0000000, 0x00000000d4600000, 0x00000000f0000000)
  object space 71680K, 92% used [0x00000000d0000000,0x00000000d40b69a0,0x00000000d4600000)
 Metaspace       used 53711K, capacity 55064K, committed 55424K, reserved 1097728K
  class space    used 6122K, capacity 6519K, committed 6528K, reserved 1048576K
}
Event: 11.266 GC heap before
{Heap before GC invocations=55 (full 6):
 PSYoungGen      total 245248K, used 16864K [0x00000000f0000000, 0x0000000100000000, 0x0000000100000000)
  eden space 228352K, 0% used [0x00000000f0000000,0x00000000f0000000,0x00000000fdf00000)
  from space 16896K, 99% used [0x00000000fdf00000,0x00000000fef782d0,0x00000000fef80000)
  to   space 16896K, 0% used [0x00000000fef80000,0x00000000fef80000,0x0000000100000000)
 ParOldGen       total 71680K, used 66266K [0x00000000d0000000, 0x00000000d4600000, 0x00000000f0000000)
  object space 71680K, 92% used [0x00000000d0000000,0x00000000d40b69a0,0x00000000d4600000)
 Metaspace       used 53711K, capacity 55064K, committed 55424K, reserved 1097728K
  class space    used 6122K, capacity 6519K, committed 6528K, reserved 1048576K
Event: 12.099 GC heap after
Heap after GC invocations=55 (full 6):
 PSYoungGen      total 245248K, used 10688K [0x00000000f0000000, 0x0000000100000000, 0x0000000100000000)
  eden space 228352K, 0% used [0x00000000f0000000,0x00000000f0000000,0x00000000fdf00000)
  from space 16896K, 63% used [0x00000000fdf00000,0x00000000fe9701a8,0x00000000fef80000)
  to   space 16896K, 0% used [0x00000000fef80000,0x00000000fef80000,0x0000000100000000)
 ParOldGen       total 86528K, used 71437K [0x00000000d0000000, 0x00000000d5480000, 0x00000000f0000000)
  object space 86528K, 82% used [0x00000000d0000000,0x00000000d45c35b0,0x00000000d5480000)
 Metaspace       used 53711K, capacity 55064K, committed 55424K, reserved 1097728K
  class space    used 6122K, capacity 6519K, committed 6528K, reserved 1048576K
}

Deoptimization events (10 events):
Event: 12.411 Thread 0x000000005bd38800 Uncommon trap: reason=class_check action=maybe_recompile pc=0x0000000003abff38 method=org.codehaus.groovy.runtime.MetaClassHelper.isGenericSetMethod(Lgroovy/lang/MetaMethod;)Z @ 14
Event: 12.411 Thread 0x000000005bd38800 Uncommon trap: reason=class_check action=maybe_recompile pc=0x0000000003abff38 method=org.codehaus.groovy.runtime.MetaClassHelper.isGenericSetMethod(Lgroovy/lang/MetaMethod;)Z @ 14
Event: 12.411 Thread 0x000000005bd38800 Uncommon trap: reason=class_check action=maybe_recompile pc=0x0000000003abff38 method=org.codehaus.groovy.runtime.MetaClassHelper.isGenericSetMethod(Lgroovy/lang/MetaMethod;)Z @ 14
Event: 12.411 Thread 0x000000005bd38800 Uncommon trap: reason=class_check action=maybe_recompile pc=0x0000000003ac292c method=org.codehaus.groovy.runtime.MetaClassHelper.isGenericSetMethod(Lgroovy/lang/MetaMethod;)Z @ 14
Event: 12.570 Thread 0x000000005bd38800 Uncommon trap: reason=bimorphic action=maybe_recompile pc=0x0000000003aba81c method=org.codehaus.groovy.runtime.metaclass.MetaMethodIndex.addMethodToList(Ljava/lang/Object;Lgroovy/lang/MetaMethod;)Ljava/lang/Object; @ 218
Event: 12.618 Thread 0x000000005bd38800 Uncommon trap: reason=class_check action=maybe_recompile pc=0x0000000003ac998c method=groovy.lang.MetaClassImpl.isGenericGetMethod(Lgroovy/lang/MetaMethod;)Z @ 14
Event: 12.618 Thread 0x000000005bd38800 Uncommon trap: reason=bimorphic action=maybe_recompile pc=0x0000000003ac99ac method=org.codehaus.groovy.runtime.MetaClassHelper.isGenericSetMethod(Lgroovy/lang/MetaMethod;)Z @ 14
Event: 12.618 Thread 0x000000005bd38800 Uncommon trap: reason=class_check action=maybe_recompile pc=0x0000000003ac998c method=groovy.lang.MetaClassImpl.isGenericGetMethod(Lgroovy/lang/MetaMethod;)Z @ 14
Event: 12.618 Thread 0x000000005bd38800 Uncommon trap: reason=bimorphic action=maybe_recompile pc=0x0000000003ac99ac method=org.codehaus.groovy.runtime.MetaClassHelper.isGenericSetMethod(Lgroovy/lang/MetaMethod;)Z @ 14
Event: 12.630 Thread 0x000000005bd38800 Uncommon trap: reason=unreached action=reinterpret pc=0x0000000003aba754 method=org.codehaus.groovy.runtime.metaclass.MetaMethodIndex.isNonRealMethod(Lgroovy/lang/MetaMethod;)Z @ 32

Internal exceptions (10 events):
Event: 12.652 Thread 0x000000005bd38800 Exception <a 'java/security/PrivilegedActionException'> (0x00000000f8538b80) thrown at [C:\re\workspace\8-2-build-windows-amd64-cygwin\jdk8u11\648\hotspot\src\share\vm\prims\jvm.cpp, line 1248]
Event: 12.652 Thread 0x000000005bd38800 Exception <a 'java/lang/ClassNotFoundException': org/codehaus/groovy/grails/plugins/DomainClassGrailsPlugin$_addRelationshipManagementMethods_closure25BeanInfo> (0x00000000f8539b10) thrown at [C:\re\workspace\8-2-build-windows-amd64-cygwin\jdk8u11\648\hots
Event: 12.653 Thread 0x000000005bd38800 Exception <a 'java/security/PrivilegedActionException'> (0x00000000f853b1a0) thrown at [C:\re\workspace\8-2-build-windows-amd64-cygwin\jdk8u11\648\hotspot\src\share\vm\prims\jvm.cpp, line 1248]
Event: 12.653 Thread 0x000000005bd38800 Exception <a 'java/security/PrivilegedActionException'> (0x00000000f85416f0) thrown at [C:\re\workspace\8-2-build-windows-amd64-cygwin\jdk8u11\648\hotspot\src\share\vm\prims\jvm.cpp, line 1248]
Event: 12.653 Thread 0x000000005bd38800 Exception <a 'java/security/PrivilegedActionException'> (0x00000000f8559b98) thrown at [C:\re\workspace\8-2-build-windows-amd64-cygwin\jdk8u11\648\hotspot\src\share\vm\prims\jvm.cpp, line 1248]
Event: 12.653 Thread 0x000000005bd38800 Exception <a 'java/security/PrivilegedActionException'> (0x00000000f8578608) thrown at [C:\re\workspace\8-2-build-windows-amd64-cygwin\jdk8u11\648\hotspot\src\share\vm\prims\jvm.cpp, line 1248]
Event: 12.653 Thread 0x000000005bd38800 Exception <a 'java/security/PrivilegedActionException'> (0x00000000f857eb58) thrown at [C:\re\workspace\8-2-build-windows-amd64-cygwin\jdk8u11\648\hotspot\src\share\vm\prims\jvm.cpp, line 1248]
Event: 12.653 Thread 0x000000005bd38800 Exception <a 'java/security/PrivilegedActionException'> (0x00000000f8597000) thrown at [C:\re\workspace\8-2-build-windows-amd64-cygwin\jdk8u11\648\hotspot\src\share\vm\prims\jvm.cpp, line 1248]
Event: 12.654 Thread 0x000000005bd38800 Exception <a 'java/security/PrivilegedActionException'> (0x00000000f85cccf8) thrown at [C:\re\workspace\8-2-build-windows-amd64-cygwin\jdk8u11\648\hotspot\src\share\vm\prims\jvm.cpp, line 1248]
Event: 12.654 Thread 0x000000005bd38800 Exception <a 'java/lang/ClassNotFoundException': org/codehaus/groovy/grails/plugins/DomainClassGrailsPlugin$_addRelationshipManagementMethods_closure25Customizer> (0x00000000f85cdc88) thrown at [C:\re\workspace\8-2-build-windows-amd64-cygwin\jdk8u11\648\ho(LͷN)@

Events (10 events):
Event: 12.652 loading class org/codehaus/groovy/grails/plugins/DomainClassGrailsPlugin$_addRelationshipManagementMethods_closure25BeanInfo
Event: 12.652 loading class org/codehaus/groovy/grails/plugins/DomainClassGrailsPlugin$_addRelationshipManagementMethods_closure25BeanInfo done
Event: 12.652 loading class org/codehaus/groovy/grails/plugins/DomainClassGrailsPlugin$_addRelationshipManagementMethods_closure25BeanInfo
Event: 12.652 loading class org/codehaus/groovy/grails/plugins/DomainClassGrailsPlugin$_addRelationshipManagementMethods_closure25BeanInfo done
Event: 12.652 loading class org/codehaus/groovy/grails/plugins/DomainClassGrailsPlugin$_addRelationshipManagementMethods_closure25Customizer
Event: 12.652 loading class org/codehaus/groovy/grails/plugins/DomainClassGrailsPlugin$_addRelationshipManagementMethods_closure25Customizer done
Event: 12.653 loading class org/codehaus/groovy/grails/plugins/DomainClassGrailsPlugin$_addRelationshipManagementMethods_closure25Customizer
Event: 12.653 loading class org/codehaus/groovy/grails/plugins/DomainClassGrailsPlugin$_addRelationshipManagementMethods_closure25Customizer done
Event: 12.654 loading class org/codehaus/groovy/grails/plugins/DomainClassGrailsPlugin$_addRelationshipManagementMethods_closure25Customizer
Event: 12.654 loading class org/codehaus/groovy/grails/plugins/DomainClassGrailsPlugin$_addRelationshipManagementMethods_closure25Customizer done


Dynamic libraries:
0x000000013f540000 - 0x000000013f574000 	C:\Program Files\Java\jdk1.8.0_11\bin\java.exe
0x0000000077a60000 - 0x0000000077c09000 	C:\Windows\SYSTEM32\ntdll.dll
0x0000000077380000 - 0x000000007749f000 	C:\Windows\system32\kernel32.dll
0x000007fefdfb0000 - 0x000007fefe01c000 	C:\Windows\system32\KERNELBASE.dll
0x000007fefebe0000 - 0x000007fefecbb000 	C:\Windows\system32\ADVAPI32.dll
0x000007fefe4e0000 - 0x000007fefe57f000 	C:\Windows\system32\msvcrt.dll
0x000007feffd50000 - 0x000007feffd6f000 	C:\Windows\SYSTEM32\sechost.dll
0x000007fefe600000 - 0x000007fefe72d000 	C:\Windows\system32\RPCRT4.dll
0x00000000775f0000 - 0x00000000776ea000 	C:\Windows\system32\USER32.dll
0x000007fefeb70000 - 0x000007fefebd7000 	C:\Windows\system32\GDI32.dll
0x000007fefe340000 - 0x000007fefe34e000 	C:\Windows\system32\LPK.dll
0x000007fefe410000 - 0x000007fefe4d9000 	C:\Windows\system32\USP10.dll
0x000007fefcf80000 - 0x000007fefd174000 	C:\Windows\WinSxS\amd64_microsoft.windows.common-controls_6595b64144ccf1df_6.0.7601.17514_none_fa396087175ac9ac\COMCTL32.dll
0x000007fefe2c0000 - 0x000007fefe331000 	C:\Windows\system32\SHLWAPI.dll
0x000007fefe290000 - 0x000007fefe2be000 	C:\Windows\system32\IMM32.DLL
0x000007feffba0000 - 0x000007feffca9000 	C:\Windows\system32\MSCTF.dll
0x000000005ca50000 - 0x000000005cb22000 	C:\Program Files\Java\jdk1.8.0_11\jre\bin\msvcr100.dll
0x0000000054f50000 - 0x000000005577a000 	C:\Program Files\Java\jdk1.8.0_11\jre\bin\server\jvm.dll
0x000007fef8fa0000 - 0x000007fef8fa9000 	C:\Windows\system32\WSOCK32.dll
0x000007fefeb20000 - 0x000007fefeb6d000 	C:\Windows\system32\WS2_32.dll
0x000007feffb90000 - 0x000007feffb98000 	C:\Windows\system32\NSI.dll
0x000007fefbdb0000 - 0x000007fefbdeb000 	C:\Windows\system32\WINMM.dll
0x0000000077c20000 - 0x0000000077c27000 	C:\Windows\system32\PSAPI.DLL
0x000000005d5d0000 - 0x000000005d5df000 	C:\Program Files\Java\jdk1.8.0_11\jre\bin\verify.dll
0x000000005d5a0000 - 0x000000005d5c8000 	C:\Program Files\Java\jdk1.8.0_11\jre\bin\java.dll
0x000000005d570000 - 0x000000005d593000 	C:\Program Files\Java\jdk1.8.0_11\jre\bin\instrument.dll
0x000000005d550000 - 0x000000005d566000 	C:\Program Files\Java\jdk1.8.0_11\jre\bin\zip.dll
0x000007fefeda0000 - 0x000007feffb28000 	C:\Windows\system32\SHELL32.dll
0x000007fefe910000 - 0x000007fefeb13000 	C:\Windows\system32\ole32.dll
0x000007fefdec0000 - 0x000007fefdecf000 	C:\Windows\system32\profapi.dll
0x000007fefd790000 - 0x000007fefd7a7000 	C:\Windows\system32\CRYPTSP.dll
0x000007fefd490000 - 0x000007fefd4d7000 	C:\Windows\system32\rsaenh.dll
0x000007fefce60000 - 0x000007fefce7e000 	C:\Windows\system32\USERENV.dll
0x000007fefddf0000 - 0x000007fefddff000 	C:\Windows\system32\CRYPTBASE.dll
0x000000005d530000 - 0x000000005d54a000 	C:\Program Files\Java\jdk1.8.0_11\jre\bin\net.dll
0x000007fefd730000 - 0x000007fefd785000 	C:\Windows\system32\mswsock.dll
0x000007fefd720000 - 0x000007fefd727000 	C:\Windows\System32\wship6.dll
0x000007fefb9e0000 - 0x000007fefba07000 	C:\Windows\system32\IPHLPAPI.DLL
0x000007fefb9c0000 - 0x000007fefb9cb000 	C:\Windows\system32\WINNSI.DLL
0x000007fefb440000 - 0x000007fefb451000 	C:\Windows\system32\dhcpcsvc6.DLL
0x000007fefb420000 - 0x000007fefb438000 	C:\Windows\system32\dhcpcsvc.DLL
0x000000005d510000 - 0x000000005d521000 	C:\Program Files\Java\jdk1.8.0_11\jre\bin\nio.dll
0x000007fef9a40000 - 0x000007fef9a4a000 	C:\Users\GRomano\AppData\Local\Temp\jansi-64-2773969388469680726.dll
0x000000005d4f0000 - 0x000000005d4fd000 	C:\Program Files\Java\jdk1.8.0_11\jre\bin\management.dll
0x000007fefccd0000 - 0x000007fefccd7000 	C:\Windows\System32\wshtcpip.dll
0x000007fefd5b0000 - 0x000007fefd60b000 	C:\Windows\system32\DNSAPI.dll
0x000007fef8de0000 - 0x000007fef8e0e000 	C:\Program Files\Common Files\Microsoft Shared\Windows Live\WLIDNSP.DLL
0x000007fef8d70000 - 0x000007fef8d78000 	C:\Windows\system32\rasadhlp.dll
0x000007fefb520000 - 0x000007fefb573000 	C:\Windows\System32\fwpuclnt.dll
0x000007fefbd90000 - 0x000007fefbda5000 	C:\Windows\system32\NLAapi.dll
0x000007fef3190000 - 0x000007fef31a5000 	C:\Windows\system32\napinsp.dll
0x000007fef3170000 - 0x000007fef3189000 	C:\Windows\system32\pnrpnsp.dll
0x000007fef3160000 - 0x000007fef316b000 	C:\Windows\System32\winrnr.dll
0x000007fef3150000 - 0x000007fef3160000 	C:\Windows\system32\wshbth.dll
0x000007fef72a0000 - 0x000007fef73c5000 	C:\Windows\system32\dbghelp.dll

VM Arguments:
jvm_args: -Dfile.encoding=UTF-8 -Xmx768M -Xms64M -Dgrails.fork.parent.process.port=53755 -Dgrails.fork.active=true -Dgrails.build.execution.context=C:\Users\GRomano\AppData\Local\Temp\abogadoExpressPuntoNet3489695218373110540grails-execution-context -Dgrails.home=C:\ggts-bundle\grails-2.4.2 -javaagent:C:\ggts-bundle\grails-2.4.2\lib\org.springframework\springloaded\jars\springloaded-1.2.0.RELEASE.jar -Xverify:none -Dspringloaded.synchronize=true -Djdk.reflect.allowGetCallerClass=true -Dspringloaded=profile=grails;cacheDir=C:\Users\GRomano\.grails\2.4.2 
java_command: org.grails.plugins.tomcat.fork.ForkedTomcatServer
java_class_path (initial): C:\Program Files\Java\jdk1.8.0_11\lib\tools.jar;C:\ggts-bundle\grails-2.4.2\lib\org.codehaus.groovy\groovy-all\jars\groovy-all-2.3.3.jar;C:\ggts-bundle\grails-2.4.2\lib\org.slf4j\jcl-over-slf4j\jars\jcl-over-slf4j-1.7.5.jar;C:\ggts-bundle\grails-2.4.2\lib\org.codehaus.gant\gant_groovy1.8\jars\gant_groovy1.8-1.9.6.jar;C:\ggts-bundle\grails-2.4.2\lib\org.apache.tomcat.embed\tomcat-embed-logging-log4j\jars\tomcat-embed-logging-log4j-7.0.50.jar;C:\ggts-bundle\grails-2.4.2\dist\grails-plugin-log4j-2.4.2.jar;C:\ggts-bundle\grails-2.4.2\lib\log4j\log4j\jars\log4j-1.2.17.jar;C:\ggts-bundle\grails-2.4.2\dist\grails-bootstrap-2.4.2.jar;C:\ggts-bundle\grails-2.4.2\lib\org.slf4j\slf4j-api\jars\slf4j-api-1.7.5.jar;C:\ggts-bundle\grails-2.4.2\lib\jline\jline\jars\jline-2.12.jar;C:\ggts-bundle\grails-2.4.2\lib\org.apache.ant\ant\jars\ant-1.8.4.jar;C:\ggts-bundle\grails-2.4.2\lib\org.apache.ant\ant-launcher\jars\ant-launcher-1.8.4.jar;C:\ggts-bundle\grails-2.4.2\lib\org.apache.ant\ant-trax\jars\ant-trax-1.7.1.jar;C:\ggts-bundle\grails-2.4.2\lib\org.apache.ant\ant-junit\jars\ant-junit-1.8.4.jar;C:\ggts-bundle\grails-2.4.2\lib\org.apache.ivy\ivy\jars\ivy-2.3.0.jar;C:\ggts-bundle\grails-2.4.2\lib\org.fusesource.jansi\jansi\jars\jansi-1.11.jar;C:\Users\GRomano\.m2\repository\org\eclipse\jdt\core\compiler\ecj\3.7.2\ecj-3.7.2.jar;C:\Users\GRomano\.m2\repository\org\apache\tomcat\embed\tomcat-embed-el\7.0.53\tomcat-embed-el-7.0.53.jar;C:\Users\GRomano\.m2\repository\org\apache\tomcat\embed\tomcat-embed-jasper\7.0.53\tomcat-embed-jasper-7.0.53.jar;C:\Users\GRomano\.m2\repository\org\apache\tomcat\tomcat-catalina-ant\7.0.53\tomcat-catalina-ant-7.0.53.jar;C:\Users\GRomano\.m2\repository\org\apache\tomcat\embed\tomcat-embed-logging-log4j\7.0.53\tomcat-embed-logging-log4j-7.0.53.jar;C:\Users\GRomano\.m2\repository\org\apache\tomcat\embed\tomcat-embed-websocket\7.0.53\tomcat-embed-websocket-7.0.53.jar;D:\workspace_grails\abogadoExpressPuntoNet\target\work\plugins\to
Launcher Type: SUN_STANDARD

Environment Variables:
JAVA_HOME=C:\Program Files\Java\jdk1.8.0_11
PATH=C:\Program Files\Common Files\Microsoft Shared\Windows Live;C:\Program Files (x86)\Common Files\Microsoft Shared\Windows Live;C:\Program Files (x86)\NVIDIA Corporation\PhysX\Common;C:\Program Files (x86)\Intel\iCLS Client\;C:\Program Files\Intel\iCLS Client\;C:\Windows\system32;C:\Windows;C:\Windows\System32\Wbem;C:\Windows\System32\WindowsPowerShell\v1.0\;C:\Program Files\Intel\Intel(R) Management Engine Components\DAL;C:\Program Files\Intel\Intel(R) Management Engine Components\IPT;C:\Program Files (x86)\Intel\Intel(R) Management Engine Components\DAL;C:\Program Files (x86)\Intel\Intel(R) Management Engine Components\IPT;C:\Program Files\Lenovo\Bluetooth Software\;C:\Program Files\Lenovo\Bluetooth Software\syswow64;C:\Program Files\Java\jdk1.8.0_11\bin;C:\grails\grails-2.4.3\bin;C:\Program Files (x86)\MySQL\MySQL Utilities 1.3.6\
USERNAME=GRomano
OS=Windows_NT
PROCESSOR_IDENTIFIER=Intel64 Family 6 Model 58 Stepping 9, GenuineIntel



---------------  S Y S T E M  ---------------

OS: Windows 7 , 64 bit Build 7601 Service Pack 1

CPU:total 8 (4 cores per cpu, 2 threads per core) family 6 model 58 stepping 9, cmov, cx8, fxsr, mmx, sse, sse2, sse3, ssse3, sse4.1, sse4.2, popcnt, avx, aes, clmul, erms, ht, tsc, tscinvbit

Memory: 4k page, physical 5746284k(1394572k free), swap 11490716k(5335124k free)

vm_info: Java HotSpot(TM) 64-Bit Server VM (25.11-b03) for windows-amd64 JRE (1.8.0_11-b12), built on Jun 16 2014 20:57:32 by "java_re" with MS VC++ 10.0 (VS2010)

time: Fri Aug 15 14:27:35 2014
elapsed time: 12 seconds

