#
# A fatal error has been detected by the Java Runtime Environment:
#
#  EXCEPTION_ACCESS_VIOLATION (0xc0000005) at pc=0x00000000575f4db2, pid=3956, tid=2140
#
# JRE version: Java(TM) SE Runtime Environment (8.0_11-b12) (build 1.8.0_11-b12)
# Java VM: Java HotSpot(TM) 64-Bit Server VM (25.11-b03 mixed mode windows-amd64 compressed oops)
# Problematic frame:
# V  [jvm.dll+0x424db2]
#
# Failed to write core dump. Minidumps are not enabled by default on client versions of Windows
#
# If you would like to submit a bug report, please visit:
#   http://bugreport.sun.com/bugreport/crash.jsp
#

---------------  T H R E A D  ---------------

Current thread (0x000000005612c000):  JavaThread "C2 CompilerThread1" daemon [_thread_in_native, id=2140, stack(0x0000000058250000,0x0000000058350000)]

siginfo: ExceptionCode=0xc0000005, reading address 0x0000000000000000

Registers:
RAX=0x0000000059e76288, RBX=0x0000000000000600, RCX=0x0000000000000000, RDX=0x0000000058a840c0
RSP=0x000000005834c3b0, RBP=0x00000000000000c0, RSI=0x00000000000000b8, RDI=0x0000000000000000
R8 =0x00000000571d0000, R9 =0x000000005834c6d0, R10=0x00000000ffffffff, R11=0x0000000056145940
R12=0x0000000059e76990, R13=0x000000005acf2f80, R14=0x0000000000000008, R15=0x000000005acf2f80
RIP=0x00000000575f4db2, EFLAGS=0x0000000000010206

Top of Stack: (sp=0x000000005834c3b0)
0x000000005834c3b0:   00000000000000da 0000000058a7fda0
0x000000005834c3c0:   0000000000000040 0000000000000400
0x000000005834c3d0:   0000000000000001 0000000000000600
0x000000005834c3e0:   0000000000000180 00000000000000c0
0x000000005834c3f0:   000000005e7cbd80 0000000056130d30
0x000000005834c400:   0000000000000668 0000000058a7fda0
0x000000005834c410:   000000005834c6d0 0000000059e73d70
0x000000005834c420:   0000000000000020 0000000000000008
0x000000005834c430:   0000000059e76960 00000000000000da
0x000000005834c440:   000000005acf2f80 00000000575f598d
0x000000005834c450:   0000000059e76960 000000000000001c
0x000000005834c460:   00000000000000da 000000005834c6d0
0x000000005834c470:   0000000058a840c0 00000000000000da
0x000000005834c480:   0000000059e73d70 0000000000000020
0x000000005834c490:   000000005cbe8498 000000005834ea40
0x000000005834c4a0:   000000005cbe8348 0000000059e76960 

Instructions: (pc=0x00000000575f4db2)
0x00000000575f4d92:   c6 48 63 f0 48 03 f1 eb 04 48 83 ce ff 48 8b 84
0x00000000575f4da2:   24 a0 00 00 00 48 8b 40 08 48 8b 3c 03 48 8b cf
0x00000000575f4db2:   48 8b 07 ff 50 28 4c 8d 05 41 b2 bd ff 48 63 50
0x00000000575f4dc2:   10 4c 8b d8 48 8b ca 48 c1 e1 05 42 80 bc 01 c0 


Register to memory mapping:

RAX=0x0000000059e76288 is an unknown value
RBX=0x0000000000000600 is an unknown value
RCX=0x0000000000000000 is an unknown value
RDX=0x0000000058a840c0 is an unknown value
RSP=0x000000005834c3b0 is pointing into the stack for thread: 0x000000005612c000
RBP=0x00000000000000c0 is an unknown value
RSI=0x00000000000000b8 is an unknown value
RDI=0x0000000000000000 is an unknown value
R8 =0x00000000571d0000 is an unknown value
R9 =0x000000005834c6d0 is pointing into the stack for thread: 0x000000005612c000
R10=0x00000000ffffffff is an unknown value
R11=0x0000000056145940 is an unknown value
R12=0x0000000059e76990 is an unknown value
R13=0x000000005acf2f80 is an unknown value
R14=0x0000000000000008 is an unknown value
R15=0x000000005acf2f80 is an unknown value


Stack: [0x0000000058250000,0x0000000058350000],  sp=0x000000005834c3b0,  free space=1008k
Native frames: (J=compiled Java code, j=interpreted, Vv=VM code, C=native code)
V  [jvm.dll+0x424db2]
V  [jvm.dll+0x42598d]
V  [jvm.dll+0x425ecf]
V  [jvm.dll+0x4c5a84]
V  [jvm.dll+0x4415bc]
V  [jvm.dll+0x443a29]
V  [jvm.dll+0x427722]
V  [jvm.dll+0x96982]
V  [jvm.dll+0x97173]
V  [jvm.dll+0x2234b4]
V  [jvm.dll+0x27bcca]
C  [msvcr100.dll+0x21d9f]
C  [msvcr100.dll+0x21e3b]
C  [kernel32.dll+0x1652d]
C  [ntdll.dll+0x2c521]


Current CompileTask:
C2:  14037 5350       4       groovy.lang.MetaClassImpl::findPropertyMethod (356 bytes)


---------------  P R O C E S S  ---------------

Java Threads: ( => current thread )
  0x000000005b4c2000 JavaThread "net.sf.ehcache.CacheManager@25596d41" daemon [_thread_blocked, id=6356, stack(0x0000000061b70000,0x0000000061c70000)]
  0x000000005b4c0800 JavaThread "Abandoned connection cleanup thread" daemon [_thread_blocked, id=6620, stack(0x000000005e440000,0x000000005e540000)]
  0x000000005b4bf800 JavaThread "PoolCleaner[1742480601:1408122743348]" daemon [_thread_blocked, id=9128, stack(0x00000000611d0000,0x00000000612d0000)]
  0x000000005aa0a800 JavaThread "FileSystemWatcher: files=#96 cl=groovy.lang.GroovyClassLoader@67dc24d9" daemon [_thread_blocked, id=5960, stack(0x000000005dd00000,0x000000005de00000)]
  0x000000005ab06800 JavaThread "Thread-4" daemon [_thread_in_native, id=5476, stack(0x0000000058640000,0x0000000058740000)]
  0x000000005b49a800 JavaThread "localhost-startStop-1" daemon [_thread_in_vm, id=8940, stack(0x000000005d320000,0x000000005d420000)]
  0x000000005b49a000 JavaThread "Tomcat-startStop-1" daemon [_thread_blocked, id=6460, stack(0x000000005d1f0000,0x000000005d2f0000)]
  0x000000005b1cb000 JavaThread "Thread-3" [_thread_in_native, id=7564, stack(0x000000005d750000,0x000000005d850000)]
  0x000000005b79a800 JavaThread "Thread-2" [_thread_blocked, id=1916, stack(0x000000005ce40000,0x000000005cf40000)]
  0x0000000058deb000 JavaThread "NonBlockingInputStreamThread" daemon [_thread_blocked, id=7288, stack(0x0000000057c60000,0x0000000057d60000)]
  0x00000000562be800 JavaThread "Service Thread" daemon [_thread_blocked, id=6760, stack(0x0000000058740000,0x0000000058840000)]
  0x000000005612d800 JavaThread "C1 CompilerThread3" daemon [_thread_blocked, id=8672, stack(0x0000000058390000,0x0000000058490000)]
  0x000000005612c800 JavaThread "C2 CompilerThread2" daemon [_thread_in_native, id=9032, stack(0x00000000584b0000,0x00000000585b0000)]
=>0x000000005612c000 JavaThread "C2 CompilerThread1" daemon [_thread_in_native, id=2140, stack(0x0000000058250000,0x0000000058350000)]
  0x0000000056129000 JavaThread "C2 CompilerThread0" daemon [_thread_in_native, id=4284, stack(0x00000000580d0000,0x00000000581d0000)]
  0x0000000056035800 JavaThread "Attach Listener" daemon [_thread_blocked, id=1608, stack(0x0000000057f30000,0x0000000058030000)]
  0x0000000056040000 JavaThread "Signal Dispatcher" daemon [_thread_blocked, id=8420, stack(0x0000000057d60000,0x0000000057e60000)]
  0x0000000054f7a800 JavaThread "Finalizer" daemon [_thread_blocked, id=3656, stack(0x0000000057030000,0x0000000057130000)]
  0x0000000054f74800 JavaThread "Reference Handler" daemon [_thread_blocked, id=8760, stack(0x0000000057b50000,0x0000000057c50000)]
  0x000000000223f800 JavaThread "main" [_thread_blocked, id=7872, stack(0x0000000002600000,0x0000000002700000)]

Other Threads:
  0x0000000054f6f800 VMThread [stack: 0x0000000057a30000,0x0000000057b30000] [id=5048]
  0x00000000562c0800 WatcherThread [stack: 0x00000000588b0000,0x00000000589b0000] [id=2544]

VM state:not at safepoint (normal execution)

VM Mutex/Monitor currently owned by a thread: None

Heap:
 PSYoungGen      total 225792K, used 162536K [0x00000000f0000000, 0x0000000100000000, 0x0000000100000000)
  eden space 208896K, 69% used [0x00000000f0000000,0x00000000f8e3dee8,0x00000000fcc00000)
  from space 16896K, 99% used [0x00000000fef80000,0x00000000ffffc2d8,0x0000000100000000)
  to   space 26624K, 0% used [0x00000000fcc00000,0x00000000fcc00000,0x00000000fe600000)
 ParOldGen       total 88576K, used 76179K [0x00000000d0000000, 0x00000000d5680000, 0x00000000f0000000)
  object space 88576K, 86% used [0x00000000d0000000,0x00000000d4a64cb0,0x00000000d5680000)
 Metaspace       used 56894K, capacity 58474K, committed 58624K, reserved 1101824K
  class space    used 6644K, capacity 7129K, committed 7168K, reserved 1048576K

Card table byte_map: [0x0000000011d90000,0x0000000011f20000] byte_map_base: 0x0000000011710000

Marking Bits: (ParMarkBitMap*) 0x00000000579812b0
 Begin Bits: [0x0000000012c10000, 0x0000000013810000)
 End Bits:   [0x0000000013810000, 0x0000000014410000)

Polling page: 0x0000000000130000

CodeCache: size=245760Kb used=18105Kb max_used=19516Kb free=227654Kb
 bounds [0x00000000029d0000, 0x0000000003d00000, 0x00000000119d0000]
 total_blobs=5575 nmethods=4804 adapters=680
 compilation: enabled

Compilation events (10 events):
Event: 13.941 Thread 0x000000005612d800 5560       2       java.util.jar.JarInputStream::createZipEntry (30 bytes)
Event: 13.941 Thread 0x000000005612d800 nmethod 5560 0x000000000386ac50 code [0x000000000386adc0, 0x000000000386b038]
Event: 13.941 Thread 0x000000005612d800 5561       2       java.util.jar.JarEntry::<init> (6 bytes)
Event: 13.941 Thread 0x000000005612d800 nmethod 5561 0x0000000002e35690 code [0x0000000002e35800, 0x0000000002e35968]
Event: 13.941 Thread 0x000000005612d800 5562       2       java.util.zip.ZipEntry::<init> (74 bytes)
Event: 13.941 Thread 0x000000005612d800 nmethod 5562 0x000000000386a650 code [0x000000000386a7c0, 0x000000000386aab8]
Event: 13.941 Thread 0x000000005612d800 5564       2       java.util.zip.CRC32::getValue (10 bytes)
Event: 13.941 Thread 0x000000005612d800 nmethod 5564 0x0000000002c91a90 code [0x0000000002c91be0, 0x0000000002c91d30]
Event: 13.942 Thread 0x000000005612d800 5563       2       java.util.zip.ZipInputStream::readEnd (510 bytes)
Event: 13.945 Thread 0x000000005612d800 nmethod 5563 0x0000000003bb5410 code [0x0000000003bb5840, 0x0000000003bb7f58]

GC Heap History (10 events):
Event: 10.481 GC heap before
{Heap before GC invocations=52 (full 5):
 PSYoungGen      total 246272K, used 236285K [0x00000000f0000000, 0x00000000ffe00000, 0x0000000100000000)
  eden space 231936K, 100% used [0x00000000f0000000,0x00000000fe280000,0x00000000fe280000)
  from space 14336K, 30% used [0x00000000ff000000,0x00000000ff43f410,0x00000000ffe00000)
  to   space 13824K, 0% used [0x00000000fe280000,0x00000000fe280000,0x00000000ff000000)
 ParOldGen       total 72192K, used 59438K [0x00000000d0000000, 0x00000000d4680000, 0x00000000f0000000)
  object space 72192K, 82% used [0x00000000d0000000,0x00000000d3a0baf8,0x00000000d4680000)
 Metaspace       used 51004K, capacity 52232K, committed 52608K, reserved 1095680K
  class space    used 5844K, capacity 6207K, committed 6272K, reserved 1048576K
Event: 10.502 GC heap after
Heap after GC invocations=52 (full 5):
 PSYoungGen      total 245760K, used 7622K [0x00000000f0000000, 0x00000000fff80000, 0x0000000100000000)
  eden space 231936K, 0% used [0x00000000f0000000,0x00000000f0000000,0x00000000fe280000)
  from space 13824K, 55% used [0x00000000fe280000,0x00000000fe9f19e0,0x00000000ff000000)
  to   space 13824K, 0% used [0x00000000ff200000,0x00000000ff200000,0x00000000fff80000)
 ParOldGen       total 72192K, used 59446K [0x00000000d0000000, 0x00000000d4680000, 0x00000000f0000000)
  object space 72192K, 82% used [0x00000000d0000000,0x00000000d3a0daf8,0x00000000d4680000)
 Metaspace       used 51004K, capacity 52232K, committed 52608K, reserved 1095680K
  class space    used 5844K, capacity 6207K, committed 6272K, reserved 1048576K
}
Event: 11.358 GC heap before
{Heap before GC invocations=53 (full 5):
 PSYoungGen      total 245760K, used 239019K [0x00000000f0000000, 0x00000000fff80000, 0x0000000100000000)
  eden space 231936K, 99% used [0x00000000f0000000,0x00000000fe1f93b0,0x00000000fe280000)
  from space 13824K, 55% used [0x00000000fe280000,0x00000000fe9f19e0,0x00000000ff000000)
  to   space 13824K, 0% used [0x00000000ff200000,0x00000000ff200000,0x00000000fff80000)
 ParOldGen       total 72192K, used 59446K [0x00000000d0000000, 0x00000000d4680000, 0x00000000f0000000)
  object space 72192K, 82% used [0x00000000d0000000,0x00000000d3a0daf8,0x00000000d4680000)
 Metaspace       used 52059K, capacity 53380K, committed 53504K, reserved 1095680K
  class space    used 5975K, capacity 6387K, committed 6400K, reserved 1048576K
Event: 11.368 GC heap after
Heap after GC invocations=53 (full 5):
 PSYoungGen      total 242176K, used 13792K [0x00000000f0000000, 0x0000000100000000, 0x0000000100000000)
  eden space 228352K, 0% used [0x00000000f0000000,0x00000000f0000000,0x00000000fdf00000)
  from space 13824K, 99% used [0x00000000ff200000,0x00000000fff78020,0x00000000fff80000)
  to   space 16896K, 0% used [0x00000000fdf00000,0x00000000fdf00000,0x00000000fef80000)
 ParOldGen       total 72192K, used 60840K [0x00000000d0000000, 0x00000000d4680000, 0x00000000f0000000)
  object space 72192K, 84% used [0x00000000d0000000,0x00000000d3b6a148,0x00000000d4680000)
 Metaspace       used 52059K, capacity 53380K, committed 53504K, reserved 1095680K
  class space    used 5975K, capacity 6387K, committed 6400K, reserved 1048576K
}
Event: 12.307 GC heap before
{Heap before GC invocations=54 (full 5):
 PSYoungGen      total 242176K, used 242144K [0x00000000f0000000, 0x0000000100000000, 0x0000000100000000)
  eden space 228352K, 100% used [0x00000000f0000000,0x00000000fdf00000,0x00000000fdf00000)
  from space 13824K, 99% used [0x00000000ff200000,0x00000000fff78020,0x00000000fff80000)
  to   space 16896K, 0% used [0x00000000fdf00000,0x00000000fdf00000,0x00000000fef80000)
 ParOldGen       total 72192K, used 60840K [0x00000000d0000000, 0x00000000d4680000, 0x00000000f0000000)
  object space 72192K, 84% used [0x00000000d0000000,0x00000000d3b6a148,0x00000000d4680000)
 Metaspace       used 54609K, capacity 55964K, committed 56192K, reserved 1099776K
  class space    used 6270K, capacity 6711K, committed 6784K, reserved 1048576K
Event: 12.321 GC heap after
Heap after GC invocations=54 (full 5):
 PSYoungGen      total 245248K, used 16881K [0x00000000f0000000, 0x0000000100000000, 0x0000000100000000)
  eden space 228352K, 0% used [0x00000000f0000000,0x00000000f0000000,0x00000000fdf00000)
  from space 16896K, 99% used [0x00000000fdf00000,0x00000000fef7c5a8,0x00000000fef80000)
  to   space 16896K, 0% used [0x00000000fef80000,0x00000000fef80000,0x0000000100000000)
 ParOldGen       total 72192K, used 71723K [0x00000000d0000000, 0x00000000d4680000, 0x00000000f0000000)
  object space 72192K, 99% used [0x00000000d0000000,0x00000000d460ac18,0x00000000d4680000)
 Metaspace       used 54609K, capacity 55964K, committed 56192K, reserved 1099776K
  class space    used 6270K, capacity 6711K, committed 6784K, reserved 1048576K
}
Event: 12.321 GC heap before
{Heap before GC invocations=55 (full 6):
 PSYoungGen      total 245248K, used 16881K [0x00000000f0000000, 0x0000000100000000, 0x0000000100000000)
  eden space 228352K, 0% used [0x00000000f0000000,0x00000000f0000000,0x00000000fdf00000)
  from space 16896K, 99% used [0x00000000fdf00000,0x00000000fef7c5a8,0x00000000fef80000)
  to   space 16896K, 0% used [0x00000000fef80000,0x00000000fef80000,0x0000000100000000)
 ParOldGen       total 72192K, used 71723K [0x00000000d0000000, 0x00000000d4680000, 0x00000000f0000000)
  object space 72192K, 99% used [0x00000000d0000000,0x00000000d460ac18,0x00000000d4680000)
 Metaspace       used 54609K, capacity 55964K, committed 56192K, reserved 1099776K
  class space    used 6270K, capacity 6711K, committed 6784K, reserved 1048576K
Event: 13.075 GC heap after
Heap after GC invocations=55 (full 6):
 PSYoungGen      total 245248K, used 14224K [0x00000000f0000000, 0x0000000100000000, 0x0000000100000000)
  eden space 228352K, 0% used [0x00000000f0000000,0x00000000f0000000,0x00000000fdf00000)
  from space 16896K, 84% used [0x00000000fdf00000,0x00000000fece41b0,0x00000000fef80000)
  to   space 16896K, 0% used [0x00000000fef80000,0x00000000fef80000,0x0000000100000000)
 ParOldGen       total 88576K, used 72081K [0x00000000d0000000, 0x00000000d5680000, 0x00000000f0000000)
  object space 88576K, 81% used [0x00000000d0000000,0x00000000d46645b0,0x00000000d5680000)
 Metaspace       used 54609K, capacity 55964K, committed 56192K, reserved 1099776K
  class space    used 6270K, capacity 6711K, committed 6784K, reserved 1048576K
}
Event: 13.664 GC heap before
{Heap before GC invocations=56 (full 6):
 PSYoungGen      total 245248K, used 242576K [0x00000000f0000000, 0x0000000100000000, 0x0000000100000000)
  eden space 228352K, 100% used [0x00000000f0000000,0x00000000fdf00000,0x00000000fdf00000)
  from space 16896K, 84% used [0x00000000fdf00000,0x00000000fece41b0,0x00000000fef80000)
  to   space 16896K, 0% used [0x00000000fef80000,0x00000000fef80000,0x0000000100000000)
 ParOldGen       total 88576K, used 72081K [0x00000000d0000000, 0x00000000d5680000, 0x00000000f0000000)
  object space 88576K, 81% used [0x00000000d0000000,0x00000000d46645b0,0x00000000d5680000)
 Metaspace       used 55645K, capacity 57006K, committed 57344K, reserved 1099776K
  class space    used 6444K, capacity 6889K, committed 6912K, reserved 1048576K
Event: 13.705 GC heap after
Heap after GC invocations=56 (full 6):
 PSYoungGen      total 225792K, used 16880K [0x00000000f0000000, 0x0000000100000000, 0x0000000100000000)
  eden space 208896K, 0% used [0x00000000f0000000,0x00000000f0000000,0x00000000fcc00000)
  from space 16896K, 99% used [0x00000000fef80000,0x00000000ffffc2d8,0x0000000100000000)
  to   space 26624K, 0% used [0x00000000fcc00000,0x00000000fcc00000,0x00000000fe600000)
 ParOldGen       total 88576K, used 76179K [0x00000000d0000000, 0x00000000d5680000, 0x00000000f0000000)
  object space 88576K, 86% used [0x00000000d0000000,0x00000000d4a64cb0,0x00000000d5680000)
 Metaspace       used 55645K, capacity 57006K, committed 57344K, reserved 1099776K
  class space    used 6444K, capacity 6889K, committed 6912K, reserved 1048576K
}

Deoptimization events (10 events):
Event: 10.749 Thread 0x000000005b49a800 Uncommon trap: reason=bimorphic action=maybe_recompile pc=0x000000000390b10c method=groovy.lang.MetaClassImpl$1MOPIter.methodNameAction(Ljava/lang/Class;Lorg/codehaus/groovy/runtime/metaclass/MetaMethodIndex$Entry;)V @ 268
Event: 10.749 Thread 0x000000005b49a800 Uncommon trap: reason=bimorphic action=maybe_recompile pc=0x000000000390b10c method=groovy.lang.MetaClassImpl$1MOPIter.methodNameAction(Ljava/lang/Class;Lorg/codehaus/groovy/runtime/metaclass/MetaMethodIndex$Entry;)V @ 268
Event: 10.801 Thread 0x000000005b49a800 Uncommon trap: reason=null_assert action=make_not_entrant pc=0x0000000002bf8224 method=java.util.concurrent.ConcurrentHashMap.transfer([Ljava/util/concurrent/ConcurrentHashMap$Node;[Ljava/util/concurrent/ConcurrentHashMap$Node;)V @ 557
Event: 10.801 Thread 0x000000005b49a800 Uncommon trap: reason=null_assert action=make_not_entrant pc=0x0000000002b3a468 method=java.util.concurrent.ConcurrentHashMap.transfer([Ljava/util/concurrent/ConcurrentHashMap$Node;[Ljava/util/concurrent/ConcurrentHashMap$Node;)V @ 557
Event: 11.633 Thread 0x000000005b49a800 Uncommon trap: reason=unreached action=reinterpret pc=0x0000000002bc74f0 method=org.codehaus.groovy.runtime.metaclass.MetaMethodIndex.getMethods(Ljava/lang/Class;Ljava/lang/String;)Lorg/codehaus/groovy/runtime/metaclass/MetaMethodIndex$Entry; @ 61
Event: 12.151 Thread 0x000000005b49a800 Uncommon trap: reason=unloaded action=reinterpret pc=0x000000000327b5bc method=org.springframework.core.BridgeMethodResolver.findBridgedMethod(Ljava/lang/reflect/Method;)Ljava/lang/reflect/Method; @ 13
Event: 13.586 Thread 0x000000005b49a800 Uncommon trap: reason=class_check action=maybe_recompile pc=0x0000000003ce5ae8 method=org.codehaus.groovy.runtime.metaclass.MetaMethodIndex.addMethodToList(Ljava/lang/Object;Lgroovy/lang/MetaMethod;)Ljava/lang/Object; @ 68
Event: 13.586 Thread 0x000000005b49a800 Uncommon trap: reason=class_check action=maybe_recompile pc=0x0000000003ce5ae8 method=org.codehaus.groovy.runtime.metaclass.MetaMethodIndex.addMethodToList(Ljava/lang/Object;Lgroovy/lang/MetaMethod;)Ljava/lang/Object; @ 68
Event: 13.586 Thread 0x000000005b49a800 Uncommon trap: reason=class_check action=maybe_recompile pc=0x0000000003ce5ae8 method=org.codehaus.groovy.runtime.metaclass.MetaMethodIndex.addMethodToList(Ljava/lang/Object;Lgroovy/lang/MetaMethod;)Ljava/lang/Object; @ 68
Event: 13.725 Thread 0x000000005b49a800 Uncommon trap: reason=class_check action=maybe_recompile pc=0x0000000003ce5ae8 method=org.codehaus.groovy.runtime.metaclass.MetaMethodIndex.addMethodToList(Ljava/lang/Object;Lgroovy/lang/MetaMethod;)Ljava/lang/Object; @ 68

Internal exceptions (10 events):
Event: 13.892 Thread 0x000000005b49a800 Exception <a 'java/security/PrivilegedActionException'> (0x00000000f3528120) thrown at [C:\re\workspace\8-2-build-windows-amd64-cygwin\jdk8u11\648\hotspot\src\share\vm\prims\jvm.cpp, line 1248]
Event: 13.892 Thread 0x000000005b49a800 Exception <a 'java/security/PrivilegedActionException'> (0x00000000f352c0d0) thrown at [C:\re\workspace\8-2-build-windows-amd64-cygwin\jdk8u11\648\hotspot\src\share\vm\prims\jvm.cpp, line 1248]
Event: 13.893 Thread 0x000000005b49a800 Exception <a 'java/security/PrivilegedActionException'> (0x00000000f3545818) thrown at [C:\re\workspace\8-2-build-windows-amd64-cygwin\jdk8u11\648\hotspot\src\share\vm\prims\jvm.cpp, line 1248]
Event: 13.893 Thread 0x000000005b49a800 Exception <a 'java/security/PrivilegedActionException'> (0x00000000f3549598) thrown at [C:\re\workspace\8-2-build-windows-amd64-cygwin\jdk8u11\648\hotspot\src\share\vm\prims\jvm.cpp, line 1248]
Event: 13.894 Thread 0x000000005b49a800 Exception <a 'java/security/PrivilegedActionException'> (0x00000000f355ab28) thrown at [C:\re\workspace\8-2-build-windows-amd64-cygwin\jdk8u11\648\hotspot\src\share\vm\prims\jvm.cpp, line 1248]
Event: 13.894 Thread 0x000000005b49a800 Exception <a 'java/security/PrivilegedActionException'> (0x00000000f355d588) thrown at [C:\re\workspace\8-2-build-windows-amd64-cygwin\jdk8u11\648\hotspot\src\share\vm\prims\jvm.cpp, line 1248]
Event: 13.922 Thread 0x000000005b49a800 Exception <a 'java/security/PrivilegedActionException'> (0x00000000f5254758) thrown at [C:\re\workspace\8-2-build-windows-amd64-cygwin\jdk8u11\648\hotspot\src\share\vm\prims\jvm.cpp, line 1248]
Event: 13.922 Thread 0x000000005b49a800 Exception <a 'java/security/PrivilegedActionException'> (0x00000000f5258530) thrown at [C:\re\workspace\8-2-build-windows-amd64-cygwin\jdk8u11\648\hotspot\src\share\vm\prims\jvm.cpp, line 1248]
Event: 13.923 Thread 0x000000005b49a800 Exception <a 'java/security/PrivilegedActionException'> (0x00000000f52663c0) thrown at [C:\re\workspace\8-2-build-windows-amd64-cygwin\jdk8u11\648\hotspot\src\share\vm\prims\jvm.cpp, line 1248]
Event: 13.923 Thread 0x000000005b49a800 Exception <a 'java/security/PrivilegedActionException'> (0x00000000f52698c0) thrown at [C:\re\workspace\8-2-build-windows-amd64-cygwin\jdk8u11\648\hotspot\src\share\vm\prims\jvm.cpp, line 1248]

Events (10 events):
Event: 13.894 loading class liquibase/util/StringUtils
Event: 13.894 loading class liquibase/util/StringUtils done
Event: 13.922 loading class liquibase/servicelocator/AssignableToPackageScanFilter
Event: 13.922 loading class liquibase/servicelocator/AssignableToPackageScanFilter done
Event: 13.923 loading class liquibase/servicelocator/PackageScanFilter
Event: 13.923 loading class liquibase/servicelocator/PackageScanFilter done
Event: 13.924 loading class java/net/URLDecoder
Event: 13.924 loading class java/net/URLDecoder done
Event: 13.924 loading class java/net/URLEncoder
Event: 13.924 loading class java/net/URLEncoder done


Dynamic libraries:
0x000000013fcb0000 - 0x000000013fce4000 	C:\Program Files\Java\jdk1.8.0_11\bin\java.exe
0x0000000077a60000 - 0x0000000077c09000 	C:\Windows\SYSTEM32\ntdll.dll
0x0000000077380000 - 0x000000007749f000 	C:\Windows\system32\kernel32.dll
0x000007fefdfb0000 - 0x000007fefe01c000 	C:\Windows\system32\KERNELBASE.dll
0x000007fefebe0000 - 0x000007fefecbb000 	C:\Windows\system32\ADVAPI32.dll
0x000007fefe4e0000 - 0x000007fefe57f000 	C:\Windows\system32\msvcrt.dll
0x000007feffd50000 - 0x000007feffd6f000 	C:\Windows\SYSTEM32\sechost.dll
0x000007fefe600000 - 0x000007fefe72d000 	C:\Windows\system32\RPCRT4.dll
0x00000000775f0000 - 0x00000000776ea000 	C:\Windows\system32\USER32.dll
0x000007fefeb70000 - 0x000007fefebd7000 	C:\Windows\system32\GDI32.dll
0x000007fefe340000 - 0x000007fefe34e000 	C:\Windows\system32\LPK.dll
0x000007fefe410000 - 0x000007fefe4d9000 	C:\Windows\system32\USP10.dll
0x000007fefcf80000 - 0x000007fefd174000 	C:\Windows\WinSxS\amd64_microsoft.windows.common-controls_6595b64144ccf1df_6.0.7601.17514_none_fa396087175ac9ac\COMCTL32.dll
0x000007fefe2c0000 - 0x000007fefe331000 	C:\Windows\system32\SHLWAPI.dll
0x000007fefe290000 - 0x000007fefe2be000 	C:\Windows\system32\IMM32.DLL
0x000007feffba0000 - 0x000007feffca9000 	C:\Windows\system32\MSCTF.dll
0x000000005d010000 - 0x000000005d0e2000 	C:\Program Files\Java\jdk1.8.0_11\jre\bin\msvcr100.dll
0x00000000571d0000 - 0x00000000579fa000 	C:\Program Files\Java\jdk1.8.0_11\jre\bin\server\jvm.dll
0x000007fef8fa0000 - 0x000007fef8fa9000 	C:\Windows\system32\WSOCK32.dll
0x000007fefeb20000 - 0x000007fefeb6d000 	C:\Windows\system32\WS2_32.dll
0x000007feffb90000 - 0x000007feffb98000 	C:\Windows\system32\NSI.dll
0x000007fefbdb0000 - 0x000007fefbdeb000 	C:\Windows\system32\WINMM.dll
0x0000000077c20000 - 0x0000000077c27000 	C:\Windows\system32\PSAPI.DLL
0x0000000066ef0000 - 0x0000000066eff000 	C:\Program Files\Java\jdk1.8.0_11\jre\bin\verify.dll
0x000000005d5b0000 - 0x000000005d5d8000 	C:\Program Files\Java\jdk1.8.0_11\jre\bin\java.dll
0x000000005d580000 - 0x000000005d5a3000 	C:\Program Files\Java\jdk1.8.0_11\jre\bin\instrument.dll
0x000000005d560000 - 0x000000005d576000 	C:\Program Files\Java\jdk1.8.0_11\jre\bin\zip.dll
0x000007fefeda0000 - 0x000007feffb28000 	C:\Windows\system32\SHELL32.dll
0x000007fefe910000 - 0x000007fefeb13000 	C:\Windows\system32\ole32.dll
0x000007fefdec0000 - 0x000007fefdecf000 	C:\Windows\system32\profapi.dll
0x000007fefd790000 - 0x000007fefd7a7000 	C:\Windows\system32\CRYPTSP.dll
0x000007fefd490000 - 0x000007fefd4d7000 	C:\Windows\system32\rsaenh.dll
0x000007fefce60000 - 0x000007fefce7e000 	C:\Windows\system32\USERENV.dll
0x000007fefddf0000 - 0x000007fefddff000 	C:\Windows\system32\CRYPTBASE.dll
0x000000005d540000 - 0x000000005d55a000 	C:\Program Files\Java\jdk1.8.0_11\jre\bin\net.dll
0x000007fefd730000 - 0x000007fefd785000 	C:\Windows\system32\mswsock.dll
0x000007fefd720000 - 0x000007fefd727000 	C:\Windows\System32\wship6.dll
0x000007fefb9e0000 - 0x000007fefba07000 	C:\Windows\system32\IPHLPAPI.DLL
0x000007fefb9c0000 - 0x000007fefb9cb000 	C:\Windows\system32\WINNSI.DLL
0x000007fefb440000 - 0x000007fefb451000 	C:\Windows\system32\dhcpcsvc6.DLL
0x000007fefb420000 - 0x000007fefb438000 	C:\Windows\system32\dhcpcsvc.DLL
0x000000005d520000 - 0x000000005d531000 	C:\Program Files\Java\jdk1.8.0_11\jre\bin\nio.dll
0x000007fef9a40000 - 0x000007fef9a4a000 	C:\Users\GRomano\AppData\Local\Temp\jansi-64-1226232695733412083.dll
0x000000005d4c0000 - 0x000000005d4cd000 	C:\Program Files\Java\jdk1.8.0_11\jre\bin\management.dll
0x000007fefccd0000 - 0x000007fefccd7000 	C:\Windows\System32\wshtcpip.dll
0x000007fefd5b0000 - 0x000007fefd60b000 	C:\Windows\system32\DNSAPI.dll
0x000007fef8de0000 - 0x000007fef8e0e000 	C:\Program Files\Common Files\Microsoft Shared\Windows Live\WLIDNSP.DLL
0x000007fef8d70000 - 0x000007fef8d78000 	C:\Windows\system32\rasadhlp.dll
0x000007fefb520000 - 0x000007fefb573000 	C:\Windows\System32\fwpuclnt.dll
0x000007fefbd90000 - 0x000007fefbda5000 	C:\Windows\system32\NLAapi.dll
0x000007fef3190000 - 0x000007fef31a5000 	C:\Windows\system32\napinsp.dll
0x000007fef3170000 - 0x000007fef3189000 	C:\Windows\system32\pnrpnsp.dll
0x000007fef3160000 - 0x000007fef316b000 	C:\Windows\System32\winrnr.dll
0x000007fef3150000 - 0x000007fef3160000 	C:\Windows\system32\wshbth.dll
0x000007fef72a0000 - 0x000007fef73c5000 	C:\Windows\system32\dbghelp.dll

VM Arguments:
jvm_args: -Dfile.encoding=UTF-8 -Xmx768M -Xms64M -Dgrails.fork.parent.process.port=53627 -Dgrails.fork.active=true -Dgrails.build.execution.context=C:\Users\GRomano\AppData\Local\Temp\abogadoExpressPuntoNet7739290238917507957grails-execution-context -Dgrails.home=C:\ggts-bundle\grails-2.4.2 -javaagent:C:\ggts-bundle\grails-2.4.2\lib\org.springframework\springloaded\jars\springloaded-1.2.0.RELEASE.jar -Xverify:none -Dspringloaded.synchronize=true -Djdk.reflect.allowGetCallerClass=true -Dspringloaded=profile=grails;cacheDir=C:\Users\GRomano\.grails\2.4.2 
java_command: org.grails.plugins.tomcat.fork.ForkedTomcatServer
java_class_path (initial): C:\Program Files\Java\jdk1.8.0_11\lib\tools.jar;C:\ggts-bundle\grails-2.4.2\lib\org.codehaus.groovy\groovy-all\jars\groovy-all-2.3.3.jar;C:\ggts-bundle\grails-2.4.2\lib\org.slf4j\jcl-over-slf4j\jars\jcl-over-slf4j-1.7.5.jar;C:\ggts-bundle\grails-2.4.2\lib\org.codehaus.gant\gant_groovy1.8\jars\gant_groovy1.8-1.9.6.jar;C:\ggts-bundle\grails-2.4.2\lib\org.apache.tomcat.embed\tomcat-embed-logging-log4j\jars\tomcat-embed-logging-log4j-7.0.50.jar;C:\ggts-bundle\grails-2.4.2\dist\grails-plugin-log4j-2.4.2.jar;C:\ggts-bundle\grails-2.4.2\lib\log4j\log4j\jars\log4j-1.2.17.jar;C:\ggts-bundle\grails-2.4.2\dist\grails-bootstrap-2.4.2.jar;C:\ggts-bundle\grails-2.4.2\lib\org.slf4j\slf4j-api\jars\slf4j-api-1.7.5.jar;C:\ggts-bundle\grails-2.4.2\lib\jline\jline\jars\jline-2.12.jar;C:\ggts-bundle\grails-2.4.2\lib\org.apache.ant\ant\jars\ant-1.8.4.jar;C:\ggts-bundle\grails-2.4.2\lib\org.apache.ant\ant-launcher\jars\ant-launcher-1.8.4.jar;C:\ggts-bundle\grails-2.4.2\lib\org.apache.ant\ant-trax\jars\ant-trax-1.7.1.jar;C:\ggts-bundle\grails-2.4.2\lib\org.apache.ant\ant-junit\jars\ant-junit-1.8.4.jar;C:\ggts-bundle\grails-2.4.2\lib\org.apache.ivy\ivy\jars\ivy-2.3.0.jar;C:\ggts-bundle\grails-2.4.2\lib\org.fusesource.jansi\jansi\jars\jansi-1.11.jar;C:\Users\GRomano\.m2\repository\org\eclipse\jdt\core\compiler\ecj\3.7.2\ecj-3.7.2.jar;C:\Users\GRomano\.m2\repository\org\apache\tomcat\embed\tomcat-embed-el\7.0.53\tomcat-embed-el-7.0.53.jar;C:\Users\GRomano\.m2\repository\org\apache\tomcat\embed\tomcat-embed-jasper\7.0.53\tomcat-embed-jasper-7.0.53.jar;C:\Users\GRomano\.m2\repository\org\apache\tomcat\tomcat-catalina-ant\7.0.53\tomcat-catalina-ant-7.0.53.jar;C:\Users\GRomano\.m2\repository\org\apache\tomcat\embed\tomcat-embed-logging-log4j\7.0.53\tomcat-embed-logging-log4j-7.0.53.jar;C:\Users\GRomano\.m2\repository\org\apache\tomcat\embed\tomcat-embed-websocket\7.0.53\tomcat-embed-websocket-7.0.53.jar;D:\workspace_grails\abogadoExpressPuntoNet\target\work\plugins\to
Launcher Type: SUN_STANDARD

Environment Variables:
JAVA_HOME=C:\Program Files\Java\jdk1.8.0_11
PATH=C:\Program Files\Common Files\Microsoft Shared\Windows Live;C:\Program Files (x86)\Common Files\Microsoft Shared\Windows Live;C:\Program Files (x86)\NVIDIA Corporation\PhysX\Common;C:\Program Files (x86)\Intel\iCLS Client\;C:\Program Files\Intel\iCLS Client\;C:\Windows\system32;C:\Windows;C:\Windows\System32\Wbem;C:\Windows\System32\WindowsPowerShell\v1.0\;C:\Program Files\Intel\Intel(R) Management Engine Components\DAL;C:\Program Files\Intel\Intel(R) Management Engine Components\IPT;C:\Program Files (x86)\Intel\Intel(R) Management Engine Components\DAL;C:\Program Files (x86)\Intel\Intel(R) Management Engine Components\IPT;C:\Program Files\Lenovo\Bluetooth Software\;C:\Program Files\Lenovo\Bluetooth Software\syswow64;C:\Program Files\Java\jdk1.8.0_11\bin;C:\grails\grails-2.4.3\bin;C:\Program Files (x86)\MySQL\MySQL Utilities 1.3.6\
USERNAME=GRomano
OS=Windows_NT
PROCESSOR_IDENTIFIER=Intel64 Family 6 Model 58 Stepping 9, GenuineIntel



---------------  S Y S T E M  ---------------

OS: Windows 7 , 64 bit Build 7601 Service Pack 1

CPU:total 8 (4 cores per cpu, 2 threads per core) family 6 model 58 stepping 9, cmov, cx8, fxsr, mmx, sse, sse2, sse3, ssse3, sse4.1, sse4.2, popcnt, avx, aes, clmul, erms, ht, tsc, tscinvbit

Memory: 4k page, physical 5746284k(1611668k free), swap 11490716k(5600872k free)

vm_info: Java HotSpot(TM) 64-Bit Server VM (25.11-b03) for windows-amd64 JRE (1.8.0_11-b12), built on Jun 16 2014 20:57:32 by "java_re" with MS VC++ 10.0 (VS2010)

time: Fri Aug 15 14:12:29 2014
elapsed time: 14 seconds

